[ 2015-10-27T07:11:00+08:00 ] 192.168.1.109 /evc/index.php/Usr/usrct
INFO: [ route_check ] --START--
INFO: CheckRoute Behavior ::run [ RunTime:0.003037s ]
INFO: [ route_check ] --END-- [ RunTime:0.003390s ]
INFO: [ app_begin ] --START--
INFO: ReadHtmlCache Behavior ::run [ RunTime:0.003171s ]
INFO: [ app_begin ] --END-- [ RunTime:0.003609s ]
INFO: [ view_parse ] --START--
INFO: ParseTemplate Behavior ::run [ RunTime:0.057634s ]
INFO: [ view_parse ] --END-- [ RunTime:0.058078s ]
INFO: [ view_filter ] --START--
INFO: ContentReplace Behavior ::run [ RunTime:0.002686s ]
INFO: TokenBuild Behavior ::run [ RunTime:0.002996s ]
INFO: WriteHtmlCache Behavior ::run [ RunTime:0.003175s ]
INFO: ShowRuntime Behavior ::run [ RunTime:0.003693s ]
INFO: [ view_filter ] --END-- [ RunTime:0.013788s ]
INFO: [ view_end ] --START--
INFO: ShowPageTrace Behavior ::run [ RunTime:0.004586s ]
INFO: [ view_end ] --END-- [ RunTime:0.004916s ]

[ 2015-10-27T07:11:00+08:00 ] 192.168.1.109 /evc/index.php/Usr/baidu.com
INFO: [ route_check ] --START--
INFO: CheckRoute Behavior ::run [ RunTime:0.010973s ]
INFO: [ route_check ] --END-- [ RunTime:0.011385s ]
INFO: [ app_begin ] --START--
INFO: ReadHtmlCache Behavior ::run [ RunTime:0.002484s ]
INFO: [ app_begin ] --END-- [ RunTime:0.002957s ]
ERR: 非法操作:baidu.com

[ 2015-10-27T07:11:00+08:00 ] 192.168.1.109 /evc/index.php/Usr/baidu.com
INFO: [ route_check ] --START--
INFO: CheckRoute Behavior ::run [ RunTime:0.002868s ]
INFO: [ route_check ] --END-- [ RunTime:0.003311s ]
INFO: [ app_begin ] --START--
INFO: ReadHtmlCache Behavior ::run [ RunTime:0.002237s ]
INFO: [ app_begin ] --END-- [ RunTime:0.002637s ]
ERR: 非法操作:baidu.com

[ 2015-10-27T07:11:03+08:00 ] 192.168.1.109 /evc/index.php/Usr/doonoffdvc?dvcid=1&tm=&oprt=on&everyday=
INFO: [ route_check ] --START--
INFO: CheckRoute Behavior ::run [ RunTime:0.002786s ]
INFO: [ route_check ] --END-- [ RunTime:0.003481s ]
INFO: [ app_begin ] --START--
INFO: ReadHtmlCache Behavior ::run [ RunTime:0.002610s ]
INFO: [ app_begin ] --END-- [ RunTime:0.003630s ]

[ 2015-10-27T07:11:34+08:00 ] 192.168.1.109 /evc/index.php/Usr/doonoffdvc?dvcid=1&tm=&oprt=on&everyday=
INFO: [ route_check ] --START--
INFO: CheckRoute Behavior ::run [ RunTime:0.002957s ]
INFO: [ route_check ] --END-- [ RunTime:0.003398s ]
INFO: [ app_begin ] --START--
INFO: ReadHtmlCache Behavior ::run [ RunTime:0.002279s ]
INFO: [ app_begin ] --END-- [ RunTime:0.002721s ]

[ 2015-10-27T07:14:42+08:00 ] 192.168.1.109 /evc/index.php/Usr/doonoffdvc?dvcid=1&tm=&oprt=on&everyday=
INFO: [ route_check ] --START--
INFO: CheckRoute Behavior ::run [ RunTime:0.003403s ]
INFO: [ route_check ] --END-- [ RunTime:0.003872s ]
INFO: [ app_begin ] --START--
INFO: ReadHtmlCache Behavior ::run [ RunTime:0.002219s ]
INFO: [ app_begin ] --END-- [ RunTime:0.002494s ]

[ 2015-10-27T07:14:57+08:00 ] 192.168.1.109 /evc/index.php/Usr/doonoffdvc?dvcid=1&tm=&oprt=off&everyday=
INFO: [ route_check ] --START--
INFO: CheckRoute Behavior ::run [ RunTime:0.002702s ]
INFO: [ route_check ] --END-- [ RunTime:0.003148s ]
INFO: [ app_begin ] --START--
INFO: ReadHtmlCache Behavior ::run [ RunTime:0.001715s ]
INFO: [ app_begin ] --END-- [ RunTime:0.001994s ]

[ 2015-10-27T07:15:22+08:00 ] 192.168.1.100 /evc/index.php/Usr/usrct
INFO: [ route_check ] --START--
INFO: CheckRoute Behavior ::run [ RunTime:0.001678s ]
INFO: [ route_check ] --END-- [ RunTime:0.001937s ]
INFO: [ app_begin ] --START--
INFO: ReadHtmlCache Behavior ::run [ RunTime:0.001408s ]
INFO: [ app_begin ] --END-- [ RunTime:0.001630s ]
INFO: [ view_parse ] --START--
INFO: ParseTemplate Behavior ::run [ RunTime:0.048974s ]
INFO: [ view_parse ] --END-- [ RunTime:0.049420s ]
INFO: [ view_filter ] --START--
INFO: ContentReplace Behavior ::run [ RunTime:0.001997s ]
INFO: TokenBuild Behavior ::run [ RunTime:0.001883s ]
INFO: WriteHtmlCache Behavior ::run [ RunTime:0.001374s ]
INFO: ShowRuntime Behavior ::run [ RunTime:0.002184s ]
INFO: [ view_filter ] --END-- [ RunTime:0.008475s ]
INFO: [ view_end ] --START--
INFO: ShowPageTrace Behavior ::run [ RunTime:0.002307s ]
INFO: [ view_end ] --END-- [ RunTime:0.002693s ]

[ 2015-10-27T07:15:24+08:00 ] 192.168.1.100 /evc/index.php/Usr/baidu.com
INFO: [ route_check ] --START--
INFO: CheckRoute Behavior ::run [ RunTime:0.003806s ]
INFO: [ route_check ] --END-- [ RunTime:0.004235s ]
INFO: [ app_begin ] --START--
INFO: ReadHtmlCache Behavior ::run [ RunTime:0.002315s ]
INFO: [ app_begin ] --END-- [ RunTime:0.002746s ]
ERR: 非法操作:baidu.com

[ 2015-10-27T07:15:28+08:00 ] 192.168.1.100 /evc/index.php/Usr/doonoffdvc?dvcid=1&tm=&oprt=on&everyday=
INFO: [ route_check ] --START--
INFO: CheckRoute Behavior ::run [ RunTime:0.002081s ]
INFO: [ route_check ] --END-- [ RunTime:0.002364s ]
INFO: [ app_begin ] --START--
INFO: ReadHtmlCache Behavior ::run [ RunTime:0.001426s ]
INFO: [ app_begin ] --END-- [ RunTime:0.001618s ]

[ 2015-10-27T07:15:34+08:00 ] 192.168.1.100 /evc/index.php/Usr/doonoffdvc?dvcid=1&tm=&oprt=off&everyday=
INFO: [ route_check ] --START--
INFO: CheckRoute Behavior ::run [ RunTime:0.002406s ]
INFO: [ route_check ] --END-- [ RunTime:0.002781s ]
INFO: [ app_begin ] --START--
INFO: ReadHtmlCache Behavior ::run [ RunTime:0.001320s ]
INFO: [ app_begin ] --END-- [ RunTime:0.001512s ]

[ 2015-10-27T07:15:37+08:00 ] 192.168.1.100 /evc/index.php/Usr/doonoffdvc?dvcid=1&tm=&oprt=on&everyday=
INFO: [ route_check ] --START--
INFO: CheckRoute Behavior ::run [ RunTime:0.002597s ]
INFO: [ route_check ] --END-- [ RunTime:0.003011s ]
INFO: [ app_begin ] --START--
INFO: ReadHtmlCache Behavior ::run [ RunTime:0.001907s ]
INFO: [ app_begin ] --END-- [ RunTime:0.002179s ]

[ 2015-10-27T07:25:25+08:00 ] 192.168.1.109 /evc/index.php/Usr/doonoffdvc?dvcid=1&tm=&oprt=on&everyday=
INFO: [ route_check ] --START--
INFO: CheckRoute Behavior ::run [ RunTime:0.003597s ]
INFO: [ route_check ] --END-- [ RunTime:0.004425s ]
INFO: [ app_begin ] --START--
INFO: ReadHtmlCache Behavior ::run [ RunTime:0.002300s ]
INFO: [ app_begin ] --END-- [ RunTime:0.002637s ]

[ 2015-10-27T07:25:25+08:00 ] 192.168.1.109 /evc/index.php/Usr/doonoffdvc?dvcid=1&tm=&oprt=on&everyday=
INFO: [ route_check ] --START--
INFO: CheckRoute Behavior ::run [ RunTime:0.001899s ]
INFO: [ route_check ] --END-- [ RunTime:0.002378s ]
INFO: [ app_begin ] --START--
INFO: ReadHtmlCache Behavior ::run [ RunTime:0.003702s ]
INFO: [ app_begin ] --END-- [ RunTime:0.004041s ]

[ 2015-10-27T07:25:29+08:00 ] 192.168.1.109 /evc/index.php/Usr/doonoffdvc?dvcid=1&tm=&oprt=on&everyday=
INFO: [ route_check ] --START--
INFO: CheckRoute Behavior ::run [ RunTime:0.002769s ]
INFO: [ route_check ] --END-- [ RunTime:0.003143s ]
INFO: [ app_begin ] --START--
INFO: ReadHtmlCache Behavior ::run [ RunTime:0.002052s ]
INFO: [ app_begin ] --END-- [ RunTime:0.002373s ]

[ 2015-10-27T07:25:31+08:00 ] 192.168.1.109 /evc/index.php/Usr/doonoffdvc?dvcid=1&tm=&oprt=on&everyday=
INFO: [ route_check ] --START--
INFO: CheckRoute Behavior ::run [ RunTime:0.003007s ]
INFO: [ route_check ] --END-- [ RunTime:0.003510s ]
INFO: [ app_begin ] --START--
INFO: ReadHtmlCache Behavior ::run [ RunTime:0.002882s ]
INFO: [ app_begin ] --END-- [ RunTime:0.003233s ]

[ 2015-10-27T07:25:51+08:00 ] 192.168.1.100 /evc/index.php/Usr/doonoffdvc?dvcid=1&tm=&oprt=off&everyday=
INFO: [ route_check ] --START--
INFO: CheckRoute Behavior ::run [ RunTime:0.002193s ]
INFO: [ route_check ] --END-- [ RunTime:0.002489s ]
INFO: [ app_begin ] --START--
INFO: ReadHtmlCache Behavior ::run [ RunTime:0.001625s ]
INFO: [ app_begin ] --END-- [ RunTime:0.001837s ]

[ 2015-10-27T07:25:53+08:00 ] 192.168.1.100 /evc/index.php/Usr/doonoffdvc?dvcid=1&tm=&oprt=off&everyday=
INFO: [ route_check ] --START--
INFO: CheckRoute Behavior ::run [ RunTime:0.002671s ]
INFO: [ route_check ] --END-- [ RunTime:0.003104s ]
INFO: [ app_begin ] --START--
INFO: ReadHtmlCache Behavior ::run [ RunTime:0.001891s ]
INFO: [ app_begin ] --END-- [ RunTime:0.002189s ]

[ 2015-10-27T07:25:54+08:00 ] 192.168.1.100 /evc/index.php/Usr/doonoffdvc?dvcid=1&tm=&oprt=off&everyday=
INFO: [ route_check ] --START--
INFO: CheckRoute Behavior ::run [ RunTime:0.002318s ]
INFO: [ route_check ] --END-- [ RunTime:0.002594s ]
INFO: [ app_begin ] --START--
INFO: ReadHtmlCache Behavior ::run [ RunTime:0.001338s ]
INFO: [ app_begin ] --END-- [ RunTime:0.001544s ]

[ 2015-10-27T07:25:57+08:00 ] 192.168.1.100 /evc/index.php/Usr/doonoffdvc?dvcid=1&tm=&oprt=off&everyday=
INFO: [ route_check ] --START--
INFO: CheckRoute Behavior ::run [ RunTime:0.001724s ]
INFO: [ route_check ] --END-- [ RunTime:0.001986s ]
INFO: [ app_begin ] --START--
INFO: ReadHtmlCache Behavior ::run [ RunTime:0.001413s ]
INFO: [ app_begin ] --END-- [ RunTime:0.001657s ]

[ 2015-10-27T07:25:59+08:00 ] 192.168.1.100 /evc/index.php/Usr/doonoffdvc?dvcid=1&tm=&oprt=off&everyday=
INFO: [ route_check ] --START--
INFO: CheckRoute Behavior ::run [ RunTime:0.001708s ]
INFO: [ route_check ] --END-- [ RunTime:0.001975s ]
INFO: [ app_begin ] --START--
INFO: ReadHtmlCache Behavior ::run [ RunTime:0.001341s ]
INFO: [ app_begin ] --END-- [ RunTime:0.001538s ]

[ 2015-10-27T07:26:05+08:00 ] 192.168.1.100 /evc/index.php/Usr/doonoffdvc?dvcid=1&tm=&oprt=off&everyday=
INFO: [ route_check ] --START--
INFO: CheckRoute Behavior ::run [ RunTime:0.001751s ]
INFO: [ route_check ] --END-- [ RunTime:0.002016s ]
INFO: [ app_begin ] --START--
INFO: ReadHtmlCache Behavior ::run [ RunTime:0.000793s ]
INFO: [ app_begin ] --END-- [ RunTime:0.000903s ]

[ 2015-10-27T07:26:15+08:00 ] 192.168.1.100 /evc/index.php/Usr/doonoffdvc?dvcid=6&tm=&oprt=on&everyday=
INFO: [ route_check ] --START--
INFO: CheckRoute Behavior ::run [ RunTime:0.000917s ]
INFO: [ route_check ] --END-- [ RunTime:0.001064s ]
INFO: [ app_begin ] --START--
INFO: ReadHtmlCache Behavior ::run [ RunTime:0.000750s ]
INFO: [ app_begin ] --END-- [ RunTime:0.000857s ]

[ 2015-10-27T07:26:21+08:00 ] 192.168.1.100 /evc/index.php/Usr/doonoffdvc?dvcid=8&tm=&oprt=on&everyday=
INFO: [ route_check ] --START--
INFO: CheckRoute Behavior ::run [ RunTime:0.000851s ]
INFO: [ route_check ] --END-- [ RunTime:0.000996s ]
INFO: [ app_begin ] --START--
INFO: ReadHtmlCache Behavior ::run [ RunTime:0.000677s ]
INFO: [ app_begin ] --END-- [ RunTime:0.000778s ]

[ 2015-10-27T07:26:28+08:00 ] 192.168.1.100 /evc/index.php/Usr/doonoffdvc?dvcid=6&tm=&oprt=on&everyday=
INFO: [ route_check ] --START--
INFO: CheckRoute Behavior ::run [ RunTime:0.000875s ]
INFO: [ route_check ] --END-- [ RunTime:0.001020s ]
INFO: [ app_begin ] --START--
INFO: ReadHtmlCache Behavior ::run [ RunTime:0.000657s ]
INFO: [ app_begin ] --END-- [ RunTime:0.000759s ]

[ 2015-10-27T07:26:32+08:00 ] 192.168.1.100 /evc/index.php/Usr/doonoffdvc?dvcid=8&tm=&oprt=on&everyday=
INFO: [ route_check ] --START--
INFO: CheckRoute Behavior ::run [ RunTime:0.002635s ]
INFO: [ route_check ] --END-- [ RunTime:0.002977s ]
INFO: [ app_begin ] --START--
INFO: ReadHtmlCache Behavior ::run [ RunTime:0.002031s ]
INFO: [ app_begin ] --END-- [ RunTime:0.002388s ]

[ 2015-10-27T09:05:49+08:00 ] 192.168.1.105 /evc/index.php/Usr/usrct
INFO: [ route_check ] --START--
INFO: CheckRoute Behavior ::run [ RunTime:0.017167s ]
INFO: [ route_check ] --END-- [ RunTime:0.017567s ]
INFO: [ app_begin ] --START--
INFO: ReadHtmlCache Behavior ::run [ RunTime:0.003161s ]
INFO: [ app_begin ] --END-- [ RunTime:0.003578s ]
INFO: [ view_parse ] --START--
INFO: ParseTemplate Behavior ::run [ RunTime:0.128875s ]
INFO: [ view_parse ] --END-- [ RunTime:0.129280s ]
INFO: [ view_filter ] --START--
INFO: ContentReplace Behavior ::run [ RunTime:0.008216s ]
INFO: TokenBuild Behavior ::run [ RunTime:0.010990s ]
INFO: WriteHtmlCache Behavior ::run [ RunTime:0.003146s ]
INFO: ShowRuntime Behavior ::run [ RunTime:0.002739s ]
INFO: [ view_filter ] --END-- [ RunTime:0.025967s ]
INFO: [ view_end ] --START--
INFO: ShowPageTrace Behavior ::run [ RunTime:0.003022s ]
INFO: [ view_end ] --END-- [ RunTime:0.003265s ]

[ 2015-10-27T09:05:49+08:00 ] 192.168.1.105 /evc/index.php/Usr/baidu.com
INFO: [ route_check ] --START--
INFO: CheckRoute Behavior ::run [ RunTime:0.001955s ]
INFO: [ route_check ] --END-- [ RunTime:0.002304s ]
INFO: [ app_begin ] --START--
INFO: ReadHtmlCache Behavior ::run [ RunTime:0.001347s ]
INFO: [ app_begin ] --END-- [ RunTime:0.001612s ]
ERR: 非法操作:baidu.com

[ 2015-10-27T09:06:40+08:00 ] 192.168.1.105 /evc/index.php/Usr/doonoffdvc?dvcid=1&tm=&oprt=on&everyday=
INFO: [ route_check ] --START--
INFO: CheckRoute Behavior ::run [ RunTime:0.002028s ]
INFO: [ route_check ] --END-- [ RunTime:0.002460s ]
INFO: [ app_begin ] --START--
INFO: ReadHtmlCache Behavior ::run [ RunTime:0.002081s ]
INFO: [ app_begin ] --END-- [ RunTime:0.002312s ]

[ 2015-10-27T09:06:45+08:00 ] 192.168.1.105 /evc/index.php/Usr/usrct
INFO: [ route_check ] --START--
INFO: CheckRoute Behavior ::run [ RunTime:0.002698s ]
INFO: [ route_check ] --END-- [ RunTime:0.003120s ]
INFO: [ app_begin ] --START--
INFO: ReadHtmlCache Behavior ::run [ RunTime:0.002295s ]
INFO: [ app_begin ] --END-- [ RunTime:0.002640s ]
INFO: [ view_parse ] --START--
INFO: ParseTemplate Behavior ::run [ RunTime:0.053655s ]
INFO: [ view_parse ] --END-- [ RunTime:0.054117s ]
INFO: [ view_filter ] --START--
INFO: ContentReplace Behavior ::run [ RunTime:0.001619s ]
INFO: TokenBuild Behavior ::run [ RunTime:0.001619s ]
INFO: WriteHtmlCache Behavior ::run [ RunTime:0.001415s ]
INFO: ShowRuntime Behavior ::run [ RunTime:0.002633s ]
INFO: [ view_filter ] --END-- [ RunTime:0.008391s ]
INFO: [ view_end ] --START--
INFO: ShowPageTrace Behavior ::run [ RunTime:0.001962s ]
INFO: [ view_end ] --END-- [ RunTime:0.002269s ]

[ 2015-10-27T09:06:45+08:00 ] 192.168.1.105 /evc/index.php/Usr/baidu.com
INFO: [ route_check ] --START--
INFO: CheckRoute Behavior ::run [ RunTime:0.003202s ]
INFO: [ route_check ] --END-- [ RunTime:0.003658s ]
INFO: [ app_begin ] --START--
INFO: ReadHtmlCache Behavior ::run [ RunTime:0.002723s ]
INFO: [ app_begin ] --END-- [ RunTime:0.003128s ]
ERR: 非法操作:baidu.com

[ 2015-10-27T09:11:08+08:00 ] 192.168.1.105 /evc/index.php/Usr/usrct
INFO: [ route_check ] --START--
INFO: CheckRoute Behavior ::run [ RunTime:0.003291s ]
INFO: [ route_check ] --END-- [ RunTime:0.003784s ]
INFO: [ app_begin ] --START--
INFO: ReadHtmlCache Behavior ::run [ RunTime:0.002066s ]
INFO: [ app_begin ] --END-- [ RunTime:0.002405s ]
INFO: [ view_parse ] --START--
INFO: ParseTemplate Behavior ::run [ RunTime:0.065603s ]
INFO: [ view_parse ] --END-- [ RunTime:0.066129s ]
INFO: [ view_filter ] --START--
INFO: ContentReplace Behavior ::run [ RunTime:0.004398s ]
INFO: TokenBuild Behavior ::run [ RunTime:0.002145s ]
INFO: WriteHtmlCache Behavior ::run [ RunTime:0.001164s ]
INFO: ShowRuntime Behavior ::run [ RunTime:0.002018s ]
INFO: [ view_filter ] --END-- [ RunTime:0.010834s ]
INFO: [ view_end ] --START--
INFO: ShowPageTrace Behavior ::run [ RunTime:0.002573s ]
INFO: [ view_end ] --END-- [ RunTime:0.003068s ]

[ 2015-10-27T09:11:09+08:00 ] 192.168.1.105 /evc/index.php/Usr/baidu.com
INFO: [ route_check ] --START--
INFO: CheckRoute Behavior ::run [ RunTime:0.007149s ]
INFO: [ route_check ] --END-- [ RunTime:0.007608s ]
INFO: [ app_begin ] --START--
INFO: ReadHtmlCache Behavior ::run [ RunTime:0.002492s ]
INFO: [ app_begin ] --END-- [ RunTime:0.002910s ]
ERR: 非法操作:baidu.com

[ 2015-10-27T09:11:10+08:00 ] 192.168.1.105 /evc/index.php/Usr/baidu.com
INFO: [ route_check ] --START--
INFO: CheckRoute Behavior ::run [ RunTime:0.006846s ]
INFO: [ route_check ] --END-- [ RunTime:0.007138s ]
INFO: [ app_begin ] --START--
INFO: ReadHtmlCache Behavior ::run [ RunTime:0.003219s ]
INFO: [ app_begin ] --END-- [ RunTime:0.003471s ]
ERR: 非法操作:baidu.com

[ 2015-10-27T09:11:12+08:00 ] 192.168.1.105 /evc/index.php/Usr/doonoffdvc?dvcid=1&tm=&oprt=on&everyday=
INFO: [ route_check ] --START--
INFO: CheckRoute Behavior ::run [ RunTime:0.003925s ]
INFO: [ route_check ] --END-- [ RunTime:0.004371s ]
INFO: [ app_begin ] --START--
INFO: ReadHtmlCache Behavior ::run [ RunTime:0.006516s ]
INFO: [ app_begin ] --END-- [ RunTime:0.008057s ]

[ 2015-10-27T09:11:18+08:00 ] 192.168.1.105 /evc/index.php/Usr/doonoffdvc?dvcid=1&tm=&oprt=on&everyday=
INFO: [ route_check ] --START--
INFO: CheckRoute Behavior ::run [ RunTime:0.002264s ]
INFO: [ route_check ] --END-- [ RunTime:0.002724s ]
INFO: [ app_begin ] --START--
INFO: ReadHtmlCache Behavior ::run [ RunTime:0.002532s ]
INFO: [ app_begin ] --END-- [ RunTime:0.002983s ]

[ 2015-10-27T09:11:22+08:00 ] 192.168.1.105 /evc/index.php/Usr/doonoffdvc?dvcid=1&tm=&oprt=on&everyday=
INFO: [ route_check ] --START--
INFO: CheckRoute Behavior ::run [ RunTime:0.005200s ]
INFO: [ route_check ] --END-- [ RunTime:0.005905s ]
INFO: [ app_begin ] --START--
INFO: ReadHtmlCache Behavior ::run [ RunTime:0.003215s ]
INFO: [ app_begin ] --END-- [ RunTime:0.003522s ]

[ 2015-10-27T09:11:24+08:00 ] 192.168.1.105 /evc/index.php/Usr/doonoffdvc?dvcid=1&tm=&oprt=on&everyday=
INFO: [ route_check ] --START--
INFO: CheckRoute Behavior ::run [ RunTime:0.003410s ]
INFO: [ route_check ] --END-- [ RunTime:0.003923s ]
INFO: [ app_begin ] --START--
INFO: ReadHtmlCache Behavior ::run [ RunTime:0.002345s ]
INFO: [ app_begin ] --END-- [ RunTime:0.002697s ]

[ 2015-10-27T09:11:25+08:00 ] 192.168.1.105 /evc/index.php/Usr/doonoffdvc?dvcid=1&tm=&oprt=on&everyday=
INFO: [ route_check ] --START--
INFO: CheckRoute Behavior ::run [ RunTime:0.002471s ]
INFO: [ route_check ] --END-- [ RunTime:0.003384s ]
INFO: [ app_begin ] --START--
INFO: ReadHtmlCache Behavior ::run [ RunTime:0.002115s ]
INFO: [ app_begin ] --END-- [ RunTime:0.002438s ]

[ 2015-10-27T09:11:27+08:00 ] 192.168.1.105 /evc/index.php/Usr/doonoffdvc?dvcid=1&tm=&oprt=on&everyday=
INFO: [ route_check ] --START--
INFO: CheckRoute Behavior ::run [ RunTime:0.002392s ]
INFO: [ route_check ] --END-- [ RunTime:0.002820s ]
INFO: [ app_begin ] --START--
INFO: ReadHtmlCache Behavior ::run [ RunTime:0.004261s ]
INFO: [ app_begin ] --END-- [ RunTime:0.004673s ]

[ 2015-10-27T09:11:29+08:00 ] 192.168.1.105 /evc/index.php/Usr/doonoffdvc?dvcid=1&tm=&oprt=on&everyday=
INFO: [ route_check ] --START--
INFO: CheckRoute Behavior ::run [ RunTime:0.003079s ]
INFO: [ route_check ] --END-- [ RunTime:0.004165s ]
INFO: [ app_begin ] --START--
INFO: ReadHtmlCache Behavior ::run [ RunTime:0.002486s ]
INFO: [ app_begin ] --END-- [ RunTime:0.002950s ]

[ 2015-10-27T09:11:31+08:00 ] 192.168.1.105 /evc/index.php/Usr/doonoffdvc?dvcid=1&tm=&oprt=on&everyday=
INFO: [ route_check ] --START--
INFO: CheckRoute Behavior ::run [ RunTime:0.001967s ]
INFO: [ route_check ] --END-- [ RunTime:0.002320s ]
INFO: [ app_begin ] --START--
INFO: ReadHtmlCache Behavior ::run [ RunTime:0.002239s ]
INFO: [ app_begin ] --END-- [ RunTime:0.002614s ]

[ 2015-10-27T09:11:35+08:00 ] 192.168.1.105 /evc/index.php/Usr/doonoffdvc?dvcid=1&tm=&oprt=on&everyday=
INFO: [ route_check ] --START--
INFO: CheckRoute Behavior ::run [ RunTime:0.002636s ]
INFO: [ route_check ] --END-- [ RunTime:0.003111s ]
INFO: [ app_begin ] --START--
INFO: ReadHtmlCache Behavior ::run [ RunTime:0.002107s ]
INFO: [ app_begin ] --END-- [ RunTime:0.002581s ]

[ 2015-10-27T09:11:36+08:00 ] 192.168.1.105 /evc/index.php/Usr/doonoffdvc?dvcid=1&tm=&oprt=on&everyday=
INFO: [ route_check ] --START--
INFO: CheckRoute Behavior ::run [ RunTime:0.002753s ]
INFO: [ route_check ] --END-- [ RunTime:0.003187s ]
INFO: [ app_begin ] --START--
INFO: ReadHtmlCache Behavior ::run [ RunTime:0.001574s ]
INFO: [ app_begin ] --END-- [ RunTime:0.001808s ]

[ 2015-10-27T09:11:38+08:00 ] 192.168.1.105 /evc/index.php/Usr/doonoffdvc?dvcid=1&tm=&oprt=on&everyday=
INFO: [ route_check ] --START--
INFO: CheckRoute Behavior ::run [ RunTime:0.003562s ]
INFO: [ route_check ] --END-- [ RunTime:0.003852s ]
INFO: [ app_begin ] --START--
INFO: ReadHtmlCache Behavior ::run [ RunTime:0.001947s ]
INFO: [ app_begin ] --END-- [ RunTime:0.002162s ]

[ 2015-10-27T09:11:39+08:00 ] 192.168.1.105 /evc/index.php/Usr/doonoffdvc?dvcid=1&tm=&oprt=on&everyday=
INFO: [ route_check ] --START--
INFO: CheckRoute Behavior ::run [ RunTime:0.002815s ]
INFO: [ route_check ] --END-- [ RunTime:0.003251s ]
INFO: [ app_begin ] --START--
INFO: ReadHtmlCache Behavior ::run [ RunTime:0.002103s ]
INFO: [ app_begin ] --END-- [ RunTime:0.002454s ]

[ 2015-10-27T09:11:41+08:00 ] 192.168.1.105 /evc/index.php/Usr/doonoffdvc?dvcid=1&tm=&oprt=on&everyday=
INFO: [ route_check ] --START--
INFO: CheckRoute Behavior ::run [ RunTime:0.002645s ]
INFO: [ route_check ] --END-- [ RunTime:0.003022s ]
INFO: [ app_begin ] --START--
INFO: ReadHtmlCache Behavior ::run [ RunTime:0.001484s ]
INFO: [ app_begin ] --END-- [ RunTime:0.001744s ]

[ 2015-10-27T09:11:46+08:00 ] 192.168.1.105 /evc/index.php/Usr/doonoffdvc?dvcid=1&tm=&oprt=on&everyday=
INFO: [ route_check ] --START--
INFO: CheckRoute Behavior ::run [ RunTime:0.002667s ]
INFO: [ route_check ] --END-- [ RunTime:0.003085s ]
INFO: [ app_begin ] --START--
INFO: ReadHtmlCache Behavior ::run [ RunTime:0.002245s ]
INFO: [ app_begin ] --END-- [ RunTime:0.002586s ]

[ 2015-10-27T09:12:00+08:00 ] 192.168.1.105 /evc/index.php/Usr/doonoffdvc?dvcid=1&tm=&oprt=on&everyday=
INFO: [ route_check ] --START--
INFO: CheckRoute Behavior ::run [ RunTime:0.002509s ]
INFO: [ route_check ] --END-- [ RunTime:0.002915s ]
INFO: [ app_begin ] --START--
INFO: ReadHtmlCache Behavior ::run [ RunTime:0.001420s ]
INFO: [ app_begin ] --END-- [ RunTime:0.001620s ]

[ 2015-10-27T09:12:04+08:00 ] 192.168.1.105 /evc/index.php/Usr/doonoffdvc?dvcid=1&tm=&oprt=on&everyday=
INFO: [ route_check ] --START--
INFO: CheckRoute Behavior ::run [ RunTime:0.002717s ]
INFO: [ route_check ] --END-- [ RunTime:0.003164s ]
INFO: [ app_begin ] --START--
INFO: ReadHtmlCache Behavior ::run [ RunTime:0.002124s ]
INFO: [ app_begin ] --END-- [ RunTime:0.002453s ]

[ 2015-10-27T09:12:07+08:00 ] 192.168.1.105 /evc/index.php/Usr/doonoffdvc?dvcid=1&tm=&oprt=on&everyday=
INFO: [ route_check ] --START--
INFO: CheckRoute Behavior ::run [ RunTime:0.003211s ]
INFO: [ route_check ] --END-- [ RunTime:0.003697s ]
INFO: [ app_begin ] --START--
INFO: ReadHtmlCache Behavior ::run [ RunTime:0.002310s ]
INFO: [ app_begin ] --END-- [ RunTime:0.002735s ]

[ 2015-10-27T09:12:10+08:00 ] 192.168.1.105 /evc/index.php/Usr/doonoffdvc?dvcid=1&tm=&oprt=on&everyday=
INFO: [ route_check ] --START--
INFO: CheckRoute Behavior ::run [ RunTime:0.003998s ]
INFO: [ route_check ] --END-- [ RunTime:0.004532s ]
INFO: [ app_begin ] --START--
INFO: ReadHtmlCache Behavior ::run [ RunTime:0.002801s ]
INFO: [ app_begin ] --END-- [ RunTime:0.003112s ]

[ 2015-10-27T09:12:47+08:00 ] 192.168.1.105 /evc/index.php/Usr/doonoffdvc?dvcid=1&tm=&oprt=on&everyday=
INFO: [ route_check ] --START--
INFO: CheckRoute Behavior ::run [ RunTime:0.001818s ]
INFO: [ route_check ] --END-- [ RunTime:0.002113s ]
INFO: [ app_begin ] --START--
INFO: ReadHtmlCache Behavior ::run [ RunTime:0.001434s ]
INFO: [ app_begin ] --END-- [ RunTime:0.001677s ]

[ 2015-10-27T09:13:10+08:00 ] 192.168.1.105 /evc/index.php/Usr/doonoffdvc?dvcid=1&tm=&oprt=off&everyday=
INFO: [ route_check ] --START--
INFO: CheckRoute Behavior ::run [ RunTime:0.003211s ]
INFO: [ route_check ] --END-- [ RunTime:0.003688s ]
INFO: [ app_begin ] --START--
INFO: ReadHtmlCache Behavior ::run [ RunTime:0.003301s ]
INFO: [ app_begin ] --END-- [ RunTime:0.003744s ]

[ 2015-10-27T09:13:52+08:00 ] 192.168.1.105 /evc/index.php/Usr/usrct
INFO: [ route_check ] --START--
INFO: CheckRoute Behavior ::run [ RunTime:0.023019s ]
INFO: [ route_check ] --END-- [ RunTime:0.023536s ]
INFO: [ app_begin ] --START--
INFO: ReadHtmlCache Behavior ::run [ RunTime:0.002397s ]
INFO: [ app_begin ] --END-- [ RunTime:0.002809s ]
INFO: [ view_parse ] --START--
INFO: ParseTemplate Behavior ::run [ RunTime:0.128690s ]
INFO: [ view_parse ] --END-- [ RunTime:0.129576s ]
INFO: [ view_filter ] --START--
INFO: ContentReplace Behavior ::run [ RunTime:0.002606s ]
INFO: TokenBuild Behavior ::run [ RunTime:0.002268s ]
INFO: WriteHtmlCache Behavior ::run [ RunTime:0.001653s ]
INFO: ShowRuntime Behavior ::run [ RunTime:0.003200s ]
INFO: [ view_filter ] --END-- [ RunTime:0.010999s ]
INFO: [ view_end ] --START--
INFO: ShowPageTrace Behavior ::run [ RunTime:0.004200s ]
INFO: [ view_end ] --END-- [ RunTime:0.004636s ]

[ 2015-10-27T09:13:52+08:00 ] 192.168.1.105 /evc/index.php/Usr/baidu.com
INFO: [ route_check ] --START--
INFO: CheckRoute Behavior ::run [ RunTime:0.006056s ]
INFO: [ route_check ] --END-- [ RunTime:0.006506s ]
INFO: [ app_begin ] --START--
INFO: ReadHtmlCache Behavior ::run [ RunTime:0.002700s ]
INFO: [ app_begin ] --END-- [ RunTime:0.003081s ]
ERR: 非法操作:baidu.com

[ 2015-10-27T09:14:03+08:00 ] 192.168.1.105 /evc/index.php/Usr/doonoffdvc?dvcid=1&tm=&oprt=on&everyday=
INFO: [ route_check ] --START--
INFO: CheckRoute Behavior ::run [ RunTime:0.003205s ]
INFO: [ route_check ] --END-- [ RunTime:0.003728s ]
INFO: [ app_begin ] --START--
INFO: ReadHtmlCache Behavior ::run [ RunTime:0.007006s ]
INFO: [ app_begin ] --END-- [ RunTime:0.007599s ]

[ 2015-10-27T09:14:24+08:00 ] 192.168.1.105 /evc/index.php/Usr/doonoffdvc?dvcid=1&tm=&oprt=off&everyday=
INFO: [ route_check ] --START--
INFO: CheckRoute Behavior ::run [ RunTime:0.002885s ]
INFO: [ route_check ] --END-- [ RunTime:0.003299s ]
INFO: [ app_begin ] --START--
INFO: ReadHtmlCache Behavior ::run [ RunTime:0.003123s ]
INFO: [ app_begin ] --END-- [ RunTime:0.003484s ]

[ 2015-10-27T09:14:43+08:00 ] 192.168.1.105 /evc/index.php/Usr/doonoffdvc?dvcid=1&tm=&oprt=off&everyday=
INFO: [ route_check ] --START--
INFO: CheckRoute Behavior ::run [ RunTime:0.002967s ]
INFO: [ route_check ] --END-- [ RunTime:0.003414s ]
INFO: [ app_begin ] --START--
INFO: ReadHtmlCache Behavior ::run [ RunTime:0.002533s ]
INFO: [ app_begin ] --END-- [ RunTime:0.002924s ]

[ 2015-10-27T09:25:17+08:00 ] 192.168.1.105 /evc/index.php/Usr/doonoffdvc?dvcid=1&tm=&oprt=off&everyday=
INFO: [ route_check ] --START--
INFO: CheckRoute Behavior ::run [ RunTime:0.003032s ]
INFO: [ route_check ] --END-- [ RunTime:0.003470s ]
INFO: [ app_begin ] --START--
INFO: ReadHtmlCache Behavior ::run [ RunTime:0.002102s ]
INFO: [ app_begin ] --END-- [ RunTime:0.002363s ]

[ 2015-10-27T09:26:15+08:00 ] 192.168.1.105 /evc/index.php/Usr/doonoffdvc?dvcid=1&tm=&oprt=off&everyday=
INFO: [ route_check ] --START--
INFO: CheckRoute Behavior ::run [ RunTime:0.002272s ]
INFO: [ route_check ] --END-- [ RunTime:0.002564s ]
INFO: [ app_begin ] --START--
INFO: ReadHtmlCache Behavior ::run [ RunTime:0.002486s ]
INFO: [ app_begin ] --END-- [ RunTime:0.002824s ]

[ 2015-10-27T09:26:41+08:00 ] 192.168.1.105 /evc/index.php/Usr/doonoffdvc?dvcid=1&tm=&oprt=off&everyday=
INFO: [ route_check ] --START--
INFO: CheckRoute Behavior ::run [ RunTime:0.002777s ]
INFO: [ route_check ] --END-- [ RunTime:0.003243s ]
INFO: [ app_begin ] --START--
INFO: ReadHtmlCache Behavior ::run [ RunTime:0.002283s ]
INFO: [ app_begin ] --END-- [ RunTime:0.002634s ]

[ 2015-10-27T09:27:15+08:00 ] 192.168.1.105 /evc/index.php/Usr/usrct
INFO: [ route_check ] --START--
INFO: CheckRoute Behavior ::run [ RunTime:0.002349s ]
INFO: [ route_check ] --END-- [ RunTime:0.002768s ]
INFO: [ app_begin ] --START--
INFO: ReadHtmlCache Behavior ::run [ RunTime:0.001469s ]
INFO: [ app_begin ] --END-- [ RunTime:0.001736s ]
INFO: [ view_parse ] --START--
INFO: ParseTemplate Behavior ::run [ RunTime:0.062782s ]
INFO: [ view_parse ] --END-- [ RunTime:0.063133s ]
INFO: [ view_filter ] --START--
INFO: ContentReplace Behavior ::run [ RunTime:0.002014s ]
INFO: TokenBuild Behavior ::run [ RunTime:0.003085s ]
INFO: WriteHtmlCache Behavior ::run [ RunTime:0.002011s ]
INFO: ShowRuntime Behavior ::run [ RunTime:0.002418s ]
INFO: [ view_filter ] --END-- [ RunTime:0.010314s ]
INFO: [ view_end ] --START--
INFO: ShowPageTrace Behavior ::run [ RunTime:0.002104s ]
INFO: [ view_end ] --END-- [ RunTime:0.002331s ]

[ 2015-10-27T09:27:15+08:00 ] 192.168.1.105 /evc/index.php/Usr/baidu.com
INFO: [ route_check ] --START--
INFO: CheckRoute Behavior ::run [ RunTime:0.003063s ]
INFO: [ route_check ] --END-- [ RunTime:0.003503s ]
INFO: [ app_begin ] --START--
INFO: ReadHtmlCache Behavior ::run [ RunTime:0.002745s ]
INFO: [ app_begin ] --END-- [ RunTime:0.004061s ]
ERR: 非法操作:baidu.com

[ 2015-10-27T09:27:24+08:00 ] 192.168.1.105 /evc/index.php/Usr/doonoffdvc?dvcid=1&tm=&oprt=on&everyday=
INFO: [ route_check ] --START--
INFO: CheckRoute Behavior ::run [ RunTime:0.002025s ]
INFO: [ route_check ] --END-- [ RunTime:0.002376s ]
INFO: [ app_begin ] --START--
INFO: ReadHtmlCache Behavior ::run [ RunTime:0.001430s ]
INFO: [ app_begin ] --END-- [ RunTime:0.001723s ]

[ 2015-10-27T09:33:08+08:00 ] 192.168.1.105 /evc/index.php/Usr/usrct
INFO: [ route_check ] --START--
INFO: CheckRoute Behavior ::run [ RunTime:0.002255s ]
INFO: [ route_check ] --END-- [ RunTime:0.002581s ]
INFO: [ app_begin ] --START--
INFO: ReadHtmlCache Behavior ::run [ RunTime:0.002032s ]
INFO: [ app_begin ] --END-- [ RunTime:0.002352s ]
INFO: [ view_parse ] --START--
INFO: ParseTemplate Behavior ::run [ RunTime:0.041761s ]
INFO: [ view_parse ] --END-- [ RunTime:0.042206s ]
INFO: [ view_filter ] --START--
INFO: ContentReplace Behavior ::run [ RunTime:0.001700s ]
INFO: TokenBuild Behavior ::run [ RunTime:0.001859s ]
INFO: WriteHtmlCache Behavior ::run [ RunTime:0.002584s ]
INFO: ShowRuntime Behavior ::run [ RunTime:0.002533s ]
INFO: [ view_filter ] --END-- [ RunTime:0.009764s ]
INFO: [ view_end ] --START--
INFO: ShowPageTrace Behavior ::run [ RunTime:0.002611s ]
INFO: [ view_end ] --END-- [ RunTime:0.003454s ]

[ 2015-10-27T09:33:08+08:00 ] 192.168.1.105 /evc/index.php/Usr/baidu.com
INFO: [ route_check ] --START--
INFO: CheckRoute Behavior ::run [ RunTime:0.002354s ]
INFO: [ route_check ] --END-- [ RunTime:0.002626s ]
INFO: [ app_begin ] --START--
INFO: ReadHtmlCache Behavior ::run [ RunTime:0.001524s ]
INFO: [ app_begin ] --END-- [ RunTime:0.001747s ]
ERR: 非法操作:baidu.com

[ 2015-10-27T09:33:31+08:00 ] 192.168.1.105 /evc/index.php/Usr/usrct
INFO: [ route_check ] --START--
INFO: CheckRoute Behavior ::run [ RunTime:0.002631s ]
INFO: [ route_check ] --END-- [ RunTime:0.003072s ]
INFO: [ app_begin ] --START--
INFO: ReadHtmlCache Behavior ::run [ RunTime:0.002012s ]
INFO: [ app_begin ] --END-- [ RunTime:0.002386s ]
INFO: [ view_parse ] --START--
INFO: ParseTemplate Behavior ::run [ RunTime:0.048949s ]
INFO: [ view_parse ] --END-- [ RunTime:0.049402s ]
INFO: [ view_filter ] --START--
INFO: ContentReplace Behavior ::run [ RunTime:0.002374s ]
INFO: TokenBuild Behavior ::run [ RunTime:0.001981s ]
INFO: WriteHtmlCache Behavior ::run [ RunTime:0.001291s ]
INFO: ShowRuntime Behavior ::run [ RunTime:0.001747s ]
INFO: [ view_filter ] --END-- [ RunTime:0.008502s ]
INFO: [ view_end ] --START--
INFO: ShowPageTrace Behavior ::run [ RunTime:0.002458s ]
INFO: [ view_end ] --END-- [ RunTime:0.002831s ]

[ 2015-10-27T09:33:32+08:00 ] 192.168.1.105 /evc/index.php/Usr/baidu.com
INFO: [ route_check ] --START--
INFO: CheckRoute Behavior ::run [ RunTime:0.002801s ]
INFO: [ route_check ] --END-- [ RunTime:0.003386s ]
INFO: [ app_begin ] --START--
INFO: ReadHtmlCache Behavior ::run [ RunTime:0.002150s ]
INFO: [ app_begin ] --END-- [ RunTime:0.002559s ]
ERR: 非法操作:baidu.com

[ 2015-10-27T09:34:55+08:00 ] 192.168.1.105 /evc/index.php/Usr/usrct
INFO: [ route_check ] --START--
INFO: CheckRoute Behavior ::run [ RunTime:0.002030s ]
INFO: [ route_check ] --END-- [ RunTime:0.002313s ]
INFO: [ app_begin ] --START--
INFO: ReadHtmlCache Behavior ::run [ RunTime:0.002009s ]
INFO: [ app_begin ] --END-- [ RunTime:0.003312s ]
INFO: [ view_parse ] --START--
INFO: ParseTemplate Behavior ::run [ RunTime:0.054829s ]
INFO: [ view_parse ] --END-- [ RunTime:0.055316s ]
INFO: [ view_filter ] --START--
INFO: ContentReplace Behavior ::run [ RunTime:0.002128s ]
INFO: TokenBuild Behavior ::run [ RunTime:0.001713s ]
INFO: WriteHtmlCache Behavior ::run [ RunTime:0.001419s ]
INFO: ShowRuntime Behavior ::run [ RunTime:0.002669s ]
INFO: [ view_filter ] --END-- [ RunTime:0.009621s ]
INFO: [ view_end ] --START--
INFO: ShowPageTrace Behavior ::run [ RunTime:0.002355s ]
INFO: [ view_end ] --END-- [ RunTime:0.002759s ]

[ 2015-10-27T09:34:55+08:00 ] 192.168.1.105 /evc/index.php/Usr/baidu.com
INFO: [ route_check ] --START--
INFO: CheckRoute Behavior ::run [ RunTime:0.003533s ]
INFO: [ route_check ] --END-- [ RunTime:0.003996s ]
INFO: [ app_begin ] --START--
INFO: ReadHtmlCache Behavior ::run [ RunTime:0.002393s ]
INFO: [ app_begin ] --END-- [ RunTime:0.002827s ]
ERR: 非法操作:baidu.com

[ 2015-10-27T10:45:41+08:00 ] 192.168.1.105 /evc/index.php/Usr/usrct
INFO: [ route_check ] --START--
INFO: CheckRoute Behavior ::run [ RunTime:0.002266s ]
INFO: [ route_check ] --END-- [ RunTime:0.002552s ]
INFO: [ app_begin ] --START--
INFO: ReadHtmlCache Behavior ::run [ RunTime:0.001720s ]
INFO: [ app_begin ] --END-- [ RunTime:0.001951s ]
INFO: [ view_parse ] --START--
INFO: ParseTemplate Behavior ::run [ RunTime:0.048289s ]
INFO: [ view_parse ] --END-- [ RunTime:0.048771s ]
INFO: [ view_filter ] --START--
INFO: ContentReplace Behavior ::run [ RunTime:0.002909s ]
INFO: TokenBuild Behavior ::run [ RunTime:0.002160s ]
INFO: WriteHtmlCache Behavior ::run [ RunTime:0.001430s ]
INFO: ShowRuntime Behavior ::run [ RunTime:0.001970s ]
INFO: [ view_filter ] --END-- [ RunTime:0.009577s ]
INFO: [ view_end ] --START--
INFO: ShowPageTrace Behavior ::run [ RunTime:0.002589s ]
INFO: [ view_end ] --END-- [ RunTime:0.003179s ]

[ 2015-10-27T10:45:41+08:00 ] 192.168.1.105 /evc/index.php/Usr/baidu.com
INFO: [ route_check ] --START--
INFO: CheckRoute Behavior ::run [ RunTime:0.001817s ]
INFO: [ route_check ] --END-- [ RunTime:0.002115s ]
INFO: [ app_begin ] --START--
INFO: ReadHtmlCache Behavior ::run [ RunTime:0.002407s ]
INFO: [ app_begin ] --END-- [ RunTime:0.002730s ]
ERR: 非法操作:baidu.com

[ 2015-10-27T11:24:33+08:00 ] 192.168.1.105 /evc/index.php/Usr/usrct
INFO: [ route_check ] --START--
INFO: CheckRoute Behavior ::run [ RunTime:0.005177s ]
INFO: [ route_check ] --END-- [ RunTime:0.005808s ]
INFO: [ app_begin ] --START--
INFO: ReadHtmlCache Behavior ::run [ RunTime:0.003658s ]
INFO: [ app_begin ] --END-- [ RunTime:0.004034s ]
INFO: [ view_parse ] --START--
INFO: ParseTemplate Behavior ::run [ RunTime:0.088238s ]
INFO: [ view_parse ] --END-- [ RunTime:0.088716s ]
INFO: [ view_filter ] --START--
INFO: ContentReplace Behavior ::run [ RunTime:0.003605s ]
INFO: TokenBuild Behavior ::run [ RunTime:0.004050s ]
INFO: WriteHtmlCache Behavior ::run [ RunTime:0.003191s ]
INFO: ShowRuntime Behavior ::run [ RunTime:0.004632s ]
INFO: [ view_filter ] --END-- [ RunTime:0.016954s ]
INFO: [ view_end ] --START--
INFO: ShowPageTrace Behavior ::run [ RunTime:0.004870s ]
INFO: [ view_end ] --END-- [ RunTime:0.005484s ]

[ 2015-10-27T11:24:34+08:00 ] 192.168.1.105 /evc/index.php/Usr/baidu.com
INFO: [ route_check ] --START--
INFO: CheckRoute Behavior ::run [ RunTime:0.001906s ]
INFO: [ route_check ] --END-- [ RunTime:0.002180s ]
INFO: [ app_begin ] --START--
INFO: ReadHtmlCache Behavior ::run [ RunTime:0.001679s ]
INFO: [ app_begin ] --END-- [ RunTime:0.001923s ]
ERR: 非法操作:baidu.com

[ 2015-10-27T11:24:40+08:00 ] 192.168.1.105 /evc/index.php/Usr/usrct
INFO: [ route_check ] --START--
INFO: CheckRoute Behavior ::run [ RunTime:0.001770s ]
INFO: [ route_check ] --END-- [ RunTime:0.002063s ]
INFO: [ app_begin ] --START--
INFO: ReadHtmlCache Behavior ::run [ RunTime:0.001377s ]
INFO: [ app_begin ] --END-- [ RunTime:0.001601s ]
INFO: [ view_parse ] --START--
INFO: ParseTemplate Behavior ::run [ RunTime:0.055657s ]
INFO: [ view_parse ] --END-- [ RunTime:0.056097s ]
INFO: [ view_filter ] --START--
INFO: ContentReplace Behavior ::run [ RunTime:0.002014s ]
INFO: TokenBuild Behavior ::run [ RunTime:0.001454s ]
INFO: WriteHtmlCache Behavior ::run [ RunTime:0.001140s ]
INFO: ShowRuntime Behavior ::run [ RunTime:0.001304s ]
INFO: [ view_filter ] --END-- [ RunTime:0.006731s ]
INFO: [ view_end ] --START--
INFO: ShowPageTrace Behavior ::run [ RunTime:0.001782s ]
INFO: [ view_end ] --END-- [ RunTime:0.002093s ]

[ 2015-10-27T11:24:40+08:00 ] 192.168.1.105 /evc/index.php/Usr/baidu.com
INFO: [ route_check ] --START--
INFO: CheckRoute Behavior ::run [ RunTime:0.002201s ]
INFO: [ route_check ] --END-- [ RunTime:0.002497s ]
INFO: [ app_begin ] --START--
INFO: ReadHtmlCache Behavior ::run [ RunTime:0.002357s ]
INFO: [ app_begin ] --END-- [ RunTime:0.002758s ]
ERR: 非法操作:baidu.com

[ 2015-10-27T11:25:15+08:00 ] 192.168.1.105 /evc/index.php/Usr/usrct
INFO: [ route_check ] --START--
INFO: CheckRoute Behavior ::run [ RunTime:0.003467s ]
INFO: [ route_check ] --END-- [ RunTime:0.004096s ]
INFO: [ app_begin ] --START--
INFO: ReadHtmlCache Behavior ::run [ RunTime:0.002337s ]
INFO: [ app_begin ] --END-- [ RunTime:0.002993s ]
INFO: [ view_parse ] --START--
INFO: ParseTemplate Behavior ::run [ RunTime:0.065177s ]
INFO: [ view_parse ] --END-- [ RunTime:0.065685s ]
INFO: [ view_filter ] --START--
INFO: ContentReplace Behavior ::run [ RunTime:0.002617s ]
INFO: TokenBuild Behavior ::run [ RunTime:0.002096s ]
INFO: WriteHtmlCache Behavior ::run [ RunTime:0.002017s ]
INFO: ShowRuntime Behavior ::run [ RunTime:0.003142s ]
INFO: [ view_filter ] --END-- [ RunTime:0.011099s ]
INFO: [ view_end ] --START--
INFO: ShowPageTrace Behavior ::run [ RunTime:0.002945s ]
INFO: [ view_end ] --END-- [ RunTime:0.003371s ]

[ 2015-10-27T11:25:15+08:00 ] 192.168.1.105 /evc/index.php/Usr/baidu.com
INFO: [ route_check ] --START--
INFO: CheckRoute Behavior ::run [ RunTime:0.003457s ]
INFO: [ route_check ] --END-- [ RunTime:0.003996s ]
INFO: [ app_begin ] --START--
INFO: ReadHtmlCache Behavior ::run [ RunTime:0.001840s ]
INFO: [ app_begin ] --END-- [ RunTime:0.002234s ]
ERR: 非法操作:baidu.com

[ 2015-10-27T11:25:18+08:00 ] 192.168.1.105 /evc/index.php/Usr/doonoffdvc?dvcid=1&tm=&oprt=on&everyday=
INFO: [ route_check ] --START--
INFO: CheckRoute Behavior ::run [ RunTime:0.003548s ]
INFO: [ route_check ] --END-- [ RunTime:0.004223s ]
INFO: [ app_begin ] --START--
INFO: ReadHtmlCache Behavior ::run [ RunTime:0.002654s ]
INFO: [ app_begin ] --END-- [ RunTime:0.003096s ]

[ 2015-10-27T11:26:58+08:00 ] 192.168.1.105 /evc/index.php/Usr/usrct
INFO: [ route_check ] --START--
INFO: CheckRoute Behavior ::run [ RunTime:0.002504s ]
INFO: [ route_check ] --END-- [ RunTime:0.002793s ]
INFO: [ app_begin ] --START--
INFO: ReadHtmlCache Behavior ::run [ RunTime:0.002850s ]
INFO: [ app_begin ] --END-- [ RunTime:0.003283s ]
INFO: [ view_parse ] --START--
INFO: ParseTemplate Behavior ::run [ RunTime:0.067988s ]
INFO: [ view_parse ] --END-- [ RunTime:0.068401s ]
INFO: [ view_filter ] --START--
INFO: ContentReplace Behavior ::run [ RunTime:0.003276s ]
INFO: TokenBuild Behavior ::run [ RunTime:0.002176s ]
INFO: WriteHtmlCache Behavior ::run [ RunTime:0.001671s ]
INFO: ShowRuntime Behavior ::run [ RunTime:0.001917s ]
INFO: [ view_filter ] --END-- [ RunTime:0.010372s ]
INFO: [ view_end ] --START--
INFO: ShowPageTrace Behavior ::run [ RunTime:0.002250s ]
INFO: [ view_end ] --END-- [ RunTime:0.002574s ]

[ 2015-10-27T11:26:59+08:00 ] 192.168.1.105 /evc/index.php/Usr/baidu.com
INFO: [ route_check ] --START--
INFO: CheckRoute Behavior ::run [ RunTime:0.002281s ]
INFO: [ route_check ] --END-- [ RunTime:0.002655s ]
INFO: [ app_begin ] --START--
INFO: ReadHtmlCache Behavior ::run [ RunTime:0.001713s ]
INFO: [ app_begin ] --END-- [ RunTime:0.002043s ]
ERR: 非法操作:baidu.com

[ 2015-10-27T11:47:39+08:00 ] 192.168.1.105 /evc/index.php/Usr/usrct
INFO: [ route_check ] --START--
INFO: CheckRoute Behavior ::run [ RunTime:0.002466s ]
INFO: [ route_check ] --END-- [ RunTime:0.002813s ]
INFO: [ app_begin ] --START--
INFO: ReadHtmlCache Behavior ::run [ RunTime:0.001854s ]
INFO: [ app_begin ] --END-- [ RunTime:0.002089s ]
INFO: [ view_parse ] --START--
INFO: ParseTemplate Behavior ::run [ RunTime:0.061066s ]
INFO: [ view_parse ] --END-- [ RunTime:0.061472s ]
INFO: [ view_filter ] --START--
INFO: ContentReplace Behavior ::run [ RunTime:0.002255s ]
INFO: TokenBuild Behavior ::run [ RunTime:0.002589s ]
INFO: WriteHtmlCache Behavior ::run [ RunTime:0.001493s ]
INFO: ShowRuntime Behavior ::run [ RunTime:0.002206s ]
INFO: [ view_filter ] --END-- [ RunTime:0.009599s ]
INFO: [ view_end ] --START--
INFO: ShowPageTrace Behavior ::run [ RunTime:0.002836s ]
INFO: [ view_end ] --END-- [ RunTime:0.003954s ]

[ 2015-10-27T11:47:39+08:00 ] 192.168.1.105 /evc/index.php/Usr/baidu.com
INFO: [ route_check ] --START--
INFO: CheckRoute Behavior ::run [ RunTime:0.002277s ]
INFO: [ route_check ] --END-- [ RunTime:0.002594s ]
INFO: [ app_begin ] --START--
INFO: ReadHtmlCache Behavior ::run [ RunTime:0.001588s ]
INFO: [ app_begin ] --END-- [ RunTime:0.001817s ]
ERR: 非法操作:baidu.com

[ 2015-10-27T11:47:43+08:00 ] 192.168.1.105 /evc/index.php/Usr/doonoffdvc?dvcid=1&tm=&oprt=on&everyday=
INFO: [ route_check ] --START--
INFO: CheckRoute Behavior ::run [ RunTime:0.002599s ]
INFO: [ route_check ] --END-- [ RunTime:0.003082s ]
INFO: [ app_begin ] --START--
INFO: ReadHtmlCache Behavior ::run [ RunTime:0.001982s ]
INFO: [ app_begin ] --END-- [ RunTime:0.002341s ]

[ 2015-10-27T11:47:59+08:00 ] 192.168.1.105 /evc/index.php/Usr/usrct
INFO: [ route_check ] --START--
INFO: CheckRoute Behavior ::run [ RunTime:0.003401s ]
INFO: [ route_check ] --END-- [ RunTime:0.003977s ]
INFO: [ app_begin ] --START--
INFO: ReadHtmlCache Behavior ::run [ RunTime:0.002317s ]
INFO: [ app_begin ] --END-- [ RunTime:0.002620s ]
INFO: [ view_parse ] --START--
INFO: ParseTemplate Behavior ::run [ RunTime:0.065588s ]
INFO: [ view_parse ] --END-- [ RunTime:0.066030s ]
INFO: [ view_filter ] --START--
INFO: ContentReplace Behavior ::run [ RunTime:0.002173s ]
INFO: TokenBuild Behavior ::run [ RunTime:0.002153s ]
INFO: WriteHtmlCache Behavior ::run [ RunTime:0.001512s ]
INFO: ShowRuntime Behavior ::run [ RunTime:0.002206s ]
INFO: [ view_filter ] --END-- [ RunTime:0.009265s ]
INFO: [ view_end ] --START--
INFO: ShowPageTrace Behavior ::run [ RunTime:0.001698s ]
INFO: [ view_end ] --END-- [ RunTime:0.001922s ]

[ 2015-10-27T11:47:59+08:00 ] 192.168.1.105 /evc/index.php/Usr/baidu.com
INFO: [ route_check ] --START--
INFO: CheckRoute Behavior ::run [ RunTime:0.002596s ]
INFO: [ route_check ] --END-- [ RunTime:0.003035s ]
INFO: [ app_begin ] --START--
INFO: ReadHtmlCache Behavior ::run [ RunTime:0.002042s ]
INFO: [ app_begin ] --END-- [ RunTime:0.002428s ]
ERR: 非法操作:baidu.com

[ 2015-10-27T11:48:02+08:00 ] 192.168.1.105 /evc/index.php/Usr/doonoffdvc?dvcid=1&tm=&oprt=on&everyday=
INFO: [ route_check ] --START--
INFO: CheckRoute Behavior ::run [ RunTime:0.003002s ]
INFO: [ route_check ] --END-- [ RunTime:0.003481s ]
INFO: [ app_begin ] --START--
INFO: ReadHtmlCache Behavior ::run [ RunTime:0.002362s ]
INFO: [ app_begin ] --END-- [ RunTime:0.002813s ]

[ 2015-10-27T11:48:05+08:00 ] 192.168.1.105 /evc/index.php/Usr/doonoffdvc?dvcid=1&tm=&oprt=on&everyday=
INFO: [ route_check ] --START--
INFO: CheckRoute Behavior ::run [ RunTime:0.002529s ]
INFO: [ route_check ] --END-- [ RunTime:0.002936s ]
INFO: [ app_begin ] --START--
INFO: ReadHtmlCache Behavior ::run [ RunTime:0.002039s ]
INFO: [ app_begin ] --END-- [ RunTime:0.002373s ]

[ 2015-10-27T11:48:07+08:00 ] 192.168.1.105 /evc/index.php/Usr/doonoffdvc?dvcid=1&tm=&oprt=on&everyday=
INFO: [ route_check ] --START--
INFO: CheckRoute Behavior ::run [ RunTime:0.003860s ]
INFO: [ route_check ] --END-- [ RunTime:0.004240s ]
INFO: [ app_begin ] --START--
INFO: ReadHtmlCache Behavior ::run [ RunTime:0.001965s ]
INFO: [ app_begin ] --END-- [ RunTime:0.002714s ]

[ 2015-10-27T11:48:09+08:00 ] 192.168.1.105 /evc/index.php/Usr/doonoffdvc?dvcid=1&tm=&oprt=on&everyday=
INFO: [ route_check ] --START--
INFO: CheckRoute Behavior ::run [ RunTime:0.002408s ]
INFO: [ route_check ] --END-- [ RunTime:0.002706s ]
INFO: [ app_begin ] --START--
INFO: ReadHtmlCache Behavior ::run [ RunTime:0.001468s ]
INFO: [ app_begin ] --END-- [ RunTime:0.001680s ]

[ 2015-10-27T11:48:12+08:00 ] 192.168.1.105 /evc/index.php/Usr/doonoffdvc?dvcid=1&tm=&oprt=off&everyday=
INFO: [ route_check ] --START--
INFO: CheckRoute Behavior ::run [ RunTime:0.002191s ]
INFO: [ route_check ] --END-- [ RunTime:0.002557s ]
INFO: [ app_begin ] --START--
INFO: ReadHtmlCache Behavior ::run [ RunTime:0.001537s ]
INFO: [ app_begin ] --END-- [ RunTime:0.001817s ]

[ 2015-10-27T11:48:13+08:00 ] 192.168.1.105 /evc/index.php/Usr/doonoffdvc?dvcid=1&tm=&oprt=on&everyday=
INFO: [ route_check ] --START--
INFO: CheckRoute Behavior ::run [ RunTime:0.002820s ]
INFO: [ route_check ] --END-- [ RunTime:0.003261s ]
INFO: [ app_begin ] --START--
INFO: ReadHtmlCache Behavior ::run [ RunTime:0.002163s ]
INFO: [ app_begin ] --END-- [ RunTime:0.002562s ]

[ 2015-10-27T11:48:16+08:00 ] 192.168.1.105 /evc/index.php/Usr/doonoffdvc?dvcid=1&tm=&oprt=on&everyday=
INFO: [ route_check ] --START--
INFO: CheckRoute Behavior ::run [ RunTime:0.003730s ]
INFO: [ route_check ] --END-- [ RunTime:0.004184s ]
INFO: [ app_begin ] --START--
INFO: ReadHtmlCache Behavior ::run [ RunTime:0.002294s ]
INFO: [ app_begin ] --END-- [ RunTime:0.002631s ]

[ 2015-10-27T11:48:18+08:00 ] 192.168.1.105 /evc/index.php/Usr/doonoffdvc?dvcid=1&tm=&oprt=on&everyday=
INFO: [ route_check ] --START--
INFO: CheckRoute Behavior ::run [ RunTime:0.002080s ]
INFO: [ route_check ] --END-- [ RunTime:0.002558s ]
INFO: [ app_begin ] --START--
INFO: ReadHtmlCache Behavior ::run [ RunTime:0.001349s ]
INFO: [ app_begin ] --END-- [ RunTime:0.001574s ]

[ 2015-10-27T11:48:19+08:00 ] 192.168.1.105 /evc/index.php/Usr/doonoffdvc?dvcid=1&tm=&oprt=off&everyday=
INFO: [ route_check ] --START--
INFO: CheckRoute Behavior ::run [ RunTime:0.001820s ]
INFO: [ route_check ] --END-- [ RunTime:0.002168s ]
INFO: [ app_begin ] --START--
INFO: ReadHtmlCache Behavior ::run [ RunTime:0.002173s ]
INFO: [ app_begin ] --END-- [ RunTime:0.002572s ]

[ 2015-10-27T11:48:21+08:00 ] 192.168.1.105 /evc/index.php/Usr/doonoffdvc?dvcid=1&tm=&oprt=off&everyday=
INFO: [ route_check ] --START--
INFO: CheckRoute Behavior ::run [ RunTime:0.003692s ]
INFO: [ route_check ] --END-- [ RunTime:0.004375s ]
INFO: [ app_begin ] --START--
INFO: ReadHtmlCache Behavior ::run [ RunTime:0.006063s ]
INFO: [ app_begin ] --END-- [ RunTime:0.006616s ]

[ 2015-10-27T11:48:23+08:00 ] 192.168.1.105 /evc/index.php/Usr/doonoffdvc?dvcid=1&tm=&oprt=on&everyday=
INFO: [ route_check ] --START--
INFO: CheckRoute Behavior ::run [ RunTime:0.002939s ]
INFO: [ route_check ] --END-- [ RunTime:0.003385s ]
INFO: [ app_begin ] --START--
INFO: ReadHtmlCache Behavior ::run [ RunTime:0.002157s ]
INFO: [ app_begin ] --END-- [ RunTime:0.002480s ]

[ 2015-10-27T11:48:27+08:00 ] 192.168.1.105 /evc/index.php/Usr/doonoffdvc?dvcid=1&tm=&oprt=on&everyday=
INFO: [ route_check ] --START--
INFO: CheckRoute Behavior ::run [ RunTime:0.002864s ]
INFO: [ route_check ] --END-- [ RunTime:0.003605s ]
INFO: [ app_begin ] --START--
INFO: ReadHtmlCache Behavior ::run [ RunTime:0.002466s ]
INFO: [ app_begin ] --END-- [ RunTime:0.003121s ]

[ 2015-10-27T11:48:30+08:00 ] 192.168.1.105 /evc/index.php/Usr/doonoffdvc?dvcid=6&tm=&oprt=on&everyday=
INFO: [ route_check ] --START--
INFO: CheckRoute Behavior ::run [ RunTime:0.001908s ]
INFO: [ route_check ] --END-- [ RunTime:0.002241s ]
INFO: [ app_begin ] --START--
INFO: ReadHtmlCache Behavior ::run [ RunTime:0.001524s ]
INFO: [ app_begin ] --END-- [ RunTime:0.001737s ]

[ 2015-10-27T11:48:54+08:00 ] 192.168.1.105 /evc/index.php/Usr/doonoffdvc?dvcid=1&tm=&oprt=on&everyday=
INFO: [ route_check ] --START--
INFO: CheckRoute Behavior ::run [ RunTime:0.004331s ]
INFO: [ route_check ] --END-- [ RunTime:0.004926s ]
INFO: [ app_begin ] --START--
INFO: ReadHtmlCache Behavior ::run [ RunTime:0.001782s ]
INFO: [ app_begin ] --END-- [ RunTime:0.002109s ]

[ 2015-10-27T11:48:55+08:00 ] 192.168.1.105 /evc/index.php/Usr/doonoffdvc?dvcid=1&tm=&oprt=on&everyday=
INFO: [ route_check ] --START--
INFO: CheckRoute Behavior ::run [ RunTime:0.002688s ]
INFO: [ route_check ] --END-- [ RunTime:0.004042s ]
INFO: [ app_begin ] --START--
INFO: ReadHtmlCache Behavior ::run [ RunTime:0.001812s ]
INFO: [ app_begin ] --END-- [ RunTime:0.002114s ]

[ 2015-10-27T11:50:11+08:00 ] 192.168.1.105 /evc/index.php/Usr/doonoffdvc?dvcid=1&tm=&oprt=on&everyday=
INFO: [ route_check ] --START--
INFO: CheckRoute Behavior ::run [ RunTime:0.004601s ]
INFO: [ route_check ] --END-- [ RunTime:0.005110s ]
INFO: [ app_begin ] --START--
INFO: ReadHtmlCache Behavior ::run [ RunTime:0.002993s ]
INFO: [ app_begin ] --END-- [ RunTime:0.003401s ]

[ 2015-10-27T11:50:26+08:00 ] 192.168.1.105 /evc/index.php/Usr/usrct
INFO: [ route_check ] --START--
INFO: CheckRoute Behavior ::run [ RunTime:0.002478s ]
INFO: [ route_check ] --END-- [ RunTime:0.002892s ]
INFO: [ app_begin ] --START--
INFO: ReadHtmlCache Behavior ::run [ RunTime:0.002345s ]
INFO: [ app_begin ] --END-- [ RunTime:0.002651s ]
INFO: [ view_parse ] --START--
INFO: ParseTemplate Behavior ::run [ RunTime:0.046943s ]
INFO: [ view_parse ] --END-- [ RunTime:0.047308s ]
INFO: [ view_filter ] --START--
INFO: ContentReplace Behavior ::run [ RunTime:0.001541s ]
INFO: TokenBuild Behavior ::run [ RunTime:0.002031s ]
INFO: WriteHtmlCache Behavior ::run [ RunTime:0.001483s ]
INFO: ShowRuntime Behavior ::run [ RunTime:0.002244s ]
INFO: [ view_filter ] --END-- [ RunTime:0.008148s ]
INFO: [ view_end ] --START--
INFO: ShowPageTrace Behavior ::run [ RunTime:0.001777s ]
INFO: [ view_end ] --END-- [ RunTime:0.001999s ]

[ 2015-10-27T11:50:26+08:00 ] 192.168.1.105 /evc/index.php/Usr/baidu.com
INFO: [ route_check ] --START--
INFO: CheckRoute Behavior ::run [ RunTime:0.002254s ]
INFO: [ route_check ] --END-- [ RunTime:0.002702s ]
INFO: [ app_begin ] --START--
INFO: ReadHtmlCache Behavior ::run [ RunTime:0.002365s ]
INFO: [ app_begin ] --END-- [ RunTime:0.002682s ]
ERR: 非法操作:baidu.com

[ 2015-10-27T11:50:28+08:00 ] 192.168.1.105 /evc/index.php/Usr/doonoffdvc?dvcid=1&tm=&oprt=on&everyday=
INFO: [ route_check ] --START--
INFO: CheckRoute Behavior ::run [ RunTime:0.003788s ]
INFO: [ route_check ] --END-- [ RunTime:0.004260s ]
INFO: [ app_begin ] --START--
INFO: ReadHtmlCache Behavior ::run [ RunTime:0.002598s ]
INFO: [ app_begin ] --END-- [ RunTime:0.003044s ]

[ 2015-10-27T11:52:15+08:00 ] 192.168.1.105 /evc/index.php/Usr/usrct
INFO: [ route_check ] --START--
INFO: CheckRoute Behavior ::run [ RunTime:0.002904s ]
INFO: [ route_check ] --END-- [ RunTime:0.003796s ]
INFO: [ app_begin ] --START--
INFO: ReadHtmlCache Behavior ::run [ RunTime:0.002123s ]
INFO: [ app_begin ] --END-- [ RunTime:0.002505s ]
INFO: [ view_parse ] --START--
INFO: ParseTemplate Behavior ::run [ RunTime:0.125918s ]
INFO: [ view_parse ] --END-- [ RunTime:0.126369s ]
INFO: [ view_filter ] --START--
INFO: ContentReplace Behavior ::run [ RunTime:0.002113s ]
INFO: TokenBuild Behavior ::run [ RunTime:0.001932s ]
INFO: WriteHtmlCache Behavior ::run [ RunTime:0.001415s ]
INFO: ShowRuntime Behavior ::run [ RunTime:0.003062s ]
INFO: [ view_filter ] --END-- [ RunTime:0.009569s ]
INFO: [ view_end ] --START--
INFO: ShowPageTrace Behavior ::run [ RunTime:0.002651s ]
INFO: [ view_end ] --END-- [ RunTime:0.003106s ]

[ 2015-10-27T11:52:15+08:00 ] 192.168.1.105 /evc/index.php/Usr/baidu.com
INFO: [ route_check ] --START--
INFO: CheckRoute Behavior ::run [ RunTime:0.003344s ]
INFO: [ route_check ] --END-- [ RunTime:0.003791s ]
INFO: [ app_begin ] --START--
INFO: ReadHtmlCache Behavior ::run [ RunTime:0.002585s ]
INFO: [ app_begin ] --END-- [ RunTime:0.002918s ]
ERR: 非法操作:baidu.com

[ 2015-10-27T11:52:18+08:00 ] 192.168.1.105 /evc/index.php/Usr/doonoffdvc?dvcid=1&tm=&oprt=on&everyday=
INFO: [ route_check ] --START--
INFO: CheckRoute Behavior ::run [ RunTime:0.003813s ]
INFO: [ route_check ] --END-- [ RunTime:0.004349s ]
INFO: [ app_begin ] --START--
INFO: ReadHtmlCache Behavior ::run [ RunTime:0.002031s ]
INFO: [ app_begin ] --END-- [ RunTime:0.002337s ]

[ 2015-10-27T11:54:54+08:00 ] 192.168.1.109 /evc/index.php/Usr/usrct
INFO: [ route_check ] --START--
INFO: CheckRoute Behavior ::run [ RunTime:0.004158s ]
INFO: [ route_check ] --END-- [ RunTime:0.004792s ]
INFO: [ app_begin ] --START--
INFO: ReadHtmlCache Behavior ::run [ RunTime:0.003288s ]
INFO: [ app_begin ] --END-- [ RunTime:0.003774s ]
INFO: [ view_parse ] --START--
INFO: ParseTemplate Behavior ::run [ RunTime:0.094952s ]
INFO: [ view_parse ] --END-- [ RunTime:0.095520s ]
INFO: [ view_filter ] --START--
INFO: ContentReplace Behavior ::run [ RunTime:0.002819s ]
INFO: TokenBuild Behavior ::run [ RunTime:0.001782s ]
INFO: WriteHtmlCache Behavior ::run [ RunTime:0.001422s ]
INFO: ShowRuntime Behavior ::run [ RunTime:0.001562s ]
INFO: [ view_filter ] --END-- [ RunTime:0.008542s ]
INFO: [ view_end ] --START--
INFO: ShowPageTrace Behavior ::run [ RunTime:0.002521s ]
INFO: [ view_end ] --END-- [ RunTime:0.002830s ]

[ 2015-10-27T11:54:54+08:00 ] 192.168.1.109 /evc/index.php/Usr/baidu.com
INFO: [ route_check ] --START--
INFO: CheckRoute Behavior ::run [ RunTime:0.005467s ]
INFO: [ route_check ] --END-- [ RunTime:0.006013s ]
INFO: [ app_begin ] --START--
INFO: ReadHtmlCache Behavior ::run [ RunTime:0.003943s ]
INFO: [ app_begin ] --END-- [ RunTime:0.004414s ]
ERR: 非法操作:baidu.com

[ 2015-10-27T11:55:06+08:00 ] 192.168.1.109 /evc/index.php/Usr/usrct
INFO: [ route_check ] --START--
INFO: CheckRoute Behavior ::run [ RunTime:0.003961s ]
INFO: [ route_check ] --END-- [ RunTime:0.004445s ]
INFO: [ app_begin ] --START--
INFO: ReadHtmlCache Behavior ::run [ RunTime:0.004183s ]
INFO: [ app_begin ] --END-- [ RunTime:0.004542s ]
INFO: [ view_parse ] --START--
INFO: ParseTemplate Behavior ::run [ RunTime:0.093587s ]
INFO: [ view_parse ] --END-- [ RunTime:0.094335s ]
INFO: [ view_filter ] --START--
INFO: ContentReplace Behavior ::run [ RunTime:0.002659s ]
INFO: TokenBuild Behavior ::run [ RunTime:0.002309s ]
INFO: WriteHtmlCache Behavior ::run [ RunTime:0.001622s ]
INFO: ShowRuntime Behavior ::run [ RunTime:0.002688s ]
INFO: [ view_filter ] --END-- [ RunTime:0.010649s ]
INFO: [ view_end ] --START--
INFO: ShowPageTrace Behavior ::run [ RunTime:0.003395s ]
INFO: [ view_end ] --END-- [ RunTime:0.003968s ]

[ 2015-10-27T11:55:06+08:00 ] 192.168.1.109 /evc/index.php/Usr/baidu.com
INFO: [ route_check ] --START--
INFO: CheckRoute Behavior ::run [ RunTime:0.004716s ]
INFO: [ route_check ] --END-- [ RunTime:0.005339s ]
INFO: [ app_begin ] --START--
INFO: ReadHtmlCache Behavior ::run [ RunTime:0.002615s ]
INFO: [ app_begin ] --END-- [ RunTime:0.003045s ]
ERR: 非法操作:baidu.com

[ 2015-10-27T11:55:07+08:00 ] 192.168.1.109 /evc/index.php/Usr/baidu.com
INFO: [ route_check ] --START--
INFO: CheckRoute Behavior ::run [ RunTime:0.003836s ]
INFO: [ route_check ] --END-- [ RunTime:0.004403s ]
INFO: [ app_begin ] --START--
INFO: ReadHtmlCache Behavior ::run [ RunTime:0.002546s ]
INFO: [ app_begin ] --END-- [ RunTime:0.003013s ]
ERR: 非法操作:baidu.com

[ 2015-10-27T11:56:01+08:00 ] 192.168.1.109 /evc/index.php/Usr/doonoffdvc?dvcid=1&tm=&oprt=on&everyday=
INFO: [ route_check ] --START--
INFO: CheckRoute Behavior ::run [ RunTime:0.003014s ]
INFO: [ route_check ] --END-- [ RunTime:0.003605s ]
INFO: [ app_begin ] --START--
INFO: ReadHtmlCache Behavior ::run [ RunTime:0.002270s ]
INFO: [ app_begin ] --END-- [ RunTime:0.002659s ]

[ 2015-10-27T11:56:28+08:00 ] 192.168.1.109 /evc/index.php/Usr/usrct
INFO: [ route_check ] --START--
INFO: CheckRoute Behavior ::run [ RunTime:0.003979s ]
INFO: [ route_check ] --END-- [ RunTime:0.004649s ]
INFO: [ app_begin ] --START--
INFO: ReadHtmlCache Behavior ::run [ RunTime:0.004404s ]
INFO: [ app_begin ] --END-- [ RunTime:0.005208s ]
INFO: [ view_parse ] --START--
INFO: ParseTemplate Behavior ::run [ RunTime:0.102096s ]
INFO: [ view_parse ] --END-- [ RunTime:0.102717s ]
INFO: [ view_filter ] --START--
INFO: ContentReplace Behavior ::run [ RunTime:0.003235s ]
INFO: TokenBuild Behavior ::run [ RunTime:0.002204s ]
INFO: WriteHtmlCache Behavior ::run [ RunTime:0.001820s ]
INFO: ShowRuntime Behavior ::run [ RunTime:0.003091s ]
INFO: [ view_filter ] --END-- [ RunTime:0.011801s ]
INFO: [ view_end ] --START--
INFO: ShowPageTrace Behavior ::run [ RunTime:0.002997s ]
INFO: [ view_end ] --END-- [ RunTime:0.003604s ]

[ 2015-10-27T11:56:29+08:00 ] 192.168.1.109 /evc/index.php/Usr/baidu.com
INFO: [ route_check ] --START--
INFO: CheckRoute Behavior ::run [ RunTime:0.003054s ]
INFO: [ route_check ] --END-- [ RunTime:0.003528s ]
INFO: [ app_begin ] --START--
INFO: ReadHtmlCache Behavior ::run [ RunTime:0.002324s ]
INFO: [ app_begin ] --END-- [ RunTime:0.002738s ]
ERR: 非法操作:baidu.com

[ 2015-10-27T11:56:30+08:00 ] 192.168.1.109 /evc/index.php/Usr/baidu.com
INFO: [ route_check ] --START--
INFO: CheckRoute Behavior ::run [ RunTime:0.003598s ]
INFO: [ route_check ] --END-- [ RunTime:0.004089s ]
INFO: [ app_begin ] --START--
INFO: ReadHtmlCache Behavior ::run [ RunTime:0.002333s ]
INFO: [ app_begin ] --END-- [ RunTime:0.002808s ]
ERR: 非法操作:baidu.com

[ 2015-10-27T11:56:34+08:00 ] 192.168.1.109 /evc/index.php/Usr/doonoffdvc?dvcid=1&tm=&oprt=on&everyday=
INFO: [ route_check ] --START--
INFO: CheckRoute Behavior ::run [ RunTime:0.002755s ]
INFO: [ route_check ] --END-- [ RunTime:0.003196s ]
INFO: [ app_begin ] --START--
INFO: ReadHtmlCache Behavior ::run [ RunTime:0.002261s ]
INFO: [ app_begin ] --END-- [ RunTime:0.002633s ]

[ 2015-10-27T11:57:16+08:00 ] 192.168.1.105 /evc/index.php/Usr/usrct
INFO: [ route_check ] --START--
INFO: CheckRoute Behavior ::run [ RunTime:0.003822s ]
INFO: [ route_check ] --END-- [ RunTime:0.004333s ]
INFO: [ app_begin ] --START--
INFO: ReadHtmlCache Behavior ::run [ RunTime:0.002471s ]
INFO: [ app_begin ] --END-- [ RunTime:0.002938s ]
INFO: [ view_parse ] --START--
INFO: ParseTemplate Behavior ::run [ RunTime:0.064554s ]
INFO: [ view_parse ] --END-- [ RunTime:0.065042s ]
INFO: [ view_filter ] --START--
INFO: ContentReplace Behavior ::run [ RunTime:0.002201s ]
INFO: TokenBuild Behavior ::run [ RunTime:0.002011s ]
INFO: WriteHtmlCache Behavior ::run [ RunTime:0.001421s ]
INFO: ShowRuntime Behavior ::run [ RunTime:0.002322s ]
INFO: [ view_filter ] --END-- [ RunTime:0.009126s ]
INFO: [ view_end ] --START--
INFO: ShowPageTrace Behavior ::run [ RunTime:0.002691s ]
INFO: [ view_end ] --END-- [ RunTime:0.003106s ]

[ 2015-10-27T11:57:16+08:00 ] 192.168.1.105 /evc/index.php/Usr/baidu.com
INFO: [ route_check ] --START--
INFO: CheckRoute Behavior ::run [ RunTime:0.002329s ]
INFO: [ route_check ] --END-- [ RunTime:0.002693s ]
INFO: [ app_begin ] --START--
INFO: ReadHtmlCache Behavior ::run [ RunTime:0.002109s ]
INFO: [ app_begin ] --END-- [ RunTime:0.002445s ]
ERR: 非法操作:baidu.com

[ 2015-10-27T11:57:20+08:00 ] 192.168.1.105 /evc/index.php/Usr/doonoffdvc?dvcid=1&tm=&oprt=on&everyday=
INFO: [ route_check ] --START--
INFO: CheckRoute Behavior ::run [ RunTime:0.003210s ]
INFO: [ route_check ] --END-- [ RunTime:0.004104s ]
INFO: [ app_begin ] --START--
INFO: ReadHtmlCache Behavior ::run [ RunTime:0.002601s ]
INFO: [ app_begin ] --END-- [ RunTime:0.002998s ]

[ 2015-10-27T11:57:26+08:00 ] 192.168.1.105 /evc/index.php/Usr/doonoffdvc?dvcid=1&tm=&oprt=off&everyday=
INFO: [ route_check ] --START--
INFO: CheckRoute Behavior ::run [ RunTime:0.003880s ]
INFO: [ route_check ] --END-- [ RunTime:0.004368s ]
INFO: [ app_begin ] --START--
INFO: ReadHtmlCache Behavior ::run [ RunTime:0.002435s ]
INFO: [ app_begin ] --END-- [ RunTime:0.002813s ]

[ 2015-10-27T11:57:41+08:00 ] 192.168.1.105 /evc/index.php/Usr/doonoffdvc?dvcid=1&tm=&oprt=on&everyday=
INFO: [ route_check ] --START--
INFO: CheckRoute Behavior ::run [ RunTime:0.001878s ]
INFO: [ route_check ] --END-- [ RunTime:0.002159s ]
INFO: [ app_begin ] --START--
INFO: ReadHtmlCache Behavior ::run [ RunTime:0.001548s ]
INFO: [ app_begin ] --END-- [ RunTime:0.001845s ]

[ 2015-10-27T11:57:53+08:00 ] 192.168.1.105 /evc/index.php/Usr/doonoffdvc?dvcid=1&tm=&oprt=off&everyday=
INFO: [ route_check ] --START--
INFO: CheckRoute Behavior ::run [ RunTime:0.003193s ]
INFO: [ route_check ] --END-- [ RunTime:0.003661s ]
INFO: [ app_begin ] --START--
INFO: ReadHtmlCache Behavior ::run [ RunTime:0.002472s ]
INFO: [ app_begin ] --END-- [ RunTime:0.002847s ]

[ 2015-10-27T11:59:16+08:00 ] 192.168.1.105 /evc/index.php/Usr/doonoffdvc?dvcid=1&tm=&oprt=off&everyday=
INFO: [ route_check ] --START--
INFO: CheckRoute Behavior ::run [ RunTime:0.003453s ]
INFO: [ route_check ] --END-- [ RunTime:0.003941s ]
INFO: [ app_begin ] --START--
INFO: ReadHtmlCache Behavior ::run [ RunTime:0.001420s ]
INFO: [ app_begin ] --END-- [ RunTime:0.001630s ]

[ 2015-10-27T11:59:18+08:00 ] 192.168.1.105 /evc/index.php/Usr/doonoffdvc?dvcid=1&tm=&oprt=off&everyday=
INFO: [ route_check ] --START--
INFO: CheckRoute Behavior ::run [ RunTime:0.004480s ]
INFO: [ route_check ] --END-- [ RunTime:0.005025s ]
INFO: [ app_begin ] --START--
INFO: ReadHtmlCache Behavior ::run [ RunTime:0.002431s ]
INFO: [ app_begin ] --END-- [ RunTime:0.002825s ]

[ 2015-10-27T11:59:20+08:00 ] 192.168.1.105 /evc/index.php/Usr/doonoffdvc?dvcid=1&tm=&oprt=off&everyday=
INFO: [ route_check ] --START--
INFO: CheckRoute Behavior ::run [ RunTime:0.003105s ]
INFO: [ route_check ] --END-- [ RunTime:0.003645s ]
INFO: [ app_begin ] --START--
INFO: ReadHtmlCache Behavior ::run [ RunTime:0.002008s ]
INFO: [ app_begin ] --END-- [ RunTime:0.002346s ]

[ 2015-10-27T11:59:21+08:00 ] 192.168.1.105 /evc/index.php/Usr/doonoffdvc?dvcid=1&tm=&oprt=off&everyday=
INFO: [ route_check ] --START--
INFO: CheckRoute Behavior ::run [ RunTime:0.004113s ]
INFO: [ route_check ] --END-- [ RunTime:0.004674s ]
INFO: [ app_begin ] --START--
INFO: ReadHtmlCache Behavior ::run [ RunTime:0.002725s ]
INFO: [ app_begin ] --END-- [ RunTime:0.003100s ]

[ 2015-10-27T11:59:22+08:00 ] 192.168.1.105 /evc/index.php/Usr/doonoffdvc?dvcid=1&tm=&oprt=off&everyday=
INFO: [ route_check ] --START--
INFO: CheckRoute Behavior ::run [ RunTime:0.003961s ]
INFO: [ route_check ] --END-- [ RunTime:0.004467s ]
INFO: [ app_begin ] --START--
INFO: ReadHtmlCache Behavior ::run [ RunTime:0.002498s ]
INFO: [ app_begin ] --END-- [ RunTime:0.002944s ]

[ 2015-10-27T11:59:24+08:00 ] 192.168.1.105 /evc/index.php/Usr/doonoffdvc?dvcid=1&tm=&oprt=off&everyday=
INFO: [ route_check ] --START--
INFO: CheckRoute Behavior ::run [ RunTime:0.003367s ]
INFO: [ route_check ] --END-- [ RunTime:0.003886s ]
INFO: [ app_begin ] --START--
INFO: ReadHtmlCache Behavior ::run [ RunTime:0.002801s ]
INFO: [ app_begin ] --END-- [ RunTime:0.003449s ]

[ 2015-10-27T11:59:26+08:00 ] 192.168.1.105 /evc/index.php/Usr/doonoffdvc?dvcid=1&tm=&oprt=off&everyday=
INFO: [ route_check ] --START--
INFO: CheckRoute Behavior ::run [ RunTime:0.002777s ]
INFO: [ route_check ] --END-- [ RunTime:0.003240s ]
INFO: [ app_begin ] --START--
INFO: ReadHtmlCache Behavior ::run [ RunTime:0.002549s ]
INFO: [ app_begin ] --END-- [ RunTime:0.002927s ]

[ 2015-10-27T11:59:30+08:00 ] 192.168.1.105 /evc/index.php/Usr/doonoffdvc?dvcid=1&tm=&oprt=off&everyday=
INFO: [ route_check ] --START--
INFO: CheckRoute Behavior ::run [ RunTime:0.001809s ]
INFO: [ route_check ] --END-- [ RunTime:0.002103s ]
INFO: [ app_begin ] --START--
INFO: ReadHtmlCache Behavior ::run [ RunTime:0.001698s ]
INFO: [ app_begin ] --END-- [ RunTime:0.001991s ]

[ 2015-10-27T11:59:31+08:00 ] 192.168.1.105 /evc/index.php/Usr/doonoffdvc?dvcid=1&tm=&oprt=off&everyday=
INFO: [ route_check ] --START--
INFO: CheckRoute Behavior ::run [ RunTime:0.003119s ]
INFO: [ route_check ] --END-- [ RunTime:0.003687s ]
INFO: [ app_begin ] --START--
INFO: ReadHtmlCache Behavior ::run [ RunTime:0.002577s ]
INFO: [ app_begin ] --END-- [ RunTime:0.003017s ]

[ 2015-10-27T11:59:32+08:00 ] 192.168.1.105 /evc/index.php/Usr/doonoffdvc?dvcid=1&tm=&oprt=off&everyday=
INFO: [ route_check ] --START--
INFO: CheckRoute Behavior ::run [ RunTime:0.007823s ]
INFO: [ route_check ] --END-- [ RunTime:0.008594s ]
INFO: [ app_begin ] --START--
INFO: ReadHtmlCache Behavior ::run [ RunTime:0.032750s ]
INFO: [ app_begin ] --END-- [ RunTime:0.034297s ]

[ 2015-10-27T11:59:34+08:00 ] 192.168.1.105 /evc/index.php/Usr/doonoffdvc?dvcid=1&tm=&oprt=off&everyday=
INFO: [ route_check ] --START--
INFO: CheckRoute Behavior ::run [ RunTime:0.002883s ]
INFO: [ route_check ] --END-- [ RunTime:0.003490s ]
INFO: [ app_begin ] --START--
INFO: ReadHtmlCache Behavior ::run [ RunTime:0.002664s ]
INFO: [ app_begin ] --END-- [ RunTime:0.003074s ]

[ 2015-10-27T11:59:35+08:00 ] 192.168.1.105 /evc/index.php/Usr/doonoffdvc?dvcid=1&tm=&oprt=off&everyday=
INFO: [ route_check ] --START--
INFO: CheckRoute Behavior ::run [ RunTime:0.004315s ]
INFO: [ route_check ] --END-- [ RunTime:0.005210s ]
INFO: [ app_begin ] --START--
INFO: ReadHtmlCache Behavior ::run [ RunTime:0.002934s ]
INFO: [ app_begin ] --END-- [ RunTime:0.003495s ]

[ 2015-10-27T11:59:55+08:00 ] 192.168.1.105 /evc/index.php/Usr/doonoffdvc?dvcid=1&tm=&oprt=off&everyday=
INFO: [ route_check ] --START--
INFO: CheckRoute Behavior ::run [ RunTime:0.002726s ]
INFO: [ route_check ] --END-- [ RunTime:0.003174s ]
INFO: [ app_begin ] --START--
INFO: ReadHtmlCache Behavior ::run [ RunTime:0.002664s ]
INFO: [ app_begin ] --END-- [ RunTime:0.003005s ]

[ 2015-10-27T11:59:59+08:00 ] 192.168.1.105 /evc/index.php/Usr/doonoffdvc?dvcid=1&tm=&oprt=off&everyday=
INFO: [ route_check ] --START--
INFO: CheckRoute Behavior ::run [ RunTime:0.004070s ]
INFO: [ route_check ] --END-- [ RunTime:0.004663s ]
INFO: [ app_begin ] --START--
INFO: ReadHtmlCache Behavior ::run [ RunTime:0.003145s ]
INFO: [ app_begin ] --END-- [ RunTime:0.003658s ]

[ 2015-10-27T16:28:54+08:00 ] 192.168.1.109 /evc/index.php/Usr/usrct
INFO: [ route_check ] --START--
INFO: CheckRoute Behavior ::run [ RunTime:0.008581s ]
INFO: [ route_check ] --END-- [ RunTime:0.009195s ]
INFO: [ app_begin ] --START--
INFO: ReadHtmlCache Behavior ::run [ RunTime:0.004227s ]
INFO: [ app_begin ] --END-- [ RunTime:0.005097s ]
INFO: [ view_parse ] --START--
INFO: ParseTemplate Behavior ::run [ RunTime:0.092159s ]
INFO: [ view_parse ] --END-- [ RunTime:0.093167s ]
INFO: [ view_filter ] --START--
INFO: ContentReplace Behavior ::run [ RunTime:0.007965s ]
INFO: TokenBuild Behavior ::run [ RunTime:0.003775s ]
INFO: WriteHtmlCache Behavior ::run [ RunTime:0.003210s ]
INFO: ShowRuntime Behavior ::run [ RunTime:0.006656s ]
INFO: [ view_filter ] --END-- [ RunTime:0.025601s ]
INFO: [ view_end ] --START--
INFO: ShowPageTrace Behavior ::run [ RunTime:0.005444s ]
INFO: [ view_end ] --END-- [ RunTime:0.006373s ]

[ 2015-10-27T16:28:54+08:00 ] 192.168.1.109 /evc/index.php/Usr/baidu.com
INFO: [ route_check ] --START--
INFO: CheckRoute Behavior ::run [ RunTime:0.006195s ]
INFO: [ route_check ] --END-- [ RunTime:0.006935s ]
INFO: [ app_begin ] --START--
INFO: ReadHtmlCache Behavior ::run [ RunTime:0.003561s ]
INFO: [ app_begin ] --END-- [ RunTime:0.004206s ]
ERR: 非法操作:baidu.com

[ 2015-10-27T16:28:55+08:00 ] 192.168.1.109 /evc/index.php/Usr/baidu.com
INFO: [ route_check ] --START--
INFO: CheckRoute Behavior ::run [ RunTime:0.003083s ]
INFO: [ route_check ] --END-- [ RunTime:0.003621s ]
INFO: [ app_begin ] --START--
INFO: ReadHtmlCache Behavior ::run [ RunTime:0.003079s ]
INFO: [ app_begin ] --END-- [ RunTime:0.003622s ]
ERR: 非法操作:baidu.com

[ 2015-10-27T16:29:00+08:00 ] 192.168.1.109 /evc/index.php/Usr/doonoffdvc?dvcid=1&tm=&oprt=off&everyday=
INFO: [ route_check ] --START--
INFO: CheckRoute Behavior ::run [ RunTime:0.008071s ]
INFO: [ route_check ] --END-- [ RunTime:0.009043s ]
INFO: [ app_begin ] --START--
INFO: ReadHtmlCache Behavior ::run [ RunTime:0.005242s ]
INFO: [ app_begin ] --END-- [ RunTime:0.005866s ]

[ 2015-10-27T16:29:09+08:00 ] 192.168.1.109 /evc/index.php/Usr/usrct
INFO: [ route_check ] --START--
INFO: CheckRoute Behavior ::run [ RunTime:0.003123s ]
INFO: [ route_check ] --END-- [ RunTime:0.003732s ]
INFO: [ app_begin ] --START--
INFO: ReadHtmlCache Behavior ::run [ RunTime:0.002452s ]
INFO: [ app_begin ] --END-- [ RunTime:0.002995s ]
INFO: [ view_parse ] --START--
INFO: ParseTemplate Behavior ::run [ RunTime:0.081525s ]
INFO: [ view_parse ] --END-- [ RunTime:0.082020s ]
INFO: [ view_filter ] --START--
INFO: ContentReplace Behavior ::run [ RunTime:0.002710s ]
INFO: TokenBuild Behavior ::run [ RunTime:0.002963s ]
INFO: WriteHtmlCache Behavior ::run [ RunTime:0.001897s ]
INFO: ShowRuntime Behavior ::run [ RunTime:0.003500s ]
INFO: [ view_filter ] --END-- [ RunTime:0.012561s ]
INFO: [ view_end ] --START--
INFO: ShowPageTrace Behavior ::run [ RunTime:0.003349s ]
INFO: [ view_end ] --END-- [ RunTime:0.003818s ]

[ 2015-10-27T16:29:09+08:00 ] 192.168.1.109 /evc/index.php/Usr/baidu.com
INFO: [ route_check ] --START--
INFO: CheckRoute Behavior ::run [ RunTime:0.002944s ]
INFO: [ route_check ] --END-- [ RunTime:0.003653s ]
INFO: [ app_begin ] --START--
INFO: ReadHtmlCache Behavior ::run [ RunTime:0.002709s ]
INFO: [ app_begin ] --END-- [ RunTime:0.003292s ]
ERR: 非法操作:baidu.com

[ 2015-10-27T16:29:10+08:00 ] 192.168.1.109 /evc/index.php/Usr/baidu.com
INFO: [ route_check ] --START--
INFO: CheckRoute Behavior ::run [ RunTime:0.006999s ]
INFO: [ route_check ] --END-- [ RunTime:0.007701s ]
INFO: [ app_begin ] --START--
INFO: ReadHtmlCache Behavior ::run [ RunTime:0.002764s ]
INFO: [ app_begin ] --END-- [ RunTime:0.003908s ]
ERR: 非法操作:baidu.com

[ 2015-10-27T16:29:12+08:00 ] 192.168.1.109 /evc/index.php/Usr/doonoffdvc?dvcid=1&tm=&oprt=on&everyday=
INFO: [ route_check ] --START--
INFO: CheckRoute Behavior ::run [ RunTime:0.004545s ]
INFO: [ route_check ] --END-- [ RunTime:0.005212s ]
INFO: [ app_begin ] --START--
INFO: ReadHtmlCache Behavior ::run [ RunTime:0.004426s ]
INFO: [ app_begin ] --END-- [ RunTime:0.004968s ]

[ 2015-10-27T16:29:15+08:00 ] 192.168.1.109 /evc/index.php/Usr/doonoffdvc?dvcid=1&tm=&oprt=on&everyday=
INFO: [ route_check ] --START--
INFO: CheckRoute Behavior ::run [ RunTime:0.005029s ]
INFO: [ route_check ] --END-- [ RunTime:0.006030s ]
INFO: [ app_begin ] --START--
INFO: ReadHtmlCache Behavior ::run [ RunTime:0.002953s ]
INFO: [ app_begin ] --END-- [ RunTime:0.003442s ]

[ 2015-10-27T16:38:22+08:00 ] 192.168.1.109 /evc/index.php/Usr/doonoffdvc?dvcid=1&tm=&oprt=on&everyday=
INFO: [ route_check ] --START--
INFO: CheckRoute Behavior ::run [ RunTime:0.025903s ]
INFO: [ route_check ] --END-- [ RunTime:0.026646s ]
INFO: [ app_begin ] --START--
INFO: ReadHtmlCache Behavior ::run [ RunTime:0.004040s ]
INFO: [ app_begin ] --END-- [ RunTime:0.004770s ]

[ 2015-10-27T16:44:53+08:00 ] 192.168.1.109 /evc/index.php/Usr/doonoffdvc?dvcid=1&tm=&oprt=off&everyday=
INFO: [ route_check ] --START--
INFO: CheckRoute Behavior ::run [ RunTime:0.003304s ]
INFO: [ route_check ] --END-- [ RunTime:0.003940s ]
INFO: [ app_begin ] --START--
INFO: ReadHtmlCache Behavior ::run [ RunTime:0.003851s ]
INFO: [ app_begin ] --END-- [ RunTime:0.004505s ]

[ 2015-10-27T16:45:07+08:00 ] 192.168.1.109 /evc/index.php/Usr/doonoffdvc?dvcid=1&tm=&oprt=on&everyday=
INFO: [ route_check ] --START--
INFO: CheckRoute Behavior ::run [ RunTime:0.003880s ]
INFO: [ route_check ] --END-- [ RunTime:0.004442s ]
INFO: [ app_begin ] --START--
INFO: ReadHtmlCache Behavior ::run [ RunTime:0.002741s ]
INFO: [ app_begin ] --END-- [ RunTime:0.003195s ]

[ 2015-10-27T16:45:09+08:00 ] 192.168.1.109 /evc/index.php/Usr/doonoffdvc?dvcid=1&tm=&oprt=on&everyday=
INFO: [ route_check ] --START--
INFO: CheckRoute Behavior ::run [ RunTime:0.003374s ]
INFO: [ route_check ] --END-- [ RunTime:0.004062s ]
INFO: [ app_begin ] --START--
INFO: ReadHtmlCache Behavior ::run [ RunTime:0.003313s ]
INFO: [ app_begin ] --END-- [ RunTime:0.004032s ]

[ 2015-10-27T16:45:12+08:00 ] 192.168.1.109 /evc/index.php/Usr/doonoffdvc?dvcid=1&tm=&oprt=on&everyday=
INFO: [ route_check ] --START--
INFO: CheckRoute Behavior ::run [ RunTime:0.003609s ]
INFO: [ route_check ] --END-- [ RunTime:0.004407s ]
INFO: [ app_begin ] --START--
INFO: ReadHtmlCache Behavior ::run [ RunTime:0.002419s ]
INFO: [ app_begin ] --END-- [ RunTime:0.002855s ]

[ 2015-10-27T19:55:26+08:00 ] 192.168.1.109 /evc/index.php/Usr/doonoffdvc?dvcid=1&tm=&oprt=on&everyday=
INFO: [ route_check ] --START--
INFO: CheckRoute Behavior ::run [ RunTime:0.005161s ]
INFO: [ route_check ] --END-- [ RunTime:0.005658s ]
INFO: [ app_begin ] --START--
INFO: ReadHtmlCache Behavior ::run [ RunTime:0.003442s ]
INFO: [ app_begin ] --END-- [ RunTime:0.003837s ]

[ 2015-10-27T19:55:28+08:00 ] 192.168.1.109 /evc/index.php/Usr/doonoffdvc?dvcid=1&tm=&oprt=on&everyday=
INFO: [ route_check ] --START--
INFO: CheckRoute Behavior ::run [ RunTime:0.002611s ]
INFO: [ route_check ] --END-- [ RunTime:0.002963s ]
INFO: [ app_begin ] --START--
INFO: ReadHtmlCache Behavior ::run [ RunTime:0.002184s ]
INFO: [ app_begin ] --END-- [ RunTime:0.002545s ]

[ 2015-10-27T19:55:29+08:00 ] 192.168.1.109 /evc/index.php/Usr/doonoffdvc?dvcid=1&tm=&oprt=on&everyday=
INFO: [ route_check ] --START--
INFO: CheckRoute Behavior ::run [ RunTime:0.002812s ]
INFO: [ route_check ] --END-- [ RunTime:0.003301s ]
INFO: [ app_begin ] --START--
INFO: ReadHtmlCache Behavior ::run [ RunTime:0.002153s ]
INFO: [ app_begin ] --END-- [ RunTime:0.002559s ]

[ 2015-10-27T19:55:31+08:00 ] 192.168.1.109 /evc/index.php/Usr/doonoffdvc?dvcid=6&tm=&oprt=on&everyday=
INFO: [ route_check ] --START--
INFO: CheckRoute Behavior ::run [ RunTime:0.002418s ]
INFO: [ route_check ] --END-- [ RunTime:0.002876s ]
INFO: [ app_begin ] --START--
INFO: ReadHtmlCache Behavior ::run [ RunTime:0.002289s ]
INFO: [ app_begin ] --END-- [ RunTime:0.002676s ]

[ 2015-10-27T19:55:32+08:00 ] 192.168.1.109 /evc/index.php/Usr/doonoffdvc?dvcid=1&tm=&oprt=on&everyday=
INFO: [ route_check ] --START--
INFO: CheckRoute Behavior ::run [ RunTime:0.003184s ]
INFO: [ route_check ] --END-- [ RunTime:0.003759s ]
INFO: [ app_begin ] --START--
INFO: ReadHtmlCache Behavior ::run [ RunTime:0.002644s ]
INFO: [ app_begin ] --END-- [ RunTime:0.003071s ]

[ 2015-10-27T19:55:41+08:00 ] 192.168.1.109 /evc/index.php/Usr/doonoffdvc?dvcid=1&tm=&oprt=on&everyday=
INFO: [ route_check ] --START--
INFO: CheckRoute Behavior ::run [ RunTime:0.002870s ]
INFO: [ route_check ] --END-- [ RunTime:0.003364s ]
INFO: [ app_begin ] --START--
INFO: ReadHtmlCache Behavior ::run [ RunTime:0.002371s ]
INFO: [ app_begin ] --END-- [ RunTime:0.002744s ]

