[ 2015-10-13T07:02:07+08:00 ] 0.0.0.0 /evc/index.php
INFO: [ app_begin ] --START--
INFO: ReadHtmlCache Behavior ::run [ RunTime:0.001975s ]
INFO: [ app_begin ] --END-- [ RunTime:0.002406s ]
NOTIC: [8] Undefined index: lth C:\wamp\www\evc\index\Lib\Action\IndexAction.class.php 第 36 行.
INFO: [ view_parse ] --START--
INFO: ParseTemplate Behavior ::run [ RunTime:0.046371s ]
INFO: [ view_parse ] --END-- [ RunTime:0.046582s ]
INFO: [ view_filter ] --START--
INFO: ContentReplace Behavior ::run [ RunTime:0.001414s ]
INFO: TokenBuild Behavior ::run [ RunTime:0.001398s ]
INFO: WriteHtmlCache Behavior ::run [ RunTime:0.001025s ]
INFO: ShowRuntime Behavior ::run [ RunTime:0.001490s ]
INFO: [ view_filter ] --END-- [ RunTime:0.005988s ]
INFO: [ view_end ] --START--
INFO: ShowPageTrace Behavior ::run [ RunTime:0.001427s ]
INFO: [ view_end ] --END-- [ RunTime:0.001606s ]

[ 2015-10-13T07:02:08+08:00 ] 0.0.0.0 /evc/index.php/Cmn/dspdvc?ctlgtd=121.576464&ctlttd=31.224494
INFO: [ route_check ] --START--
INFO: CheckRoute Behavior ::run [ RunTime:0.001262s ]
INFO: [ route_check ] --END-- [ RunTime:0.001428s ]
INFO: [ app_begin ] --START--
INFO: ReadHtmlCache Behavior ::run [ RunTime:0.001140s ]
INFO: [ app_begin ] --END-- [ RunTime:0.001342s ]

[ 2015-10-13T07:02:10+08:00 ] 0.0.0.0 /evc/index.php/Cmn/vrfusrstat?x=usrct
INFO: [ route_check ] --START--
INFO: CheckRoute Behavior ::run [ RunTime:0.000963s ]
INFO: [ route_check ] --END-- [ RunTime:0.001121s ]
INFO: [ app_begin ] --START--
INFO: ReadHtmlCache Behavior ::run [ RunTime:0.000814s ]
INFO: [ app_begin ] --END-- [ RunTime:0.000929s ]

[ 2015-10-13T07:02:10+08:00 ] 0.0.0.0 /evc/index.php/Usr/usrct
INFO: [ route_check ] --START--
INFO: CheckRoute Behavior ::run [ RunTime:0.001892s ]
INFO: [ route_check ] --END-- [ RunTime:0.002059s ]
INFO: [ app_begin ] --START--
INFO: ReadHtmlCache Behavior ::run [ RunTime:0.000738s ]
INFO: [ app_begin ] --END-- [ RunTime:0.000911s ]
INFO: [ view_parse ] --START--
INFO: ParseTemplate Behavior ::run [ RunTime:0.019709s ]
INFO: [ view_parse ] --END-- [ RunTime:0.019881s ]
INFO: [ view_filter ] --START--
INFO: ContentReplace Behavior ::run [ RunTime:0.000646s ]
INFO: TokenBuild Behavior ::run [ RunTime:0.000599s ]
INFO: WriteHtmlCache Behavior ::run [ RunTime:0.000460s ]
INFO: ShowRuntime Behavior ::run [ RunTime:0.000679s ]
INFO: [ view_filter ] --END-- [ RunTime:0.002736s ]
INFO: [ view_end ] --START--
INFO: ShowPageTrace Behavior ::run [ RunTime:0.000781s ]
INFO: [ view_end ] --END-- [ RunTime:0.000912s ]

[ 2015-10-13T07:02:10+08:00 ] 0.0.0.0 /evc/index.php/Usr/baidu.com
INFO: [ route_check ] --START--
INFO: CheckRoute Behavior ::run [ RunTime:0.000920s ]
INFO: [ route_check ] --END-- [ RunTime:0.001080s ]
INFO: [ app_begin ] --START--
INFO: ReadHtmlCache Behavior ::run [ RunTime:0.000717s ]
INFO: [ app_begin ] --END-- [ RunTime:0.000853s ]
ERR: 非法操作:baidu.com

[ 2015-10-13T07:02:10+08:00 ] 0.0.0.0 /evc/index.php/Usr/baidu.com
INFO: [ route_check ] --START--
INFO: CheckRoute Behavior ::run [ RunTime:0.001677s ]
INFO: [ route_check ] --END-- [ RunTime:0.001901s ]
INFO: [ app_begin ] --START--
INFO: ReadHtmlCache Behavior ::run [ RunTime:0.003108s ]
INFO: [ app_begin ] --END-- [ RunTime:0.003341s ]
ERR: 非法操作:baidu.com

[ 2015-10-13T07:02:12+08:00 ] 0.0.0.0 /evc/index.php/Usr/zhxx
INFO: [ route_check ] --START--
INFO: CheckRoute Behavior ::run [ RunTime:0.001410s ]
INFO: [ route_check ] --END-- [ RunTime:0.001667s ]
INFO: [ app_begin ] --START--
INFO: ReadHtmlCache Behavior ::run [ RunTime:0.001119s ]
INFO: [ app_begin ] --END-- [ RunTime:0.001347s ]
INFO: [ view_parse ] --START--
NOTIC: [8] Undefined variable: ttl C:\wamp\www\evc\index\Runtime\Cache\d068c0ec4788bb6edf58348b75c640bc.php 第 50 行.
INFO: ParseTemplate Behavior ::run [ RunTime:0.056799s ]
INFO: [ view_parse ] --END-- [ RunTime:0.057007s ]
INFO: [ view_filter ] --START--
INFO: ContentReplace Behavior ::run [ RunTime:0.000685s ]
INFO: TokenBuild Behavior ::run [ RunTime:0.000551s ]
INFO: WriteHtmlCache Behavior ::run [ RunTime:0.000390s ]
INFO: ShowRuntime Behavior ::run [ RunTime:0.000686s ]
INFO: [ view_filter ] --END-- [ RunTime:0.002665s ]
INFO: [ view_end ] --START--
INFO: ShowPageTrace Behavior ::run [ RunTime:0.000942s ]
INFO: [ view_end ] --END-- [ RunTime:0.001125s ]

[ 2015-10-13T07:02:58+08:00 ] 0.0.0.0 /evc/index.php/Usr/zhxx
INFO: [ route_check ] --START--
INFO: CheckRoute Behavior ::run [ RunTime:0.000951s ]
INFO: [ route_check ] --END-- [ RunTime:0.001167s ]
INFO: [ app_begin ] --START--
INFO: ReadHtmlCache Behavior ::run [ RunTime:0.000717s ]
INFO: [ app_begin ] --END-- [ RunTime:0.000850s ]
INFO: [ view_parse ] --START--
NOTIC: [8] Undefined variable: ttl C:\wamp\www\evc\index\Runtime\Cache\d068c0ec4788bb6edf58348b75c640bc.php 第 50 行.
INFO: ParseTemplate Behavior ::run [ RunTime:0.011351s ]
INFO: [ view_parse ] --END-- [ RunTime:0.011615s ]
INFO: [ view_filter ] --START--
INFO: ContentReplace Behavior ::run [ RunTime:0.000838s ]
INFO: TokenBuild Behavior ::run [ RunTime:0.000807s ]
INFO: WriteHtmlCache Behavior ::run [ RunTime:0.000492s ]
INFO: ShowRuntime Behavior ::run [ RunTime:0.001004s ]
INFO: [ view_filter ] --END-- [ RunTime:0.003666s ]
INFO: [ view_end ] --START--
INFO: ShowPageTrace Behavior ::run [ RunTime:0.000831s ]
INFO: [ view_end ] --END-- [ RunTime:0.001003s ]

[ 2015-10-13T07:04:17+08:00 ] 0.0.0.0 /evc/index.php/Usr/zhxx
INFO: [ route_check ] --START--
INFO: CheckRoute Behavior ::run [ RunTime:0.001755s ]
INFO: [ route_check ] --END-- [ RunTime:0.002104s ]
INFO: [ app_begin ] --START--
INFO: ReadHtmlCache Behavior ::run [ RunTime:0.001024s ]
INFO: [ app_begin ] --END-- [ RunTime:0.001280s ]
INFO: [ view_parse ] --START--
NOTIC: [8] Undefined variable: ttl C:\wamp\www\evc\index\Runtime\Cache\d068c0ec4788bb6edf58348b75c640bc.php 第 50 行.
INFO: ParseTemplate Behavior ::run [ RunTime:0.011695s ]
INFO: [ view_parse ] --END-- [ RunTime:0.011940s ]
INFO: [ view_filter ] --START--
INFO: ContentReplace Behavior ::run [ RunTime:0.000837s ]
INFO: TokenBuild Behavior ::run [ RunTime:0.001029s ]
INFO: WriteHtmlCache Behavior ::run [ RunTime:0.000629s ]
INFO: ShowRuntime Behavior ::run [ RunTime:0.000819s ]
INFO: [ view_filter ] --END-- [ RunTime:0.003943s ]
INFO: [ view_end ] --START--
INFO: ShowPageTrace Behavior ::run [ RunTime:0.000863s ]
INFO: [ view_end ] --END-- [ RunTime:0.000998s ]

[ 2015-10-13T07:04:41+08:00 ] 0.0.0.0 /evc/index.php/Usr/zhxx
INFO: [ route_check ] --START--
INFO: CheckRoute Behavior ::run [ RunTime:0.001009s ]
INFO: [ route_check ] --END-- [ RunTime:0.001178s ]
INFO: [ app_begin ] --START--
INFO: ReadHtmlCache Behavior ::run [ RunTime:0.001363s ]
INFO: [ app_begin ] --END-- [ RunTime:0.001596s ]
INFO: [ view_parse ] --START--
NOTIC: [8] Undefined variable: ttl C:\wamp\www\evc\index\Runtime\Cache\d068c0ec4788bb6edf58348b75c640bc.php 第 50 行.
INFO: ParseTemplate Behavior ::run [ RunTime:0.010991s ]
INFO: [ view_parse ] --END-- [ RunTime:0.011218s ]
INFO: [ view_filter ] --START--
INFO: ContentReplace Behavior ::run [ RunTime:0.001090s ]
INFO: TokenBuild Behavior ::run [ RunTime:0.000656s ]
INFO: WriteHtmlCache Behavior ::run [ RunTime:0.000500s ]
INFO: ShowRuntime Behavior ::run [ RunTime:0.000806s ]
INFO: [ view_filter ] --END-- [ RunTime:0.003581s ]
INFO: [ view_end ] --START--
INFO: ShowPageTrace Behavior ::run [ RunTime:0.001148s ]
INFO: [ view_end ] --END-- [ RunTime:0.001361s ]

[ 2015-10-13T18:51:02+08:00 ] 0.0.0.0 /evc/index.php/Usr/zhxx
INFO: [ route_check ] --START--
INFO: CheckRoute Behavior ::run [ RunTime:0.044935s ]
INFO: [ route_check ] --END-- [ RunTime:0.045259s ]
INFO: [ app_begin ] --START--
INFO: ReadHtmlCache Behavior ::run [ RunTime:0.003038s ]
INFO: [ app_begin ] --END-- [ RunTime:0.003358s ]
INFO: [ view_parse ] --START--
NOTIC: [8] Undefined variable: ttl C:\wamp\www\evc\index\Runtime\Cache\d068c0ec4788bb6edf58348b75c640bc.php 第 50 行.
INFO: ParseTemplate Behavior ::run [ RunTime:0.087685s ]
INFO: [ view_parse ] --END-- [ RunTime:0.088063s ]
INFO: [ view_filter ] --START--
INFO: ContentReplace Behavior ::run [ RunTime:0.035776s ]
INFO: TokenBuild Behavior ::run [ RunTime:0.007665s ]
INFO: WriteHtmlCache Behavior ::run [ RunTime:0.003703s ]
INFO: ShowRuntime Behavior ::run [ RunTime:0.005844s ]
INFO: [ view_filter ] --END-- [ RunTime:0.054671s ]
INFO: [ view_end ] --START--
INFO: ShowPageTrace Behavior ::run [ RunTime:0.003744s ]
INFO: [ view_end ] --END-- [ RunTime:0.004254s ]

[ 2015-10-13T18:57:12+08:00 ] 0.0.0.0 /evc/index.php/Usr/zhxx
INFO: [ route_check ] --START--
INFO: CheckRoute Behavior ::run [ RunTime:0.008243s ]
INFO: [ route_check ] --END-- [ RunTime:0.008999s ]
INFO: [ app_begin ] --START--
INFO: ReadHtmlCache Behavior ::run [ RunTime:0.003945s ]
INFO: [ app_begin ] --END-- [ RunTime:0.004476s ]
INFO: [ view_parse ] --START--
NOTIC: [8] Undefined variable: ttl C:\wamp\www\evc\index\Runtime\Cache\d068c0ec4788bb6edf58348b75c640bc.php 第 50 行.
INFO: ParseTemplate Behavior ::run [ RunTime:0.050852s ]
INFO: [ view_parse ] --END-- [ RunTime:0.051391s ]
INFO: [ view_filter ] --START--
INFO: ContentReplace Behavior ::run [ RunTime:0.004428s ]
INFO: TokenBuild Behavior ::run [ RunTime:0.002931s ]
INFO: WriteHtmlCache Behavior ::run [ RunTime:0.002372s ]
INFO: ShowRuntime Behavior ::run [ RunTime:0.003459s ]
INFO: [ view_filter ] --END-- [ RunTime:0.014759s ]
INFO: [ view_end ] --START--
INFO: ShowPageTrace Behavior ::run [ RunTime:0.004348s ]
INFO: [ view_end ] --END-- [ RunTime:0.004755s ]

[ 2015-10-13T18:57:42+08:00 ] 0.0.0.0 /evc/index.php/Usr/zhxx
INFO: [ route_check ] --START--
INFO: CheckRoute Behavior ::run [ RunTime:0.003228s ]
INFO: [ route_check ] --END-- [ RunTime:0.003711s ]
INFO: [ app_begin ] --START--
INFO: ReadHtmlCache Behavior ::run [ RunTime:0.002515s ]
INFO: [ app_begin ] --END-- [ RunTime:0.002958s ]
INFO: [ view_parse ] --START--
NOTIC: [8] Undefined variable: ttl C:\wamp\www\evc\index\Runtime\Cache\d068c0ec4788bb6edf58348b75c640bc.php 第 50 行.
INFO: ParseTemplate Behavior ::run [ RunTime:0.034287s ]
INFO: [ view_parse ] --END-- [ RunTime:0.034761s ]
INFO: [ view_filter ] --START--
INFO: ContentReplace Behavior ::run [ RunTime:0.003136s ]
INFO: TokenBuild Behavior ::run [ RunTime:0.002612s ]
INFO: WriteHtmlCache Behavior ::run [ RunTime:0.001488s ]
INFO: ShowRuntime Behavior ::run [ RunTime:0.003179s ]
INFO: [ view_filter ] --END-- [ RunTime:0.011939s ]
INFO: [ view_end ] --START--
INFO: ShowPageTrace Behavior ::run [ RunTime:0.005861s ]
INFO: [ view_end ] --END-- [ RunTime:0.006452s ]

[ 2015-10-13T18:59:11+08:00 ] 0.0.0.0 /evc/index.php/Usr/zhxx
INFO: [ route_check ] --START--
INFO: CheckRoute Behavior ::run [ RunTime:0.002452s ]
INFO: [ route_check ] --END-- [ RunTime:0.002774s ]
INFO: [ app_begin ] --START--
INFO: ReadHtmlCache Behavior ::run [ RunTime:0.002815s ]
INFO: [ app_begin ] --END-- [ RunTime:0.003287s ]
INFO: [ view_parse ] --START--
NOTIC: [8] Undefined variable: ttl C:\wamp\www\evc\index\Runtime\Cache\d068c0ec4788bb6edf58348b75c640bc.php 第 50 行.
INFO: ParseTemplate Behavior ::run [ RunTime:0.028088s ]
INFO: [ view_parse ] --END-- [ RunTime:0.028399s ]
INFO: [ view_filter ] --START--
INFO: ContentReplace Behavior ::run [ RunTime:0.002010s ]
INFO: TokenBuild Behavior ::run [ RunTime:0.002513s ]
INFO: WriteHtmlCache Behavior ::run [ RunTime:0.001394s ]
INFO: ShowRuntime Behavior ::run [ RunTime:0.001721s ]
INFO: [ view_filter ] --END-- [ RunTime:0.008680s ]
INFO: [ view_end ] --START--
INFO: ShowPageTrace Behavior ::run [ RunTime:0.002396s ]
INFO: [ view_end ] --END-- [ RunTime:0.002735s ]

[ 2015-10-13T19:01:29+08:00 ] 0.0.0.0 /evc/index.php/Usr/zhxx
INFO: [ route_check ] --START--
INFO: CheckRoute Behavior ::run [ RunTime:0.004262s ]
INFO: [ route_check ] --END-- [ RunTime:0.004718s ]
INFO: [ app_begin ] --START--
INFO: ReadHtmlCache Behavior ::run [ RunTime:0.003796s ]
INFO: [ app_begin ] --END-- [ RunTime:0.004443s ]
INFO: [ view_parse ] --START--
NOTIC: [8] Undefined variable: ttl C:\wamp\www\evc\index\Runtime\Cache\d068c0ec4788bb6edf58348b75c640bc.php 第 50 行.
INFO: ParseTemplate Behavior ::run [ RunTime:0.030332s ]
INFO: [ view_parse ] --END-- [ RunTime:0.030803s ]
INFO: [ view_filter ] --START--
INFO: ContentReplace Behavior ::run [ RunTime:0.001989s ]
INFO: TokenBuild Behavior ::run [ RunTime:0.001984s ]
INFO: WriteHtmlCache Behavior ::run [ RunTime:0.001330s ]
INFO: ShowRuntime Behavior ::run [ RunTime:0.002258s ]
INFO: [ view_filter ] --END-- [ RunTime:0.008577s ]
INFO: [ view_end ] --START--
INFO: ShowPageTrace Behavior ::run [ RunTime:0.002388s ]
INFO: [ view_end ] --END-- [ RunTime:0.002823s ]

[ 2015-10-13T19:01:33+08:00 ] 0.0.0.0 /evc/index.php/Usr/chongzhi
INFO: [ route_check ] --START--
INFO: CheckRoute Behavior ::run [ RunTime:0.003320s ]
INFO: [ route_check ] --END-- [ RunTime:0.004087s ]
INFO: [ app_begin ] --START--
INFO: ReadHtmlCache Behavior ::run [ RunTime:0.002258s ]
INFO: [ app_begin ] --END-- [ RunTime:0.003550s ]
INFO: [ view_parse ] --START--
INFO: ParseTemplate Behavior ::run [ RunTime:0.077157s ]
INFO: [ view_parse ] --END-- [ RunTime:0.077574s ]
INFO: [ view_filter ] --START--
INFO: ContentReplace Behavior ::run [ RunTime:0.001263s ]
INFO: TokenBuild Behavior ::run [ RunTime:0.001440s ]
INFO: WriteHtmlCache Behavior ::run [ RunTime:0.001027s ]
INFO: ShowRuntime Behavior ::run [ RunTime:0.001741s ]
INFO: [ view_filter ] --END-- [ RunTime:0.006403s ]
INFO: [ view_end ] --START--
INFO: ShowPageTrace Behavior ::run [ RunTime:0.001865s ]
INFO: [ view_end ] --END-- [ RunTime:0.002210s ]

[ 2015-10-13T19:01:38+08:00 ] 0.0.0.0 /evc/index.php/Usr/hstr_odr
INFO: [ route_check ] --START--
INFO: CheckRoute Behavior ::run [ RunTime:0.003043s ]
INFO: [ route_check ] --END-- [ RunTime:0.003675s ]
INFO: [ app_begin ] --START--
INFO: ReadHtmlCache Behavior ::run [ RunTime:0.005027s ]
INFO: [ app_begin ] --END-- [ RunTime:0.005498s ]
INFO: [ view_parse ] --START--
INFO: ParseTemplate Behavior ::run [ RunTime:0.087684s ]
INFO: [ view_parse ] --END-- [ RunTime:0.088110s ]
INFO: [ view_filter ] --START--
INFO: ContentReplace Behavior ::run [ RunTime:0.002323s ]
INFO: TokenBuild Behavior ::run [ RunTime:0.002354s ]
INFO: WriteHtmlCache Behavior ::run [ RunTime:0.001519s ]
INFO: ShowRuntime Behavior ::run [ RunTime:0.001799s ]
INFO: [ view_filter ] --END-- [ RunTime:0.009268s ]
INFO: [ view_end ] --START--
INFO: ShowPageTrace Behavior ::run [ RunTime:0.002426s ]
INFO: [ view_end ] --END-- [ RunTime:0.002825s ]

[ 2015-10-13T19:02:57+08:00 ] 0.0.0.0 /evc/index.php/Usr/zhxx
INFO: [ route_check ] --START--
INFO: CheckRoute Behavior ::run [ RunTime:0.003441s ]
INFO: [ route_check ] --END-- [ RunTime:0.003867s ]
INFO: [ app_begin ] --START--
INFO: ReadHtmlCache Behavior ::run [ RunTime:0.002610s ]
INFO: [ app_begin ] --END-- [ RunTime:0.002912s ]
INFO: [ view_parse ] --START--
NOTIC: [8] Undefined variable: ttl C:\wamp\www\evc\index\Runtime\Cache\d068c0ec4788bb6edf58348b75c640bc.php 第 50 行.
INFO: ParseTemplate Behavior ::run [ RunTime:0.023819s ]
INFO: [ view_parse ] --END-- [ RunTime:0.024185s ]
INFO: [ view_filter ] --START--
INFO: ContentReplace Behavior ::run [ RunTime:0.002351s ]
INFO: TokenBuild Behavior ::run [ RunTime:0.002098s ]
INFO: WriteHtmlCache Behavior ::run [ RunTime:0.001539s ]
INFO: ShowRuntime Behavior ::run [ RunTime:0.001733s ]
INFO: [ view_filter ] --END-- [ RunTime:0.008684s ]
INFO: [ view_end ] --START--
INFO: ShowPageTrace Behavior ::run [ RunTime:0.001839s ]
INFO: [ view_end ] --END-- [ RunTime:0.002319s ]

[ 2015-10-13T19:03:01+08:00 ] 0.0.0.0 /evc/index.php/Usr/hstr_odr
INFO: [ route_check ] --START--
INFO: CheckRoute Behavior ::run [ RunTime:0.004519s ]
INFO: [ route_check ] --END-- [ RunTime:0.004992s ]
INFO: [ app_begin ] --START--
INFO: ReadHtmlCache Behavior ::run [ RunTime:0.002208s ]
INFO: [ app_begin ] --END-- [ RunTime:0.002593s ]
INFO: [ view_parse ] --START--
INFO: ParseTemplate Behavior ::run [ RunTime:0.065478s ]
INFO: [ view_parse ] --END-- [ RunTime:0.066032s ]
INFO: [ view_filter ] --START--
INFO: ContentReplace Behavior ::run [ RunTime:0.002990s ]
INFO: TokenBuild Behavior ::run [ RunTime:0.004987s ]
INFO: WriteHtmlCache Behavior ::run [ RunTime:0.001668s ]
INFO: ShowRuntime Behavior ::run [ RunTime:0.002734s ]
INFO: [ view_filter ] --END-- [ RunTime:0.014107s ]
INFO: [ view_end ] --START--
INFO: ShowPageTrace Behavior ::run [ RunTime:0.002620s ]
INFO: [ view_end ] --END-- [ RunTime:0.003048s ]

[ 2015-10-13T19:03:37+08:00 ] 0.0.0.0 /evc/index.php/Usr/hstr_odr
INFO: [ route_check ] --START--
INFO: CheckRoute Behavior ::run [ RunTime:0.004331s ]
INFO: [ route_check ] --END-- [ RunTime:0.004902s ]
INFO: [ app_begin ] --START--
INFO: ReadHtmlCache Behavior ::run [ RunTime:0.002354s ]
INFO: [ app_begin ] --END-- [ RunTime:0.002717s ]
INFO: [ view_parse ] --START--
INFO: ParseTemplate Behavior ::run [ RunTime:0.052684s ]
INFO: [ view_parse ] --END-- [ RunTime:0.053266s ]
INFO: [ view_filter ] --START--
INFO: ContentReplace Behavior ::run [ RunTime:0.002771s ]
INFO: TokenBuild Behavior ::run [ RunTime:0.002746s ]
INFO: WriteHtmlCache Behavior ::run [ RunTime:0.001713s ]
INFO: ShowRuntime Behavior ::run [ RunTime:0.006006s ]
INFO: [ view_filter ] --END-- [ RunTime:0.014448s ]
INFO: [ view_end ] --START--
INFO: ShowPageTrace Behavior ::run [ RunTime:0.004558s ]
INFO: [ view_end ] --END-- [ RunTime:0.005147s ]

[ 2015-10-13T19:03:57+08:00 ] 0.0.0.0 /evc/index.php/Usr/hstr_odr
INFO: [ route_check ] --START--
INFO: CheckRoute Behavior ::run [ RunTime:0.002834s ]
INFO: [ route_check ] --END-- [ RunTime:0.003447s ]
INFO: [ app_begin ] --START--
INFO: ReadHtmlCache Behavior ::run [ RunTime:0.002937s ]
INFO: [ app_begin ] --END-- [ RunTime:0.003594s ]
INFO: [ view_parse ] --START--
INFO: ParseTemplate Behavior ::run [ RunTime:0.057123s ]
INFO: [ view_parse ] --END-- [ RunTime:0.057917s ]
INFO: [ view_filter ] --START--
INFO: ContentReplace Behavior ::run [ RunTime:0.002451s ]
INFO: TokenBuild Behavior ::run [ RunTime:0.001783s ]
INFO: WriteHtmlCache Behavior ::run [ RunTime:0.001381s ]
INFO: ShowRuntime Behavior ::run [ RunTime:0.002508s ]
INFO: [ view_filter ] --END-- [ RunTime:0.009605s ]
INFO: [ view_end ] --START--
INFO: ShowPageTrace Behavior ::run [ RunTime:0.002300s ]
INFO: [ view_end ] --END-- [ RunTime:0.002726s ]

[ 2015-10-13T19:05:16+08:00 ] 0.0.0.0 /evc/index.php/Usr/hstr_odr
INFO: [ route_check ] --START--
INFO: CheckRoute Behavior ::run [ RunTime:0.004315s ]
INFO: [ route_check ] --END-- [ RunTime:0.005072s ]
INFO: [ app_begin ] --START--
INFO: ReadHtmlCache Behavior ::run [ RunTime:0.003117s ]
INFO: [ app_begin ] --END-- [ RunTime:0.004094s ]
INFO: [ view_parse ] --START--
INFO: ParseTemplate Behavior ::run [ RunTime:0.041553s ]
INFO: [ view_parse ] --END-- [ RunTime:0.042133s ]
INFO: [ view_filter ] --START--
INFO: ContentReplace Behavior ::run [ RunTime:0.002138s ]
INFO: TokenBuild Behavior ::run [ RunTime:0.001771s ]
INFO: WriteHtmlCache Behavior ::run [ RunTime:0.001331s ]
INFO: ShowRuntime Behavior ::run [ RunTime:0.002154s ]
INFO: [ view_filter ] --END-- [ RunTime:0.008607s ]
INFO: [ view_end ] --START--
INFO: ShowPageTrace Behavior ::run [ RunTime:0.002817s ]
INFO: [ view_end ] --END-- [ RunTime:0.003234s ]

[ 2015-10-13T19:05:22+08:00 ] 0.0.0.0 /evc/index.php/Usr/doupld_odr?nwpg=0
INFO: [ route_check ] --START--
INFO: CheckRoute Behavior ::run [ RunTime:0.002775s ]
INFO: [ route_check ] --END-- [ RunTime:0.003075s ]
INFO: [ app_begin ] --START--
INFO: ReadHtmlCache Behavior ::run [ RunTime:0.002523s ]
INFO: [ app_begin ] --END-- [ RunTime:0.002857s ]

[ 2015-10-13T19:05:23+08:00 ] 0.0.0.0 /evc/index.php/Usr/doupld_odr?nwpg=1
INFO: [ route_check ] --START--
INFO: CheckRoute Behavior ::run [ RunTime:0.001763s ]
INFO: [ route_check ] --END-- [ RunTime:0.002037s ]
INFO: [ app_begin ] --START--
INFO: ReadHtmlCache Behavior ::run [ RunTime:0.001431s ]
INFO: [ app_begin ] --END-- [ RunTime:0.001647s ]

[ 2015-10-13T19:05:54+08:00 ] 0.0.0.0 /evc/index.php/Usr/hstr_odr
INFO: [ route_check ] --START--
INFO: CheckRoute Behavior ::run [ RunTime:0.003930s ]
INFO: [ route_check ] --END-- [ RunTime:0.004305s ]
INFO: [ app_begin ] --START--
INFO: ReadHtmlCache Behavior ::run [ RunTime:0.002006s ]
INFO: [ app_begin ] --END-- [ RunTime:0.002285s ]
INFO: [ view_parse ] --START--
INFO: ParseTemplate Behavior ::run [ RunTime:0.040581s ]
INFO: [ view_parse ] --END-- [ RunTime:0.040988s ]
INFO: [ view_filter ] --START--
INFO: ContentReplace Behavior ::run [ RunTime:0.002257s ]
INFO: TokenBuild Behavior ::run [ RunTime:0.001675s ]
INFO: WriteHtmlCache Behavior ::run [ RunTime:0.002584s ]
INFO: ShowRuntime Behavior ::run [ RunTime:0.002817s ]
INFO: [ view_filter ] --END-- [ RunTime:0.010382s ]
INFO: [ view_end ] --START--
INFO: ShowPageTrace Behavior ::run [ RunTime:0.002931s ]
INFO: [ view_end ] --END-- [ RunTime:0.003370s ]

[ 2015-10-13T19:06:01+08:00 ] 0.0.0.0 /evc/index.php/Usr/doupld_odr?nwpg=0
INFO: [ route_check ] --START--
INFO: CheckRoute Behavior ::run [ RunTime:0.004593s ]
INFO: [ route_check ] --END-- [ RunTime:0.005048s ]
INFO: [ app_begin ] --START--
INFO: ReadHtmlCache Behavior ::run [ RunTime:0.002836s ]
INFO: [ app_begin ] --END-- [ RunTime:0.003267s ]

[ 2015-10-13T19:07:09+08:00 ] 0.0.0.0 /evc/index.php/Usr/hstr_pay
INFO: [ route_check ] --START--
INFO: CheckRoute Behavior ::run [ RunTime:0.002857s ]
INFO: [ route_check ] --END-- [ RunTime:0.003303s ]
INFO: [ app_begin ] --START--
INFO: ReadHtmlCache Behavior ::run [ RunTime:0.003874s ]
INFO: [ app_begin ] --END-- [ RunTime:0.004272s ]
INFO: [ view_parse ] --START--
INFO: ParseTemplate Behavior ::run [ RunTime:0.041566s ]
INFO: [ view_parse ] --END-- [ RunTime:0.041894s ]
INFO: [ view_filter ] --START--
INFO: ContentReplace Behavior ::run [ RunTime:0.001400s ]
INFO: TokenBuild Behavior ::run [ RunTime:0.001598s ]
INFO: WriteHtmlCache Behavior ::run [ RunTime:0.001470s ]
INFO: ShowRuntime Behavior ::run [ RunTime:0.002854s ]
INFO: [ view_filter ] --END-- [ RunTime:0.008749s ]
INFO: [ view_end ] --START--
INFO: ShowPageTrace Behavior ::run [ RunTime:0.002466s ]
INFO: [ view_end ] --END-- [ RunTime:0.002972s ]

[ 2015-10-13T19:07:14+08:00 ] 0.0.0.0 /evc/index.php/Usr/doupld_pay?nwpg=0
INFO: [ route_check ] --START--
INFO: CheckRoute Behavior ::run [ RunTime:0.003054s ]
INFO: [ route_check ] --END-- [ RunTime:0.003828s ]
INFO: [ app_begin ] --START--
INFO: ReadHtmlCache Behavior ::run [ RunTime:0.002574s ]
INFO: [ app_begin ] --END-- [ RunTime:0.003020s ]

[ 2015-10-13T19:07:19+08:00 ] 0.0.0.0 /evc/index.php/Usr/dodnfrsh_pay?nwpg=1
INFO: [ route_check ] --START--
INFO: CheckRoute Behavior ::run [ RunTime:0.003079s ]
INFO: [ route_check ] --END-- [ RunTime:0.003722s ]
INFO: [ app_begin ] --START--
INFO: ReadHtmlCache Behavior ::run [ RunTime:0.003281s ]
INFO: [ app_begin ] --END-- [ RunTime:0.003728s ]

[ 2015-10-13T19:08:45+08:00 ] 0.0.0.0 /evc/index.php/Usr/hstr_pay
INFO: [ route_check ] --START--
INFO: CheckRoute Behavior ::run [ RunTime:0.004626s ]
INFO: [ route_check ] --END-- [ RunTime:0.004993s ]
INFO: [ app_begin ] --START--
INFO: ReadHtmlCache Behavior ::run [ RunTime:0.002139s ]
INFO: [ app_begin ] --END-- [ RunTime:0.002564s ]
INFO: [ view_parse ] --START--
INFO: ParseTemplate Behavior ::run [ RunTime:0.040385s ]
INFO: [ view_parse ] --END-- [ RunTime:0.041024s ]
INFO: [ view_filter ] --START--
INFO: ContentReplace Behavior ::run [ RunTime:0.002156s ]
INFO: TokenBuild Behavior ::run [ RunTime:0.004184s ]
INFO: WriteHtmlCache Behavior ::run [ RunTime:0.001674s ]
INFO: ShowRuntime Behavior ::run [ RunTime:0.002467s ]
INFO: [ view_filter ] --END-- [ RunTime:0.011656s ]
INFO: [ view_end ] --START--
INFO: ShowPageTrace Behavior ::run [ RunTime:0.003005s ]
INFO: [ view_end ] --END-- [ RunTime:0.003422s ]

[ 2015-10-13T19:09:00+08:00 ] 0.0.0.0 /evc/index.php/Usr/doupld_pay?nwpg=0
INFO: [ route_check ] --START--
INFO: CheckRoute Behavior ::run [ RunTime:0.001798s ]
INFO: [ route_check ] --END-- [ RunTime:0.002075s ]
INFO: [ app_begin ] --START--
INFO: ReadHtmlCache Behavior ::run [ RunTime:0.001520s ]
INFO: [ app_begin ] --END-- [ RunTime:0.001779s ]

[ 2015-10-13T19:10:36+08:00 ] 0.0.0.0 /evc/index.php/Usr/zhxx
INFO: [ route_check ] --START--
INFO: CheckRoute Behavior ::run [ RunTime:0.003216s ]
INFO: [ route_check ] --END-- [ RunTime:0.003625s ]
INFO: [ app_begin ] --START--
INFO: ReadHtmlCache Behavior ::run [ RunTime:0.006719s ]
INFO: [ app_begin ] --END-- [ RunTime:0.007058s ]
INFO: [ view_parse ] --START--
INFO: ParseTemplate Behavior ::run [ RunTime:0.034043s ]
INFO: [ view_parse ] --END-- [ RunTime:0.034391s ]
INFO: [ view_filter ] --START--
INFO: ContentReplace Behavior ::run [ RunTime:0.001665s ]
INFO: TokenBuild Behavior ::run [ RunTime:0.001803s ]
INFO: WriteHtmlCache Behavior ::run [ RunTime:0.001031s ]
INFO: ShowRuntime Behavior ::run [ RunTime:0.001583s ]
INFO: [ view_filter ] --END-- [ RunTime:0.008879s ]
INFO: [ view_end ] --START--
INFO: ShowPageTrace Behavior ::run [ RunTime:0.001889s ]
INFO: [ view_end ] --END-- [ RunTime:0.002144s ]

[ 2015-10-13T19:12:17+08:00 ] 0.0.0.0 /evc/index.php/Usr/zhxx
INFO: [ route_check ] --START--
INFO: CheckRoute Behavior ::run [ RunTime:0.005033s ]
INFO: [ route_check ] --END-- [ RunTime:0.005571s ]
INFO: [ app_begin ] --START--
INFO: ReadHtmlCache Behavior ::run [ RunTime:0.002718s ]
INFO: [ app_begin ] --END-- [ RunTime:0.003221s ]
INFO: [ view_parse ] --START--
INFO: ParseTemplate Behavior ::run [ RunTime:0.028658s ]
INFO: [ view_parse ] --END-- [ RunTime:0.029040s ]
INFO: [ view_filter ] --START--
INFO: ContentReplace Behavior ::run [ RunTime:0.002842s ]
INFO: TokenBuild Behavior ::run [ RunTime:0.004338s ]
INFO: WriteHtmlCache Behavior ::run [ RunTime:0.001937s ]
INFO: ShowRuntime Behavior ::run [ RunTime:0.002539s ]
INFO: [ view_filter ] --END-- [ RunTime:0.013156s ]
INFO: [ view_end ] --START--
INFO: ShowPageTrace Behavior ::run [ RunTime:0.002662s ]
INFO: [ view_end ] --END-- [ RunTime:0.003083s ]

[ 2015-10-13T19:12:56+08:00 ] 0.0.0.0 /evc/index.php/Usr/zhxx
INFO: [ route_check ] --START--
INFO: CheckRoute Behavior ::run [ RunTime:0.002805s ]
INFO: [ route_check ] --END-- [ RunTime:0.003341s ]
INFO: [ app_begin ] --START--
INFO: ReadHtmlCache Behavior ::run [ RunTime:0.002603s ]
INFO: [ app_begin ] --END-- [ RunTime:0.003048s ]
INFO: [ view_parse ] --START--
INFO: ParseTemplate Behavior ::run [ RunTime:0.040502s ]
INFO: [ view_parse ] --END-- [ RunTime:0.041070s ]
INFO: [ view_filter ] --START--
INFO: ContentReplace Behavior ::run [ RunTime:0.001939s ]
INFO: TokenBuild Behavior ::run [ RunTime:0.001864s ]
INFO: WriteHtmlCache Behavior ::run [ RunTime:0.001260s ]
INFO: ShowRuntime Behavior ::run [ RunTime:0.002301s ]
INFO: [ view_filter ] --END-- [ RunTime:0.008723s ]
INFO: [ view_end ] --START--
INFO: ShowPageTrace Behavior ::run [ RunTime:0.003051s ]
INFO: [ view_end ] --END-- [ RunTime:0.003615s ]

[ 2015-10-13T19:13:23+08:00 ] 0.0.0.0 /evc/index.php/Usr/zhxx
INFO: [ route_check ] --START--
INFO: CheckRoute Behavior ::run [ RunTime:0.006013s ]
INFO: [ route_check ] --END-- [ RunTime:0.006897s ]
INFO: [ app_begin ] --START--
INFO: ReadHtmlCache Behavior ::run [ RunTime:0.003151s ]
INFO: [ app_begin ] --END-- [ RunTime:0.003739s ]
INFO: [ view_parse ] --START--
INFO: ParseTemplate Behavior ::run [ RunTime:0.031225s ]
INFO: [ view_parse ] --END-- [ RunTime:0.031712s ]
INFO: [ view_filter ] --START--
INFO: ContentReplace Behavior ::run [ RunTime:0.002132s ]
INFO: TokenBuild Behavior ::run [ RunTime:0.002555s ]
INFO: WriteHtmlCache Behavior ::run [ RunTime:0.001991s ]
INFO: ShowRuntime Behavior ::run [ RunTime:0.001921s ]
INFO: [ view_filter ] --END-- [ RunTime:0.009640s ]
INFO: [ view_end ] --START--
INFO: ShowPageTrace Behavior ::run [ RunTime:0.001889s ]
INFO: [ view_end ] --END-- [ RunTime:0.002217s ]

[ 2015-10-13T19:13:25+08:00 ] 0.0.0.0 /evc/index.php/Usr/zhxx
INFO: [ route_check ] --START--
INFO: CheckRoute Behavior ::run [ RunTime:0.003709s ]
INFO: [ route_check ] --END-- [ RunTime:0.004203s ]
INFO: [ app_begin ] --START--
INFO: ReadHtmlCache Behavior ::run [ RunTime:0.002509s ]
INFO: [ app_begin ] --END-- [ RunTime:0.002935s ]
INFO: [ view_parse ] --START--
INFO: ParseTemplate Behavior ::run [ RunTime:0.032550s ]
INFO: [ view_parse ] --END-- [ RunTime:0.033279s ]
INFO: [ view_filter ] --START--
INFO: ContentReplace Behavior ::run [ RunTime:0.001837s ]
INFO: TokenBuild Behavior ::run [ RunTime:0.001815s ]
INFO: WriteHtmlCache Behavior ::run [ RunTime:0.001260s ]
INFO: ShowRuntime Behavior ::run [ RunTime:0.002272s ]
INFO: [ view_filter ] --END-- [ RunTime:0.008554s ]
INFO: [ view_end ] --START--
INFO: ShowPageTrace Behavior ::run [ RunTime:0.002768s ]
INFO: [ view_end ] --END-- [ RunTime:0.003269s ]

[ 2015-10-13T19:13:38+08:00 ] 0.0.0.0 /evc/index.php/Usr/zhxx
INFO: [ route_check ] --START--
INFO: CheckRoute Behavior ::run [ RunTime:0.002802s ]
INFO: [ route_check ] --END-- [ RunTime:0.004067s ]
INFO: [ app_begin ] --START--
INFO: ReadHtmlCache Behavior ::run [ RunTime:0.002485s ]
INFO: [ app_begin ] --END-- [ RunTime:0.002863s ]
INFO: [ view_parse ] --START--
INFO: ParseTemplate Behavior ::run [ RunTime:0.042005s ]
INFO: [ view_parse ] --END-- [ RunTime:0.042585s ]
INFO: [ view_filter ] --START--
INFO: ContentReplace Behavior ::run [ RunTime:0.001899s ]
INFO: TokenBuild Behavior ::run [ RunTime:0.001997s ]
INFO: WriteHtmlCache Behavior ::run [ RunTime:0.003132s ]
INFO: ShowRuntime Behavior ::run [ RunTime:0.002576s ]
INFO: [ view_filter ] --END-- [ RunTime:0.010788s ]
INFO: [ view_end ] --START--
INFO: ShowPageTrace Behavior ::run [ RunTime:0.002555s ]
INFO: [ view_end ] --END-- [ RunTime:0.002973s ]

[ 2015-10-13T19:14:54+08:00 ] 0.0.0.0 /evc/index.php/Usr/zhxx
INFO: [ route_check ] --START--
INFO: CheckRoute Behavior ::run [ RunTime:0.003308s ]
INFO: [ route_check ] --END-- [ RunTime:0.003856s ]
INFO: [ app_begin ] --START--
INFO: ReadHtmlCache Behavior ::run [ RunTime:0.002497s ]
INFO: [ app_begin ] --END-- [ RunTime:0.003330s ]
INFO: [ view_parse ] --START--
INFO: ParseTemplate Behavior ::run [ RunTime:0.027008s ]
INFO: [ view_parse ] --END-- [ RunTime:0.027510s ]
INFO: [ view_filter ] --START--
INFO: ContentReplace Behavior ::run [ RunTime:0.001595s ]
INFO: TokenBuild Behavior ::run [ RunTime:0.001976s ]
INFO: WriteHtmlCache Behavior ::run [ RunTime:0.001047s ]
INFO: ShowRuntime Behavior ::run [ RunTime:0.001504s ]
INFO: [ view_filter ] --END-- [ RunTime:0.007053s ]
INFO: [ view_end ] --START--
INFO: ShowPageTrace Behavior ::run [ RunTime:0.001856s ]
INFO: [ view_end ] --END-- [ RunTime:0.002624s ]

[ 2015-10-13T19:17:06+08:00 ] 0.0.0.0 /evc/index.php/Usr/zhxx
INFO: [ route_check ] --START--
INFO: CheckRoute Behavior ::run [ RunTime:0.003824s ]
INFO: [ route_check ] --END-- [ RunTime:0.004153s ]
INFO: [ app_begin ] --START--
INFO: ReadHtmlCache Behavior ::run [ RunTime:0.001688s ]
INFO: [ app_begin ] --END-- [ RunTime:0.001949s ]
INFO: [ view_parse ] --START--
INFO: ParseTemplate Behavior ::run [ RunTime:0.038318s ]
INFO: [ view_parse ] --END-- [ RunTime:0.038686s ]
INFO: [ view_filter ] --START--
INFO: ContentReplace Behavior ::run [ RunTime:0.001649s ]
INFO: TokenBuild Behavior ::run [ RunTime:0.001566s ]
INFO: WriteHtmlCache Behavior ::run [ RunTime:0.001314s ]
INFO: ShowRuntime Behavior ::run [ RunTime:0.002229s ]
INFO: [ view_filter ] --END-- [ RunTime:0.007578s ]
INFO: [ view_end ] --START--
INFO: ShowPageTrace Behavior ::run [ RunTime:0.001982s ]
INFO: [ view_end ] --END-- [ RunTime:0.002250s ]

[ 2015-10-13T19:18:29+08:00 ] 0.0.0.0 /evc/index.php/Usr/zhxx
INFO: [ route_check ] --START--
INFO: CheckRoute Behavior ::run [ RunTime:0.002001s ]
INFO: [ route_check ] --END-- [ RunTime:0.002401s ]
INFO: [ app_begin ] --START--
INFO: ReadHtmlCache Behavior ::run [ RunTime:0.001673s ]
INFO: [ app_begin ] --END-- [ RunTime:0.001957s ]
INFO: [ view_parse ] --START--
INFO: ParseTemplate Behavior ::run [ RunTime:0.032930s ]
INFO: [ view_parse ] --END-- [ RunTime:0.033429s ]
INFO: [ view_filter ] --START--
INFO: ContentReplace Behavior ::run [ RunTime:0.001576s ]
INFO: TokenBuild Behavior ::run [ RunTime:0.001854s ]
INFO: WriteHtmlCache Behavior ::run [ RunTime:0.001376s ]
INFO: ShowRuntime Behavior ::run [ RunTime:0.002688s ]
INFO: [ view_filter ] --END-- [ RunTime:0.008622s ]
INFO: [ view_end ] --START--
INFO: ShowPageTrace Behavior ::run [ RunTime:0.002358s ]
INFO: [ view_end ] --END-- [ RunTime:0.002862s ]

[ 2015-10-13T19:18:31+08:00 ] 0.0.0.0 /evc/index.php/Usr/zhxx
INFO: [ route_check ] --START--
INFO: CheckRoute Behavior ::run [ RunTime:0.002820s ]
INFO: [ route_check ] --END-- [ RunTime:0.003326s ]
INFO: [ app_begin ] --START--
INFO: ReadHtmlCache Behavior ::run [ RunTime:0.003760s ]
INFO: [ app_begin ] --END-- [ RunTime:0.004427s ]
INFO: [ view_parse ] --START--
INFO: ParseTemplate Behavior ::run [ RunTime:0.031650s ]
INFO: [ view_parse ] --END-- [ RunTime:0.032193s ]
INFO: [ view_filter ] --START--
INFO: ContentReplace Behavior ::run [ RunTime:0.001871s ]
INFO: TokenBuild Behavior ::run [ RunTime:0.001872s ]
INFO: WriteHtmlCache Behavior ::run [ RunTime:0.001485s ]
INFO: ShowRuntime Behavior ::run [ RunTime:0.002384s ]
INFO: [ view_filter ] --END-- [ RunTime:0.008884s ]
INFO: [ view_end ] --START--
INFO: ShowPageTrace Behavior ::run [ RunTime:0.002703s ]
INFO: [ view_end ] --END-- [ RunTime:0.003241s ]

[ 2015-10-13T19:18:33+08:00 ] 0.0.0.0 /evc/index.php/Usr/zhxx
INFO: [ route_check ] --START--
INFO: CheckRoute Behavior ::run [ RunTime:0.002614s ]
INFO: [ route_check ] --END-- [ RunTime:0.003032s ]
INFO: [ app_begin ] --START--
INFO: ReadHtmlCache Behavior ::run [ RunTime:0.002611s ]
INFO: [ app_begin ] --END-- [ RunTime:0.003090s ]
INFO: [ view_parse ] --START--
INFO: ParseTemplate Behavior ::run [ RunTime:0.026059s ]
INFO: [ view_parse ] --END-- [ RunTime:0.026612s ]
INFO: [ view_filter ] --START--
INFO: ContentReplace Behavior ::run [ RunTime:0.001798s ]
INFO: TokenBuild Behavior ::run [ RunTime:0.001749s ]
INFO: WriteHtmlCache Behavior ::run [ RunTime:0.001122s ]
INFO: ShowRuntime Behavior ::run [ RunTime:0.002114s ]
INFO: [ view_filter ] --END-- [ RunTime:0.007920s ]
INFO: [ view_end ] --START--
INFO: ShowPageTrace Behavior ::run [ RunTime:0.002277s ]
INFO: [ view_end ] --END-- [ RunTime:0.002684s ]

[ 2015-10-13T19:21:22+08:00 ] 0.0.0.0 /evc/index.php/Usr/zhxx
INFO: [ route_check ] --START--
INFO: CheckRoute Behavior ::run [ RunTime:0.002337s ]
INFO: [ route_check ] --END-- [ RunTime:0.002651s ]
INFO: [ app_begin ] --START--
INFO: ReadHtmlCache Behavior ::run [ RunTime:0.001658s ]
INFO: [ app_begin ] --END-- [ RunTime:0.001957s ]
INFO: [ view_parse ] --START--
INFO: ParseTemplate Behavior ::run [ RunTime:0.037114s ]
INFO: [ view_parse ] --END-- [ RunTime:0.038012s ]
INFO: [ view_filter ] --START--
INFO: ContentReplace Behavior ::run [ RunTime:0.003020s ]
INFO: TokenBuild Behavior ::run [ RunTime:0.002427s ]
INFO: WriteHtmlCache Behavior ::run [ RunTime:0.001550s ]
INFO: ShowRuntime Behavior ::run [ RunTime:0.001948s ]
INFO: [ view_filter ] --END-- [ RunTime:0.010705s ]
INFO: [ view_end ] --START--
INFO: ShowPageTrace Behavior ::run [ RunTime:0.001811s ]
INFO: [ view_end ] --END-- [ RunTime:0.002074s ]

[ 2015-10-13T19:22:21+08:00 ] 0.0.0.0 /evc/index.php/Usr/zhxx
INFO: [ route_check ] --START--
INFO: CheckRoute Behavior ::run [ RunTime:0.004617s ]
INFO: [ route_check ] --END-- [ RunTime:0.005119s ]
INFO: [ app_begin ] --START--
INFO: ReadHtmlCache Behavior ::run [ RunTime:0.002614s ]
INFO: [ app_begin ] --END-- [ RunTime:0.003128s ]
INFO: [ view_parse ] --START--
INFO: ParseTemplate Behavior ::run [ RunTime:0.033440s ]
INFO: [ view_parse ] --END-- [ RunTime:0.034220s ]
INFO: [ view_filter ] --START--
INFO: ContentReplace Behavior ::run [ RunTime:0.005947s ]
INFO: TokenBuild Behavior ::run [ RunTime:0.003299s ]
INFO: WriteHtmlCache Behavior ::run [ RunTime:0.002319s ]
INFO: ShowRuntime Behavior ::run [ RunTime:0.003444s ]
INFO: [ view_filter ] --END-- [ RunTime:0.016534s ]
INFO: [ view_end ] --START--
INFO: ShowPageTrace Behavior ::run [ RunTime:0.003274s ]
INFO: [ view_end ] --END-- [ RunTime:0.003686s ]

[ 2015-10-13T19:22:25+08:00 ] 0.0.0.0 /evc/index.php/Usr/zhxx
INFO: [ route_check ] --START--
INFO: CheckRoute Behavior ::run [ RunTime:0.001822s ]
INFO: [ route_check ] --END-- [ RunTime:0.002094s ]
INFO: [ app_begin ] --START--
INFO: ReadHtmlCache Behavior ::run [ RunTime:0.002780s ]
INFO: [ app_begin ] --END-- [ RunTime:0.003037s ]
INFO: [ view_parse ] --START--
INFO: ParseTemplate Behavior ::run [ RunTime:0.019933s ]
INFO: [ view_parse ] --END-- [ RunTime:0.020251s ]
INFO: [ view_filter ] --START--
INFO: ContentReplace Behavior ::run [ RunTime:0.002207s ]
INFO: TokenBuild Behavior ::run [ RunTime:0.003045s ]
INFO: WriteHtmlCache Behavior ::run [ RunTime:0.001614s ]
INFO: ShowRuntime Behavior ::run [ RunTime:0.001445s ]
INFO: [ view_filter ] --END-- [ RunTime:0.009108s ]
INFO: [ view_end ] --START--
INFO: ShowPageTrace Behavior ::run [ RunTime:0.001842s ]
INFO: [ view_end ] --END-- [ RunTime:0.002098s ]

[ 2015-10-13T19:24:29+08:00 ] 0.0.0.0 /evc/index.php/Usr/zhxx
INFO: [ route_check ] --START--
INFO: CheckRoute Behavior ::run [ RunTime:0.005781s ]
INFO: [ route_check ] --END-- [ RunTime:0.006215s ]
INFO: [ app_begin ] --START--
INFO: ReadHtmlCache Behavior ::run [ RunTime:0.004048s ]
INFO: [ app_begin ] --END-- [ RunTime:0.004452s ]
INFO: [ view_parse ] --START--
INFO: ParseTemplate Behavior ::run [ RunTime:0.036097s ]
INFO: [ view_parse ] --END-- [ RunTime:0.037538s ]
INFO: [ view_filter ] --START--
INFO: ContentReplace Behavior ::run [ RunTime:0.002700s ]
INFO: TokenBuild Behavior ::run [ RunTime:0.002190s ]
INFO: WriteHtmlCache Behavior ::run [ RunTime:0.001979s ]
INFO: ShowRuntime Behavior ::run [ RunTime:0.003245s ]
INFO: [ view_filter ] --END-- [ RunTime:0.011164s ]
INFO: [ view_end ] --START--
INFO: ShowPageTrace Behavior ::run [ RunTime:0.003807s ]
INFO: [ view_end ] --END-- [ RunTime:0.004312s ]

[ 2015-10-13T19:25:57+08:00 ] 0.0.0.0 /evc/index.php/Usr/zhxx
INFO: [ route_check ] --START--
INFO: CheckRoute Behavior ::run [ RunTime:0.004810s ]
INFO: [ route_check ] --END-- [ RunTime:0.005394s ]
INFO: [ app_begin ] --START--
INFO: ReadHtmlCache Behavior ::run [ RunTime:0.002458s ]
INFO: [ app_begin ] --END-- [ RunTime:0.002992s ]
INFO: [ view_parse ] --START--
INFO: ParseTemplate Behavior ::run [ RunTime:0.033190s ]
INFO: [ view_parse ] --END-- [ RunTime:0.033706s ]
INFO: [ view_filter ] --START--
INFO: ContentReplace Behavior ::run [ RunTime:0.002516s ]
INFO: TokenBuild Behavior ::run [ RunTime:0.004528s ]
INFO: WriteHtmlCache Behavior ::run [ RunTime:0.002237s ]
INFO: ShowRuntime Behavior ::run [ RunTime:0.003271s ]
INFO: [ view_filter ] --END-- [ RunTime:0.014600s ]
INFO: [ view_end ] --START--
INFO: ShowPageTrace Behavior ::run [ RunTime:0.002775s ]
INFO: [ view_end ] --END-- [ RunTime:0.003191s ]

[ 2015-10-13T19:27:43+08:00 ] 0.0.0.0 /evc/index.php/Usr/zhxx
INFO: [ route_check ] --START--
INFO: CheckRoute Behavior ::run [ RunTime:0.005340s ]
INFO: [ route_check ] --END-- [ RunTime:0.005925s ]
INFO: [ app_begin ] --START--
INFO: ReadHtmlCache Behavior ::run [ RunTime:0.002545s ]
INFO: [ app_begin ] --END-- [ RunTime:0.003074s ]
INFO: [ view_parse ] --START--
INFO: ParseTemplate Behavior ::run [ RunTime:0.043146s ]
INFO: [ view_parse ] --END-- [ RunTime:0.043784s ]
INFO: [ view_filter ] --START--
INFO: ContentReplace Behavior ::run [ RunTime:0.004239s ]
INFO: TokenBuild Behavior ::run [ RunTime:0.002665s ]
INFO: WriteHtmlCache Behavior ::run [ RunTime:0.001761s ]
INFO: ShowRuntime Behavior ::run [ RunTime:0.002306s ]
INFO: [ view_filter ] --END-- [ RunTime:0.012249s ]
INFO: [ view_end ] --START--
INFO: ShowPageTrace Behavior ::run [ RunTime:0.002593s ]
INFO: [ view_end ] --END-- [ RunTime:0.003178s ]

[ 2015-10-13T19:30:19+08:00 ] 0.0.0.0 /evc/index.php/Usr/zhxx
INFO: [ route_check ] --START--
INFO: CheckRoute Behavior ::run [ RunTime:0.002176s ]
INFO: [ route_check ] --END-- [ RunTime:0.002457s ]
INFO: [ app_begin ] --START--
INFO: ReadHtmlCache Behavior ::run [ RunTime:0.001801s ]
INFO: [ app_begin ] --END-- [ RunTime:0.002215s ]
INFO: [ view_parse ] --START--
INFO: ParseTemplate Behavior ::run [ RunTime:0.024425s ]
INFO: [ view_parse ] --END-- [ RunTime:0.024914s ]
INFO: [ view_filter ] --START--
INFO: ContentReplace Behavior ::run [ RunTime:0.001946s ]
INFO: TokenBuild Behavior ::run [ RunTime:0.001920s ]
INFO: WriteHtmlCache Behavior ::run [ RunTime:0.001699s ]
INFO: ShowRuntime Behavior ::run [ RunTime:0.001902s ]
INFO: [ view_filter ] --END-- [ RunTime:0.008312s ]
INFO: [ view_end ] --START--
INFO: ShowPageTrace Behavior ::run [ RunTime:0.002513s ]
INFO: [ view_end ] --END-- [ RunTime:0.002999s ]

[ 2015-10-13T19:31:42+08:00 ] 0.0.0.0 /evc/index.php/Usr/zhxx
INFO: [ route_check ] --START--
INFO: CheckRoute Behavior ::run [ RunTime:0.003261s ]
INFO: [ route_check ] --END-- [ RunTime:0.003640s ]
INFO: [ app_begin ] --START--
INFO: ReadHtmlCache Behavior ::run [ RunTime:0.003315s ]
INFO: [ app_begin ] --END-- [ RunTime:0.003708s ]
INFO: [ view_parse ] --START--
INFO: ParseTemplate Behavior ::run [ RunTime:0.028020s ]
INFO: [ view_parse ] --END-- [ RunTime:0.028431s ]
INFO: [ view_filter ] --START--
INFO: ContentReplace Behavior ::run [ RunTime:0.001457s ]
INFO: TokenBuild Behavior ::run [ RunTime:0.002312s ]
INFO: WriteHtmlCache Behavior ::run [ RunTime:0.002231s ]
INFO: ShowRuntime Behavior ::run [ RunTime:0.002646s ]
INFO: [ view_filter ] --END-- [ RunTime:0.010667s ]
INFO: [ view_end ] --START--
INFO: ShowPageTrace Behavior ::run [ RunTime:0.003054s ]
INFO: [ view_end ] --END-- [ RunTime:0.003707s ]

[ 2015-10-13T19:32:28+08:00 ] 0.0.0.0 /evc/index.php/Usr/zhxx
INFO: [ route_check ] --START--
INFO: CheckRoute Behavior ::run [ RunTime:0.002782s ]
INFO: [ route_check ] --END-- [ RunTime:0.003130s ]
INFO: [ app_begin ] --START--
INFO: ReadHtmlCache Behavior ::run [ RunTime:0.003512s ]
INFO: [ app_begin ] --END-- [ RunTime:0.004047s ]
INFO: [ view_parse ] --START--
INFO: ParseTemplate Behavior ::run [ RunTime:0.034743s ]
INFO: [ view_parse ] --END-- [ RunTime:0.035168s ]
INFO: [ view_filter ] --START--
INFO: ContentReplace Behavior ::run [ RunTime:0.002956s ]
INFO: TokenBuild Behavior ::run [ RunTime:0.003527s ]
INFO: WriteHtmlCache Behavior ::run [ RunTime:0.002480s ]
INFO: ShowRuntime Behavior ::run [ RunTime:0.003774s ]
INFO: [ view_filter ] --END-- [ RunTime:0.014591s ]
INFO: [ view_end ] --START--
INFO: ShowPageTrace Behavior ::run [ RunTime:0.003303s ]
INFO: [ view_end ] --END-- [ RunTime:0.003736s ]

[ 2015-10-13T20:00:27+08:00 ] 0.0.0.0 /evc/index.php/Usr/zhxx
INFO: [ route_check ] --START--
INFO: CheckRoute Behavior ::run [ RunTime:0.005108s ]
INFO: [ route_check ] --END-- [ RunTime:0.005498s ]
INFO: [ app_begin ] --START--
INFO: ReadHtmlCache Behavior ::run [ RunTime:0.003601s ]
INFO: [ app_begin ] --END-- [ RunTime:0.003991s ]
INFO: [ view_parse ] --START--
INFO: ParseTemplate Behavior ::run [ RunTime:0.039222s ]
INFO: [ view_parse ] --END-- [ RunTime:0.039677s ]
INFO: [ view_filter ] --START--
INFO: ContentReplace Behavior ::run [ RunTime:0.003306s ]
INFO: TokenBuild Behavior ::run [ RunTime:0.003448s ]
INFO: WriteHtmlCache Behavior ::run [ RunTime:0.002742s ]
INFO: ShowRuntime Behavior ::run [ RunTime:0.003041s ]
INFO: [ view_filter ] --END-- [ RunTime:0.013464s ]
INFO: [ view_end ] --START--
INFO: ShowPageTrace Behavior ::run [ RunTime:0.002796s ]
INFO: [ view_end ] --END-- [ RunTime:0.003169s ]

[ 2015-10-13T20:00:56+08:00 ] 0.0.0.0 /evc/index.php/Usr/zhxx
INFO: [ route_check ] --START--
INFO: CheckRoute Behavior ::run [ RunTime:0.003304s ]
INFO: [ route_check ] --END-- [ RunTime:0.003853s ]
INFO: [ app_begin ] --START--
INFO: ReadHtmlCache Behavior ::run [ RunTime:0.003808s ]
INFO: [ app_begin ] --END-- [ RunTime:0.004279s ]
INFO: [ view_parse ] --START--
INFO: ParseTemplate Behavior ::run [ RunTime:0.043211s ]
INFO: [ view_parse ] --END-- [ RunTime:0.043947s ]
INFO: [ view_filter ] --START--
INFO: ContentReplace Behavior ::run [ RunTime:0.004741s ]
INFO: TokenBuild Behavior ::run [ RunTime:0.004871s ]
INFO: WriteHtmlCache Behavior ::run [ RunTime:0.003634s ]
INFO: ShowRuntime Behavior ::run [ RunTime:0.003977s ]
INFO: [ view_filter ] --END-- [ RunTime:0.018631s ]
INFO: [ view_end ] --START--
INFO: ShowPageTrace Behavior ::run [ RunTime:0.005320s ]
INFO: [ view_end ] --END-- [ RunTime:0.006021s ]

[ 2015-10-13T20:00:58+08:00 ] 0.0.0.0 /evc/index.php/Usr/shouzhi
INFO: [ route_check ] --START--
INFO: CheckRoute Behavior ::run [ RunTime:0.006193s ]
INFO: [ route_check ] --END-- [ RunTime:0.006758s ]
INFO: [ app_begin ] --START--
INFO: ReadHtmlCache Behavior ::run [ RunTime:0.003706s ]
INFO: [ app_begin ] --END-- [ RunTime:0.004133s ]
INFO: [ view_parse ] --START--
INFO: ParseTemplate Behavior ::run [ RunTime:0.036115s ]
INFO: [ view_parse ] --END-- [ RunTime:0.036825s ]
INFO: [ view_filter ] --START--
INFO: ContentReplace Behavior ::run [ RunTime:0.003167s ]
INFO: TokenBuild Behavior ::run [ RunTime:0.006163s ]
INFO: WriteHtmlCache Behavior ::run [ RunTime:0.002694s ]
INFO: ShowRuntime Behavior ::run [ RunTime:0.004621s ]
INFO: [ view_filter ] --END-- [ RunTime:0.018446s ]
INFO: [ view_end ] --START--
INFO: ShowPageTrace Behavior ::run [ RunTime:0.005569s ]
INFO: [ view_end ] --END-- [ RunTime:0.006404s ]

[ 2015-10-13T20:07:04+08:00 ] 0.0.0.0 /evc/index.php/Usr/shouzhi
INFO: [ route_check ] --START--
INFO: CheckRoute Behavior ::run [ RunTime:0.005578s ]
INFO: [ route_check ] --END-- [ RunTime:0.006070s ]
INFO: [ app_begin ] --START--
INFO: ReadHtmlCache Behavior ::run [ RunTime:0.004301s ]
INFO: [ app_begin ] --END-- [ RunTime:0.004777s ]
INFO: [ view_parse ] --START--
INFO: ParseTemplate Behavior ::run [ RunTime:0.049020s ]
INFO: [ view_parse ] --END-- [ RunTime:0.049534s ]
INFO: [ view_filter ] --START--
INFO: ContentReplace Behavior ::run [ RunTime:0.006375s ]
INFO: TokenBuild Behavior ::run [ RunTime:0.006932s ]
INFO: WriteHtmlCache Behavior ::run [ RunTime:0.006658s ]
INFO: ShowRuntime Behavior ::run [ RunTime:0.004176s ]
INFO: [ view_filter ] --END-- [ RunTime:0.025493s ]
INFO: [ view_end ] --START--
INFO: ShowPageTrace Behavior ::run [ RunTime:0.004906s ]
INFO: [ view_end ] --END-- [ RunTime:0.005495s ]

[ 2015-10-13T20:08:46+08:00 ] 0.0.0.0 /evc/index.php/Usr/shouzhi
INFO: [ route_check ] --START--
INFO: CheckRoute Behavior ::run [ RunTime:0.003694s ]
INFO: [ route_check ] --END-- [ RunTime:0.004198s ]
INFO: [ app_begin ] --START--
INFO: ReadHtmlCache Behavior ::run [ RunTime:0.003302s ]
INFO: [ app_begin ] --END-- [ RunTime:0.003701s ]
INFO: [ view_parse ] --START--
INFO: ParseTemplate Behavior ::run [ RunTime:0.038143s ]
INFO: [ view_parse ] --END-- [ RunTime:0.038696s ]
INFO: [ view_filter ] --START--
INFO: ContentReplace Behavior ::run [ RunTime:0.004384s ]
INFO: TokenBuild Behavior ::run [ RunTime:0.004358s ]
INFO: WriteHtmlCache Behavior ::run [ RunTime:0.001807s ]
INFO: ShowRuntime Behavior ::run [ RunTime:0.003127s ]
INFO: [ view_filter ] --END-- [ RunTime:0.014881s ]
INFO: [ view_end ] --START--
INFO: ShowPageTrace Behavior ::run [ RunTime:0.004435s ]
INFO: [ view_end ] --END-- [ RunTime:0.004863s ]

[ 2015-10-13T20:09:10+08:00 ] 0.0.0.0 /evc/index.php/Usr/shouzhi
INFO: [ route_check ] --START--
INFO: CheckRoute Behavior ::run [ RunTime:0.003122s ]
INFO: [ route_check ] --END-- [ RunTime:0.003486s ]
INFO: [ app_begin ] --START--
INFO: ReadHtmlCache Behavior ::run [ RunTime:0.004013s ]
INFO: [ app_begin ] --END-- [ RunTime:0.004456s ]
INFO: [ view_parse ] --START--
INFO: ParseTemplate Behavior ::run [ RunTime:0.035925s ]
INFO: [ view_parse ] --END-- [ RunTime:0.036934s ]
INFO: [ view_filter ] --START--
INFO: ContentReplace Behavior ::run [ RunTime:0.003091s ]
INFO: TokenBuild Behavior ::run [ RunTime:0.002346s ]
INFO: WriteHtmlCache Behavior ::run [ RunTime:0.006647s ]
INFO: ShowRuntime Behavior ::run [ RunTime:0.004267s ]
INFO: [ view_filter ] --END-- [ RunTime:0.018352s ]
INFO: [ view_end ] --START--
INFO: ShowPageTrace Behavior ::run [ RunTime:0.003759s ]
INFO: [ view_end ] --END-- [ RunTime:0.004218s ]

[ 2015-10-13T20:10:26+08:00 ] 0.0.0.0 /evc/index.php/Usr/shouzhi
INFO: [ route_check ] --START--
INFO: CheckRoute Behavior ::run [ RunTime:0.006659s ]
INFO: [ route_check ] --END-- [ RunTime:0.007187s ]
INFO: [ app_begin ] --START--
INFO: ReadHtmlCache Behavior ::run [ RunTime:0.002667s ]
INFO: [ app_begin ] --END-- [ RunTime:0.003001s ]
INFO: [ view_parse ] --START--
INFO: ParseTemplate Behavior ::run [ RunTime:0.036896s ]
INFO: [ view_parse ] --END-- [ RunTime:0.037570s ]
INFO: [ view_filter ] --START--
INFO: ContentReplace Behavior ::run [ RunTime:0.001928s ]
INFO: TokenBuild Behavior ::run [ RunTime:0.004416s ]
INFO: WriteHtmlCache Behavior ::run [ RunTime:0.002646s ]
INFO: ShowRuntime Behavior ::run [ RunTime:0.005133s ]
INFO: [ view_filter ] --END-- [ RunTime:0.015030s ]
INFO: [ view_end ] --START--
INFO: ShowPageTrace Behavior ::run [ RunTime:0.002987s ]
INFO: [ view_end ] --END-- [ RunTime:0.003846s ]

[ 2015-10-13T20:10:43+08:00 ] 0.0.0.0 /evc/index.php/Usr/shouzhi
INFO: [ route_check ] --START--
INFO: CheckRoute Behavior ::run [ RunTime:0.004026s ]
INFO: [ route_check ] --END-- [ RunTime:0.004417s ]
INFO: [ app_begin ] --START--
INFO: ReadHtmlCache Behavior ::run [ RunTime:0.002196s ]
INFO: [ app_begin ] --END-- [ RunTime:0.002541s ]
INFO: [ view_parse ] --START--
INFO: ParseTemplate Behavior ::run [ RunTime:0.034907s ]
INFO: [ view_parse ] --END-- [ RunTime:0.035454s ]
INFO: [ view_filter ] --START--
INFO: ContentReplace Behavior ::run [ RunTime:0.002560s ]
INFO: TokenBuild Behavior ::run [ RunTime:0.002458s ]
INFO: WriteHtmlCache Behavior ::run [ RunTime:0.003065s ]
INFO: ShowRuntime Behavior ::run [ RunTime:0.003563s ]
INFO: [ view_filter ] --END-- [ RunTime:0.013314s ]
INFO: [ view_end ] --START--
INFO: ShowPageTrace Behavior ::run [ RunTime:0.005475s ]
INFO: [ view_end ] --END-- [ RunTime:0.005998s ]

[ 2015-10-13T20:17:12+08:00 ] 0.0.0.0 /evc/index.php/Usr/shouzhi
INFO: [ route_check ] --START--
INFO: CheckRoute Behavior ::run [ RunTime:0.003798s ]
INFO: [ route_check ] --END-- [ RunTime:0.004413s ]
INFO: [ app_begin ] --START--
INFO: ReadHtmlCache Behavior ::run [ RunTime:0.003513s ]
INFO: [ app_begin ] --END-- [ RunTime:0.004040s ]
INFO: [ view_parse ] --START--
INFO: ParseTemplate Behavior ::run [ RunTime:0.045069s ]
INFO: [ view_parse ] --END-- [ RunTime:0.045662s ]
INFO: [ view_filter ] --START--
INFO: ContentReplace Behavior ::run [ RunTime:0.002004s ]
INFO: TokenBuild Behavior ::run [ RunTime:0.004050s ]
INFO: WriteHtmlCache Behavior ::run [ RunTime:0.001805s ]
INFO: ShowRuntime Behavior ::run [ RunTime:0.002554s ]
INFO: [ view_filter ] --END-- [ RunTime:0.011693s ]
INFO: [ view_end ] --START--
INFO: ShowPageTrace Behavior ::run [ RunTime:0.003158s ]
INFO: [ view_end ] --END-- [ RunTime:0.003655s ]

[ 2015-10-13T20:19:12+08:00 ] 0.0.0.0 /evc/index.php/Usr/shouzhi
INFO: [ route_check ] --START--
INFO: CheckRoute Behavior ::run [ RunTime:0.002955s ]
INFO: [ route_check ] --END-- [ RunTime:0.003288s ]
INFO: [ app_begin ] --START--
INFO: ReadHtmlCache Behavior ::run [ RunTime:0.002629s ]
INFO: [ app_begin ] --END-- [ RunTime:0.003111s ]
INFO: [ view_parse ] --START--
INFO: ParseTemplate Behavior ::run [ RunTime:0.027564s ]
INFO: [ view_parse ] --END-- [ RunTime:0.027993s ]
INFO: [ view_filter ] --START--
INFO: ContentReplace Behavior ::run [ RunTime:0.005415s ]
INFO: TokenBuild Behavior ::run [ RunTime:0.002480s ]
INFO: WriteHtmlCache Behavior ::run [ RunTime:0.002032s ]
INFO: ShowRuntime Behavior ::run [ RunTime:0.003196s ]
INFO: [ view_filter ] --END-- [ RunTime:0.015002s ]
INFO: [ view_end ] --START--
INFO: ShowPageTrace Behavior ::run [ RunTime:0.003246s ]
INFO: [ view_end ] --END-- [ RunTime:0.003934s ]

[ 2015-10-13T20:20:00+08:00 ] 0.0.0.0 /evc/index.php/Usr/shouzhi
INFO: [ route_check ] --START--
INFO: CheckRoute Behavior ::run [ RunTime:0.003191s ]
INFO: [ route_check ] --END-- [ RunTime:0.003615s ]
INFO: [ app_begin ] --START--
INFO: ReadHtmlCache Behavior ::run [ RunTime:0.001995s ]
INFO: [ app_begin ] --END-- [ RunTime:0.002411s ]
INFO: [ view_parse ] --START--
INFO: ParseTemplate Behavior ::run [ RunTime:0.024008s ]
INFO: [ view_parse ] --END-- [ RunTime:0.024468s ]
INFO: [ view_filter ] --START--
INFO: ContentReplace Behavior ::run [ RunTime:0.001599s ]
INFO: TokenBuild Behavior ::run [ RunTime:0.001491s ]
INFO: WriteHtmlCache Behavior ::run [ RunTime:0.001427s ]
INFO: ShowRuntime Behavior ::run [ RunTime:0.002033s ]
INFO: [ view_filter ] --END-- [ RunTime:0.007759s ]
INFO: [ view_end ] --START--
INFO: ShowPageTrace Behavior ::run [ RunTime:0.003231s ]
INFO: [ view_end ] --END-- [ RunTime:0.003702s ]

[ 2015-10-13T20:20:18+08:00 ] 0.0.0.0 /evc/index.php/Usr/shouzhi
INFO: [ route_check ] --START--
INFO: CheckRoute Behavior ::run [ RunTime:0.004133s ]
INFO: [ route_check ] --END-- [ RunTime:0.004578s ]
INFO: [ app_begin ] --START--
INFO: ReadHtmlCache Behavior ::run [ RunTime:0.003813s ]
INFO: [ app_begin ] --END-- [ RunTime:0.005408s ]
INFO: [ view_parse ] --START--
INFO: ParseTemplate Behavior ::run [ RunTime:0.039915s ]
INFO: [ view_parse ] --END-- [ RunTime:0.040462s ]
INFO: [ view_filter ] --START--
INFO: ContentReplace Behavior ::run [ RunTime:0.003735s ]
INFO: TokenBuild Behavior ::run [ RunTime:0.003859s ]
INFO: WriteHtmlCache Behavior ::run [ RunTime:0.001471s ]
INFO: ShowRuntime Behavior ::run [ RunTime:0.001917s ]
INFO: [ view_filter ] --END-- [ RunTime:0.012820s ]
INFO: [ view_end ] --START--
INFO: ShowPageTrace Behavior ::run [ RunTime:0.003543s ]
INFO: [ view_end ] --END-- [ RunTime:0.003983s ]

[ 2015-10-13T20:20:33+08:00 ] 0.0.0.0 /evc/index.php/Usr/shouzhi
INFO: [ route_check ] --START--
INFO: CheckRoute Behavior ::run [ RunTime:0.002497s ]
INFO: [ route_check ] --END-- [ RunTime:0.002822s ]
INFO: [ app_begin ] --START--
INFO: ReadHtmlCache Behavior ::run [ RunTime:0.002588s ]
INFO: [ app_begin ] --END-- [ RunTime:0.003090s ]
INFO: [ view_parse ] --START--
INFO: ParseTemplate Behavior ::run [ RunTime:0.031375s ]
INFO: [ view_parse ] --END-- [ RunTime:0.032368s ]
INFO: [ view_filter ] --START--
INFO: ContentReplace Behavior ::run [ RunTime:0.003820s ]
INFO: TokenBuild Behavior ::run [ RunTime:0.005238s ]
INFO: WriteHtmlCache Behavior ::run [ RunTime:0.003392s ]
INFO: ShowRuntime Behavior ::run [ RunTime:0.003923s ]
INFO: [ view_filter ] --END-- [ RunTime:0.018427s ]
INFO: [ view_end ] --START--
INFO: ShowPageTrace Behavior ::run [ RunTime:0.004503s ]
INFO: [ view_end ] --END-- [ RunTime:0.005296s ]

[ 2015-10-13T20:20:52+08:00 ] 0.0.0.0 /evc/index.php/Usr/shouzhi
INFO: [ route_check ] --START--
INFO: CheckRoute Behavior ::run [ RunTime:0.003343s ]
INFO: [ route_check ] --END-- [ RunTime:0.003806s ]
INFO: [ app_begin ] --START--
INFO: ReadHtmlCache Behavior ::run [ RunTime:0.002601s ]
INFO: [ app_begin ] --END-- [ RunTime:0.003209s ]
INFO: [ view_parse ] --START--
INFO: ParseTemplate Behavior ::run [ RunTime:0.035582s ]
INFO: [ view_parse ] --END-- [ RunTime:0.036017s ]
INFO: [ view_filter ] --START--
INFO: ContentReplace Behavior ::run [ RunTime:0.002166s ]
INFO: TokenBuild Behavior ::run [ RunTime:0.002177s ]
INFO: WriteHtmlCache Behavior ::run [ RunTime:0.002360s ]
INFO: ShowRuntime Behavior ::run [ RunTime:0.004233s ]
INFO: [ view_filter ] --END-- [ RunTime:0.012706s ]
INFO: [ view_end ] --START--
INFO: ShowPageTrace Behavior ::run [ RunTime:0.004308s ]
INFO: [ view_end ] --END-- [ RunTime:0.004785s ]

[ 2015-10-13T20:21:48+08:00 ] 0.0.0.0 /evc/index.php/Usr/shouzhi
INFO: [ route_check ] --START--
INFO: CheckRoute Behavior ::run [ RunTime:0.003470s ]
INFO: [ route_check ] --END-- [ RunTime:0.003948s ]
INFO: [ app_begin ] --START--
INFO: ReadHtmlCache Behavior ::run [ RunTime:0.003165s ]
INFO: [ app_begin ] --END-- [ RunTime:0.003682s ]
INFO: [ view_parse ] --START--
INFO: ParseTemplate Behavior ::run [ RunTime:0.030587s ]
INFO: [ view_parse ] --END-- [ RunTime:0.031044s ]
INFO: [ view_filter ] --START--
INFO: ContentReplace Behavior ::run [ RunTime:0.002724s ]
INFO: TokenBuild Behavior ::run [ RunTime:0.004246s ]
INFO: WriteHtmlCache Behavior ::run [ RunTime:0.001958s ]
INFO: ShowRuntime Behavior ::run [ RunTime:0.003010s ]
INFO: [ view_filter ] --END-- [ RunTime:0.013131s ]
INFO: [ view_end ] --START--
INFO: ShowPageTrace Behavior ::run [ RunTime:0.005163s ]
INFO: [ view_end ] --END-- [ RunTime:0.006040s ]

[ 2015-10-13T20:24:03+08:00 ] 0.0.0.0 /evc/index.php/Usr/shouzhi
INFO: [ route_check ] --START--
INFO: CheckRoute Behavior ::run [ RunTime:0.005827s ]
INFO: [ route_check ] --END-- [ RunTime:0.006165s ]
INFO: [ app_begin ] --START--
INFO: ReadHtmlCache Behavior ::run [ RunTime:0.004173s ]
INFO: [ app_begin ] --END-- [ RunTime:0.004640s ]
INFO: [ view_parse ] --START--
INFO: ParseTemplate Behavior ::run [ RunTime:0.044489s ]
INFO: [ view_parse ] --END-- [ RunTime:0.044895s ]
INFO: [ view_filter ] --START--
INFO: ContentReplace Behavior ::run [ RunTime:0.003938s ]
INFO: TokenBuild Behavior ::run [ RunTime:0.004562s ]
INFO: WriteHtmlCache Behavior ::run [ RunTime:0.002304s ]
INFO: ShowRuntime Behavior ::run [ RunTime:0.003258s ]
INFO: [ view_filter ] --END-- [ RunTime:0.015055s ]
INFO: [ view_end ] --START--
INFO: ShowPageTrace Behavior ::run [ RunTime:0.004342s ]
INFO: [ view_end ] --END-- [ RunTime:0.004764s ]

[ 2015-10-13T20:25:02+08:00 ] 0.0.0.0 /evc/index.php/Usr/shouzhi
INFO: [ route_check ] --START--
INFO: CheckRoute Behavior ::run [ RunTime:0.005599s ]
INFO: [ route_check ] --END-- [ RunTime:0.006122s ]
INFO: [ app_begin ] --START--
INFO: ReadHtmlCache Behavior ::run [ RunTime:0.003553s ]
INFO: [ app_begin ] --END-- [ RunTime:0.004063s ]
INFO: [ view_parse ] --START--
INFO: ParseTemplate Behavior ::run [ RunTime:0.024649s ]
INFO: [ view_parse ] --END-- [ RunTime:0.025747s ]
INFO: [ view_filter ] --START--
INFO: ContentReplace Behavior ::run [ RunTime:0.002826s ]
INFO: TokenBuild Behavior ::run [ RunTime:0.002934s ]
INFO: WriteHtmlCache Behavior ::run [ RunTime:0.002166s ]
INFO: ShowRuntime Behavior ::run [ RunTime:0.001988s ]
INFO: [ view_filter ] --END-- [ RunTime:0.011580s ]
INFO: [ view_end ] --START--
INFO: ShowPageTrace Behavior ::run [ RunTime:0.003022s ]
INFO: [ view_end ] --END-- [ RunTime:0.003432s ]

[ 2015-10-13T20:27:11+08:00 ] 0.0.0.0 /evc/index.php/Usr/shouzhi
INFO: [ route_check ] --START--
INFO: CheckRoute Behavior ::run [ RunTime:0.007756s ]
INFO: [ route_check ] --END-- [ RunTime:0.008279s ]
INFO: [ app_begin ] --START--
INFO: ReadHtmlCache Behavior ::run [ RunTime:0.004618s ]
INFO: [ app_begin ] --END-- [ RunTime:0.005243s ]
INFO: [ view_parse ] --START--
INFO: ParseTemplate Behavior ::run [ RunTime:0.054961s ]
INFO: [ view_parse ] --END-- [ RunTime:0.055540s ]
INFO: [ view_filter ] --START--
INFO: ContentReplace Behavior ::run [ RunTime:0.003258s ]
INFO: TokenBuild Behavior ::run [ RunTime:0.003614s ]
INFO: WriteHtmlCache Behavior ::run [ RunTime:0.002355s ]
INFO: ShowRuntime Behavior ::run [ RunTime:0.004000s ]
INFO: [ view_filter ] --END-- [ RunTime:0.014680s ]
INFO: [ view_end ] --START--
INFO: ShowPageTrace Behavior ::run [ RunTime:0.003962s ]
INFO: [ view_end ] --END-- [ RunTime:0.004727s ]

[ 2015-10-13T20:28:46+08:00 ] 0.0.0.0 /evc/
INFO: [ app_begin ] --START--
INFO: ReadHtmlCache Behavior ::run [ RunTime:0.002502s ]
INFO: [ app_begin ] --END-- [ RunTime:0.002990s ]
NOTIC: [8] Undefined index: lth C:\wamp\www\evc\index\Lib\Action\IndexAction.class.php 第 36 行.
INFO: [ view_parse ] --START--
INFO: ParseTemplate Behavior ::run [ RunTime:0.099265s ]
INFO: [ view_parse ] --END-- [ RunTime:0.099875s ]
INFO: [ view_filter ] --START--
INFO: ContentReplace Behavior ::run [ RunTime:0.004820s ]
INFO: TokenBuild Behavior ::run [ RunTime:0.004743s ]
INFO: WriteHtmlCache Behavior ::run [ RunTime:0.004628s ]
INFO: ShowRuntime Behavior ::run [ RunTime:0.003263s ]
INFO: [ view_filter ] --END-- [ RunTime:0.018882s ]
INFO: [ view_end ] --START--
INFO: ShowPageTrace Behavior ::run [ RunTime:0.003164s ]
INFO: [ view_end ] --END-- [ RunTime:0.013116s ]

[ 2015-10-13T20:28:48+08:00 ] 0.0.0.0 /evc/index.php/Cmn/dspdvc?ctlgtd=121.576464&ctlttd=31.224494
INFO: [ route_check ] --START--
INFO: CheckRoute Behavior ::run [ RunTime:0.004262s ]
INFO: [ route_check ] --END-- [ RunTime:0.004743s ]
INFO: [ app_begin ] --START--
INFO: ReadHtmlCache Behavior ::run [ RunTime:0.002876s ]
INFO: [ app_begin ] --END-- [ RunTime:0.003350s ]

[ 2015-10-13T20:28:51+08:00 ] 0.0.0.0 /evc/index.php/Cmn/vrfusrstat?x=usrct
INFO: [ route_check ] --START--
INFO: CheckRoute Behavior ::run [ RunTime:0.002561s ]
INFO: [ route_check ] --END-- [ RunTime:0.002889s ]
INFO: [ app_begin ] --START--
INFO: ReadHtmlCache Behavior ::run [ RunTime:0.002908s ]
INFO: [ app_begin ] --END-- [ RunTime:0.003225s ]

[ 2015-10-13T20:28:51+08:00 ] 0.0.0.0 /evc/index.php/Usr/usrct
INFO: [ route_check ] --START--
INFO: CheckRoute Behavior ::run [ RunTime:0.003923s ]
INFO: [ route_check ] --END-- [ RunTime:0.004527s ]
INFO: [ app_begin ] --START--
INFO: ReadHtmlCache Behavior ::run [ RunTime:0.003433s ]
INFO: [ app_begin ] --END-- [ RunTime:0.003817s ]
INFO: [ view_parse ] --START--
INFO: ParseTemplate Behavior ::run [ RunTime:0.053466s ]
INFO: [ view_parse ] --END-- [ RunTime:0.053939s ]
INFO: [ view_filter ] --START--
INFO: ContentReplace Behavior ::run [ RunTime:0.003384s ]
INFO: TokenBuild Behavior ::run [ RunTime:0.001811s ]
INFO: WriteHtmlCache Behavior ::run [ RunTime:0.001340s ]
INFO: ShowRuntime Behavior ::run [ RunTime:0.001916s ]
INFO: [ view_filter ] --END-- [ RunTime:0.009471s ]
INFO: [ view_end ] --START--
INFO: ShowPageTrace Behavior ::run [ RunTime:0.005180s ]
INFO: [ view_end ] --END-- [ RunTime:0.005710s ]

[ 2015-10-13T20:28:52+08:00 ] 0.0.0.0 /evc/index.php/Usr/baidu.com
INFO: [ route_check ] --START--
INFO: CheckRoute Behavior ::run [ RunTime:0.004869s ]
INFO: [ route_check ] --END-- [ RunTime:0.005423s ]
INFO: [ app_begin ] --START--
INFO: ReadHtmlCache Behavior ::run [ RunTime:0.003640s ]
INFO: [ app_begin ] --END-- [ RunTime:0.004361s ]
ERR: 非法操作:baidu.com

[ 2015-10-13T20:28:52+08:00 ] 0.0.0.0 /evc/index.php/Usr/baidu.com
INFO: [ route_check ] --START--
INFO: CheckRoute Behavior ::run [ RunTime:0.004067s ]
INFO: [ route_check ] --END-- [ RunTime:0.004596s ]
INFO: [ app_begin ] --START--
INFO: ReadHtmlCache Behavior ::run [ RunTime:0.003693s ]
INFO: [ app_begin ] --END-- [ RunTime:0.004388s ]
ERR: 非法操作:baidu.com

[ 2015-10-13T20:29:41+08:00 ] 0.0.0.0 /evc/index.php/Usr/shouzhi
INFO: [ route_check ] --START--
INFO: CheckRoute Behavior ::run [ RunTime:0.003340s ]
INFO: [ route_check ] --END-- [ RunTime:0.003797s ]
INFO: [ app_begin ] --START--
INFO: ReadHtmlCache Behavior ::run [ RunTime:0.003125s ]
INFO: [ app_begin ] --END-- [ RunTime:0.003456s ]
INFO: [ view_parse ] --START--
INFO: ParseTemplate Behavior ::run [ RunTime:0.041054s ]
INFO: [ view_parse ] --END-- [ RunTime:0.041573s ]
INFO: [ view_filter ] --START--
INFO: ContentReplace Behavior ::run [ RunTime:0.002992s ]
INFO: TokenBuild Behavior ::run [ RunTime:0.002959s ]
INFO: WriteHtmlCache Behavior ::run [ RunTime:0.001461s ]
INFO: ShowRuntime Behavior ::run [ RunTime:0.003848s ]
INFO: [ view_filter ] --END-- [ RunTime:0.012828s ]
INFO: [ view_end ] --START--
INFO: ShowPageTrace Behavior ::run [ RunTime:0.003061s ]
INFO: [ view_end ] --END-- [ RunTime:0.003530s ]

[ 2015-10-13T20:31:28+08:00 ] 0.0.0.0 /evc/index.php/Usr/shouzhi
INFO: [ route_check ] --START--
INFO: CheckRoute Behavior ::run [ RunTime:0.004292s ]
INFO: [ route_check ] --END-- [ RunTime:0.004836s ]
INFO: [ app_begin ] --START--
INFO: ReadHtmlCache Behavior ::run [ RunTime:0.003387s ]
INFO: [ app_begin ] --END-- [ RunTime:0.003885s ]
INFO: [ view_parse ] --START--
INFO: ParseTemplate Behavior ::run [ RunTime:0.039529s ]
INFO: [ view_parse ] --END-- [ RunTime:0.040036s ]
INFO: [ view_filter ] --START--
INFO: ContentReplace Behavior ::run [ RunTime:0.003524s ]
INFO: TokenBuild Behavior ::run [ RunTime:0.004080s ]
INFO: WriteHtmlCache Behavior ::run [ RunTime:0.003028s ]
INFO: ShowRuntime Behavior ::run [ RunTime:0.004490s ]
INFO: [ view_filter ] --END-- [ RunTime:0.017320s ]
INFO: [ view_end ] --START--
INFO: ShowPageTrace Behavior ::run [ RunTime:0.008957s ]
INFO: [ view_end ] --END-- [ RunTime:0.009453s ]

[ 2015-10-13T20:32:17+08:00 ] 0.0.0.0 /evc/index.php/Usr/shouzhi
INFO: [ route_check ] --START--
INFO: CheckRoute Behavior ::run [ RunTime:0.009532s ]
INFO: [ route_check ] --END-- [ RunTime:0.010121s ]
INFO: [ app_begin ] --START--
INFO: ReadHtmlCache Behavior ::run [ RunTime:0.003157s ]
INFO: [ app_begin ] --END-- [ RunTime:0.003953s ]
INFO: [ view_parse ] --START--
INFO: ParseTemplate Behavior ::run [ RunTime:0.042879s ]
INFO: [ view_parse ] --END-- [ RunTime:0.045494s ]
INFO: [ view_filter ] --START--
INFO: ContentReplace Behavior ::run [ RunTime:0.004305s ]
INFO: TokenBuild Behavior ::run [ RunTime:0.003576s ]
INFO: WriteHtmlCache Behavior ::run [ RunTime:0.005261s ]
INFO: ShowRuntime Behavior ::run [ RunTime:0.014370s ]
INFO: [ view_filter ] --END-- [ RunTime:0.031574s ]
INFO: [ view_end ] --START--
INFO: ShowPageTrace Behavior ::run [ RunTime:0.004979s ]
INFO: [ view_end ] --END-- [ RunTime:0.005474s ]

[ 2015-10-13T21:14:39+08:00 ] 192.168.1.100 /evc/index.php/Usr/zhxx
INFO: [ route_check ] --START--
INFO: CheckRoute Behavior ::run [ RunTime:0.003007s ]
INFO: [ route_check ] --END-- [ RunTime:0.003443s ]
INFO: [ app_begin ] --START--
INFO: ReadHtmlCache Behavior ::run [ RunTime:0.002991s ]
INFO: [ app_begin ] --END-- [ RunTime:0.003429s ]
INFO: [ view_parse ] --START--
INFO: ParseTemplate Behavior ::run [ RunTime:0.038278s ]
INFO: [ view_parse ] --END-- [ RunTime:0.038737s ]
INFO: [ view_filter ] --START--
INFO: ContentReplace Behavior ::run [ RunTime:0.005864s ]
INFO: TokenBuild Behavior ::run [ RunTime:0.003750s ]
INFO: WriteHtmlCache Behavior ::run [ RunTime:0.003174s ]
INFO: ShowRuntime Behavior ::run [ RunTime:0.006134s ]
INFO: [ view_filter ] --END-- [ RunTime:0.020449s ]
INFO: [ view_end ] --START--
INFO: ShowPageTrace Behavior ::run [ RunTime:0.004222s ]
INFO: [ view_end ] --END-- [ RunTime:0.005053s ]

[ 2015-10-13T21:14:42+08:00 ] 192.168.1.100 /evc/index.php/Usr/shouzhi
INFO: [ route_check ] --START--
INFO: CheckRoute Behavior ::run [ RunTime:0.003044s ]
INFO: [ route_check ] --END-- [ RunTime:0.003426s ]
INFO: [ app_begin ] --START--
INFO: ReadHtmlCache Behavior ::run [ RunTime:0.002499s ]
INFO: [ app_begin ] --END-- [ RunTime:0.002869s ]
INFO: [ view_parse ] --START--
INFO: ParseTemplate Behavior ::run [ RunTime:0.033018s ]
INFO: [ view_parse ] --END-- [ RunTime:0.033461s ]
INFO: [ view_filter ] --START--
INFO: ContentReplace Behavior ::run [ RunTime:0.002845s ]
INFO: TokenBuild Behavior ::run [ RunTime:0.002381s ]
INFO: WriteHtmlCache Behavior ::run [ RunTime:0.001539s ]
INFO: ShowRuntime Behavior ::run [ RunTime:0.004542s ]
INFO: [ view_filter ] --END-- [ RunTime:0.012611s ]
INFO: [ view_end ] --START--
INFO: ShowPageTrace Behavior ::run [ RunTime:0.003397s ]
INFO: [ view_end ] --END-- [ RunTime:0.003866s ]

