[ 2015-11-14T00:10:48+08:00 ] 0.0.0.0 /evc/index.php/Usr/doonoffdvc?dvcid=1&tm=&oprt=on&week=
INFO: [ route_check ] --START--
INFO: CheckRoute Behavior ::run [ RunTime:0.001118s ]
INFO: [ route_check ] --END-- [ RunTime:0.001303s ]
INFO: [ app_begin ] --START--
INFO: ReadHtmlCache Behavior ::run [ RunTime:0.001035s ]
INFO: [ app_begin ] --END-- [ RunTime:0.001210s ]
NOTIC: [8] Undefined index: openTime C:\wamp\www\evc\index\Lib\Action\UsrAction.class.php 第 305 行.

[ 2015-11-14T00:10:50+08:00 ] 0.0.0.0 /evc/index.php/Usr/usrct
INFO: [ route_check ] --START--
INFO: CheckRoute Behavior ::run [ RunTime:0.001022s ]
INFO: [ route_check ] --END-- [ RunTime:0.001176s ]
INFO: [ app_begin ] --START--
INFO: ReadHtmlCache Behavior ::run [ RunTime:0.000736s ]
INFO: [ app_begin ] --END-- [ RunTime:0.000873s ]
NOTIC: [8] Undefined index: status C:\wamp\www\evc\index\Lib\Action\UsrAction.class.php 第 137 行.
INFO: [ view_parse ] --START--
INFO: ParseTemplate Behavior ::run [ RunTime:0.021158s ]
INFO: [ view_parse ] --END-- [ RunTime:0.021335s ]
INFO: [ view_filter ] --START--
INFO: ContentReplace Behavior ::run [ RunTime:0.000894s ]
INFO: TokenBuild Behavior ::run [ RunTime:0.000680s ]
INFO: WriteHtmlCache Behavior ::run [ RunTime:0.000470s ]
INFO: ShowRuntime Behavior ::run [ RunTime:0.000716s ]
INFO: [ view_filter ] --END-- [ RunTime:0.003116s ]
INFO: [ view_end ] --START--
INFO: ShowPageTrace Behavior ::run [ RunTime:0.000847s ]
INFO: [ view_end ] --END-- [ RunTime:0.000980s ]

[ 2015-11-14T00:10:51+08:00 ] 0.0.0.0 /evc/index.php/Usr/doonoffdvc?dvcid=1&tm=&oprt=on&week=
INFO: [ route_check ] --START--
INFO: CheckRoute Behavior ::run [ RunTime:0.000869s ]
INFO: [ route_check ] --END-- [ RunTime:0.001024s ]
INFO: [ app_begin ] --START--
INFO: ReadHtmlCache Behavior ::run [ RunTime:0.000653s ]
INFO: [ app_begin ] --END-- [ RunTime:0.000758s ]
NOTIC: [8] Undefined index: openTime C:\wamp\www\evc\index\Lib\Action\UsrAction.class.php 第 305 行.

[ 2015-11-14T00:11:06+08:00 ] 0.0.0.0 /evc/index.php/Usr/doonoffdvc?dvcid=1&tm=&oprt=on&week=
INFO: [ route_check ] --START--
INFO: CheckRoute Behavior ::run [ RunTime:0.001466s ]
INFO: [ route_check ] --END-- [ RunTime:0.001694s ]
INFO: [ app_begin ] --START--
INFO: ReadHtmlCache Behavior ::run [ RunTime:0.000740s ]
INFO: [ app_begin ] --END-- [ RunTime:0.000853s ]
NOTIC: [8] Undefined index: openTime C:\wamp\www\evc\index\Lib\Action\UsrAction.class.php 第 305 行.

[ 2015-11-14T00:11:13+08:00 ] 0.0.0.0 /evc/index.php/Usr/doonoffdvc?dvcid=1&tm=&oprt=on&week=
INFO: [ route_check ] --START--
INFO: CheckRoute Behavior ::run [ RunTime:0.001359s ]
INFO: [ route_check ] --END-- [ RunTime:0.001514s ]
INFO: [ app_begin ] --START--
INFO: ReadHtmlCache Behavior ::run [ RunTime:0.000732s ]
INFO: [ app_begin ] --END-- [ RunTime:0.000841s ]
NOTIC: [8] Undefined index: openTime C:\wamp\www\evc\index\Lib\Action\UsrAction.class.php 第 305 行.

[ 2015-11-14T00:12:05+08:00 ] 0.0.0.0 /evc/index.php/Usr/doonoffdvc?dvcid=1&tm=&oprt=on&week=
INFO: [ route_check ] --START--
INFO: CheckRoute Behavior ::run [ RunTime:0.000911s ]
INFO: [ route_check ] --END-- [ RunTime:0.001064s ]
INFO: [ app_begin ] --START--
INFO: ReadHtmlCache Behavior ::run [ RunTime:0.000751s ]
INFO: [ app_begin ] --END-- [ RunTime:0.000873s ]
NOTIC: [8] Undefined index: openTime C:\wamp\www\evc\index\Lib\Action\UsrAction.class.php 第 305 行.

[ 2015-11-14T00:41:31+08:00 ] 0.0.0.0 /evc/index.php/Usr/usrct
INFO: [ route_check ] --START--
INFO: CheckRoute Behavior ::run [ RunTime:0.001201s ]
INFO: [ route_check ] --END-- [ RunTime:0.001365s ]
INFO: [ app_begin ] --START--
INFO: ReadHtmlCache Behavior ::run [ RunTime:0.000744s ]
INFO: [ app_begin ] --END-- [ RunTime:0.000870s ]
NOTIC: [8] Undefined index: status C:\wamp\www\evc\index\Lib\Action\UsrAction.class.php 第 137 行.
INFO: [ view_parse ] --START--
INFO: ParseTemplate Behavior ::run [ RunTime:0.022602s ]
INFO: [ view_parse ] --END-- [ RunTime:0.022862s ]
INFO: [ view_filter ] --START--
INFO: ContentReplace Behavior ::run [ RunTime:0.000811s ]
INFO: TokenBuild Behavior ::run [ RunTime:0.000709s ]
INFO: WriteHtmlCache Behavior ::run [ RunTime:0.001547s ]
INFO: ShowRuntime Behavior ::run [ RunTime:0.001053s ]
INFO: [ view_filter ] --END-- [ RunTime:0.004655s ]
INFO: [ view_end ] --START--
INFO: ShowPageTrace Behavior ::run [ RunTime:0.000837s ]
INFO: [ view_end ] --END-- [ RunTime:0.000969s ]

[ 2015-11-14T00:41:37+08:00 ] 0.0.0.0 /evc/index.php/Usr/doonoffdvc?dvcid=1&tm=&oprt=on&week=
INFO: [ route_check ] --START--
INFO: CheckRoute Behavior ::run [ RunTime:0.001212s ]
INFO: [ route_check ] --END-- [ RunTime:0.001364s ]
INFO: [ app_begin ] --START--
INFO: ReadHtmlCache Behavior ::run [ RunTime:0.001500s ]
INFO: [ app_begin ] --END-- [ RunTime:0.001656s ]
NOTIC: [8] Undefined index: openTime C:\wamp\www\evc\index\Lib\Action\UsrAction.class.php 第 305 行.

[ 2015-11-14T00:42:47+08:00 ] 0.0.0.0 /evc/index.php/Usr/usrct
INFO: [ route_check ] --START--
INFO: CheckRoute Behavior ::run [ RunTime:0.000946s ]
INFO: [ route_check ] --END-- [ RunTime:0.001123s ]
INFO: [ app_begin ] --START--
INFO: ReadHtmlCache Behavior ::run [ RunTime:0.000817s ]
INFO: [ app_begin ] --END-- [ RunTime:0.000946s ]
NOTIC: [8] Undefined index: status C:\wamp\www\evc\index\Lib\Action\UsrAction.class.php 第 137 行.
INFO: [ view_parse ] --START--
INFO: ParseTemplate Behavior ::run [ RunTime:0.021219s ]
INFO: [ view_parse ] --END-- [ RunTime:0.021406s ]
INFO: [ view_filter ] --START--
INFO: ContentReplace Behavior ::run [ RunTime:0.000727s ]
INFO: TokenBuild Behavior ::run [ RunTime:0.000644s ]
INFO: WriteHtmlCache Behavior ::run [ RunTime:0.000429s ]
INFO: ShowRuntime Behavior ::run [ RunTime:0.000748s ]
INFO: [ view_filter ] --END-- [ RunTime:0.002898s ]
INFO: [ view_end ] --START--
INFO: ShowPageTrace Behavior ::run [ RunTime:0.000812s ]
INFO: [ view_end ] --END-- [ RunTime:0.000941s ]

[ 2015-11-14T00:43:03+08:00 ] 0.0.0.0 /evc/index.php/Usr/doonoffdvc?dvcid=9&tm=&oprt=on&week=
INFO: [ route_check ] --START--
INFO: CheckRoute Behavior ::run [ RunTime:0.000964s ]
INFO: [ route_check ] --END-- [ RunTime:0.001126s ]
INFO: [ app_begin ] --START--
INFO: ReadHtmlCache Behavior ::run [ RunTime:0.000718s ]
INFO: [ app_begin ] --END-- [ RunTime:0.000831s ]
NOTIC: [8] Undefined index: openTime C:\wamp\www\evc\index\Lib\Action\UsrAction.class.php 第 305 行.

[ 2015-11-14T00:43:03+08:00 ] 0.0.0.0 /evc/index.php/Usr/dotakesample?dvcid=9
INFO: [ route_check ] --START--
INFO: CheckRoute Behavior ::run [ RunTime:0.001070s ]
INFO: [ route_check ] --END-- [ RunTime:0.001220s ]
INFO: [ app_begin ] --START--
INFO: ReadHtmlCache Behavior ::run [ RunTime:0.000784s ]
INFO: [ app_begin ] --END-- [ RunTime:0.000893s ]

[ 2015-11-14T00:43:04+08:00 ] 0.0.0.0 /evc/index.php/Usr/dotakesample?dvcid=9
INFO: [ route_check ] --START--
INFO: CheckRoute Behavior ::run [ RunTime:0.001011s ]
INFO: [ route_check ] --END-- [ RunTime:0.001408s ]
INFO: [ app_begin ] --START--
INFO: ReadHtmlCache Behavior ::run [ RunTime:0.000802s ]
INFO: [ app_begin ] --END-- [ RunTime:0.000920s ]

[ 2015-11-14T00:43:04+08:00 ] 0.0.0.0 /evc/index.php/Usr/dotakesample?dvcid=9
INFO: [ route_check ] --START--
INFO: CheckRoute Behavior ::run [ RunTime:0.000949s ]
INFO: [ route_check ] --END-- [ RunTime:0.001107s ]
INFO: [ app_begin ] --START--
INFO: ReadHtmlCache Behavior ::run [ RunTime:0.000780s ]
INFO: [ app_begin ] --END-- [ RunTime:0.000903s ]

[ 2015-11-14T00:43:05+08:00 ] 0.0.0.0 /evc/index.php/Usr/dotakesample?dvcid=9
INFO: [ route_check ] --START--
INFO: CheckRoute Behavior ::run [ RunTime:0.001007s ]
INFO: [ route_check ] --END-- [ RunTime:0.001162s ]
INFO: [ app_begin ] --START--
INFO: ReadHtmlCache Behavior ::run [ RunTime:0.000749s ]
INFO: [ app_begin ] --END-- [ RunTime:0.000858s ]

[ 2015-11-14T00:43:06+08:00 ] 0.0.0.0 /evc/index.php/Usr/dotakesample?dvcid=9
INFO: [ route_check ] --START--
INFO: CheckRoute Behavior ::run [ RunTime:0.001136s ]
INFO: [ route_check ] --END-- [ RunTime:0.001304s ]
INFO: [ app_begin ] --START--
INFO: ReadHtmlCache Behavior ::run [ RunTime:0.001023s ]
INFO: [ app_begin ] --END-- [ RunTime:0.001198s ]

[ 2015-11-14T00:43:06+08:00 ] 0.0.0.0 /evc/index.php/Usr/dotakesample?dvcid=9
INFO: [ route_check ] --START--
INFO: CheckRoute Behavior ::run [ RunTime:0.000880s ]
INFO: [ route_check ] --END-- [ RunTime:0.001032s ]
INFO: [ app_begin ] --START--
INFO: ReadHtmlCache Behavior ::run [ RunTime:0.000818s ]
INFO: [ app_begin ] --END-- [ RunTime:0.000932s ]

[ 2015-11-14T00:43:07+08:00 ] 0.0.0.0 /evc/index.php/Usr/dotakesample?dvcid=9
INFO: [ route_check ] --START--
INFO: CheckRoute Behavior ::run [ RunTime:0.001334s ]
INFO: [ route_check ] --END-- [ RunTime:0.001507s ]
INFO: [ app_begin ] --START--
INFO: ReadHtmlCache Behavior ::run [ RunTime:0.000873s ]
INFO: [ app_begin ] --END-- [ RunTime:0.001002s ]

[ 2015-11-14T00:43:07+08:00 ] 0.0.0.0 /evc/index.php/Usr/dotakesample?dvcid=9
INFO: [ route_check ] --START--
INFO: CheckRoute Behavior ::run [ RunTime:0.001209s ]
INFO: [ route_check ] --END-- [ RunTime:0.001371s ]
INFO: [ app_begin ] --START--
INFO: ReadHtmlCache Behavior ::run [ RunTime:0.000858s ]
INFO: [ app_begin ] --END-- [ RunTime:0.000968s ]

[ 2015-11-14T00:43:08+08:00 ] 0.0.0.0 /evc/index.php/Usr/dotakesample?dvcid=9
INFO: [ route_check ] --START--
INFO: CheckRoute Behavior ::run [ RunTime:0.000970s ]
INFO: [ route_check ] --END-- [ RunTime:0.001131s ]
INFO: [ app_begin ] --START--
INFO: ReadHtmlCache Behavior ::run [ RunTime:0.000873s ]
INFO: [ app_begin ] --END-- [ RunTime:0.001015s ]

[ 2015-11-14T00:43:08+08:00 ] 0.0.0.0 /evc/index.php/Usr/dotakesample?dvcid=9
INFO: [ route_check ] --START--
INFO: CheckRoute Behavior ::run [ RunTime:0.000948s ]
INFO: [ route_check ] --END-- [ RunTime:0.001105s ]
INFO: [ app_begin ] --START--
INFO: ReadHtmlCache Behavior ::run [ RunTime:0.000691s ]
INFO: [ app_begin ] --END-- [ RunTime:0.000805s ]

[ 2015-11-14T00:43:11+08:00 ] 0.0.0.0 /evc/index.php/Usr/dotakesample?dvcid=9
INFO: [ route_check ] --START--
INFO: CheckRoute Behavior ::run [ RunTime:0.001002s ]
INFO: [ route_check ] --END-- [ RunTime:0.001175s ]
INFO: [ app_begin ] --START--
INFO: ReadHtmlCache Behavior ::run [ RunTime:0.000893s ]
INFO: [ app_begin ] --END-- [ RunTime:0.001010s ]

[ 2015-11-14T00:51:02+08:00 ] 0.0.0.0 /evc/index.php/Usr/fnddvcbydvcid?dvcid=9
INFO: [ route_check ] --START--
INFO: CheckRoute Behavior ::run [ RunTime:0.001620s ]
INFO: [ route_check ] --END-- [ RunTime:0.001793s ]
INFO: [ app_begin ] --START--
INFO: ReadHtmlCache Behavior ::run [ RunTime:0.001334s ]
INFO: [ app_begin ] --END-- [ RunTime:0.001458s ]
NOTIC: [8] Undefined variable: str C:\wamp\www\evc\index\Lib\Action\UsrAction.class.php 第 522 行.

[ 2015-11-14T00:55:18+08:00 ] 0.0.0.0 /evc/index.php/Usr/usrct
INFO: [ route_check ] --START--
INFO: CheckRoute Behavior ::run [ RunTime:0.002550s ]
INFO: [ route_check ] --END-- [ RunTime:0.002808s ]
INFO: [ app_begin ] --START--
INFO: ReadHtmlCache Behavior ::run [ RunTime:0.001109s ]
INFO: [ app_begin ] --END-- [ RunTime:0.001242s ]
NOTIC: [8] Undefined index: status C:\wamp\www\evc\index\Lib\Action\UsrAction.class.php 第 137 行.
INFO: [ view_parse ] --START--
INFO: ParseTemplate Behavior ::run [ RunTime:0.023176s ]
INFO: [ view_parse ] --END-- [ RunTime:0.023363s ]
INFO: [ view_filter ] --START--
INFO: ContentReplace Behavior ::run [ RunTime:0.001159s ]
INFO: TokenBuild Behavior ::run [ RunTime:0.000889s ]
INFO: WriteHtmlCache Behavior ::run [ RunTime:0.000721s ]
INFO: ShowRuntime Behavior ::run [ RunTime:0.000956s ]
INFO: [ view_filter ] --END-- [ RunTime:0.004081s ]
INFO: [ view_end ] --START--
INFO: ShowPageTrace Behavior ::run [ RunTime:0.001082s ]
INFO: [ view_end ] --END-- [ RunTime:0.001212s ]

[ 2015-11-14T00:55:19+08:00 ] 0.0.0.0 /evc/index.php/Usr/fnddvcbydvcid?dvcid=9
INFO: [ route_check ] --START--
INFO: CheckRoute Behavior ::run [ RunTime:0.001388s ]
INFO: [ route_check ] --END-- [ RunTime:0.001626s ]
INFO: [ app_begin ] --START--
INFO: ReadHtmlCache Behavior ::run [ RunTime:0.000758s ]
INFO: [ app_begin ] --END-- [ RunTime:0.000885s ]
NOTIC: [8] Undefined variable: str C:\wamp\www\evc\index\Lib\Action\UsrAction.class.php 第 522 行.

[ 2015-11-14T01:02:30+08:00 ] 0.0.0.0 /evc/index.php/Usr/usrct
INFO: [ route_check ] --START--
INFO: CheckRoute Behavior ::run [ RunTime:0.001101s ]
INFO: [ route_check ] --END-- [ RunTime:0.001252s ]
INFO: [ app_begin ] --START--
INFO: ReadHtmlCache Behavior ::run [ RunTime:0.000768s ]
INFO: [ app_begin ] --END-- [ RunTime:0.000895s ]
NOTIC: [8] Undefined index: status C:\wamp\www\evc\index\Lib\Action\UsrAction.class.php 第 137 行.
INFO: [ view_parse ] --START--
INFO: ParseTemplate Behavior ::run [ RunTime:0.026145s ]
INFO: [ view_parse ] --END-- [ RunTime:0.026339s ]
INFO: [ view_filter ] --START--
INFO: ContentReplace Behavior ::run [ RunTime:0.001318s ]
INFO: TokenBuild Behavior ::run [ RunTime:0.001094s ]
INFO: WriteHtmlCache Behavior ::run [ RunTime:0.000822s ]
INFO: ShowRuntime Behavior ::run [ RunTime:0.000906s ]
INFO: [ view_filter ] --END-- [ RunTime:0.004690s ]
INFO: [ view_end ] --START--
INFO: ShowPageTrace Behavior ::run [ RunTime:0.000912s ]
INFO: [ view_end ] --END-- [ RunTime:0.001050s ]

[ 2015-11-14T01:02:32+08:00 ] 0.0.0.0 /evc/index.php/Usr/fnddvcbydvcid?dvcid=9
INFO: [ route_check ] --START--
INFO: CheckRoute Behavior ::run [ RunTime:0.001800s ]
INFO: [ route_check ] --END-- [ RunTime:0.002053s ]
INFO: [ app_begin ] --START--
INFO: ReadHtmlCache Behavior ::run [ RunTime:0.001340s ]
INFO: [ app_begin ] --END-- [ RunTime:0.001542s ]
NOTIC: [8] Undefined variable: str C:\wamp\www\evc\index\Lib\Action\UsrAction.class.php 第 522 行.

[ 2015-11-14T01:04:40+08:00 ] 0.0.0.0 /evc/index.php/Usr/usrct
INFO: [ route_check ] --START--
INFO: CheckRoute Behavior ::run [ RunTime:0.001379s ]
INFO: [ route_check ] --END-- [ RunTime:0.001538s ]
INFO: [ app_begin ] --START--
INFO: ReadHtmlCache Behavior ::run [ RunTime:0.000781s ]
INFO: [ app_begin ] --END-- [ RunTime:0.000917s ]
NOTIC: [8] Undefined index: status C:\wamp\www\evc\index\Lib\Action\UsrAction.class.php 第 137 行.
INFO: [ view_parse ] --START--
INFO: ParseTemplate Behavior ::run [ RunTime:0.030145s ]
INFO: [ view_parse ] --END-- [ RunTime:0.030364s ]
INFO: [ view_filter ] --START--
INFO: ContentReplace Behavior ::run [ RunTime:0.000748s ]
INFO: TokenBuild Behavior ::run [ RunTime:0.000692s ]
INFO: WriteHtmlCache Behavior ::run [ RunTime:0.000488s ]
INFO: ShowRuntime Behavior ::run [ RunTime:0.000748s ]
INFO: [ view_filter ] --END-- [ RunTime:0.003095s ]
INFO: [ view_end ] --START--
INFO: ShowPageTrace Behavior ::run [ RunTime:0.000968s ]
INFO: [ view_end ] --END-- [ RunTime:0.001104s ]

[ 2015-11-14T01:04:41+08:00 ] 0.0.0.0 /evc/index.php/Usr/fnddvcbydvcid?dvcid=9
INFO: [ route_check ] --START--
INFO: CheckRoute Behavior ::run [ RunTime:0.000884s ]
INFO: [ route_check ] --END-- [ RunTime:0.001033s ]
INFO: [ app_begin ] --START--
INFO: ReadHtmlCache Behavior ::run [ RunTime:0.000666s ]
INFO: [ app_begin ] --END-- [ RunTime:0.000775s ]
NOTIC: [8] Undefined variable: str C:\wamp\www\evc\index\Lib\Action\UsrAction.class.php 第 522 行.

[ 2015-11-14T01:05:14+08:00 ] 0.0.0.0 /evc/index.php/Usr/usrct
INFO: [ route_check ] --START--
INFO: CheckRoute Behavior ::run [ RunTime:0.001145s ]
INFO: [ route_check ] --END-- [ RunTime:0.001356s ]
INFO: [ app_begin ] --START--
INFO: ReadHtmlCache Behavior ::run [ RunTime:0.000808s ]
INFO: [ app_begin ] --END-- [ RunTime:0.000948s ]
NOTIC: [8] Undefined index: status C:\wamp\www\evc\index\Lib\Action\UsrAction.class.php 第 137 行.
INFO: [ view_parse ] --START--
INFO: ParseTemplate Behavior ::run [ RunTime:0.041577s ]
INFO: [ view_parse ] --END-- [ RunTime:0.041889s ]
INFO: [ view_filter ] --START--
INFO: ContentReplace Behavior ::run [ RunTime:0.001179s ]
INFO: TokenBuild Behavior ::run [ RunTime:0.000626s ]
INFO: WriteHtmlCache Behavior ::run [ RunTime:0.000470s ]
INFO: ShowRuntime Behavior ::run [ RunTime:0.000795s ]
INFO: [ view_filter ] --END-- [ RunTime:0.003503s ]
INFO: [ view_end ] --START--
INFO: ShowPageTrace Behavior ::run [ RunTime:0.001135s ]
INFO: [ view_end ] --END-- [ RunTime:0.001315s ]

[ 2015-11-14T01:05:15+08:00 ] 0.0.0.0 /evc/index.php/Usr/fnddvcbydvcid?dvcid=9
INFO: [ route_check ] --START--
INFO: CheckRoute Behavior ::run [ RunTime:0.000931s ]
INFO: [ route_check ] --END-- [ RunTime:0.001081s ]
INFO: [ app_begin ] --START--
INFO: ReadHtmlCache Behavior ::run [ RunTime:0.000665s ]
INFO: [ app_begin ] --END-- [ RunTime:0.000773s ]
NOTIC: [8] Undefined variable: str C:\wamp\www\evc\index\Lib\Action\UsrAction.class.php 第 522 行.

[ 2015-11-14T01:05:15+08:00 ] 0.0.0.0 /evc/index.php/Usr/fnddvcbydvcid?dvcid=9
INFO: [ route_check ] --START--
INFO: CheckRoute Behavior ::run [ RunTime:0.001839s ]
INFO: [ route_check ] --END-- [ RunTime:0.002177s ]
INFO: [ app_begin ] --START--
INFO: ReadHtmlCache Behavior ::run [ RunTime:0.000861s ]
INFO: [ app_begin ] --END-- [ RunTime:0.000992s ]
NOTIC: [8] Undefined variable: str C:\wamp\www\evc\index\Lib\Action\UsrAction.class.php 第 522 行.

[ 2015-11-14T01:05:26+08:00 ] 0.0.0.0 /evc/index.php/Usr/fnddvcbydvcid?dvcid=9
INFO: [ route_check ] --START--
INFO: CheckRoute Behavior ::run [ RunTime:0.000881s ]
INFO: [ route_check ] --END-- [ RunTime:0.001084s ]
INFO: [ app_begin ] --START--
INFO: ReadHtmlCache Behavior ::run [ RunTime:0.000752s ]
INFO: [ app_begin ] --END-- [ RunTime:0.000870s ]
NOTIC: [8] Undefined variable: str C:\wamp\www\evc\index\Lib\Action\UsrAction.class.php 第 522 行.

[ 2015-11-14T01:06:30+08:00 ] 0.0.0.0 /evc/index.php/Usr/doonoffdvc?dvcid=9&tm=&oprt=on&week=
INFO: [ route_check ] --START--
INFO: CheckRoute Behavior ::run [ RunTime:0.000927s ]
INFO: [ route_check ] --END-- [ RunTime:0.001098s ]
INFO: [ app_begin ] --START--
INFO: ReadHtmlCache Behavior ::run [ RunTime:0.000770s ]
INFO: [ app_begin ] --END-- [ RunTime:0.001053s ]
NOTIC: [8] Undefined index: openTime C:\wamp\www\evc\index\Lib\Action\UsrAction.class.php 第 305 行.

[ 2015-11-14T01:06:31+08:00 ] 0.0.0.0 /evc/index.php/Usr/dotakesample?dvcid=9
INFO: [ route_check ] --START--
INFO: CheckRoute Behavior ::run [ RunTime:0.001701s ]
INFO: [ route_check ] --END-- [ RunTime:0.001970s ]
INFO: [ app_begin ] --START--
INFO: ReadHtmlCache Behavior ::run [ RunTime:0.001286s ]
INFO: [ app_begin ] --END-- [ RunTime:0.001486s ]

[ 2015-11-14T01:06:31+08:00 ] 0.0.0.0 /evc/index.php/Usr/dotakesample?dvcid=9
INFO: [ route_check ] --START--
INFO: CheckRoute Behavior ::run [ RunTime:0.000951s ]
INFO: [ route_check ] --END-- [ RunTime:0.001126s ]
INFO: [ app_begin ] --START--
INFO: ReadHtmlCache Behavior ::run [ RunTime:0.000759s ]
INFO: [ app_begin ] --END-- [ RunTime:0.000868s ]

[ 2015-11-14T01:06:32+08:00 ] 0.0.0.0 /evc/index.php/Usr/dotakesample?dvcid=9
INFO: [ route_check ] --START--
INFO: CheckRoute Behavior ::run [ RunTime:0.000906s ]
INFO: [ route_check ] --END-- [ RunTime:0.001061s ]
INFO: [ app_begin ] --START--
INFO: ReadHtmlCache Behavior ::run [ RunTime:0.000777s ]
INFO: [ app_begin ] --END-- [ RunTime:0.000890s ]

[ 2015-11-14T01:06:32+08:00 ] 0.0.0.0 /evc/index.php/Usr/dotakesample?dvcid=9
INFO: [ route_check ] --START--
INFO: CheckRoute Behavior ::run [ RunTime:0.001340s ]
INFO: [ route_check ] --END-- [ RunTime:0.001547s ]
INFO: [ app_begin ] --START--
INFO: ReadHtmlCache Behavior ::run [ RunTime:0.000709s ]
INFO: [ app_begin ] --END-- [ RunTime:0.000821s ]

[ 2015-11-14T01:06:33+08:00 ] 0.0.0.0 /evc/index.php/Usr/dotakesample?dvcid=9
INFO: [ route_check ] --START--
INFO: CheckRoute Behavior ::run [ RunTime:0.000949s ]
INFO: [ route_check ] --END-- [ RunTime:0.001101s ]
INFO: [ app_begin ] --START--
INFO: ReadHtmlCache Behavior ::run [ RunTime:0.000728s ]
INFO: [ app_begin ] --END-- [ RunTime:0.000842s ]

[ 2015-11-14T01:06:33+08:00 ] 0.0.0.0 /evc/index.php/Usr/dotakesample?dvcid=9
INFO: [ route_check ] --START--
INFO: CheckRoute Behavior ::run [ RunTime:0.000897s ]
INFO: [ route_check ] --END-- [ RunTime:0.001046s ]
INFO: [ app_begin ] --START--
INFO: ReadHtmlCache Behavior ::run [ RunTime:0.000721s ]
INFO: [ app_begin ] --END-- [ RunTime:0.000830s ]

[ 2015-11-14T01:06:34+08:00 ] 0.0.0.0 /evc/index.php/Usr/dotakesample?dvcid=9
INFO: [ route_check ] --START--
INFO: CheckRoute Behavior ::run [ RunTime:0.000926s ]
INFO: [ route_check ] --END-- [ RunTime:0.001072s ]
INFO: [ app_begin ] --START--
INFO: ReadHtmlCache Behavior ::run [ RunTime:0.000870s ]
INFO: [ app_begin ] --END-- [ RunTime:0.001024s ]

[ 2015-11-14T01:06:34+08:00 ] 0.0.0.0 /evc/index.php/Usr/dotakesample?dvcid=9
INFO: [ route_check ] --START--
INFO: CheckRoute Behavior ::run [ RunTime:0.001217s ]
INFO: [ route_check ] --END-- [ RunTime:0.001449s ]
INFO: [ app_begin ] --START--
INFO: ReadHtmlCache Behavior ::run [ RunTime:0.000746s ]
INFO: [ app_begin ] --END-- [ RunTime:0.000857s ]

[ 2015-11-14T01:06:35+08:00 ] 0.0.0.0 /evc/index.php/Usr/dotakesample?dvcid=9
INFO: [ route_check ] --START--
INFO: CheckRoute Behavior ::run [ RunTime:0.001275s ]
INFO: [ route_check ] --END-- [ RunTime:0.001443s ]
INFO: [ app_begin ] --START--
INFO: ReadHtmlCache Behavior ::run [ RunTime:0.000805s ]
INFO: [ app_begin ] --END-- [ RunTime:0.000919s ]

[ 2015-11-14T01:06:35+08:00 ] 0.0.0.0 /evc/index.php/Usr/dotakesample?dvcid=9
INFO: [ route_check ] --START--
INFO: CheckRoute Behavior ::run [ RunTime:0.001059s ]
INFO: [ route_check ] --END-- [ RunTime:0.001226s ]
INFO: [ app_begin ] --START--
INFO: ReadHtmlCache Behavior ::run [ RunTime:0.000856s ]
INFO: [ app_begin ] --END-- [ RunTime:0.000979s ]

[ 2015-11-14T01:06:37+08:00 ] 0.0.0.0 /evc/index.php/Usr/dotakesample?dvcid=9
INFO: [ route_check ] --START--
INFO: CheckRoute Behavior ::run [ RunTime:0.000970s ]
INFO: [ route_check ] --END-- [ RunTime:0.001127s ]
INFO: [ app_begin ] --START--
INFO: ReadHtmlCache Behavior ::run [ RunTime:0.000785s ]
INFO: [ app_begin ] --END-- [ RunTime:0.000898s ]

[ 2015-11-14T01:06:38+08:00 ] 0.0.0.0 /evc/index.php/Usr/usrct
INFO: [ route_check ] --START--
INFO: CheckRoute Behavior ::run [ RunTime:0.001046s ]
INFO: [ route_check ] --END-- [ RunTime:0.001208s ]
INFO: [ app_begin ] --START--
INFO: ReadHtmlCache Behavior ::run [ RunTime:0.000762s ]
INFO: [ app_begin ] --END-- [ RunTime:0.000897s ]
NOTIC: [8] Undefined index: status C:\wamp\www\evc\index\Lib\Action\UsrAction.class.php 第 137 行.
INFO: [ view_parse ] --START--
INFO: ParseTemplate Behavior ::run [ RunTime:0.022828s ]
INFO: [ view_parse ] --END-- [ RunTime:0.023001s ]
INFO: [ view_filter ] --START--
INFO: ContentReplace Behavior ::run [ RunTime:0.000700s ]
INFO: TokenBuild Behavior ::run [ RunTime:0.000561s ]
INFO: WriteHtmlCache Behavior ::run [ RunTime:0.000436s ]
INFO: ShowRuntime Behavior ::run [ RunTime:0.000620s ]
INFO: [ view_filter ] --END-- [ RunTime:0.002659s ]
INFO: [ view_end ] --START--
INFO: ShowPageTrace Behavior ::run [ RunTime:0.002589s ]
INFO: [ view_end ] --END-- [ RunTime:0.002805s ]

[ 2015-11-14T01:06:40+08:00 ] 0.0.0.0 /evc/index.php/Usr/doonoffdvc?dvcid=9&tm=&oprt=on&week=
INFO: [ route_check ] --START--
INFO: CheckRoute Behavior ::run [ RunTime:0.001237s ]
INFO: [ route_check ] --END-- [ RunTime:0.001396s ]
INFO: [ app_begin ] --START--
INFO: ReadHtmlCache Behavior ::run [ RunTime:0.000813s ]
INFO: [ app_begin ] --END-- [ RunTime:0.000926s ]
NOTIC: [8] Undefined index: openTime C:\wamp\www\evc\index\Lib\Action\UsrAction.class.php 第 305 行.

[ 2015-11-14T01:06:40+08:00 ] 0.0.0.0 /evc/index.php/Usr/dotakesample?dvcid=9
INFO: [ route_check ] --START--
INFO: CheckRoute Behavior ::run [ RunTime:0.000883s ]
INFO: [ route_check ] --END-- [ RunTime:0.001094s ]
INFO: [ app_begin ] --START--
INFO: ReadHtmlCache Behavior ::run [ RunTime:0.000779s ]
INFO: [ app_begin ] --END-- [ RunTime:0.000899s ]

[ 2015-11-14T01:06:41+08:00 ] 0.0.0.0 /evc/index.php/Usr/dotakesample?dvcid=9
INFO: [ route_check ] --START--
INFO: CheckRoute Behavior ::run [ RunTime:0.000900s ]
INFO: [ route_check ] --END-- [ RunTime:0.001055s ]
INFO: [ app_begin ] --START--
INFO: ReadHtmlCache Behavior ::run [ RunTime:0.000832s ]
INFO: [ app_begin ] --END-- [ RunTime:0.000950s ]

[ 2015-11-14T01:06:41+08:00 ] 0.0.0.0 /evc/index.php/Usr/dotakesample?dvcid=9
INFO: [ route_check ] --START--
INFO: CheckRoute Behavior ::run [ RunTime:0.000908s ]
INFO: [ route_check ] --END-- [ RunTime:0.001057s ]
INFO: [ app_begin ] --START--
INFO: ReadHtmlCache Behavior ::run [ RunTime:0.000751s ]
INFO: [ app_begin ] --END-- [ RunTime:0.000861s ]

[ 2015-11-14T01:06:42+08:00 ] 0.0.0.0 /evc/index.php/Usr/dotakesample?dvcid=9
INFO: [ route_check ] --START--
INFO: CheckRoute Behavior ::run [ RunTime:0.001196s ]
INFO: [ route_check ] --END-- [ RunTime:0.001454s ]
INFO: [ app_begin ] --START--
INFO: ReadHtmlCache Behavior ::run [ RunTime:0.000956s ]
INFO: [ app_begin ] --END-- [ RunTime:0.001089s ]

[ 2015-11-14T01:06:42+08:00 ] 0.0.0.0 /evc/index.php/Usr/dotakesample?dvcid=9
INFO: [ route_check ] --START--
INFO: CheckRoute Behavior ::run [ RunTime:0.000987s ]
INFO: [ route_check ] --END-- [ RunTime:0.001137s ]
INFO: [ app_begin ] --START--
INFO: ReadHtmlCache Behavior ::run [ RunTime:0.000679s ]
INFO: [ app_begin ] --END-- [ RunTime:0.000789s ]

[ 2015-11-14T01:06:43+08:00 ] 0.0.0.0 /evc/index.php/Usr/dotakesample?dvcid=9
INFO: [ route_check ] --START--
INFO: CheckRoute Behavior ::run [ RunTime:0.000922s ]
INFO: [ route_check ] --END-- [ RunTime:0.001084s ]
INFO: [ app_begin ] --START--
INFO: ReadHtmlCache Behavior ::run [ RunTime:0.000850s ]
INFO: [ app_begin ] --END-- [ RunTime:0.000986s ]

[ 2015-11-14T01:06:43+08:00 ] 0.0.0.0 /evc/index.php/Usr/dotakesample?dvcid=9
INFO: [ route_check ] --START--
INFO: CheckRoute Behavior ::run [ RunTime:0.000908s ]
INFO: [ route_check ] --END-- [ RunTime:0.001061s ]
INFO: [ app_begin ] --START--
INFO: ReadHtmlCache Behavior ::run [ RunTime:0.000767s ]
INFO: [ app_begin ] --END-- [ RunTime:0.000890s ]

[ 2015-11-14T01:06:44+08:00 ] 0.0.0.0 /evc/index.php/Usr/dotakesample?dvcid=9
INFO: [ route_check ] --START--
INFO: CheckRoute Behavior ::run [ RunTime:0.000931s ]
INFO: [ route_check ] --END-- [ RunTime:0.001082s ]
INFO: [ app_begin ] --START--
INFO: ReadHtmlCache Behavior ::run [ RunTime:0.000745s ]
INFO: [ app_begin ] --END-- [ RunTime:0.000854s ]

[ 2015-11-14T01:06:44+08:00 ] 0.0.0.0 /evc/index.php/Usr/dotakesample?dvcid=9
INFO: [ route_check ] --START--
INFO: CheckRoute Behavior ::run [ RunTime:0.000865s ]
INFO: [ route_check ] --END-- [ RunTime:0.001013s ]
INFO: [ app_begin ] --START--
INFO: ReadHtmlCache Behavior ::run [ RunTime:0.000646s ]
INFO: [ app_begin ] --END-- [ RunTime:0.000751s ]

[ 2015-11-14T01:06:45+08:00 ] 0.0.0.0 /evc/index.php/Usr/dotakesample?dvcid=9
INFO: [ route_check ] --START--
INFO: CheckRoute Behavior ::run [ RunTime:0.000959s ]
INFO: [ route_check ] --END-- [ RunTime:0.001110s ]
INFO: [ app_begin ] --START--
INFO: ReadHtmlCache Behavior ::run [ RunTime:0.001223s ]
INFO: [ app_begin ] --END-- [ RunTime:0.001402s ]

[ 2015-11-14T01:06:47+08:00 ] 0.0.0.0 /evc/index.php/Usr/dotakesample?dvcid=9
INFO: [ route_check ] --START--
INFO: CheckRoute Behavior ::run [ RunTime:0.001070s ]
INFO: [ route_check ] --END-- [ RunTime:0.001278s ]
INFO: [ app_begin ] --START--
INFO: ReadHtmlCache Behavior ::run [ RunTime:0.000712s ]
INFO: [ app_begin ] --END-- [ RunTime:0.000827s ]

[ 2015-11-14T01:12:20+08:00 ] 0.0.0.0 /evc/index.php/Usr/fnddvcbydvcid?dvcid=9
INFO: [ route_check ] --START--
INFO: CheckRoute Behavior ::run [ RunTime:0.001091s ]
INFO: [ route_check ] --END-- [ RunTime:0.001245s ]
INFO: [ app_begin ] --START--
INFO: ReadHtmlCache Behavior ::run [ RunTime:0.000734s ]
INFO: [ app_begin ] --END-- [ RunTime:0.000841s ]
NOTIC: [8] Undefined variable: str C:\wamp\www\evc\index\Lib\Action\UsrAction.class.php 第 522 行.

[ 2015-11-14T01:15:45+08:00 ] 0.0.0.0 /evc/index.php/Usr/usrct
INFO: [ route_check ] --START--
INFO: CheckRoute Behavior ::run [ RunTime:0.001190s ]
INFO: [ route_check ] --END-- [ RunTime:0.001351s ]
INFO: [ app_begin ] --START--
INFO: ReadHtmlCache Behavior ::run [ RunTime:0.000763s ]
INFO: [ app_begin ] --END-- [ RunTime:0.000890s ]
NOTIC: [8] Undefined index: status C:\wamp\www\evc\index\Lib\Action\UsrAction.class.php 第 137 行.
INFO: [ view_parse ] --START--
INFO: ParseTemplate Behavior ::run [ RunTime:0.021277s ]
INFO: [ view_parse ] --END-- [ RunTime:0.021468s ]
INFO: [ view_filter ] --START--
INFO: ContentReplace Behavior ::run [ RunTime:0.000736s ]
INFO: TokenBuild Behavior ::run [ RunTime:0.000678s ]
INFO: WriteHtmlCache Behavior ::run [ RunTime:0.000483s ]
INFO: ShowRuntime Behavior ::run [ RunTime:0.000990s ]
INFO: [ view_filter ] --END-- [ RunTime:0.003274s ]
INFO: [ view_end ] --START--
INFO: ShowPageTrace Behavior ::run [ RunTime:0.000870s ]
INFO: [ view_end ] --END-- [ RunTime:0.001006s ]

[ 2015-11-14T01:15:46+08:00 ] 0.0.0.0 /evc/index.php/Usr/fnddvcbydvcid?dvcid=9
INFO: [ route_check ] --START--
INFO: CheckRoute Behavior ::run [ RunTime:0.000874s ]
INFO: [ route_check ] --END-- [ RunTime:0.001022s ]
INFO: [ app_begin ] --START--
INFO: ReadHtmlCache Behavior ::run [ RunTime:0.000726s ]
INFO: [ app_begin ] --END-- [ RunTime:0.000833s ]
NOTIC: [8] Undefined variable: str C:\wamp\www\evc\index\Lib\Action\UsrAction.class.php 第 522 行.

[ 2015-11-14T01:15:50+08:00 ] 0.0.0.0 /evc/index.php/Usr/usrct
INFO: [ route_check ] --START--
INFO: CheckRoute Behavior ::run [ RunTime:0.001093s ]
INFO: [ route_check ] --END-- [ RunTime:0.001477s ]
INFO: [ app_begin ] --START--
INFO: ReadHtmlCache Behavior ::run [ RunTime:0.000713s ]
INFO: [ app_begin ] --END-- [ RunTime:0.000848s ]
NOTIC: [8] Undefined index: status C:\wamp\www\evc\index\Lib\Action\UsrAction.class.php 第 137 行.
INFO: [ view_parse ] --START--
INFO: ParseTemplate Behavior ::run [ RunTime:0.040593s ]
INFO: [ view_parse ] --END-- [ RunTime:0.040921s ]
INFO: [ view_filter ] --START--
INFO: ContentReplace Behavior ::run [ RunTime:0.001319s ]
INFO: TokenBuild Behavior ::run [ RunTime:0.001133s ]
INFO: WriteHtmlCache Behavior ::run [ RunTime:0.000450s ]
INFO: ShowRuntime Behavior ::run [ RunTime:0.000661s ]
INFO: [ view_filter ] --END-- [ RunTime:0.004077s ]
INFO: [ view_end ] --START--
INFO: ShowPageTrace Behavior ::run [ RunTime:0.000910s ]
INFO: [ view_end ] --END-- [ RunTime:0.001098s ]

[ 2015-11-14T01:15:52+08:00 ] 0.0.0.0 /evc/index.php/Usr/fnddvcbydvcid?dvcid=9
INFO: [ route_check ] --START--
INFO: CheckRoute Behavior ::run [ RunTime:0.002944s ]
INFO: [ route_check ] --END-- [ RunTime:0.003212s ]
INFO: [ app_begin ] --START--
INFO: ReadHtmlCache Behavior ::run [ RunTime:0.001114s ]
INFO: [ app_begin ] --END-- [ RunTime:0.001301s ]
NOTIC: [8] Undefined variable: str C:\wamp\www\evc\index\Lib\Action\UsrAction.class.php 第 522 行.

[ 2015-11-14T01:16:20+08:00 ] 0.0.0.0 /evc/index.php/Usr/doonoffdvc?dvcid=9&tm=&oprt=on&week=
INFO: [ route_check ] --START--
INFO: CheckRoute Behavior ::run [ RunTime:0.001314s ]
INFO: [ route_check ] --END-- [ RunTime:0.001504s ]
INFO: [ app_begin ] --START--
INFO: ReadHtmlCache Behavior ::run [ RunTime:0.000989s ]
INFO: [ app_begin ] --END-- [ RunTime:0.001512s ]
NOTIC: [8] Undefined index: openTime C:\wamp\www\evc\index\Lib\Action\UsrAction.class.php 第 305 行.

[ 2015-11-14T01:16:20+08:00 ] 0.0.0.0 /evc/index.php/Usr/dotakesample?dvcid=9
INFO: [ route_check ] --START--
INFO: CheckRoute Behavior ::run [ RunTime:0.001089s ]
INFO: [ route_check ] --END-- [ RunTime:0.001306s ]
INFO: [ app_begin ] --START--
INFO: ReadHtmlCache Behavior ::run [ RunTime:0.000717s ]
INFO: [ app_begin ] --END-- [ RunTime:0.000830s ]

[ 2015-11-14T01:16:21+08:00 ] 0.0.0.0 /evc/index.php/Usr/dotakesample?dvcid=9
INFO: [ route_check ] --START--
INFO: CheckRoute Behavior ::run [ RunTime:0.001021s ]
INFO: [ route_check ] --END-- [ RunTime:0.001190s ]
INFO: [ app_begin ] --START--
INFO: ReadHtmlCache Behavior ::run [ RunTime:0.000865s ]
INFO: [ app_begin ] --END-- [ RunTime:0.000990s ]

[ 2015-11-14T01:16:21+08:00 ] 0.0.0.0 /evc/index.php/Usr/dotakesample?dvcid=9
INFO: [ route_check ] --START--
INFO: CheckRoute Behavior ::run [ RunTime:0.001152s ]
INFO: [ route_check ] --END-- [ RunTime:0.001341s ]
INFO: [ app_begin ] --START--
INFO: ReadHtmlCache Behavior ::run [ RunTime:0.000887s ]
INFO: [ app_begin ] --END-- [ RunTime:0.001011s ]

[ 2015-11-14T01:16:22+08:00 ] 0.0.0.0 /evc/index.php/Usr/dotakesample?dvcid=9
INFO: [ route_check ] --START--
INFO: CheckRoute Behavior ::run [ RunTime:0.001079s ]
INFO: [ route_check ] --END-- [ RunTime:0.001261s ]
INFO: [ app_begin ] --START--
INFO: ReadHtmlCache Behavior ::run [ RunTime:0.000796s ]
INFO: [ app_begin ] --END-- [ RunTime:0.000906s ]

[ 2015-11-14T01:16:22+08:00 ] 0.0.0.0 /evc/index.php/Usr/dotakesample?dvcid=9
INFO: [ route_check ] --START--
INFO: CheckRoute Behavior ::run [ RunTime:0.001030s ]
INFO: [ route_check ] --END-- [ RunTime:0.001207s ]
INFO: [ app_begin ] --START--
INFO: ReadHtmlCache Behavior ::run [ RunTime:0.000754s ]
INFO: [ app_begin ] --END-- [ RunTime:0.000873s ]

[ 2015-11-14T01:16:23+08:00 ] 0.0.0.0 /evc/index.php/Usr/dotakesample?dvcid=9
INFO: [ route_check ] --START--
INFO: CheckRoute Behavior ::run [ RunTime:0.001622s ]
INFO: [ route_check ] --END-- [ RunTime:0.001806s ]
INFO: [ app_begin ] --START--
INFO: ReadHtmlCache Behavior ::run [ RunTime:0.000965s ]
INFO: [ app_begin ] --END-- [ RunTime:0.001096s ]

[ 2015-11-14T01:16:23+08:00 ] 0.0.0.0 /evc/index.php/Usr/dotakesample?dvcid=9
INFO: [ route_check ] --START--
INFO: CheckRoute Behavior ::run [ RunTime:0.000952s ]
INFO: [ route_check ] --END-- [ RunTime:0.001104s ]
INFO: [ app_begin ] --START--
INFO: ReadHtmlCache Behavior ::run [ RunTime:0.000732s ]
INFO: [ app_begin ] --END-- [ RunTime:0.000842s ]

[ 2015-11-14T01:16:24+08:00 ] 0.0.0.0 /evc/index.php/Usr/dotakesample?dvcid=9
INFO: [ route_check ] --START--
INFO: CheckRoute Behavior ::run [ RunTime:0.001040s ]
INFO: [ route_check ] --END-- [ RunTime:0.001209s ]
INFO: [ app_begin ] --START--
INFO: ReadHtmlCache Behavior ::run [ RunTime:0.000790s ]
INFO: [ app_begin ] --END-- [ RunTime:0.000918s ]

[ 2015-11-14T01:16:24+08:00 ] 0.0.0.0 /evc/index.php/Usr/dotakesample?dvcid=9
INFO: [ route_check ] --START--
INFO: CheckRoute Behavior ::run [ RunTime:0.001223s ]
INFO: [ route_check ] --END-- [ RunTime:0.001394s ]
INFO: [ app_begin ] --START--
INFO: ReadHtmlCache Behavior ::run [ RunTime:0.000914s ]
INFO: [ app_begin ] --END-- [ RunTime:0.001046s ]

[ 2015-11-14T01:16:25+08:00 ] 0.0.0.0 /evc/index.php/Usr/dotakesample?dvcid=9
INFO: [ route_check ] --START--
INFO: CheckRoute Behavior ::run [ RunTime:0.000886s ]
INFO: [ route_check ] --END-- [ RunTime:0.001037s ]
INFO: [ app_begin ] --START--
INFO: ReadHtmlCache Behavior ::run [ RunTime:0.000687s ]
INFO: [ app_begin ] --END-- [ RunTime:0.000800s ]

[ 2015-11-14T01:18:08+08:00 ] 0.0.0.0 /evc/index.php/Usr/dotakesample?dvcid=9
INFO: [ route_check ] --START--
INFO: CheckRoute Behavior ::run [ RunTime:0.001095s ]
INFO: [ route_check ] --END-- [ RunTime:0.001253s ]
INFO: [ app_begin ] --START--
INFO: ReadHtmlCache Behavior ::run [ RunTime:0.000739s ]
INFO: [ app_begin ] --END-- [ RunTime:0.000849s ]

[ 2015-11-14T01:18:17+08:00 ] 0.0.0.0 /evc/index.php/Usr/doonoffdvc?dvcid=9&tm=&oprt=on&week=
INFO: [ route_check ] --START--
INFO: CheckRoute Behavior ::run [ RunTime:0.000907s ]
INFO: [ route_check ] --END-- [ RunTime:0.001070s ]
INFO: [ app_begin ] --START--
INFO: ReadHtmlCache Behavior ::run [ RunTime:0.000679s ]
INFO: [ app_begin ] --END-- [ RunTime:0.000787s ]
NOTIC: [8] Undefined index: openTime C:\wamp\www\evc\index\Lib\Action\UsrAction.class.php 第 305 行.

[ 2015-11-14T01:18:18+08:00 ] 0.0.0.0 /evc/index.php/Usr/dotakesample?dvcid=9
INFO: [ route_check ] --START--
INFO: CheckRoute Behavior ::run [ RunTime:0.001255s ]
INFO: [ route_check ] --END-- [ RunTime:0.001417s ]
INFO: [ app_begin ] --START--
INFO: ReadHtmlCache Behavior ::run [ RunTime:0.000750s ]
INFO: [ app_begin ] --END-- [ RunTime:0.000859s ]

[ 2015-11-14T01:18:19+08:00 ] 0.0.0.0 /evc/index.php/Usr/dotakesample?dvcid=9
INFO: [ route_check ] --START--
INFO: CheckRoute Behavior ::run [ RunTime:0.000879s ]
INFO: [ route_check ] --END-- [ RunTime:0.001033s ]
INFO: [ app_begin ] --START--
INFO: ReadHtmlCache Behavior ::run [ RunTime:0.000682s ]
INFO: [ app_begin ] --END-- [ RunTime:0.000789s ]

[ 2015-11-14T01:18:19+08:00 ] 0.0.0.0 /evc/index.php/Usr/dotakesample?dvcid=9
INFO: [ route_check ] --START--
INFO: CheckRoute Behavior ::run [ RunTime:0.002383s ]
INFO: [ route_check ] --END-- [ RunTime:0.002661s ]
INFO: [ app_begin ] --START--
INFO: ReadHtmlCache Behavior ::run [ RunTime:0.000832s ]
INFO: [ app_begin ] --END-- [ RunTime:0.000948s ]

[ 2015-11-14T01:18:20+08:00 ] 0.0.0.0 /evc/index.php/Usr/dotakesample?dvcid=9
INFO: [ route_check ] --START--
INFO: CheckRoute Behavior ::run [ RunTime:0.001091s ]
INFO: [ route_check ] --END-- [ RunTime:0.001251s ]
INFO: [ app_begin ] --START--
INFO: ReadHtmlCache Behavior ::run [ RunTime:0.000798s ]
INFO: [ app_begin ] --END-- [ RunTime:0.000917s ]

[ 2015-11-14T01:18:20+08:00 ] 0.0.0.0 /evc/index.php/Usr/dotakesample?dvcid=9
INFO: [ route_check ] --START--
INFO: CheckRoute Behavior ::run [ RunTime:0.000960s ]
INFO: [ route_check ] --END-- [ RunTime:0.001122s ]
INFO: [ app_begin ] --START--
INFO: ReadHtmlCache Behavior ::run [ RunTime:0.001046s ]
INFO: [ app_begin ] --END-- [ RunTime:0.001173s ]

[ 2015-11-14T01:18:21+08:00 ] 0.0.0.0 /evc/index.php/Usr/dotakesample?dvcid=9
INFO: [ route_check ] --START--
INFO: CheckRoute Behavior ::run [ RunTime:0.001755s ]
INFO: [ route_check ] --END-- [ RunTime:0.001922s ]
INFO: [ app_begin ] --START--
INFO: ReadHtmlCache Behavior ::run [ RunTime:0.000919s ]
INFO: [ app_begin ] --END-- [ RunTime:0.001078s ]

[ 2015-11-14T01:18:21+08:00 ] 0.0.0.0 /evc/index.php/Usr/dotakesample?dvcid=9
INFO: [ route_check ] --START--
INFO: CheckRoute Behavior ::run [ RunTime:0.001222s ]
INFO: [ route_check ] --END-- [ RunTime:0.001387s ]
INFO: [ app_begin ] --START--
INFO: ReadHtmlCache Behavior ::run [ RunTime:0.000802s ]
INFO: [ app_begin ] --END-- [ RunTime:0.000916s ]

[ 2015-11-14T01:18:22+08:00 ] 0.0.0.0 /evc/index.php/Usr/dotakesample?dvcid=9
INFO: [ route_check ] --START--
INFO: CheckRoute Behavior ::run [ RunTime:0.001228s ]
INFO: [ route_check ] --END-- [ RunTime:0.001395s ]
INFO: [ app_begin ] --START--
INFO: ReadHtmlCache Behavior ::run [ RunTime:0.000721s ]
INFO: [ app_begin ] --END-- [ RunTime:0.000833s ]

[ 2015-11-14T01:18:22+08:00 ] 0.0.0.0 /evc/index.php/Usr/dotakesample?dvcid=9
INFO: [ route_check ] --START--
INFO: CheckRoute Behavior ::run [ RunTime:0.001015s ]
INFO: [ route_check ] --END-- [ RunTime:0.001168s ]
INFO: [ app_begin ] --START--
INFO: ReadHtmlCache Behavior ::run [ RunTime:0.000725s ]
INFO: [ app_begin ] --END-- [ RunTime:0.000840s ]

[ 2015-11-14T01:18:23+08:00 ] 0.0.0.0 /evc/index.php/Usr/dotakesample?dvcid=9
INFO: [ route_check ] --START--
INFO: CheckRoute Behavior ::run [ RunTime:0.001256s ]
INFO: [ route_check ] --END-- [ RunTime:0.001433s ]
INFO: [ app_begin ] --START--
INFO: ReadHtmlCache Behavior ::run [ RunTime:0.000801s ]
INFO: [ app_begin ] --END-- [ RunTime:0.000914s ]

[ 2015-11-14T01:18:25+08:00 ] 0.0.0.0 /evc/index.php/Usr/dotakesample?dvcid=9
INFO: [ route_check ] --START--
INFO: CheckRoute Behavior ::run [ RunTime:0.000857s ]
INFO: [ route_check ] --END-- [ RunTime:0.001011s ]
INFO: [ app_begin ] --START--
INFO: ReadHtmlCache Behavior ::run [ RunTime:0.000647s ]
INFO: [ app_begin ] --END-- [ RunTime:0.000757s ]

[ 2015-11-14T01:20:40+08:00 ] 0.0.0.0 /evc/index.php/Usr/usrct
INFO: [ route_check ] --START--
INFO: CheckRoute Behavior ::run [ RunTime:0.001445s ]
INFO: [ route_check ] --END-- [ RunTime:0.001663s ]
INFO: [ app_begin ] --START--
INFO: ReadHtmlCache Behavior ::run [ RunTime:0.001301s ]
INFO: [ app_begin ] --END-- [ RunTime:0.001565s ]
NOTIC: [8] Undefined index: status C:\wamp\www\evc\index\Lib\Action\UsrAction.class.php 第 137 行.
INFO: [ view_parse ] --START--
INFO: ParseTemplate Behavior ::run [ RunTime:0.021577s ]
INFO: [ view_parse ] --END-- [ RunTime:0.021776s ]
INFO: [ view_filter ] --START--
INFO: ContentReplace Behavior ::run [ RunTime:0.000767s ]
INFO: TokenBuild Behavior ::run [ RunTime:0.000670s ]
INFO: WriteHtmlCache Behavior ::run [ RunTime:0.000499s ]
INFO: ShowRuntime Behavior ::run [ RunTime:0.000712s ]
INFO: [ view_filter ] --END-- [ RunTime:0.003026s ]
INFO: [ view_end ] --START--
INFO: ShowPageTrace Behavior ::run [ RunTime:0.000810s ]
INFO: [ view_end ] --END-- [ RunTime:0.000942s ]

[ 2015-11-14T01:20:41+08:00 ] 0.0.0.0 /evc/index.php/Usr/fnddvcbydvcid?dvcid=9
INFO: [ route_check ] --START--
INFO: CheckRoute Behavior ::run [ RunTime:0.001800s ]
INFO: [ route_check ] --END-- [ RunTime:0.002074s ]
INFO: [ app_begin ] --START--
INFO: ReadHtmlCache Behavior ::run [ RunTime:0.001167s ]
INFO: [ app_begin ] --END-- [ RunTime:0.001326s ]
NOTIC: [8] Undefined variable: str C:\wamp\www\evc\index\Lib\Action\UsrAction.class.php 第 522 行.

