[ 2015-11-15T12:48:18+08:00 ] 0.0.0.0 /evc/
INFO: [ app_begin ] --START--
INFO: ReadHtmlCache Behavior ::run [ RunTime:0.001207s ]
INFO: [ app_begin ] --END-- [ RunTime:0.001381s ]
NOTIC: [8] Undefined index: lth C:\wamp\www\evc\index\Lib\Action\IndexAction.class.php 第 52 行.
INFO: [ view_parse ] --START--
INFO: ParseTemplate Behavior ::run [ RunTime:0.025624s ]
INFO: [ view_parse ] --END-- [ RunTime:0.025863s ]
INFO: [ view_filter ] --START--
INFO: ContentReplace Behavior ::run [ RunTime:0.001268s ]
INFO: TokenBuild Behavior ::run [ RunTime:0.001155s ]
INFO: WriteHtmlCache Behavior ::run [ RunTime:0.000903s ]
INFO: ShowRuntime Behavior ::run [ RunTime:0.001422s ]
INFO: [ view_filter ] --END-- [ RunTime:0.005199s ]
INFO: [ view_end ] --START--
INFO: ShowPageTrace Behavior ::run [ RunTime:0.001429s ]
INFO: [ view_end ] --END-- [ RunTime:0.001596s ]

[ 2015-11-15T12:48:19+08:00 ] 0.0.0.0 /evc/index.php/Cmn/vrfusrstat?x=usrct
INFO: [ route_check ] --START--
INFO: CheckRoute Behavior ::run [ RunTime:0.001195s ]
INFO: [ route_check ] --END-- [ RunTime:0.001339s ]
INFO: [ app_begin ] --START--
INFO: ReadHtmlCache Behavior ::run [ RunTime:0.000638s ]
INFO: [ app_begin ] --END-- [ RunTime:0.000751s ]

[ 2015-11-15T12:48:20+08:00 ] 0.0.0.0 /evc/index.php/Usr/usrct
INFO: [ route_check ] --START--
INFO: CheckRoute Behavior ::run [ RunTime:0.000978s ]
INFO: [ route_check ] --END-- [ RunTime:0.001145s ]
INFO: [ app_begin ] --START--
INFO: ReadHtmlCache Behavior ::run [ RunTime:0.000749s ]
INFO: [ app_begin ] --END-- [ RunTime:0.000891s ]
NOTIC: [8] Undefined variable: disabled C:\wamp\www\evc\index\Lib\Action\UsrAction.class.php 第 279 行.
INFO: [ view_parse ] --START--
NOTIC: [8] Undefined variable: aaa C:\wamp\www\evc\index\Runtime\Cache\ea56e757f03163943e2454407dd9782c.php 第 76 行.
NOTIC: [8] Undefined variable: status C:\wamp\www\evc\index\Runtime\Cache\ea56e757f03163943e2454407dd9782c.php 第 78 行.
INFO: ParseTemplate Behavior ::run [ RunTime:0.019945s ]
INFO: [ view_parse ] --END-- [ RunTime:0.020092s ]
INFO: [ view_filter ] --START--
INFO: ContentReplace Behavior ::run [ RunTime:0.000676s ]
INFO: TokenBuild Behavior ::run [ RunTime:0.000558s ]
INFO: WriteHtmlCache Behavior ::run [ RunTime:0.000405s ]
INFO: ShowRuntime Behavior ::run [ RunTime:0.000687s ]
INFO: [ view_filter ] --END-- [ RunTime:0.002637s ]
INFO: [ view_end ] --START--
INFO: ShowPageTrace Behavior ::run [ RunTime:0.000699s ]
INFO: [ view_end ] --END-- [ RunTime:0.000813s ]

[ 2015-11-15T14:08:09+08:00 ] 0.0.0.0 /evc/index.php
INFO: [ app_begin ] --START--
INFO: ReadHtmlCache Behavior ::run [ RunTime:0.001276s ]
INFO: [ app_begin ] --END-- [ RunTime:0.001450s ]
NOTIC: [8] Undefined index: lth C:\wamp\www\evc\index\Lib\Action\IndexAction.class.php 第 52 行.
INFO: [ view_parse ] --START--
INFO: ParseTemplate Behavior ::run [ RunTime:0.018393s ]
INFO: [ view_parse ] --END-- [ RunTime:0.018580s ]
INFO: [ view_filter ] --START--
INFO: ContentReplace Behavior ::run [ RunTime:0.001086s ]
INFO: TokenBuild Behavior ::run [ RunTime:0.001254s ]
INFO: WriteHtmlCache Behavior ::run [ RunTime:0.001183s ]
INFO: ShowRuntime Behavior ::run [ RunTime:0.001815s ]
INFO: [ view_filter ] --END-- [ RunTime:0.006024s ]
INFO: [ view_end ] --START--
INFO: ShowPageTrace Behavior ::run [ RunTime:0.001213s ]
INFO: [ view_end ] --END-- [ RunTime:0.001351s ]

[ 2015-11-15T14:08:30+08:00 ] 0.0.0.0 /evc/index.php
INFO: [ app_begin ] --START--
INFO: ReadHtmlCache Behavior ::run [ RunTime:0.000853s ]
INFO: [ app_begin ] --END-- [ RunTime:0.001012s ]
NOTIC: [8] Undefined index: lth C:\wamp\www\evc\index\Lib\Action\IndexAction.class.php 第 52 行.
INFO: [ view_parse ] --START--
INFO: ParseTemplate Behavior ::run [ RunTime:0.016752s ]
INFO: [ view_parse ] --END-- [ RunTime:0.017016s ]
INFO: [ view_filter ] --START--
INFO: ContentReplace Behavior ::run [ RunTime:0.000790s ]
INFO: TokenBuild Behavior ::run [ RunTime:0.000836s ]
INFO: WriteHtmlCache Behavior ::run [ RunTime:0.000578s ]
INFO: ShowRuntime Behavior ::run [ RunTime:0.000957s ]
INFO: [ view_filter ] --END-- [ RunTime:0.003663s ]
INFO: [ view_end ] --START--
INFO: ShowPageTrace Behavior ::run [ RunTime:0.001629s ]
INFO: [ view_end ] --END-- [ RunTime:0.001954s ]

[ 2015-11-15T14:08:31+08:00 ] 0.0.0.0 /evc/index.php/Cmn/dspdvc?ctlgtd=120.207736&ctlttd=30.211754
INFO: [ route_check ] --START--
INFO: CheckRoute Behavior ::run [ RunTime:0.003154s ]
INFO: [ route_check ] --END-- [ RunTime:0.003388s ]
INFO: [ app_begin ] --START--
INFO: ReadHtmlCache Behavior ::run [ RunTime:0.003966s ]
INFO: [ app_begin ] --END-- [ RunTime:0.004197s ]

[ 2015-11-15T14:17:24+08:00 ] 0.0.0.0 /evc/
INFO: [ app_begin ] --START--
INFO: ReadHtmlCache Behavior ::run [ RunTime:0.001126s ]
INFO: [ app_begin ] --END-- [ RunTime:0.001284s ]
NOTIC: [8] Undefined index: lth C:\wamp\www\evc\index\Lib\Action\IndexAction.class.php 第 52 行.
INFO: [ view_parse ] --START--
INFO: ParseTemplate Behavior ::run [ RunTime:0.015798s ]
INFO: [ view_parse ] --END-- [ RunTime:0.015970s ]
INFO: [ view_filter ] --START--
INFO: ContentReplace Behavior ::run [ RunTime:0.001102s ]
INFO: TokenBuild Behavior ::run [ RunTime:0.000914s ]
INFO: WriteHtmlCache Behavior ::run [ RunTime:0.001297s ]
INFO: ShowRuntime Behavior ::run [ RunTime:0.001668s ]
INFO: [ view_filter ] --END-- [ RunTime:0.005650s ]
INFO: [ view_end ] --START--
INFO: ShowPageTrace Behavior ::run [ RunTime:0.001332s ]
INFO: [ view_end ] --END-- [ RunTime:0.001505s ]

[ 2015-11-15T14:17:25+08:00 ] 0.0.0.0 /evc/index.php/Cmn/dspdvc?ctlgtd=120.207736&ctlttd=30.211754
INFO: [ route_check ] --START--
INFO: CheckRoute Behavior ::run [ RunTime:0.002079s ]
INFO: [ route_check ] --END-- [ RunTime:0.002354s ]
INFO: [ app_begin ] --START--
INFO: ReadHtmlCache Behavior ::run [ RunTime:0.001433s ]
INFO: [ app_begin ] --END-- [ RunTime:0.001637s ]

[ 2015-11-15T14:17:28+08:00 ] 0.0.0.0 /evc/index.php/Cmn/vrfusrstat?x=usrct
INFO: [ route_check ] --START--
INFO: CheckRoute Behavior ::run [ RunTime:0.001119s ]
INFO: [ route_check ] --END-- [ RunTime:0.001279s ]
INFO: [ app_begin ] --START--
INFO: ReadHtmlCache Behavior ::run [ RunTime:0.000774s ]
INFO: [ app_begin ] --END-- [ RunTime:0.000905s ]

[ 2015-11-15T14:17:29+08:00 ] 0.0.0.0 /evc/index.php/Usr/usrct
INFO: [ route_check ] --START--
INFO: CheckRoute Behavior ::run [ RunTime:0.000924s ]
INFO: [ route_check ] --END-- [ RunTime:0.001079s ]
INFO: [ app_begin ] --START--
INFO: ReadHtmlCache Behavior ::run [ RunTime:0.000667s ]
INFO: [ app_begin ] --END-- [ RunTime:0.000793s ]
INFO: [ view_parse ] --START--
NOTIC: [8] Undefined variable: aaa C:\wamp\www\evc\index\Runtime\Cache\ea56e757f03163943e2454407dd9782c.php 第 76 行.
NOTIC: [8] Undefined variable: status C:\wamp\www\evc\index\Runtime\Cache\ea56e757f03163943e2454407dd9782c.php 第 78 行.
INFO: ParseTemplate Behavior ::run [ RunTime:0.024207s ]
INFO: [ view_parse ] --END-- [ RunTime:0.024355s ]
INFO: [ view_filter ] --START--
INFO: ContentReplace Behavior ::run [ RunTime:0.000922s ]
INFO: TokenBuild Behavior ::run [ RunTime:0.001509s ]
INFO: WriteHtmlCache Behavior ::run [ RunTime:0.000901s ]
INFO: ShowRuntime Behavior ::run [ RunTime:0.000815s ]
INFO: [ view_filter ] --END-- [ RunTime:0.004730s ]
INFO: [ view_end ] --START--
INFO: ShowPageTrace Behavior ::run [ RunTime:0.001277s ]
INFO: [ view_end ] --END-- [ RunTime:0.001471s ]

[ 2015-11-15T14:26:49+08:00 ] 0.0.0.0 /evc/index.php
INFO: [ app_begin ] --START--
INFO: ReadHtmlCache Behavior ::run [ RunTime:0.000996s ]
INFO: [ app_begin ] --END-- [ RunTime:0.001183s ]
NOTIC: [8] Undefined index: lth C:\wamp\www\evc\index\Lib\Action\IndexAction.class.php 第 52 行.
INFO: [ view_parse ] --START--
INFO: ParseTemplate Behavior ::run [ RunTime:0.030407s ]
INFO: [ view_parse ] --END-- [ RunTime:0.030810s ]
INFO: [ view_filter ] --START--
INFO: ContentReplace Behavior ::run [ RunTime:0.000829s ]
INFO: TokenBuild Behavior ::run [ RunTime:0.000882s ]
INFO: WriteHtmlCache Behavior ::run [ RunTime:0.000609s ]
INFO: ShowRuntime Behavior ::run [ RunTime:0.000820s ]
INFO: [ view_filter ] --END-- [ RunTime:0.003811s ]
INFO: [ view_end ] --START--
INFO: ShowPageTrace Behavior ::run [ RunTime:0.000859s ]
INFO: [ view_end ] --END-- [ RunTime:0.000998s ]

[ 2015-11-15T14:26:50+08:00 ] 0.0.0.0 /evc/index.php/Cmn/dspdvc?ctlgtd=120.207736&ctlttd=30.211754
INFO: [ route_check ] --START--
INFO: CheckRoute Behavior ::run [ RunTime:0.001015s ]
INFO: [ route_check ] --END-- [ RunTime:0.001198s ]
INFO: [ app_begin ] --START--
INFO: ReadHtmlCache Behavior ::run [ RunTime:0.000835s ]
INFO: [ app_begin ] --END-- [ RunTime:0.000972s ]

[ 2015-11-15T14:42:54+08:00 ] 0.0.0.0 /evc/index.php
INFO: [ app_begin ] --START--
INFO: ReadHtmlCache Behavior ::run [ RunTime:0.001166s ]
INFO: [ app_begin ] --END-- [ RunTime:0.001388s ]
NOTIC: [8] Undefined index: lth C:\wamp\www\evc\index\Lib\Action\IndexAction.class.php 第 52 行.
INFO: [ view_parse ] --START--
INFO: ParseTemplate Behavior ::run [ RunTime:0.027784s ]
INFO: [ view_parse ] --END-- [ RunTime:0.028031s ]
INFO: [ view_filter ] --START--
INFO: ContentReplace Behavior ::run [ RunTime:0.001230s ]
INFO: TokenBuild Behavior ::run [ RunTime:0.000965s ]
INFO: WriteHtmlCache Behavior ::run [ RunTime:0.000989s ]
INFO: ShowRuntime Behavior ::run [ RunTime:0.001236s ]
INFO: [ view_filter ] --END-- [ RunTime:0.004946s ]
INFO: [ view_end ] --START--
INFO: ShowPageTrace Behavior ::run [ RunTime:0.001343s ]
INFO: [ view_end ] --END-- [ RunTime:0.001482s ]

[ 2015-11-15T14:42:55+08:00 ] 0.0.0.0 /evc/index.php/Cmn/dspdvc?ctlgtd=120.207736&ctlttd=30.211754
INFO: [ route_check ] --START--
INFO: CheckRoute Behavior ::run [ RunTime:0.001949s ]
INFO: [ route_check ] --END-- [ RunTime:0.002219s ]
INFO: [ app_begin ] --START--
INFO: ReadHtmlCache Behavior ::run [ RunTime:0.001097s ]
INFO: [ app_begin ] --END-- [ RunTime:0.001285s ]

[ 2015-11-15T14:56:55+08:00 ] 0.0.0.0 /evc/index.php/Usr/usrct
INFO: [ route_check ] --START--
INFO: CheckRoute Behavior ::run [ RunTime:0.001373s ]
INFO: [ route_check ] --END-- [ RunTime:0.001522s ]
INFO: [ app_begin ] --START--
INFO: ReadHtmlCache Behavior ::run [ RunTime:0.001005s ]
INFO: [ app_begin ] --END-- [ RunTime:0.001139s ]
NOTIC: [8] Undefined variable: disabled C:\wamp\www\evc\index\Lib\Action\UsrAction.class.php 第 279 行.
INFO: [ view_parse ] --START--
NOTIC: [8] Undefined variable: aaa C:\wamp\www\evc\index\Runtime\Cache\ea56e757f03163943e2454407dd9782c.php 第 76 行.
NOTIC: [8] Undefined variable: status C:\wamp\www\evc\index\Runtime\Cache\ea56e757f03163943e2454407dd9782c.php 第 78 行.
INFO: ParseTemplate Behavior ::run [ RunTime:0.044311s ]
INFO: [ view_parse ] --END-- [ RunTime:0.044530s ]
INFO: [ view_filter ] --START--
INFO: ContentReplace Behavior ::run [ RunTime:0.001026s ]
INFO: TokenBuild Behavior ::run [ RunTime:0.000913s ]
INFO: WriteHtmlCache Behavior ::run [ RunTime:0.000696s ]
INFO: ShowRuntime Behavior ::run [ RunTime:0.000976s ]
INFO: [ view_filter ] --END-- [ RunTime:0.003936s ]
INFO: [ view_end ] --START--
INFO: ShowPageTrace Behavior ::run [ RunTime:0.001108s ]
INFO: [ view_end ] --END-- [ RunTime:0.001229s ]

[ 2015-11-15T14:57:02+08:00 ] 0.0.0.0 /evc/index.php/Index/getdvcsharedtl?dvcid=9
INFO: [ route_check ] --START--
INFO: CheckRoute Behavior ::run [ RunTime:0.002011s ]
INFO: [ route_check ] --END-- [ RunTime:0.002181s ]
INFO: [ app_begin ] --START--
INFO: ReadHtmlCache Behavior ::run [ RunTime:0.000823s ]
INFO: [ app_begin ] --END-- [ RunTime:0.000938s ]

[ 2015-11-15T14:59:06+08:00 ] 0.0.0.0 /evc/index.php
INFO: [ app_begin ] --START--
INFO: ReadHtmlCache Behavior ::run [ RunTime:0.000924s ]
INFO: [ app_begin ] --END-- [ RunTime:0.001135s ]
NOTIC: [8] Undefined index: lth C:\wamp\www\evc\index\Lib\Action\IndexAction.class.php 第 52 行.
INFO: [ view_parse ] --START--
INFO: ParseTemplate Behavior ::run [ RunTime:0.029691s ]
INFO: [ view_parse ] --END-- [ RunTime:0.029981s ]
INFO: [ view_filter ] --START--
INFO: ContentReplace Behavior ::run [ RunTime:0.001123s ]
INFO: TokenBuild Behavior ::run [ RunTime:0.000896s ]
INFO: WriteHtmlCache Behavior ::run [ RunTime:0.000671s ]
INFO: ShowRuntime Behavior ::run [ RunTime:0.000817s ]
INFO: [ view_filter ] --END-- [ RunTime:0.003960s ]
INFO: [ view_end ] --START--
INFO: ShowPageTrace Behavior ::run [ RunTime:0.000823s ]
INFO: [ view_end ] --END-- [ RunTime:0.000946s ]

[ 2015-11-15T14:59:07+08:00 ] 0.0.0.0 /evc/index.php/Cmn/dspdvc?ctlgtd=120.207736&ctlttd=30.211754
INFO: [ route_check ] --START--
INFO: CheckRoute Behavior ::run [ RunTime:0.000982s ]
INFO: [ route_check ] --END-- [ RunTime:0.001151s ]
INFO: [ app_begin ] --START--
INFO: ReadHtmlCache Behavior ::run [ RunTime:0.000726s ]
INFO: [ app_begin ] --END-- [ RunTime:0.000845s ]

[ 2015-11-15T14:59:14+08:00 ] 0.0.0.0 /evc/index.php
INFO: [ app_begin ] --START--
INFO: ReadHtmlCache Behavior ::run [ RunTime:0.001411s ]
INFO: [ app_begin ] --END-- [ RunTime:0.002852s ]
NOTIC: [8] Undefined index: lth C:\wamp\www\evc\index\Lib\Action\IndexAction.class.php 第 52 行.
INFO: [ view_parse ] --START--
INFO: ParseTemplate Behavior ::run [ RunTime:0.015851s ]
INFO: [ view_parse ] --END-- [ RunTime:0.016029s ]
INFO: [ view_filter ] --START--
INFO: ContentReplace Behavior ::run [ RunTime:0.000803s ]
INFO: TokenBuild Behavior ::run [ RunTime:0.000945s ]
INFO: WriteHtmlCache Behavior ::run [ RunTime:0.000534s ]
INFO: ShowRuntime Behavior ::run [ RunTime:0.000811s ]
INFO: [ view_filter ] --END-- [ RunTime:0.003553s ]
INFO: [ view_end ] --START--
INFO: ShowPageTrace Behavior ::run [ RunTime:0.000907s ]
INFO: [ view_end ] --END-- [ RunTime:0.001047s ]

[ 2015-11-15T14:59:15+08:00 ] 0.0.0.0 /evc/index.php/Cmn/dspdvc?ctlgtd=120.207736&ctlttd=30.211754
INFO: [ route_check ] --START--
INFO: CheckRoute Behavior ::run [ RunTime:0.001102s ]
INFO: [ route_check ] --END-- [ RunTime:0.001253s ]
INFO: [ app_begin ] --START--
INFO: ReadHtmlCache Behavior ::run [ RunTime:0.001129s ]
INFO: [ app_begin ] --END-- [ RunTime:0.001287s ]

[ 2015-11-15T15:00:30+08:00 ] 0.0.0.0 /evc/index.php
INFO: [ app_begin ] --START--
INFO: ReadHtmlCache Behavior ::run [ RunTime:0.000740s ]
INFO: [ app_begin ] --END-- [ RunTime:0.000913s ]
NOTIC: [8] Undefined index: lth C:\wamp\www\evc\index\Lib\Action\IndexAction.class.php 第 52 行.
INFO: [ view_parse ] --START--
INFO: ParseTemplate Behavior ::run [ RunTime:0.016197s ]
INFO: [ view_parse ] --END-- [ RunTime:0.016385s ]
INFO: [ view_filter ] --START--
INFO: ContentReplace Behavior ::run [ RunTime:0.001064s ]
INFO: TokenBuild Behavior ::run [ RunTime:0.000861s ]
INFO: WriteHtmlCache Behavior ::run [ RunTime:0.000448s ]
INFO: ShowRuntime Behavior ::run [ RunTime:0.001193s ]
INFO: [ view_filter ] --END-- [ RunTime:0.003990s ]
INFO: [ view_end ] --START--
INFO: ShowPageTrace Behavior ::run [ RunTime:0.000879s ]
INFO: [ view_end ] --END-- [ RunTime:0.001015s ]

[ 2015-11-15T15:00:31+08:00 ] 0.0.0.0 /evc/index.php/Cmn/dspdvc?ctlgtd=120.207736&ctlttd=30.211754
INFO: [ route_check ] --START--
INFO: CheckRoute Behavior ::run [ RunTime:0.001651s ]
INFO: [ route_check ] --END-- [ RunTime:0.001902s ]
INFO: [ app_begin ] --START--
INFO: ReadHtmlCache Behavior ::run [ RunTime:0.001224s ]
INFO: [ app_begin ] --END-- [ RunTime:0.001428s ]

[ 2015-11-15T15:00:48+08:00 ] 0.0.0.0 /evc/index.php
INFO: [ app_begin ] --START--
INFO: ReadHtmlCache Behavior ::run [ RunTime:0.000708s ]
INFO: [ app_begin ] --END-- [ RunTime:0.000864s ]
NOTIC: [8] Undefined index: lth C:\wamp\www\evc\index\Lib\Action\IndexAction.class.php 第 52 行.
INFO: [ view_parse ] --START--
INFO: ParseTemplate Behavior ::run [ RunTime:0.019674s ]
INFO: [ view_parse ] --END-- [ RunTime:0.019917s ]
INFO: [ view_filter ] --START--
INFO: ContentReplace Behavior ::run [ RunTime:0.001246s ]
INFO: TokenBuild Behavior ::run [ RunTime:0.000915s ]
INFO: WriteHtmlCache Behavior ::run [ RunTime:0.000783s ]
INFO: ShowRuntime Behavior ::run [ RunTime:0.001128s ]
INFO: [ view_filter ] --END-- [ RunTime:0.009222s ]
INFO: [ view_end ] --START--
INFO: ShowPageTrace Behavior ::run [ RunTime:0.001242s ]
INFO: [ view_end ] --END-- [ RunTime:0.001498s ]

[ 2015-11-15T15:00:49+08:00 ] 0.0.0.0 /evc/index.php/Cmn/dspdvc?ctlgtd=120.207736&ctlttd=30.211754
INFO: [ route_check ] --START--
INFO: CheckRoute Behavior ::run [ RunTime:0.000951s ]
INFO: [ route_check ] --END-- [ RunTime:0.001212s ]
INFO: [ app_begin ] --START--
INFO: ReadHtmlCache Behavior ::run [ RunTime:0.001186s ]
INFO: [ app_begin ] --END-- [ RunTime:0.001387s ]

[ 2015-11-15T15:05:31+08:00 ] 0.0.0.0 /evc/index.php
INFO: [ app_begin ] --START--
INFO: ReadHtmlCache Behavior ::run [ RunTime:0.001054s ]
INFO: [ app_begin ] --END-- [ RunTime:0.001231s ]
NOTIC: [8] Undefined index: lth C:\wamp\www\evc\index\Lib\Action\IndexAction.class.php 第 52 行.
INFO: [ view_parse ] --START--
INFO: ParseTemplate Behavior ::run [ RunTime:0.016920s ]
INFO: [ view_parse ] --END-- [ RunTime:0.017114s ]
INFO: [ view_filter ] --START--
INFO: ContentReplace Behavior ::run [ RunTime:0.000951s ]
INFO: TokenBuild Behavior ::run [ RunTime:0.000762s ]
INFO: WriteHtmlCache Behavior ::run [ RunTime:0.000694s ]
INFO: ShowRuntime Behavior ::run [ RunTime:0.001264s ]
INFO: [ view_filter ] --END-- [ RunTime:0.004132s ]
INFO: [ view_end ] --START--
INFO: ShowPageTrace Behavior ::run [ RunTime:0.001405s ]
INFO: [ view_end ] --END-- [ RunTime:0.001625s ]

[ 2015-11-15T15:05:32+08:00 ] 0.0.0.0 /evc/index.php/Cmn/dspdvc?ctlgtd=120.207736&ctlttd=30.211754
INFO: [ route_check ] --START--
INFO: CheckRoute Behavior ::run [ RunTime:0.001420s ]
INFO: [ route_check ] --END-- [ RunTime:0.001641s ]
INFO: [ app_begin ] --START--
INFO: ReadHtmlCache Behavior ::run [ RunTime:0.004121s ]
INFO: [ app_begin ] --END-- [ RunTime:0.004266s ]

[ 2015-11-15T15:05:48+08:00 ] 0.0.0.0 /evc/index.php
INFO: [ app_begin ] --START--
INFO: ReadHtmlCache Behavior ::run [ RunTime:0.000697s ]
INFO: [ app_begin ] --END-- [ RunTime:0.000851s ]
NOTIC: [8] Undefined index: lth C:\wamp\www\evc\index\Lib\Action\IndexAction.class.php 第 52 行.
INFO: [ view_parse ] --START--
INFO: ParseTemplate Behavior ::run [ RunTime:0.014263s ]
INFO: [ view_parse ] --END-- [ RunTime:0.014432s ]
INFO: [ view_filter ] --START--
INFO: ContentReplace Behavior ::run [ RunTime:0.000993s ]
INFO: TokenBuild Behavior ::run [ RunTime:0.000680s ]
INFO: WriteHtmlCache Behavior ::run [ RunTime:0.000507s ]
INFO: ShowRuntime Behavior ::run [ RunTime:0.000791s ]
INFO: [ view_filter ] --END-- [ RunTime:0.003350s ]
INFO: [ view_end ] --START--
INFO: ShowPageTrace Behavior ::run [ RunTime:0.000846s ]
INFO: [ view_end ] --END-- [ RunTime:0.000978s ]

[ 2015-11-15T15:05:49+08:00 ] 0.0.0.0 /evc/index.php/Cmn/dspdvc?ctlgtd=120.207736&ctlttd=30.211754
INFO: [ route_check ] --START--
INFO: CheckRoute Behavior ::run [ RunTime:0.001044s ]
INFO: [ route_check ] --END-- [ RunTime:0.001217s ]
INFO: [ app_begin ] --START--
INFO: ReadHtmlCache Behavior ::run [ RunTime:0.000819s ]
INFO: [ app_begin ] --END-- [ RunTime:0.000950s ]

[ 2015-11-15T15:08:34+08:00 ] 0.0.0.0 /evc/index.php
INFO: [ app_begin ] --START--
INFO: ReadHtmlCache Behavior ::run [ RunTime:0.000852s ]
INFO: [ app_begin ] --END-- [ RunTime:0.001009s ]
NOTIC: [8] Undefined index: lth C:\wamp\www\evc\index\Lib\Action\IndexAction.class.php 第 52 行.
INFO: [ view_parse ] --START--
INFO: ParseTemplate Behavior ::run [ RunTime:0.015252s ]
INFO: [ view_parse ] --END-- [ RunTime:0.015479s ]
INFO: [ view_filter ] --START--
INFO: ContentReplace Behavior ::run [ RunTime:0.000831s ]
INFO: TokenBuild Behavior ::run [ RunTime:0.000798s ]
INFO: WriteHtmlCache Behavior ::run [ RunTime:0.000605s ]
INFO: ShowRuntime Behavior ::run [ RunTime:0.001149s ]
INFO: [ view_filter ] --END-- [ RunTime:0.003879s ]
INFO: [ view_end ] --START--
INFO: ShowPageTrace Behavior ::run [ RunTime:0.001253s ]
INFO: [ view_end ] --END-- [ RunTime:0.001473s ]

[ 2015-11-15T15:08:35+08:00 ] 0.0.0.0 /evc/index.php/Cmn/dspdvc?ctlgtd=120.207736&ctlttd=30.211754
INFO: [ route_check ] --START--
INFO: CheckRoute Behavior ::run [ RunTime:0.001581s ]
INFO: [ route_check ] --END-- [ RunTime:0.001826s ]
INFO: [ app_begin ] --START--
INFO: ReadHtmlCache Behavior ::run [ RunTime:0.001114s ]
INFO: [ app_begin ] --END-- [ RunTime:0.001315s ]

[ 2015-11-15T15:10:41+08:00 ] 0.0.0.0 /evc/index.php
INFO: [ app_begin ] --START--
INFO: ReadHtmlCache Behavior ::run [ RunTime:0.001145s ]
INFO: [ app_begin ] --END-- [ RunTime:0.001323s ]
NOTIC: [8] Undefined index: lth C:\wamp\www\evc\index\Lib\Action\IndexAction.class.php 第 52 行.
INFO: [ view_parse ] --START--
INFO: ParseTemplate Behavior ::run [ RunTime:0.033389s ]
INFO: [ view_parse ] --END-- [ RunTime:0.033789s ]
INFO: [ view_filter ] --START--
INFO: ContentReplace Behavior ::run [ RunTime:0.001516s ]
INFO: TokenBuild Behavior ::run [ RunTime:0.001273s ]
INFO: WriteHtmlCache Behavior ::run [ RunTime:0.001394s ]
INFO: ShowRuntime Behavior ::run [ RunTime:0.001347s ]
INFO: [ view_filter ] --END-- [ RunTime:0.006181s ]
INFO: [ view_end ] --START--
INFO: ShowPageTrace Behavior ::run [ RunTime:0.001407s ]
INFO: [ view_end ] --END-- [ RunTime:0.001560s ]

[ 2015-11-15T15:10:42+08:00 ] 0.0.0.0 /evc/index.php/Cmn/dspdvc?ctlgtd=120.207736&ctlttd=30.211754
INFO: [ route_check ] --START--
INFO: CheckRoute Behavior ::run [ RunTime:0.004724s ]
INFO: [ route_check ] --END-- [ RunTime:0.004992s ]
INFO: [ app_begin ] --START--
INFO: ReadHtmlCache Behavior ::run [ RunTime:0.001148s ]
INFO: [ app_begin ] --END-- [ RunTime:0.001360s ]

[ 2015-11-15T15:10:49+08:00 ] 0.0.0.0 /evc/index.php
INFO: [ app_begin ] --START--
INFO: ReadHtmlCache Behavior ::run [ RunTime:0.000786s ]
INFO: [ app_begin ] --END-- [ RunTime:0.000950s ]
NOTIC: [8] Undefined index: lth C:\wamp\www\evc\index\Lib\Action\IndexAction.class.php 第 52 行.
INFO: [ view_parse ] --START--
INFO: ParseTemplate Behavior ::run [ RunTime:0.015971s ]
INFO: [ view_parse ] --END-- [ RunTime:0.016140s ]
INFO: [ view_filter ] --START--
INFO: ContentReplace Behavior ::run [ RunTime:0.000723s ]
INFO: TokenBuild Behavior ::run [ RunTime:0.000650s ]
INFO: WriteHtmlCache Behavior ::run [ RunTime:0.000413s ]
INFO: ShowRuntime Behavior ::run [ RunTime:0.000714s ]
INFO: [ view_filter ] --END-- [ RunTime:0.002868s ]
INFO: [ view_end ] --START--
INFO: ShowPageTrace Behavior ::run [ RunTime:0.000793s ]
INFO: [ view_end ] --END-- [ RunTime:0.000926s ]

[ 2015-11-15T15:10:50+08:00 ] 0.0.0.0 /evc/index.php/Cmn/dspdvc?ctlgtd=120.207736&ctlttd=30.211754
INFO: [ route_check ] --START--
INFO: CheckRoute Behavior ::run [ RunTime:0.001328s ]
INFO: [ route_check ] --END-- [ RunTime:0.001536s ]
INFO: [ app_begin ] --START--
INFO: ReadHtmlCache Behavior ::run [ RunTime:0.000917s ]
INFO: [ app_begin ] --END-- [ RunTime:0.001050s ]

[ 2015-11-15T15:11:04+08:00 ] 0.0.0.0 /evc/index.php/Usr/usrct
INFO: [ route_check ] --START--
INFO: CheckRoute Behavior ::run [ RunTime:0.000961s ]
INFO: [ route_check ] --END-- [ RunTime:0.001112s ]
INFO: [ app_begin ] --START--
INFO: ReadHtmlCache Behavior ::run [ RunTime:0.000751s ]
INFO: [ app_begin ] --END-- [ RunTime:0.000892s ]
NOTIC: [8] Undefined variable: disabled C:\wamp\www\evc\index\Lib\Action\UsrAction.class.php 第 279 行.
INFO: [ view_parse ] --START--
NOTIC: [8] Undefined variable: aaa C:\wamp\www\evc\index\Runtime\Cache\ea56e757f03163943e2454407dd9782c.php 第 76 行.
NOTIC: [8] Undefined variable: status C:\wamp\www\evc\index\Runtime\Cache\ea56e757f03163943e2454407dd9782c.php 第 78 行.
INFO: ParseTemplate Behavior ::run [ RunTime:0.023349s ]
INFO: [ view_parse ] --END-- [ RunTime:0.023506s ]
INFO: [ view_filter ] --START--
INFO: ContentReplace Behavior ::run [ RunTime:0.000732s ]
INFO: TokenBuild Behavior ::run [ RunTime:0.000620s ]
INFO: WriteHtmlCache Behavior ::run [ RunTime:0.000420s ]
INFO: ShowRuntime Behavior ::run [ RunTime:0.000734s ]
INFO: [ view_filter ] --END-- [ RunTime:0.002875s ]
INFO: [ view_end ] --START--
INFO: ShowPageTrace Behavior ::run [ RunTime:0.000889s ]
INFO: [ view_end ] --END-- [ RunTime:0.001032s ]

[ 2015-11-15T15:12:27+08:00 ] 0.0.0.0 /evc/index.php/Usr/usrct
INFO: [ route_check ] --START--
INFO: CheckRoute Behavior ::run [ RunTime:0.001144s ]
INFO: [ route_check ] --END-- [ RunTime:0.001431s ]
INFO: [ app_begin ] --START--
INFO: ReadHtmlCache Behavior ::run [ RunTime:0.001830s ]
INFO: [ app_begin ] --END-- [ RunTime:0.002002s ]
NOTIC: [8] Undefined variable: disabled C:\wamp\www\evc\index\Lib\Action\UsrAction.class.php 第 279 行.
INFO: [ view_parse ] --START--
NOTIC: [8] Undefined variable: aaa C:\wamp\www\evc\index\Runtime\Cache\ea56e757f03163943e2454407dd9782c.php 第 76 行.
NOTIC: [8] Undefined variable: status C:\wamp\www\evc\index\Runtime\Cache\ea56e757f03163943e2454407dd9782c.php 第 78 行.
INFO: ParseTemplate Behavior ::run [ RunTime:0.021168s ]
INFO: [ view_parse ] --END-- [ RunTime:0.021327s ]
INFO: [ view_filter ] --START--
INFO: ContentReplace Behavior ::run [ RunTime:0.000834s ]
INFO: TokenBuild Behavior ::run [ RunTime:0.000625s ]
INFO: WriteHtmlCache Behavior ::run [ RunTime:0.000391s ]
INFO: ShowRuntime Behavior ::run [ RunTime:0.000839s ]
INFO: [ view_filter ] --END-- [ RunTime:0.003110s ]
INFO: [ view_end ] --START--
INFO: ShowPageTrace Behavior ::run [ RunTime:0.000833s ]
INFO: [ view_end ] --END-- [ RunTime:0.000976s ]

[ 2015-11-15T15:21:06+08:00 ] 0.0.0.0 /evc/index.php/Usr/usrct
INFO: [ route_check ] --START--
INFO: CheckRoute Behavior ::run [ RunTime:0.001238s ]
INFO: [ route_check ] --END-- [ RunTime:0.001406s ]
INFO: [ app_begin ] --START--
INFO: ReadHtmlCache Behavior ::run [ RunTime:0.000889s ]
INFO: [ app_begin ] --END-- [ RunTime:0.001042s ]
NOTIC: [8] Undefined variable: disabled C:\wamp\www\evc\index\Lib\Action\UsrAction.class.php 第 279 行.
INFO: [ view_parse ] --START--
NOTIC: [8] Undefined variable: aaa C:\wamp\www\evc\index\Runtime\Cache\ea56e757f03163943e2454407dd9782c.php 第 76 行.
NOTIC: [8] Undefined variable: status C:\wamp\www\evc\index\Runtime\Cache\ea56e757f03163943e2454407dd9782c.php 第 78 行.
INFO: ParseTemplate Behavior ::run [ RunTime:0.023760s ]
INFO: [ view_parse ] --END-- [ RunTime:0.023912s ]
INFO: [ view_filter ] --START--
INFO: ContentReplace Behavior ::run [ RunTime:0.000990s ]
INFO: TokenBuild Behavior ::run [ RunTime:0.002150s ]
INFO: WriteHtmlCache Behavior ::run [ RunTime:0.000579s ]
INFO: ShowRuntime Behavior ::run [ RunTime:0.000803s ]
INFO: [ view_filter ] --END-- [ RunTime:0.004907s ]
INFO: [ view_end ] --START--
INFO: ShowPageTrace Behavior ::run [ RunTime:0.000947s ]
INFO: [ view_end ] --END-- [ RunTime:0.001091s ]

[ 2015-11-15T15:21:09+08:00 ] 0.0.0.0 /evc/index.php/Usr/fnddvcbydvcid?dvcid=9
INFO: [ route_check ] --START--
INFO: CheckRoute Behavior ::run [ RunTime:0.001406s ]
INFO: [ route_check ] --END-- [ RunTime:0.001650s ]
INFO: [ app_begin ] --START--
INFO: ReadHtmlCache Behavior ::run [ RunTime:0.001111s ]
INFO: [ app_begin ] --END-- [ RunTime:0.001305s ]

[ 2015-11-15T15:29:24+08:00 ] 0.0.0.0 /evc/index.php/Usr/usrct
INFO: [ route_check ] --START--
INFO: CheckRoute Behavior ::run [ RunTime:0.001400s ]
INFO: [ route_check ] --END-- [ RunTime:0.001561s ]
INFO: [ app_begin ] --START--
INFO: ReadHtmlCache Behavior ::run [ RunTime:0.001418s ]
INFO: [ app_begin ] --END-- [ RunTime:0.001562s ]
NOTIC: [8] Undefined variable: disabled C:\wamp\www\evc\index\Lib\Action\UsrAction.class.php 第 279 行.
INFO: [ view_parse ] --START--
NOTIC: [8] Undefined variable: aaa C:\wamp\www\evc\index\Runtime\Cache\ea56e757f03163943e2454407dd9782c.php 第 76 行.
NOTIC: [8] Undefined variable: status C:\wamp\www\evc\index\Runtime\Cache\ea56e757f03163943e2454407dd9782c.php 第 78 行.
INFO: ParseTemplate Behavior ::run [ RunTime:0.042242s ]
INFO: [ view_parse ] --END-- [ RunTime:0.042467s ]
INFO: [ view_filter ] --START--
INFO: ContentReplace Behavior ::run [ RunTime:0.000989s ]
INFO: TokenBuild Behavior ::run [ RunTime:0.000928s ]
INFO: WriteHtmlCache Behavior ::run [ RunTime:0.000698s ]
INFO: ShowRuntime Behavior ::run [ RunTime:0.001850s ]
INFO: [ view_filter ] --END-- [ RunTime:0.004851s ]
INFO: [ view_end ] --START--
INFO: ShowPageTrace Behavior ::run [ RunTime:0.001755s ]
INFO: [ view_end ] --END-- [ RunTime:0.001950s ]

[ 2015-11-15T15:30:27+08:00 ] 0.0.0.0 /evc/index.php/Usr/usrct
INFO: [ route_check ] --START--
INFO: CheckRoute Behavior ::run [ RunTime:0.001675s ]
INFO: [ route_check ] --END-- [ RunTime:0.001895s ]
INFO: [ app_begin ] --START--
INFO: ReadHtmlCache Behavior ::run [ RunTime:0.001142s ]
INFO: [ app_begin ] --END-- [ RunTime:0.001340s ]
NOTIC: [8] Undefined variable: disabled C:\wamp\www\evc\index\Lib\Action\UsrAction.class.php 第 279 行.
INFO: [ view_parse ] --START--
NOTIC: [8] Undefined variable: aaa C:\wamp\www\evc\index\Runtime\Cache\ea56e757f03163943e2454407dd9782c.php 第 76 行.
NOTIC: [8] Undefined variable: status C:\wamp\www\evc\index\Runtime\Cache\ea56e757f03163943e2454407dd9782c.php 第 78 行.
INFO: ParseTemplate Behavior ::run [ RunTime:0.028532s ]
INFO: [ view_parse ] --END-- [ RunTime:0.028706s ]
INFO: [ view_filter ] --START--
INFO: ContentReplace Behavior ::run [ RunTime:0.000836s ]
INFO: TokenBuild Behavior ::run [ RunTime:0.000655s ]
INFO: WriteHtmlCache Behavior ::run [ RunTime:0.000664s ]
INFO: ShowRuntime Behavior ::run [ RunTime:0.001126s ]
INFO: [ view_filter ] --END-- [ RunTime:0.003741s ]
INFO: [ view_end ] --START--
INFO: ShowPageTrace Behavior ::run [ RunTime:0.001309s ]
INFO: [ view_end ] --END-- [ RunTime:0.001522s ]

[ 2015-11-15T15:30:29+08:00 ] 0.0.0.0 /evc/index.php/Usr/fnddvcbydvcid?dvcid=9
INFO: [ route_check ] --START--
INFO: CheckRoute Behavior ::run [ RunTime:0.000924s ]
INFO: [ route_check ] --END-- [ RunTime:0.001074s ]
INFO: [ app_begin ] --START--
INFO: ReadHtmlCache Behavior ::run [ RunTime:0.000961s ]
INFO: [ app_begin ] --END-- [ RunTime:0.001078s ]

[ 2015-11-15T15:36:24+08:00 ] 0.0.0.0 /evc/index.php/Usr/fnddvcbydvcid?dvcid=9
INFO: [ route_check ] --START--
INFO: CheckRoute Behavior ::run [ RunTime:0.001670s ]
INFO: [ route_check ] --END-- [ RunTime:0.001858s ]
INFO: [ app_begin ] --START--
INFO: ReadHtmlCache Behavior ::run [ RunTime:0.000900s ]
INFO: [ app_begin ] --END-- [ RunTime:0.001023s ]

[ 2015-11-15T15:39:45+08:00 ] 0.0.0.0 /evc/index.php/Usr/usrct
INFO: [ route_check ] --START--
INFO: CheckRoute Behavior ::run [ RunTime:0.001495s ]
INFO: [ route_check ] --END-- [ RunTime:0.001709s ]
INFO: [ app_begin ] --START--
INFO: ReadHtmlCache Behavior ::run [ RunTime:0.000922s ]
INFO: [ app_begin ] --END-- [ RunTime:0.001064s ]
NOTIC: [8] Undefined variable: disabled C:\wamp\www\evc\index\Lib\Action\UsrAction.class.php 第 279 行.
INFO: [ view_parse ] --START--
NOTIC: [8] Undefined variable: aaa C:\wamp\www\evc\index\Runtime\Cache\ea56e757f03163943e2454407dd9782c.php 第 76 行.
NOTIC: [8] Undefined variable: status C:\wamp\www\evc\index\Runtime\Cache\ea56e757f03163943e2454407dd9782c.php 第 78 行.
INFO: ParseTemplate Behavior ::run [ RunTime:0.022656s ]
INFO: [ view_parse ] --END-- [ RunTime:0.022824s ]
INFO: [ view_filter ] --START--
INFO: ContentReplace Behavior ::run [ RunTime:0.000930s ]
INFO: TokenBuild Behavior ::run [ RunTime:0.001051s ]
INFO: WriteHtmlCache Behavior ::run [ RunTime:0.000746s ]
INFO: ShowRuntime Behavior ::run [ RunTime:0.001080s ]
INFO: [ view_filter ] --END-- [ RunTime:0.004364s ]
INFO: [ view_end ] --START--
INFO: ShowPageTrace Behavior ::run [ RunTime:0.000954s ]
INFO: [ view_end ] --END-- [ RunTime:0.001104s ]

[ 2015-11-15T15:39:47+08:00 ] 0.0.0.0 /evc/index.php/Usr/fnddvcbydvcid?dvcid=9
INFO: [ route_check ] --START--
INFO: CheckRoute Behavior ::run [ RunTime:0.000882s ]
INFO: [ route_check ] --END-- [ RunTime:0.001029s ]
INFO: [ app_begin ] --START--
INFO: ReadHtmlCache Behavior ::run [ RunTime:0.000701s ]
INFO: [ app_begin ] --END-- [ RunTime:0.000818s ]

[ 2015-11-15T15:40:04+08:00 ] 0.0.0.0 /evc/index.php/Usr/usrct
INFO: [ route_check ] --START--
INFO: CheckRoute Behavior ::run [ RunTime:0.001195s ]
INFO: [ route_check ] --END-- [ RunTime:0.001350s ]
INFO: [ app_begin ] --START--
INFO: ReadHtmlCache Behavior ::run [ RunTime:0.001603s ]
INFO: [ app_begin ] --END-- [ RunTime:0.001827s ]
NOTIC: [8] Undefined variable: disabled C:\wamp\www\evc\index\Lib\Action\UsrAction.class.php 第 279 行.
INFO: [ view_parse ] --START--
NOTIC: [8] Undefined variable: aaa C:\wamp\www\evc\index\Runtime\Cache\ea56e757f03163943e2454407dd9782c.php 第 76 行.
NOTIC: [8] Undefined variable: status C:\wamp\www\evc\index\Runtime\Cache\ea56e757f03163943e2454407dd9782c.php 第 78 行.
INFO: ParseTemplate Behavior ::run [ RunTime:0.035247s ]
INFO: [ view_parse ] --END-- [ RunTime:0.035454s ]
INFO: [ view_filter ] --START--
INFO: ContentReplace Behavior ::run [ RunTime:0.000943s ]
INFO: TokenBuild Behavior ::run [ RunTime:0.000818s ]
INFO: WriteHtmlCache Behavior ::run [ RunTime:0.000721s ]
INFO: ShowRuntime Behavior ::run [ RunTime:0.001323s ]
INFO: [ view_filter ] --END-- [ RunTime:0.004213s ]
INFO: [ view_end ] --START--
INFO: ShowPageTrace Behavior ::run [ RunTime:0.001002s ]
INFO: [ view_end ] --END-- [ RunTime:0.001156s ]

[ 2015-11-15T15:40:06+08:00 ] 0.0.0.0 /evc/index.php/Usr/fnddvcbydvcid?dvcid=9
INFO: [ route_check ] --START--
INFO: CheckRoute Behavior ::run [ RunTime:0.000859s ]
INFO: [ route_check ] --END-- [ RunTime:0.001005s ]
INFO: [ app_begin ] --START--
INFO: ReadHtmlCache Behavior ::run [ RunTime:0.000657s ]
INFO: [ app_begin ] --END-- [ RunTime:0.000768s ]

[ 2015-11-15T15:40:41+08:00 ] 0.0.0.0 /evc/index.php/Usr/usrct
INFO: [ route_check ] --START--
INFO: CheckRoute Behavior ::run [ RunTime:0.001167s ]
INFO: [ route_check ] --END-- [ RunTime:0.001333s ]
INFO: [ app_begin ] --START--
INFO: ReadHtmlCache Behavior ::run [ RunTime:0.000917s ]
INFO: [ app_begin ] --END-- [ RunTime:0.001075s ]
NOTIC: [8] Undefined variable: disabled C:\wamp\www\evc\index\Lib\Action\UsrAction.class.php 第 279 行.
INFO: [ view_parse ] --START--
NOTIC: [8] Undefined variable: aaa C:\wamp\www\evc\index\Runtime\Cache\ea56e757f03163943e2454407dd9782c.php 第 76 行.
NOTIC: [8] Undefined variable: status C:\wamp\www\evc\index\Runtime\Cache\ea56e757f03163943e2454407dd9782c.php 第 78 行.
INFO: ParseTemplate Behavior ::run [ RunTime:0.024524s ]
INFO: [ view_parse ] --END-- [ RunTime:0.024726s ]
INFO: [ view_filter ] --START--
INFO: ContentReplace Behavior ::run [ RunTime:0.000780s ]
INFO: TokenBuild Behavior ::run [ RunTime:0.001085s ]
INFO: WriteHtmlCache Behavior ::run [ RunTime:0.000468s ]
INFO: ShowRuntime Behavior ::run [ RunTime:0.000742s ]
INFO: [ view_filter ] --END-- [ RunTime:0.003655s ]
INFO: [ view_end ] --START--
INFO: ShowPageTrace Behavior ::run [ RunTime:0.000827s ]
INFO: [ view_end ] --END-- [ RunTime:0.000969s ]

[ 2015-11-15T15:40:46+08:00 ] 0.0.0.0 /evc/index.php/Usr/fnddvcbydvcid?dvcid=9
INFO: [ route_check ] --START--
INFO: CheckRoute Behavior ::run [ RunTime:0.001270s ]
INFO: [ route_check ] --END-- [ RunTime:0.001448s ]
INFO: [ app_begin ] --START--
INFO: ReadHtmlCache Behavior ::run [ RunTime:0.000933s ]
INFO: [ app_begin ] --END-- [ RunTime:0.001081s ]

[ 2015-11-15T15:42:39+08:00 ] 0.0.0.0 /evc/index.php/Usr/usrct
INFO: [ route_check ] --START--
INFO: CheckRoute Behavior ::run [ RunTime:0.003698s ]
INFO: [ route_check ] --END-- [ RunTime:0.003887s ]
INFO: [ app_begin ] --START--
INFO: ReadHtmlCache Behavior ::run [ RunTime:0.001049s ]
INFO: [ app_begin ] --END-- [ RunTime:0.001203s ]
NOTIC: [8] Undefined variable: disabled C:\wamp\www\evc\index\Lib\Action\UsrAction.class.php 第 279 行.
INFO: [ view_parse ] --START--
NOTIC: [8] Undefined variable: aaa C:\wamp\www\evc\index\Runtime\Cache\ea56e757f03163943e2454407dd9782c.php 第 76 行.
NOTIC: [8] Undefined variable: status C:\wamp\www\evc\index\Runtime\Cache\ea56e757f03163943e2454407dd9782c.php 第 78 行.
INFO: ParseTemplate Behavior ::run [ RunTime:0.024842s ]
INFO: [ view_parse ] --END-- [ RunTime:0.025032s ]
INFO: [ view_filter ] --START--
INFO: ContentReplace Behavior ::run [ RunTime:0.001102s ]
INFO: TokenBuild Behavior ::run [ RunTime:0.001057s ]
INFO: WriteHtmlCache Behavior ::run [ RunTime:0.001133s ]
INFO: ShowRuntime Behavior ::run [ RunTime:0.001104s ]
INFO: [ view_filter ] --END-- [ RunTime:0.005030s ]
INFO: [ view_end ] --START--
INFO: ShowPageTrace Behavior ::run [ RunTime:0.001239s ]
INFO: [ view_end ] --END-- [ RunTime:0.001420s ]

[ 2015-11-15T15:42:40+08:00 ] 0.0.0.0 /evc/index.php/Usr/fnddvcbydvcid?dvcid=9
INFO: [ route_check ] --START--
INFO: CheckRoute Behavior ::run [ RunTime:0.001149s ]
INFO: [ route_check ] --END-- [ RunTime:0.001306s ]
INFO: [ app_begin ] --START--
INFO: ReadHtmlCache Behavior ::run [ RunTime:0.000723s ]
INFO: [ app_begin ] --END-- [ RunTime:0.000840s ]

[ 2015-11-15T15:43:53+08:00 ] 0.0.0.0 /evc/index.php/Usr/usrct
INFO: [ route_check ] --START--
INFO: CheckRoute Behavior ::run [ RunTime:0.001130s ]
INFO: [ route_check ] --END-- [ RunTime:0.001334s ]
INFO: [ app_begin ] --START--
INFO: ReadHtmlCache Behavior ::run [ RunTime:0.000954s ]
INFO: [ app_begin ] --END-- [ RunTime:0.001149s ]
NOTIC: [8] Undefined variable: disabled C:\wamp\www\evc\index\Lib\Action\UsrAction.class.php 第 279 行.
INFO: [ view_parse ] --START--
NOTIC: [8] Undefined variable: aaa C:\wamp\www\evc\index\Runtime\Cache\ea56e757f03163943e2454407dd9782c.php 第 76 行.
NOTIC: [8] Undefined variable: status C:\wamp\www\evc\index\Runtime\Cache\ea56e757f03163943e2454407dd9782c.php 第 78 行.
INFO: ParseTemplate Behavior ::run [ RunTime:0.022141s ]
INFO: [ view_parse ] --END-- [ RunTime:0.022291s ]
INFO: [ view_filter ] --START--
INFO: ContentReplace Behavior ::run [ RunTime:0.000682s ]
INFO: TokenBuild Behavior ::run [ RunTime:0.000579s ]
INFO: WriteHtmlCache Behavior ::run [ RunTime:0.000428s ]
INFO: ShowRuntime Behavior ::run [ RunTime:0.000693s ]
INFO: [ view_filter ] --END-- [ RunTime:0.002713s ]
INFO: [ view_end ] --START--
INFO: ShowPageTrace Behavior ::run [ RunTime:0.000852s ]
INFO: [ view_end ] --END-- [ RunTime:0.001030s ]

[ 2015-11-15T15:43:54+08:00 ] 0.0.0.0 /evc/index.php/Usr/fnddvcbydvcid?dvcid=9
INFO: [ route_check ] --START--
INFO: CheckRoute Behavior ::run [ RunTime:0.001725s ]
INFO: [ route_check ] --END-- [ RunTime:0.001973s ]
INFO: [ app_begin ] --START--
INFO: ReadHtmlCache Behavior ::run [ RunTime:0.001088s ]
INFO: [ app_begin ] --END-- [ RunTime:0.001244s ]

[ 2015-11-15T15:45:39+08:00 ] 0.0.0.0 /evc/index.php/Usr/usrct
INFO: [ route_check ] --START--
INFO: CheckRoute Behavior ::run [ RunTime:0.001477s ]
INFO: [ route_check ] --END-- [ RunTime:0.001749s ]
INFO: [ app_begin ] --START--
INFO: ReadHtmlCache Behavior ::run [ RunTime:0.000748s ]
INFO: [ app_begin ] --END-- [ RunTime:0.000876s ]
NOTIC: [8] Undefined variable: disabled C:\wamp\www\evc\index\Lib\Action\UsrAction.class.php 第 279 行.
INFO: [ view_parse ] --START--
NOTIC: [8] Undefined variable: aaa C:\wamp\www\evc\index\Runtime\Cache\ea56e757f03163943e2454407dd9782c.php 第 76 行.
NOTIC: [8] Undefined variable: status C:\wamp\www\evc\index\Runtime\Cache\ea56e757f03163943e2454407dd9782c.php 第 78 行.
INFO: ParseTemplate Behavior ::run [ RunTime:0.025253s ]
INFO: [ view_parse ] --END-- [ RunTime:0.025398s ]
INFO: [ view_filter ] --START--
INFO: ContentReplace Behavior ::run [ RunTime:0.000762s ]
INFO: TokenBuild Behavior ::run [ RunTime:0.000656s ]
INFO: WriteHtmlCache Behavior ::run [ RunTime:0.000551s ]
INFO: ShowRuntime Behavior ::run [ RunTime:0.000743s ]
INFO: [ view_filter ] --END-- [ RunTime:0.003067s ]
INFO: [ view_end ] --START--
INFO: ShowPageTrace Behavior ::run [ RunTime:0.000813s ]
INFO: [ view_end ] --END-- [ RunTime:0.000944s ]

[ 2015-11-15T15:45:41+08:00 ] 0.0.0.0 /evc/index.php/Usr/fnddvcbydvcid?dvcid=9
INFO: [ route_check ] --START--
INFO: CheckRoute Behavior ::run [ RunTime:0.001641s ]
INFO: [ route_check ] --END-- [ RunTime:0.001843s ]
INFO: [ app_begin ] --START--
INFO: ReadHtmlCache Behavior ::run [ RunTime:0.001171s ]
INFO: [ app_begin ] --END-- [ RunTime:0.001362s ]

[ 2015-11-15T15:45:45+08:00 ] 0.0.0.0 /evc/index.php/Usr/doonoffdvc?dvcid=9&tm=00%3A45&oprt=on&week=MON%2CTUE%2CWED%2CTHU%2CFRI%2CSAT%2CSUN&openTime=halfday
INFO: [ route_check ] --START--
INFO: CheckRoute Behavior ::run [ RunTime:0.001017s ]
INFO: [ route_check ] --END-- [ RunTime:0.001173s ]
INFO: [ app_begin ] --START--
INFO: ReadHtmlCache Behavior ::run [ RunTime:0.000828s ]
INFO: [ app_begin ] --END-- [ RunTime:0.000956s ]
NOTIC: [8] Undefined variable: json_usr C:\wamp\www\evc\index\Lib\Action\UsrAction.class.php 第 328 行.
NOTIC: [8] Undefined variable: userid C:\wamp\www\evc\index\Lib\Action\UsrAction.class.php 第 381 行.

[ 2015-11-15T15:47:02+08:00 ] 0.0.0.0 /evc/index.php/Usr/fnddvcbydvcid?dvcid=9
INFO: [ route_check ] --START--
INFO: CheckRoute Behavior ::run [ RunTime:0.000989s ]
INFO: [ route_check ] --END-- [ RunTime:0.001398s ]
INFO: [ app_begin ] --START--
INFO: ReadHtmlCache Behavior ::run [ RunTime:0.000736s ]
INFO: [ app_begin ] --END-- [ RunTime:0.000853s ]

[ 2015-11-15T15:47:06+08:00 ] 0.0.0.0 /evc/index.php/Usr/cancelsttm?dvcid=9
INFO: [ route_check ] --START--
INFO: CheckRoute Behavior ::run [ RunTime:0.001051s ]
INFO: [ route_check ] --END-- [ RunTime:0.001206s ]
INFO: [ app_begin ] --START--
INFO: ReadHtmlCache Behavior ::run [ RunTime:0.000814s ]
INFO: [ app_begin ] --END-- [ RunTime:0.000927s ]

[ 2015-11-15T15:47:13+08:00 ] 0.0.0.0 /evc/index.php/Usr/fnddvcbydvcid?dvcid=9
INFO: [ route_check ] --START--
INFO: CheckRoute Behavior ::run [ RunTime:0.000971s ]
INFO: [ route_check ] --END-- [ RunTime:0.001146s ]
INFO: [ app_begin ] --START--
INFO: ReadHtmlCache Behavior ::run [ RunTime:0.000756s ]
INFO: [ app_begin ] --END-- [ RunTime:0.000863s ]

[ 2015-11-15T15:47:16+08:00 ] 0.0.0.0 /evc/index.php/Usr/usrct
INFO: [ route_check ] --START--
INFO: CheckRoute Behavior ::run [ RunTime:0.000904s ]
INFO: [ route_check ] --END-- [ RunTime:0.001058s ]
INFO: [ app_begin ] --START--
INFO: ReadHtmlCache Behavior ::run [ RunTime:0.000721s ]
INFO: [ app_begin ] --END-- [ RunTime:0.000855s ]
NOTIC: [8] Undefined variable: disabled C:\wamp\www\evc\index\Lib\Action\UsrAction.class.php 第 279 行.
INFO: [ view_parse ] --START--
NOTIC: [8] Undefined variable: aaa C:\wamp\www\evc\index\Runtime\Cache\ea56e757f03163943e2454407dd9782c.php 第 76 行.
NOTIC: [8] Undefined variable: status C:\wamp\www\evc\index\Runtime\Cache\ea56e757f03163943e2454407dd9782c.php 第 78 行.
INFO: ParseTemplate Behavior ::run [ RunTime:0.030286s ]
INFO: [ view_parse ] --END-- [ RunTime:0.030585s ]
INFO: [ view_filter ] --START--
INFO: ContentReplace Behavior ::run [ RunTime:0.001119s ]
INFO: TokenBuild Behavior ::run [ RunTime:0.000923s ]
INFO: WriteHtmlCache Behavior ::run [ RunTime:0.000565s ]
INFO: ShowRuntime Behavior ::run [ RunTime:0.000800s ]
INFO: [ view_filter ] --END-- [ RunTime:0.003798s ]
INFO: [ view_end ] --START--
INFO: ShowPageTrace Behavior ::run [ RunTime:0.000840s ]
INFO: [ view_end ] --END-- [ RunTime:0.000958s ]

[ 2015-11-15T15:47:17+08:00 ] 0.0.0.0 /evc/index.php/Usr/fnddvcbydvcid?dvcid=9
INFO: [ route_check ] --START--
INFO: CheckRoute Behavior ::run [ RunTime:0.001317s ]
INFO: [ route_check ] --END-- [ RunTime:0.001539s ]
INFO: [ app_begin ] --START--
INFO: ReadHtmlCache Behavior ::run [ RunTime:0.001031s ]
INFO: [ app_begin ] --END-- [ RunTime:0.001224s ]

[ 2015-11-15T15:47:28+08:00 ] 0.0.0.0 /evc/index.php/Usr/doonoffdvc?dvcid=9&tm=00%3A45&oprt=on&week=MON%2CTUE%2CWED%2CTHU%2CFRI%2CSAT%2CSUN&openTime=halfday
INFO: [ route_check ] --START--
INFO: CheckRoute Behavior ::run [ RunTime:0.000901s ]
INFO: [ route_check ] --END-- [ RunTime:0.001045s ]
INFO: [ app_begin ] --START--
INFO: ReadHtmlCache Behavior ::run [ RunTime:0.000964s ]
INFO: [ app_begin ] --END-- [ RunTime:0.001087s ]
NOTIC: [8] Undefined variable: json_usr C:\wamp\www\evc\index\Lib\Action\UsrAction.class.php 第 328 行.
NOTIC: [8] Undefined variable: userid C:\wamp\www\evc\index\Lib\Action\UsrAction.class.php 第 381 行.

[ 2015-11-15T15:50:10+08:00 ] 0.0.0.0 /evc/index.php/Usr/fnddvcbydvcid?dvcid=9
INFO: [ route_check ] --START--
INFO: CheckRoute Behavior ::run [ RunTime:0.001336s ]
INFO: [ route_check ] --END-- [ RunTime:0.001507s ]
INFO: [ app_begin ] --START--
INFO: ReadHtmlCache Behavior ::run [ RunTime:0.000862s ]
INFO: [ app_begin ] --END-- [ RunTime:0.000983s ]

[ 2015-11-15T15:50:13+08:00 ] 0.0.0.0 /evc/index.php/Usr/usrct
INFO: [ route_check ] --START--
INFO: CheckRoute Behavior ::run [ RunTime:0.001171s ]
INFO: [ route_check ] --END-- [ RunTime:0.001397s ]
INFO: [ app_begin ] --START--
INFO: ReadHtmlCache Behavior ::run [ RunTime:0.000769s ]
INFO: [ app_begin ] --END-- [ RunTime:0.000904s ]
NOTIC: [8] Undefined variable: disabled C:\wamp\www\evc\index\Lib\Action\UsrAction.class.php 第 279 行.
INFO: [ view_parse ] --START--
NOTIC: [8] Undefined variable: aaa C:\wamp\www\evc\index\Runtime\Cache\ea56e757f03163943e2454407dd9782c.php 第 76 行.
NOTIC: [8] Undefined variable: status C:\wamp\www\evc\index\Runtime\Cache\ea56e757f03163943e2454407dd9782c.php 第 78 行.
INFO: ParseTemplate Behavior ::run [ RunTime:0.022188s ]
INFO: [ view_parse ] --END-- [ RunTime:0.022335s ]
INFO: [ view_filter ] --START--
INFO: ContentReplace Behavior ::run [ RunTime:0.000858s ]
INFO: TokenBuild Behavior ::run [ RunTime:0.000756s ]
INFO: WriteHtmlCache Behavior ::run [ RunTime:0.000518s ]
INFO: ShowRuntime Behavior ::run [ RunTime:0.000741s ]
INFO: [ view_filter ] --END-- [ RunTime:0.003278s ]
INFO: [ view_end ] --START--
INFO: ShowPageTrace Behavior ::run [ RunTime:0.000818s ]
INFO: [ view_end ] --END-- [ RunTime:0.000941s ]

[ 2015-11-15T15:50:14+08:00 ] 0.0.0.0 /evc/index.php/Usr/fnddvcbydvcid?dvcid=9
INFO: [ route_check ] --START--
INFO: CheckRoute Behavior ::run [ RunTime:0.000943s ]
INFO: [ route_check ] --END-- [ RunTime:0.001094s ]
INFO: [ app_begin ] --START--
INFO: ReadHtmlCache Behavior ::run [ RunTime:0.000721s ]
INFO: [ app_begin ] --END-- [ RunTime:0.000832s ]

[ 2015-11-15T15:50:26+08:00 ] 0.0.0.0 /evc/index.php/Usr/doonoffdvc?dvcid=9&tm=00%3A45&oprt=on&week=MON%2CTUE%2CWED%2CTHU%2CFRI%2CSAT%2CSUN&openTime=halfday
INFO: [ route_check ] --START--
INFO: CheckRoute Behavior ::run [ RunTime:0.001818s ]
INFO: [ route_check ] --END-- [ RunTime:0.002022s ]
INFO: [ app_begin ] --START--
INFO: ReadHtmlCache Behavior ::run [ RunTime:0.000986s ]
INFO: [ app_begin ] --END-- [ RunTime:0.001217s ]
NOTIC: [8] Undefined variable: json_usr C:\wamp\www\evc\index\Lib\Action\UsrAction.class.php 第 328 行.

[ 2015-11-15T15:51:19+08:00 ] 0.0.0.0 /evc/index.php/Usr/usrct
INFO: [ route_check ] --START--
INFO: CheckRoute Behavior ::run [ RunTime:0.000959s ]
INFO: [ route_check ] --END-- [ RunTime:0.001124s ]
INFO: [ app_begin ] --START--
INFO: ReadHtmlCache Behavior ::run [ RunTime:0.001065s ]
INFO: [ app_begin ] --END-- [ RunTime:0.001282s ]
NOTIC: [8] Undefined variable: disabled C:\wamp\www\evc\index\Lib\Action\UsrAction.class.php 第 279 行.
INFO: [ view_parse ] --START--
NOTIC: [8] Undefined variable: aaa C:\wamp\www\evc\index\Runtime\Cache\ea56e757f03163943e2454407dd9782c.php 第 76 行.
NOTIC: [8] Undefined variable: status C:\wamp\www\evc\index\Runtime\Cache\ea56e757f03163943e2454407dd9782c.php 第 78 行.
INFO: ParseTemplate Behavior ::run [ RunTime:0.021770s ]
INFO: [ view_parse ] --END-- [ RunTime:0.021910s ]
INFO: [ view_filter ] --START--
INFO: ContentReplace Behavior ::run [ RunTime:0.000785s ]
INFO: TokenBuild Behavior ::run [ RunTime:0.000652s ]
INFO: WriteHtmlCache Behavior ::run [ RunTime:0.000428s ]
INFO: ShowRuntime Behavior ::run [ RunTime:0.000738s ]
INFO: [ view_filter ] --END-- [ RunTime:0.002959s ]
INFO: [ view_end ] --START--
INFO: ShowPageTrace Behavior ::run [ RunTime:0.000736s ]
INFO: [ view_end ] --END-- [ RunTime:0.000855s ]

[ 2015-11-15T15:51:20+08:00 ] 0.0.0.0 /evc/index.php/Usr/fnddvcbydvcid?dvcid=9
INFO: [ route_check ] --START--
INFO: CheckRoute Behavior ::run [ RunTime:0.000988s ]
INFO: [ route_check ] --END-- [ RunTime:0.001140s ]
INFO: [ app_begin ] --START--
INFO: ReadHtmlCache Behavior ::run [ RunTime:0.000740s ]
INFO: [ app_begin ] --END-- [ RunTime:0.000850s ]

[ 2015-11-15T15:51:24+08:00 ] 0.0.0.0 /evc/index.php/Usr/doonoffdvc?dvcid=9&tm=00%3A45&oprt=on&week=MON%2CTUE%2CWED%2CTHU%2CFRI%2CSAT%2CSUN&openTime=halfday
INFO: [ route_check ] --START--
INFO: CheckRoute Behavior ::run [ RunTime:0.001709s ]
INFO: [ route_check ] --END-- [ RunTime:0.002012s ]
INFO: [ app_begin ] --START--
INFO: ReadHtmlCache Behavior ::run [ RunTime:0.001109s ]
INFO: [ app_begin ] --END-- [ RunTime:0.001307s ]
NOTIC: [8] Undefined variable: json_usr C:\wamp\www\evc\index\Lib\Action\UsrAction.class.php 第 328 行.

[ 2015-11-15T15:53:47+08:00 ] 0.0.0.0 /evc/index.php/Usr/usrct
INFO: [ route_check ] --START--
INFO: CheckRoute Behavior ::run [ RunTime:0.001147s ]
INFO: [ route_check ] --END-- [ RunTime:0.001397s ]
INFO: [ app_begin ] --START--
INFO: ReadHtmlCache Behavior ::run [ RunTime:0.001066s ]
INFO: [ app_begin ] --END-- [ RunTime:0.001269s ]
NOTIC: [8] Undefined variable: disabled C:\wamp\www\evc\index\Lib\Action\UsrAction.class.php 第 279 行.
INFO: [ view_parse ] --START--
NOTIC: [8] Undefined variable: aaa C:\wamp\www\evc\index\Runtime\Cache\ea56e757f03163943e2454407dd9782c.php 第 76 行.
NOTIC: [8] Undefined variable: status C:\wamp\www\evc\index\Runtime\Cache\ea56e757f03163943e2454407dd9782c.php 第 78 行.
INFO: ParseTemplate Behavior ::run [ RunTime:0.026559s ]
INFO: [ view_parse ] --END-- [ RunTime:0.026796s ]
INFO: [ view_filter ] --START--
INFO: ContentReplace Behavior ::run [ RunTime:0.001273s ]
INFO: TokenBuild Behavior ::run [ RunTime:0.001401s ]
INFO: WriteHtmlCache Behavior ::run [ RunTime:0.000869s ]
INFO: ShowRuntime Behavior ::run [ RunTime:0.000964s ]
INFO: [ view_filter ] --END-- [ RunTime:0.005118s ]
INFO: [ view_end ] --START--
INFO: ShowPageTrace Behavior ::run [ RunTime:0.001374s ]
INFO: [ view_end ] --END-- [ RunTime:0.001560s ]

[ 2015-11-15T15:53:48+08:00 ] 0.0.0.0 /evc/index.php/Usr/fnddvcbydvcid?dvcid=9
INFO: [ route_check ] --START--
INFO: CheckRoute Behavior ::run [ RunTime:0.001374s ]
INFO: [ route_check ] --END-- [ RunTime:0.001590s ]
INFO: [ app_begin ] --START--
INFO: ReadHtmlCache Behavior ::run [ RunTime:0.000754s ]
INFO: [ app_begin ] --END-- [ RunTime:0.000872s ]

[ 2015-11-15T15:53:53+08:00 ] 0.0.0.0 /evc/index.php/Usr/doonoffdvc?dvcid=9&tm=00%3A45&oprt=on&week=MON%2CTUE%2CWED%2CTHU%2CFRI%2CSAT%2CSUN&openTime=halfday
INFO: [ route_check ] --START--
INFO: CheckRoute Behavior ::run [ RunTime:0.001174s ]
INFO: [ route_check ] --END-- [ RunTime:0.001431s ]
INFO: [ app_begin ] --START--
INFO: ReadHtmlCache Behavior ::run [ RunTime:0.001406s ]
INFO: [ app_begin ] --END-- [ RunTime:0.001595s ]
NOTIC: [8] Undefined variable: json_usr C:\wamp\www\evc\index\Lib\Action\UsrAction.class.php 第 328 行.

[ 2015-11-15T15:55:15+08:00 ] 0.0.0.0 /evc/index.php/Usr/usrct
INFO: [ route_check ] --START--
INFO: CheckRoute Behavior ::run [ RunTime:0.001281s ]
INFO: [ route_check ] --END-- [ RunTime:0.001492s ]
INFO: [ app_begin ] --START--
INFO: ReadHtmlCache Behavior ::run [ RunTime:0.001156s ]
INFO: [ app_begin ] --END-- [ RunTime:0.001464s ]
NOTIC: [8] Undefined variable: disabled C:\wamp\www\evc\index\Lib\Action\UsrAction.class.php 第 279 行.
INFO: [ view_parse ] --START--
NOTIC: [8] Undefined variable: aaa C:\wamp\www\evc\index\Runtime\Cache\ea56e757f03163943e2454407dd9782c.php 第 76 行.
NOTIC: [8] Undefined variable: status C:\wamp\www\evc\index\Runtime\Cache\ea56e757f03163943e2454407dd9782c.php 第 78 行.
INFO: ParseTemplate Behavior ::run [ RunTime:0.035653s ]
INFO: [ view_parse ] --END-- [ RunTime:0.035912s ]
INFO: [ view_filter ] --START--
INFO: ContentReplace Behavior ::run [ RunTime:0.001037s ]
INFO: TokenBuild Behavior ::run [ RunTime:0.001061s ]
INFO: WriteHtmlCache Behavior ::run [ RunTime:0.000635s ]
INFO: ShowRuntime Behavior ::run [ RunTime:0.001001s ]
INFO: [ view_filter ] --END-- [ RunTime:0.004343s ]
INFO: [ view_end ] --START--
INFO: ShowPageTrace Behavior ::run [ RunTime:0.001256s ]
INFO: [ view_end ] --END-- [ RunTime:0.001480s ]

[ 2015-11-15T15:55:17+08:00 ] 0.0.0.0 /evc/index.php/Usr/fnddvcbydvcid?dvcid=9
INFO: [ route_check ] --START--
INFO: CheckRoute Behavior ::run [ RunTime:0.001019s ]
INFO: [ route_check ] --END-- [ RunTime:0.001431s ]
INFO: [ app_begin ] --START--
INFO: ReadHtmlCache Behavior ::run [ RunTime:0.009454s ]
INFO: [ app_begin ] --END-- [ RunTime:0.009603s ]

[ 2015-11-15T15:55:25+08:00 ] 0.0.0.0 /evc/index.php/Usr/doonoffdvc?dvcid=9&tm=00%3A45&oprt=on&week=MON%2CTUE%2CWED%2CTHU%2CFRI%2CSAT%2CSUN&openTime=halfday
INFO: [ route_check ] --START--
INFO: CheckRoute Behavior ::run [ RunTime:0.000987s ]
INFO: [ route_check ] --END-- [ RunTime:0.001152s ]
INFO: [ app_begin ] --START--
INFO: ReadHtmlCache Behavior ::run [ RunTime:0.000765s ]
INFO: [ app_begin ] --END-- [ RunTime:0.000885s ]

[ 2015-11-15T15:56:12+08:00 ] 0.0.0.0 /evc/index.php/Usr/usrct
INFO: [ route_check ] --START--
INFO: CheckRoute Behavior ::run [ RunTime:0.001789s ]
INFO: [ route_check ] --END-- [ RunTime:0.002006s ]
INFO: [ app_begin ] --START--
INFO: ReadHtmlCache Behavior ::run [ RunTime:0.000858s ]
INFO: [ app_begin ] --END-- [ RunTime:0.000994s ]
NOTIC: [8] Undefined variable: disabled C:\wamp\www\evc\index\Lib\Action\UsrAction.class.php 第 279 行.
INFO: [ view_parse ] --START--
NOTIC: [8] Undefined variable: aaa C:\wamp\www\evc\index\Runtime\Cache\ea56e757f03163943e2454407dd9782c.php 第 76 行.
NOTIC: [8] Undefined variable: status C:\wamp\www\evc\index\Runtime\Cache\ea56e757f03163943e2454407dd9782c.php 第 78 行.
INFO: ParseTemplate Behavior ::run [ RunTime:0.021591s ]
INFO: [ view_parse ] --END-- [ RunTime:0.021735s ]
INFO: [ view_filter ] --START--
INFO: ContentReplace Behavior ::run [ RunTime:0.000819s ]
INFO: TokenBuild Behavior ::run [ RunTime:0.000824s ]
INFO: WriteHtmlCache Behavior ::run [ RunTime:0.000637s ]
INFO: ShowRuntime Behavior ::run [ RunTime:0.001044s ]
INFO: [ view_filter ] --END-- [ RunTime:0.004677s ]
INFO: [ view_end ] --START--
INFO: ShowPageTrace Behavior ::run [ RunTime:0.001675s ]
INFO: [ view_end ] --END-- [ RunTime:0.001810s ]

[ 2015-11-15T15:56:14+08:00 ] 0.0.0.0 /evc/index.php/Usr/fnddvcbydvcid?dvcid=9
INFO: [ route_check ] --START--
INFO: CheckRoute Behavior ::run [ RunTime:0.000962s ]
INFO: [ route_check ] --END-- [ RunTime:0.001120s ]
INFO: [ app_begin ] --START--
INFO: ReadHtmlCache Behavior ::run [ RunTime:0.000735s ]
INFO: [ app_begin ] --END-- [ RunTime:0.000851s ]

[ 2015-11-15T15:56:34+08:00 ] 0.0.0.0 /evc/index.php/Usr/doonoffdvc?dvcid=9&tm=00%3A45&oprt=on&week=MON%2CTUE%2CWED%2CTHU%2CFRI%2CSAT%2CSUN&openTime=halfday
INFO: [ route_check ] --START--
INFO: CheckRoute Behavior ::run [ RunTime:0.001313s ]
INFO: [ route_check ] --END-- [ RunTime:0.001719s ]
INFO: [ app_begin ] --START--
INFO: ReadHtmlCache Behavior ::run [ RunTime:0.000812s ]
INFO: [ app_begin ] --END-- [ RunTime:0.000943s ]

[ 2015-11-15T15:56:44+08:00 ] 0.0.0.0 /evc/index.php/Usr/doonoffdvc?dvcid=9&tm=&oprt=on&week=
INFO: [ route_check ] --START--
INFO: CheckRoute Behavior ::run [ RunTime:0.001419s ]
INFO: [ route_check ] --END-- [ RunTime:0.002079s ]
INFO: [ app_begin ] --START--
INFO: ReadHtmlCache Behavior ::run [ RunTime:0.001008s ]
INFO: [ app_begin ] --END-- [ RunTime:0.001198s ]
NOTIC: [8] Undefined index: openTime C:\wamp\www\evc\index\Lib\Action\UsrAction.class.php 第 317 行.

[ 2015-11-15T15:56:44+08:00 ] 0.0.0.0 /evc/index.php/Usr/dotakesample?dvcid=9
INFO: [ route_check ] --START--
INFO: CheckRoute Behavior ::run [ RunTime:0.001073s ]
INFO: [ route_check ] --END-- [ RunTime:0.001250s ]
INFO: [ app_begin ] --START--
INFO: ReadHtmlCache Behavior ::run [ RunTime:0.000854s ]
INFO: [ app_begin ] --END-- [ RunTime:0.000975s ]

[ 2015-11-15T15:56:47+08:00 ] 0.0.0.0 /evc/index.php/Usr/doonoffdvc?dvcid=9&tm=&oprt=off&week=
INFO: [ route_check ] --START--
INFO: CheckRoute Behavior ::run [ RunTime:0.001080s ]
INFO: [ route_check ] --END-- [ RunTime:0.001274s ]
INFO: [ app_begin ] --START--
INFO: ReadHtmlCache Behavior ::run [ RunTime:0.000718s ]
INFO: [ app_begin ] --END-- [ RunTime:0.000827s ]
NOTIC: [8] Undefined index: openTime C:\wamp\www\evc\index\Lib\Action\UsrAction.class.php 第 317 行.

[ 2015-11-15T15:56:48+08:00 ] 0.0.0.0 /evc/index.php/Usr/dotakesample?dvcid=9
INFO: [ route_check ] --START--
INFO: CheckRoute Behavior ::run [ RunTime:0.001082s ]
INFO: [ route_check ] --END-- [ RunTime:0.001262s ]
INFO: [ app_begin ] --START--
INFO: ReadHtmlCache Behavior ::run [ RunTime:0.000760s ]
INFO: [ app_begin ] --END-- [ RunTime:0.000913s ]

[ 2015-11-15T15:57:57+08:00 ] 0.0.0.0 /evc/
INFO: [ app_begin ] --START--
INFO: ReadHtmlCache Behavior ::run [ RunTime:0.000737s ]
INFO: [ app_begin ] --END-- [ RunTime:0.000891s ]
NOTIC: [8] Undefined index: lth C:\wamp\www\evc\index\Lib\Action\IndexAction.class.php 第 52 行.
INFO: [ view_parse ] --START--
INFO: ParseTemplate Behavior ::run [ RunTime:0.014641s ]
INFO: [ view_parse ] --END-- [ RunTime:0.014972s ]
INFO: [ view_filter ] --START--
INFO: ContentReplace Behavior ::run [ RunTime:0.000681s ]
INFO: TokenBuild Behavior ::run [ RunTime:0.000623s ]
INFO: WriteHtmlCache Behavior ::run [ RunTime:0.000433s ]
INFO: ShowRuntime Behavior ::run [ RunTime:0.000670s ]
INFO: [ view_filter ] --END-- [ RunTime:0.002760s ]
INFO: [ view_end ] --START--
INFO: ShowPageTrace Behavior ::run [ RunTime:0.000753s ]
INFO: [ view_end ] --END-- [ RunTime:0.000883s ]

[ 2015-11-15T15:57:59+08:00 ] 0.0.0.0 /evc/index.php/Cmn/vrfusrstat?x=usrct
INFO: [ route_check ] --START--
INFO: CheckRoute Behavior ::run [ RunTime:0.001322s ]
INFO: [ route_check ] --END-- [ RunTime:0.001498s ]
INFO: [ app_begin ] --START--
INFO: ReadHtmlCache Behavior ::run [ RunTime:0.000937s ]
INFO: [ app_begin ] --END-- [ RunTime:0.001050s ]

[ 2015-11-15T15:58:00+08:00 ] 0.0.0.0 /evc/index.php/Usr/usrct
INFO: [ route_check ] --START--
INFO: CheckRoute Behavior ::run [ RunTime:0.001320s ]
INFO: [ route_check ] --END-- [ RunTime:0.001557s ]
INFO: [ app_begin ] --START--
INFO: ReadHtmlCache Behavior ::run [ RunTime:0.001055s ]
INFO: [ app_begin ] --END-- [ RunTime:0.001258s ]
NOTIC: [8] Undefined index: shareisall C:\wamp\www\evc\index\Lib\Action\UsrAction.class.php 第 244 行.
NOTIC: [8] Undefined index: shareisall C:\wamp\www\evc\index\Lib\Action\UsrAction.class.php 第 249 行.
INFO: [ view_parse ] --START--
NOTIC: [8] Undefined variable: aaa C:\wamp\www\evc\index\Runtime\Cache\ea56e757f03163943e2454407dd9782c.php 第 76 行.
NOTIC: [8] Undefined variable: status C:\wamp\www\evc\index\Runtime\Cache\ea56e757f03163943e2454407dd9782c.php 第 78 行.
INFO: ParseTemplate Behavior ::run [ RunTime:0.034717s ]
INFO: [ view_parse ] --END-- [ RunTime:0.034951s ]
INFO: [ view_filter ] --START--
INFO: ContentReplace Behavior ::run [ RunTime:0.001161s ]
INFO: TokenBuild Behavior ::run [ RunTime:0.001009s ]
INFO: WriteHtmlCache Behavior ::run [ RunTime:0.000802s ]
INFO: ShowRuntime Behavior ::run [ RunTime:0.001289s ]
INFO: [ view_filter ] --END-- [ RunTime:0.004871s ]
INFO: [ view_end ] --START--
INFO: ShowPageTrace Behavior ::run [ RunTime:0.001479s ]
INFO: [ view_end ] --END-- [ RunTime:0.001705s ]

[ 2015-11-15T15:59:19+08:00 ] 0.0.0.0 /evc/index.php/
INFO: [ route_check ] --START--
INFO: CheckRoute Behavior ::run [ RunTime:0.001903s ]
INFO: [ route_check ] --END-- [ RunTime:0.002160s ]
INFO: [ app_begin ] --START--
INFO: ReadHtmlCache Behavior ::run [ RunTime:0.001300s ]
INFO: [ app_begin ] --END-- [ RunTime:0.001622s ]
NOTIC: [8] Undefined index: lth C:\wamp\www\evc\index\Lib\Action\IndexAction.class.php 第 52 行.
INFO: [ view_parse ] --START--
INFO: ParseTemplate Behavior ::run [ RunTime:0.013881s ]
INFO: [ view_parse ] --END-- [ RunTime:0.014184s ]
INFO: [ view_filter ] --START--
INFO: ContentReplace Behavior ::run [ RunTime:0.001230s ]
INFO: TokenBuild Behavior ::run [ RunTime:0.001020s ]
INFO: WriteHtmlCache Behavior ::run [ RunTime:0.000582s ]
INFO: ShowRuntime Behavior ::run [ RunTime:0.000906s ]
INFO: [ view_filter ] --END-- [ RunTime:0.004440s ]
INFO: [ view_end ] --START--
INFO: ShowPageTrace Behavior ::run [ RunTime:0.001151s ]
INFO: [ view_end ] --END-- [ RunTime:0.001321s ]

[ 2015-11-15T15:59:20+08:00 ] 0.0.0.0 /evc/index.php/Cmn/dspdvc?ctlgtd=120.207736&ctlttd=30.211754
INFO: [ route_check ] --START--
INFO: CheckRoute Behavior ::run [ RunTime:0.001266s ]
INFO: [ route_check ] --END-- [ RunTime:0.001704s ]
INFO: [ app_begin ] --START--
INFO: ReadHtmlCache Behavior ::run [ RunTime:0.008242s ]
INFO: [ app_begin ] --END-- [ RunTime:0.008893s ]

[ 2015-11-15T15:59:23+08:00 ] 0.0.0.0 /evc/index.php/Index/getdvcsharedtl?dvcid=9
INFO: [ route_check ] --START--
INFO: CheckRoute Behavior ::run [ RunTime:0.000853s ]
INFO: [ route_check ] --END-- [ RunTime:0.001003s ]
INFO: [ app_begin ] --START--
INFO: ReadHtmlCache Behavior ::run [ RunTime:0.000941s ]
INFO: [ app_begin ] --END-- [ RunTime:0.001062s ]

[ 2015-11-15T15:59:34+08:00 ] 0.0.0.0 /evc/index.php/Usr/usrct
INFO: [ route_check ] --START--
INFO: CheckRoute Behavior ::run [ RunTime:0.000871s ]
INFO: [ route_check ] --END-- [ RunTime:0.001024s ]
INFO: [ app_begin ] --START--
INFO: ReadHtmlCache Behavior ::run [ RunTime:0.000753s ]
INFO: [ app_begin ] --END-- [ RunTime:0.000894s ]
NOTIC: [8] Undefined variable: disabled C:\wamp\www\evc\index\Lib\Action\UsrAction.class.php 第 279 行.
INFO: [ view_parse ] --START--
NOTIC: [8] Undefined variable: aaa C:\wamp\www\evc\index\Runtime\Cache\ea56e757f03163943e2454407dd9782c.php 第 76 行.
NOTIC: [8] Undefined variable: status C:\wamp\www\evc\index\Runtime\Cache\ea56e757f03163943e2454407dd9782c.php 第 78 行.
INFO: ParseTemplate Behavior ::run [ RunTime:0.022058s ]
INFO: [ view_parse ] --END-- [ RunTime:0.022209s ]
INFO: [ view_filter ] --START--
INFO: ContentReplace Behavior ::run [ RunTime:0.000881s ]
INFO: TokenBuild Behavior ::run [ RunTime:0.000679s ]
INFO: WriteHtmlCache Behavior ::run [ RunTime:0.000450s ]
INFO: ShowRuntime Behavior ::run [ RunTime:0.001442s ]
INFO: [ view_filter ] --END-- [ RunTime:0.003927s ]
INFO: [ view_end ] --START--
INFO: ShowPageTrace Behavior ::run [ RunTime:0.001231s ]
INFO: [ view_end ] --END-- [ RunTime:0.001434s ]

[ 2015-11-15T15:59:38+08:00 ] 0.0.0.0 /evc/index.php/Usr/fnddvcbydvcid?dvcid=9
INFO: [ route_check ] --START--
INFO: CheckRoute Behavior ::run [ RunTime:0.001115s ]
INFO: [ route_check ] --END-- [ RunTime:0.001287s ]
INFO: [ app_begin ] --START--
INFO: ReadHtmlCache Behavior ::run [ RunTime:0.000865s ]
INFO: [ app_begin ] --END-- [ RunTime:0.000989s ]

[ 2015-11-15T16:00:06+08:00 ] 0.0.0.0 /evc/index.php/Usr/doonoffdvc?dvcid=9&tm=00%3A45&oprt=on&week=MON%2CTUE%2CWED%2CTHU%2CFRI%2CSAT%2CSUN&openTime=halfday
INFO: [ route_check ] --START--
INFO: CheckRoute Behavior ::run [ RunTime:0.000916s ]
INFO: [ route_check ] --END-- [ RunTime:0.001087s ]
INFO: [ app_begin ] --START--
INFO: ReadHtmlCache Behavior ::run [ RunTime:0.000762s ]
INFO: [ app_begin ] --END-- [ RunTime:0.000878s ]

[ 2015-11-15T16:07:16+08:00 ] 0.0.0.0 /evc/index.php/Usr/fnddvcbydvcid?dvcid=9
INFO: [ route_check ] --START--
INFO: CheckRoute Behavior ::run [ RunTime:0.001479s ]
INFO: [ route_check ] --END-- [ RunTime:0.001643s ]
INFO: [ app_begin ] --START--
INFO: ReadHtmlCache Behavior ::run [ RunTime:0.001869s ]
INFO: [ app_begin ] --END-- [ RunTime:0.002012s ]

[ 2015-11-15T16:07:19+08:00 ] 0.0.0.0 /evc/index.php/Usr/usrct
INFO: [ route_check ] --START--
INFO: CheckRoute Behavior ::run [ RunTime:0.001736s ]
INFO: [ route_check ] --END-- [ RunTime:0.002056s ]
INFO: [ app_begin ] --START--
INFO: ReadHtmlCache Behavior ::run [ RunTime:0.001080s ]
INFO: [ app_begin ] --END-- [ RunTime:0.001313s ]
NOTIC: [8] Undefined variable: disabled C:\wamp\www\evc\index\Lib\Action\UsrAction.class.php 第 279 行.
INFO: [ view_parse ] --START--
NOTIC: [8] Undefined variable: aaa C:\wamp\www\evc\index\Runtime\Cache\ea56e757f03163943e2454407dd9782c.php 第 76 行.
NOTIC: [8] Undefined variable: status C:\wamp\www\evc\index\Runtime\Cache\ea56e757f03163943e2454407dd9782c.php 第 78 行.
INFO: ParseTemplate Behavior ::run [ RunTime:0.024319s ]
INFO: [ view_parse ] --END-- [ RunTime:0.024462s ]
INFO: [ view_filter ] --START--
INFO: ContentReplace Behavior ::run [ RunTime:0.000994s ]
INFO: TokenBuild Behavior ::run [ RunTime:0.000970s ]
INFO: WriteHtmlCache Behavior ::run [ RunTime:0.000722s ]
INFO: ShowRuntime Behavior ::run [ RunTime:0.001088s ]
INFO: [ view_filter ] --END-- [ RunTime:0.004148s ]
INFO: [ view_end ] --START--
INFO: ShowPageTrace Behavior ::run [ RunTime:0.001158s ]
INFO: [ view_end ] --END-- [ RunTime:0.001292s ]

[ 2015-11-15T16:07:20+08:00 ] 0.0.0.0 /evc/index.php/Usr/fnddvcbydvcid?dvcid=9
INFO: [ route_check ] --START--
INFO: CheckRoute Behavior ::run [ RunTime:0.001027s ]
INFO: [ route_check ] --END-- [ RunTime:0.001184s ]
INFO: [ app_begin ] --START--
INFO: ReadHtmlCache Behavior ::run [ RunTime:0.000704s ]
INFO: [ app_begin ] --END-- [ RunTime:0.000845s ]

[ 2015-11-15T16:07:24+08:00 ] 0.0.0.0 /evc/index.php/Usr/doonoffdvc?dvcid=9&tm=00%3A45&oprt=on&week=MON%2CTUE%2CWED%2CTHU%2CFRI%2CSAT%2CSUN&openTime=halfday
INFO: [ route_check ] --START--
INFO: CheckRoute Behavior ::run [ RunTime:0.000933s ]
INFO: [ route_check ] --END-- [ RunTime:0.001087s ]
INFO: [ app_begin ] --START--
INFO: ReadHtmlCache Behavior ::run [ RunTime:0.000792s ]
INFO: [ app_begin ] --END-- [ RunTime:0.000899s ]

[ 2015-11-15T16:18:14+08:00 ] 0.0.0.0 /evc/index.php/Usr/usrct
INFO: [ route_check ] --START--
INFO: CheckRoute Behavior ::run [ RunTime:0.001579s ]
INFO: [ route_check ] --END-- [ RunTime:0.001749s ]
INFO: [ app_begin ] --START--
INFO: ReadHtmlCache Behavior ::run [ RunTime:0.001378s ]
INFO: [ app_begin ] --END-- [ RunTime:0.001546s ]
NOTIC: [8] Undefined variable: disabled C:\wamp\www\evc\index\Lib\Action\UsrAction.class.php 第 279 行.
INFO: [ view_parse ] --START--
NOTIC: [8] Undefined variable: aaa C:\wamp\www\evc\index\Runtime\Cache\ea56e757f03163943e2454407dd9782c.php 第 76 行.
NOTIC: [8] Undefined variable: status C:\wamp\www\evc\index\Runtime\Cache\ea56e757f03163943e2454407dd9782c.php 第 78 行.
INFO: ParseTemplate Behavior ::run [ RunTime:0.024374s ]
INFO: [ view_parse ] --END-- [ RunTime:0.024584s ]
INFO: [ view_filter ] --START--
INFO: ContentReplace Behavior ::run [ RunTime:0.001590s ]
INFO: TokenBuild Behavior ::run [ RunTime:0.001491s ]
INFO: WriteHtmlCache Behavior ::run [ RunTime:0.003093s ]
INFO: ShowRuntime Behavior ::run [ RunTime:0.001152s ]
INFO: [ view_filter ] --END-- [ RunTime:0.007909s ]
INFO: [ view_end ] --START--
INFO: ShowPageTrace Behavior ::run [ RunTime:0.001150s ]
INFO: [ view_end ] --END-- [ RunTime:0.001286s ]

[ 2015-11-15T16:18:15+08:00 ] 0.0.0.0 /evc/index.php/Usr/fnddvcbydvcid?dvcid=9
INFO: [ route_check ] --START--
INFO: CheckRoute Behavior ::run [ RunTime:0.000941s ]
INFO: [ route_check ] --END-- [ RunTime:0.001101s ]
INFO: [ app_begin ] --START--
INFO: ReadHtmlCache Behavior ::run [ RunTime:0.000720s ]
INFO: [ app_begin ] --END-- [ RunTime:0.000832s ]

[ 2015-11-15T16:18:19+08:00 ] 0.0.0.0 /evc/index.php/Usr/doonoffdvc?dvcid=9&tm=00%3A45&oprt=on&week=MON%2CTUE%2CWED%2CTHU%2CFRI%2CSAT%2CSUN&openTime=halfday
INFO: [ route_check ] --START--
INFO: CheckRoute Behavior ::run [ RunTime:0.000881s ]
INFO: [ route_check ] --END-- [ RunTime:0.001043s ]
INFO: [ app_begin ] --START--
INFO: ReadHtmlCache Behavior ::run [ RunTime:0.000808s ]
INFO: [ app_begin ] --END-- [ RunTime:0.000926s ]

[ 2015-11-15T16:20:53+08:00 ] 0.0.0.0 /evc/index.php/Usr/usrct
INFO: [ route_check ] --START--
INFO: CheckRoute Behavior ::run [ RunTime:0.001205s ]
INFO: [ route_check ] --END-- [ RunTime:0.001362s ]
INFO: [ app_begin ] --START--
INFO: ReadHtmlCache Behavior ::run [ RunTime:0.000773s ]
INFO: [ app_begin ] --END-- [ RunTime:0.000937s ]
NOTIC: [8] Undefined variable: disabled C:\wamp\www\evc\index\Lib\Action\UsrAction.class.php 第 279 行.
INFO: [ view_parse ] --START--
NOTIC: [8] Undefined variable: aaa C:\wamp\www\evc\index\Runtime\Cache\ea56e757f03163943e2454407dd9782c.php 第 76 行.
NOTIC: [8] Undefined variable: status C:\wamp\www\evc\index\Runtime\Cache\ea56e757f03163943e2454407dd9782c.php 第 78 行.
INFO: ParseTemplate Behavior ::run [ RunTime:0.022851s ]
INFO: [ view_parse ] --END-- [ RunTime:0.022992s ]
INFO: [ view_filter ] --START--
INFO: ContentReplace Behavior ::run [ RunTime:0.000724s ]
INFO: TokenBuild Behavior ::run [ RunTime:0.000619s ]
INFO: WriteHtmlCache Behavior ::run [ RunTime:0.000514s ]
INFO: ShowRuntime Behavior ::run [ RunTime:0.000809s ]
INFO: [ view_filter ] --END-- [ RunTime:0.003058s ]
INFO: [ view_end ] --START--
INFO: ShowPageTrace Behavior ::run [ RunTime:0.001565s ]
INFO: [ view_end ] --END-- [ RunTime:0.001702s ]

[ 2015-11-15T16:21:11+08:00 ] 0.0.0.0 /evc/index.php/Usr/fnddvcbydvcid?dvcid=9
INFO: [ route_check ] --START--
INFO: CheckRoute Behavior ::run [ RunTime:0.003007s ]
INFO: [ route_check ] --END-- [ RunTime:0.003232s ]
INFO: [ app_begin ] --START--
INFO: ReadHtmlCache Behavior ::run [ RunTime:0.000919s ]
INFO: [ app_begin ] --END-- [ RunTime:0.001082s ]

[ 2015-11-15T16:21:18+08:00 ] 0.0.0.0 /evc/index.php/Usr/doonoffdvc?dvcid=9&tm=00%3A45&oprt=on&week=MON%2CTUE%2CWED%2CTHU%2CFRI%2CSAT%2CSUN&openTime=halfday
INFO: [ route_check ] --START--
INFO: CheckRoute Behavior ::run [ RunTime:0.001425s ]
INFO: [ route_check ] --END-- [ RunTime:0.001627s ]
INFO: [ app_begin ] --START--
INFO: ReadHtmlCache Behavior ::run [ RunTime:0.000738s ]
INFO: [ app_begin ] --END-- [ RunTime:0.000989s ]

[ 2015-11-15T16:25:12+08:00 ] 0.0.0.0 /evc/index.php/Usr/fnddvcbydvcid?dvcid=9
INFO: [ route_check ] --START--
INFO: CheckRoute Behavior ::run [ RunTime:0.001221s ]
INFO: [ route_check ] --END-- [ RunTime:0.001383s ]
INFO: [ app_begin ] --START--
INFO: ReadHtmlCache Behavior ::run [ RunTime:0.000768s ]
INFO: [ app_begin ] --END-- [ RunTime:0.000892s ]

[ 2015-11-15T16:25:16+08:00 ] 0.0.0.0 /evc/index.php/Usr/usrct
INFO: [ route_check ] --START--
INFO: CheckRoute Behavior ::run [ RunTime:0.001200s ]
INFO: [ route_check ] --END-- [ RunTime:0.001377s ]
INFO: [ app_begin ] --START--
INFO: ReadHtmlCache Behavior ::run [ RunTime:0.000903s ]
INFO: [ app_begin ] --END-- [ RunTime:0.001050s ]
NOTIC: [8] Undefined variable: disabled C:\wamp\www\evc\index\Lib\Action\UsrAction.class.php 第 279 行.
INFO: [ view_parse ] --START--
NOTIC: [8] Undefined variable: aaa C:\wamp\www\evc\index\Runtime\Cache\ea56e757f03163943e2454407dd9782c.php 第 76 行.
NOTIC: [8] Undefined variable: status C:\wamp\www\evc\index\Runtime\Cache\ea56e757f03163943e2454407dd9782c.php 第 78 行.
INFO: ParseTemplate Behavior ::run [ RunTime:0.024297s ]
INFO: [ view_parse ] --END-- [ RunTime:0.024452s ]
INFO: [ view_filter ] --START--
INFO: ContentReplace Behavior ::run [ RunTime:0.000752s ]
INFO: TokenBuild Behavior ::run [ RunTime:0.000654s ]
INFO: WriteHtmlCache Behavior ::run [ RunTime:0.000529s ]
INFO: ShowRuntime Behavior ::run [ RunTime:0.000795s ]
INFO: [ view_filter ] --END-- [ RunTime:0.003091s ]
INFO: [ view_end ] --START--
INFO: ShowPageTrace Behavior ::run [ RunTime:0.000826s ]
INFO: [ view_end ] --END-- [ RunTime:0.000956s ]

[ 2015-11-15T16:25:17+08:00 ] 0.0.0.0 /evc/index.php/Usr/fnddvcbydvcid?dvcid=9
INFO: [ route_check ] --START--
INFO: CheckRoute Behavior ::run [ RunTime:0.000923s ]
INFO: [ route_check ] --END-- [ RunTime:0.001084s ]
INFO: [ app_begin ] --START--
INFO: ReadHtmlCache Behavior ::run [ RunTime:0.000712s ]
INFO: [ app_begin ] --END-- [ RunTime:0.000820s ]

[ 2015-11-15T16:25:21+08:00 ] 0.0.0.0 /evc/index.php/Usr/doonoffdvc?dvcid=9&tm=00%3A45&oprt=on&week=MON%2CTUE%2CWED%2CTHU%2CFRI%2CSAT%2CSUN&openTime=halfday
INFO: [ route_check ] --START--
INFO: CheckRoute Behavior ::run [ RunTime:0.000893s ]
INFO: [ route_check ] --END-- [ RunTime:0.001054s ]
INFO: [ app_begin ] --START--
INFO: ReadHtmlCache Behavior ::run [ RunTime:0.000710s ]
INFO: [ app_begin ] --END-- [ RunTime:0.000825s ]

[ 2015-11-15T16:25:44+08:00 ] 0.0.0.0 /evc/index.php/Usr/usrct
INFO: [ route_check ] --START--
INFO: CheckRoute Behavior ::run [ RunTime:0.000992s ]
INFO: [ route_check ] --END-- [ RunTime:0.001154s ]
INFO: [ app_begin ] --START--
INFO: ReadHtmlCache Behavior ::run [ RunTime:0.001711s ]
INFO: [ app_begin ] --END-- [ RunTime:0.001864s ]
NOTIC: [8] Undefined variable: disabled C:\wamp\www\evc\index\Lib\Action\UsrAction.class.php 第 279 行.
INFO: [ view_parse ] --START--
NOTIC: [8] Undefined variable: aaa C:\wamp\www\evc\index\Runtime\Cache\ea56e757f03163943e2454407dd9782c.php 第 76 行.
NOTIC: [8] Undefined variable: status C:\wamp\www\evc\index\Runtime\Cache\ea56e757f03163943e2454407dd9782c.php 第 78 行.
INFO: ParseTemplate Behavior ::run [ RunTime:0.022390s ]
INFO: [ view_parse ] --END-- [ RunTime:0.022575s ]
INFO: [ view_filter ] --START--
INFO: ContentReplace Behavior ::run [ RunTime:0.000748s ]
INFO: TokenBuild Behavior ::run [ RunTime:0.000735s ]
INFO: WriteHtmlCache Behavior ::run [ RunTime:0.000550s ]
INFO: ShowRuntime Behavior ::run [ RunTime:0.000750s ]
INFO: [ view_filter ] --END-- [ RunTime:0.003190s ]
INFO: [ view_end ] --START--
INFO: ShowPageTrace Behavior ::run [ RunTime:0.000793s ]
INFO: [ view_end ] --END-- [ RunTime:0.000922s ]

[ 2015-11-15T16:25:45+08:00 ] 0.0.0.0 /evc/index.php/Usr/fnddvcbydvcid?dvcid=9
INFO: [ route_check ] --START--
INFO: CheckRoute Behavior ::run [ RunTime:0.000909s ]
INFO: [ route_check ] --END-- [ RunTime:0.001070s ]
INFO: [ app_begin ] --START--
INFO: ReadHtmlCache Behavior ::run [ RunTime:0.000786s ]
INFO: [ app_begin ] --END-- [ RunTime:0.000898s ]

[ 2015-11-15T16:25:48+08:00 ] 0.0.0.0 /evc/index.php/Usr/doonoffdvc?dvcid=9&tm=00%3A45&oprt=on&week=MON%2CTUE%2CWED%2CTHU%2CFRI%2CSAT%2CSUN&openTime=halfday
INFO: [ route_check ] --START--
INFO: CheckRoute Behavior ::run [ RunTime:0.001017s ]
INFO: [ route_check ] --END-- [ RunTime:0.001209s ]
INFO: [ app_begin ] --START--
INFO: ReadHtmlCache Behavior ::run [ RunTime:0.000752s ]
INFO: [ app_begin ] --END-- [ RunTime:0.000878s ]

[ 2015-11-15T16:26:02+08:00 ] 0.0.0.0 /evc/index.php/Usr/usrct
INFO: [ route_check ] --START--
INFO: CheckRoute Behavior ::run [ RunTime:0.001423s ]
INFO: [ route_check ] --END-- [ RunTime:0.001588s ]
INFO: [ app_begin ] --START--
INFO: ReadHtmlCache Behavior ::run [ RunTime:0.000701s ]
INFO: [ app_begin ] --END-- [ RunTime:0.000830s ]
NOTIC: [8] Undefined variable: disabled C:\wamp\www\evc\index\Lib\Action\UsrAction.class.php 第 279 行.
INFO: [ view_parse ] --START--
NOTIC: [8] Undefined variable: aaa C:\wamp\www\evc\index\Runtime\Cache\ea56e757f03163943e2454407dd9782c.php 第 76 行.
NOTIC: [8] Undefined variable: status C:\wamp\www\evc\index\Runtime\Cache\ea56e757f03163943e2454407dd9782c.php 第 78 行.
INFO: ParseTemplate Behavior ::run [ RunTime:0.021468s ]
INFO: [ view_parse ] --END-- [ RunTime:0.021643s ]
INFO: [ view_filter ] --START--
INFO: ContentReplace Behavior ::run [ RunTime:0.000709s ]
INFO: TokenBuild Behavior ::run [ RunTime:0.000728s ]
INFO: WriteHtmlCache Behavior ::run [ RunTime:0.000498s ]
INFO: ShowRuntime Behavior ::run [ RunTime:0.001201s ]
INFO: [ view_filter ] --END-- [ RunTime:0.005980s ]
INFO: [ view_end ] --START--
INFO: ShowPageTrace Behavior ::run [ RunTime:0.000967s ]
INFO: [ view_end ] --END-- [ RunTime:0.001110s ]

[ 2015-11-15T16:26:03+08:00 ] 0.0.0.0 /evc/index.php/Usr/fnddvcbydvcid?dvcid=9
INFO: [ route_check ] --START--
INFO: CheckRoute Behavior ::run [ RunTime:0.000888s ]
INFO: [ route_check ] --END-- [ RunTime:0.001043s ]
INFO: [ app_begin ] --START--
INFO: ReadHtmlCache Behavior ::run [ RunTime:0.000674s ]
INFO: [ app_begin ] --END-- [ RunTime:0.000784s ]

[ 2015-11-15T16:26:06+08:00 ] 0.0.0.0 /evc/index.php/Usr/doonoffdvc?dvcid=9&tm=00%3A45&oprt=on&week=MON%2CTUE%2CWED%2CTHU%2CFRI%2CSAT%2CSUN&openTime=halfday
INFO: [ route_check ] --START--
INFO: CheckRoute Behavior ::run [ RunTime:0.000896s ]
INFO: [ route_check ] --END-- [ RunTime:0.001059s ]
INFO: [ app_begin ] --START--
INFO: ReadHtmlCache Behavior ::run [ RunTime:0.000719s ]
INFO: [ app_begin ] --END-- [ RunTime:0.000837s ]

[ 2015-11-15T16:26:20+08:00 ] 0.0.0.0 /evc/index.php/Usr/usrct
INFO: [ route_check ] --START--
INFO: CheckRoute Behavior ::run [ RunTime:0.002097s ]
INFO: [ route_check ] --END-- [ RunTime:0.002445s ]
INFO: [ app_begin ] --START--
INFO: ReadHtmlCache Behavior ::run [ RunTime:0.001195s ]
INFO: [ app_begin ] --END-- [ RunTime:0.001488s ]
NOTIC: [8] Undefined variable: disabled C:\wamp\www\evc\index\Lib\Action\UsrAction.class.php 第 279 行.
INFO: [ view_parse ] --START--
NOTIC: [8] Undefined variable: aaa C:\wamp\www\evc\index\Runtime\Cache\ea56e757f03163943e2454407dd9782c.php 第 76 行.
NOTIC: [8] Undefined variable: status C:\wamp\www\evc\index\Runtime\Cache\ea56e757f03163943e2454407dd9782c.php 第 78 行.
INFO: ParseTemplate Behavior ::run [ RunTime:0.029565s ]
INFO: [ view_parse ] --END-- [ RunTime:0.029717s ]
INFO: [ view_filter ] --START--
INFO: ContentReplace Behavior ::run [ RunTime:0.000657s ]
INFO: TokenBuild Behavior ::run [ RunTime:0.000575s ]
INFO: WriteHtmlCache Behavior ::run [ RunTime:0.000448s ]
INFO: ShowRuntime Behavior ::run [ RunTime:0.000741s ]
INFO: [ view_filter ] --END-- [ RunTime:0.002784s ]
INFO: [ view_end ] --START--
INFO: ShowPageTrace Behavior ::run [ RunTime:0.000814s ]
INFO: [ view_end ] --END-- [ RunTime:0.000954s ]

[ 2015-11-15T16:26:21+08:00 ] 0.0.0.0 /evc/index.php/Usr/fnddvcbydvcid?dvcid=9
INFO: [ route_check ] --START--
INFO: CheckRoute Behavior ::run [ RunTime:0.001171s ]
INFO: [ route_check ] --END-- [ RunTime:0.001378s ]
INFO: [ app_begin ] --START--
INFO: ReadHtmlCache Behavior ::run [ RunTime:0.000713s ]
INFO: [ app_begin ] --END-- [ RunTime:0.000827s ]

[ 2015-11-15T16:26:24+08:00 ] 0.0.0.0 /evc/index.php/Usr/doonoffdvc?dvcid=9&tm=00%3A45&oprt=on&week=MON%2CTUE%2CWED%2CTHU%2CFRI%2CSAT%2CSUN&openTime=halfday
INFO: [ route_check ] --START--
INFO: CheckRoute Behavior ::run [ RunTime:0.000997s ]
INFO: [ route_check ] --END-- [ RunTime:0.001162s ]
INFO: [ app_begin ] --START--
INFO: ReadHtmlCache Behavior ::run [ RunTime:0.000691s ]
INFO: [ app_begin ] --END-- [ RunTime:0.000800s ]

[ 2015-11-15T16:26:27+08:00 ] 0.0.0.0 /evc/index.php/Usr/usrct
INFO: [ route_check ] --START--
INFO: CheckRoute Behavior ::run [ RunTime:0.001003s ]
INFO: [ route_check ] --END-- [ RunTime:0.001175s ]
INFO: [ app_begin ] --START--
INFO: ReadHtmlCache Behavior ::run [ RunTime:0.000806s ]
INFO: [ app_begin ] --END-- [ RunTime:0.000941s ]
NOTIC: [8] Undefined variable: disabled C:\wamp\www\evc\index\Lib\Action\UsrAction.class.php 第 279 行.
INFO: [ view_parse ] --START--
NOTIC: [8] Undefined variable: aaa C:\wamp\www\evc\index\Runtime\Cache\ea56e757f03163943e2454407dd9782c.php 第 76 行.
NOTIC: [8] Undefined variable: status C:\wamp\www\evc\index\Runtime\Cache\ea56e757f03163943e2454407dd9782c.php 第 78 行.
INFO: ParseTemplate Behavior ::run [ RunTime:0.023246s ]
INFO: [ view_parse ] --END-- [ RunTime:0.023623s ]
INFO: [ view_filter ] --START--
INFO: ContentReplace Behavior ::run [ RunTime:0.001124s ]
INFO: TokenBuild Behavior ::run [ RunTime:0.000631s ]
INFO: WriteHtmlCache Behavior ::run [ RunTime:0.000395s ]
INFO: ShowRuntime Behavior ::run [ RunTime:0.000662s ]
INFO: [ view_filter ] --END-- [ RunTime:0.003309s ]
INFO: [ view_end ] --START--
INFO: ShowPageTrace Behavior ::run [ RunTime:0.000712s ]
INFO: [ view_end ] --END-- [ RunTime:0.000889s ]

[ 2015-11-15T16:26:35+08:00 ] 0.0.0.0 /evc/index.php/Usr/usrct
INFO: [ route_check ] --START--
INFO: CheckRoute Behavior ::run [ RunTime:0.000962s ]
INFO: [ route_check ] --END-- [ RunTime:0.001158s ]
INFO: [ app_begin ] --START--
INFO: ReadHtmlCache Behavior ::run [ RunTime:0.000797s ]
INFO: [ app_begin ] --END-- [ RunTime:0.000934s ]
NOTIC: [8] Undefined variable: disabled C:\wamp\www\evc\index\Lib\Action\UsrAction.class.php 第 279 行.
INFO: [ view_parse ] --START--
NOTIC: [8] Undefined variable: aaa C:\wamp\www\evc\index\Runtime\Cache\ea56e757f03163943e2454407dd9782c.php 第 76 行.
NOTIC: [8] Undefined variable: status C:\wamp\www\evc\index\Runtime\Cache\ea56e757f03163943e2454407dd9782c.php 第 78 行.
INFO: ParseTemplate Behavior ::run [ RunTime:0.023505s ]
INFO: [ view_parse ] --END-- [ RunTime:0.023722s ]
INFO: [ view_filter ] --START--
INFO: ContentReplace Behavior ::run [ RunTime:0.000881s ]
INFO: TokenBuild Behavior ::run [ RunTime:0.000740s ]
INFO: WriteHtmlCache Behavior ::run [ RunTime:0.000446s ]
INFO: ShowRuntime Behavior ::run [ RunTime:0.000661s ]
INFO: [ view_filter ] --END-- [ RunTime:0.003110s ]
INFO: [ view_end ] --START--
INFO: ShowPageTrace Behavior ::run [ RunTime:0.000760s ]
INFO: [ view_end ] --END-- [ RunTime:0.000890s ]

[ 2015-11-15T16:26:39+08:00 ] 0.0.0.0 /evc/index.php/Usr/fnddvcbydvcid?dvcid=9
INFO: [ route_check ] --START--
INFO: CheckRoute Behavior ::run [ RunTime:0.000920s ]
INFO: [ route_check ] --END-- [ RunTime:0.001081s ]
INFO: [ app_begin ] --START--
INFO: ReadHtmlCache Behavior ::run [ RunTime:0.000972s ]
INFO: [ app_begin ] --END-- [ RunTime:0.001098s ]

[ 2015-11-15T16:26:54+08:00 ] 0.0.0.0 /evc/index.php/Usr/doonoffdvc?dvcid=9&tm=00%3A45&oprt=on&week=MON%2CTUE%2CWED%2CTHU%2CFRI%2CSAT%2CSUN&openTime=allday
INFO: [ route_check ] --START--
INFO: CheckRoute Behavior ::run [ RunTime:0.000905s ]
INFO: [ route_check ] --END-- [ RunTime:0.001116s ]
INFO: [ app_begin ] --START--
INFO: ReadHtmlCache Behavior ::run [ RunTime:0.000748s ]
INFO: [ app_begin ] --END-- [ RunTime:0.000865s ]

[ 2015-11-15T16:26:57+08:00 ] 0.0.0.0 /evc/index.php/Usr/usrct
INFO: [ route_check ] --START--
INFO: CheckRoute Behavior ::run [ RunTime:0.001754s ]
INFO: [ route_check ] --END-- [ RunTime:0.002054s ]
INFO: [ app_begin ] --START--
INFO: ReadHtmlCache Behavior ::run [ RunTime:0.001422s ]
INFO: [ app_begin ] --END-- [ RunTime:0.001617s ]
NOTIC: [8] Undefined variable: disabled C:\wamp\www\evc\index\Lib\Action\UsrAction.class.php 第 279 行.
INFO: [ view_parse ] --START--
NOTIC: [8] Undefined variable: aaa C:\wamp\www\evc\index\Runtime\Cache\ea56e757f03163943e2454407dd9782c.php 第 76 行.
NOTIC: [8] Undefined variable: status C:\wamp\www\evc\index\Runtime\Cache\ea56e757f03163943e2454407dd9782c.php 第 78 行.
INFO: ParseTemplate Behavior ::run [ RunTime:0.026797s ]
INFO: [ view_parse ] --END-- [ RunTime:0.027103s ]
INFO: [ view_filter ] --START--
INFO: ContentReplace Behavior ::run [ RunTime:0.000664s ]
INFO: TokenBuild Behavior ::run [ RunTime:0.000537s ]
INFO: WriteHtmlCache Behavior ::run [ RunTime:0.000415s ]
INFO: ShowRuntime Behavior ::run [ RunTime:0.000629s ]
INFO: [ view_filter ] --END-- [ RunTime:0.002594s ]
INFO: [ view_end ] --START--
INFO: ShowPageTrace Behavior ::run [ RunTime:0.000752s ]
INFO: [ view_end ] --END-- [ RunTime:0.000893s ]

[ 2015-11-15T16:27:11+08:00 ] 0.0.0.0 /evc/index.php/
INFO: [ route_check ] --START--
INFO: CheckRoute Behavior ::run [ RunTime:0.001595s ]
INFO: [ route_check ] --END-- [ RunTime:0.001891s ]
INFO: [ app_begin ] --START--
INFO: ReadHtmlCache Behavior ::run [ RunTime:0.000984s ]
INFO: [ app_begin ] --END-- [ RunTime:0.001176s ]
NOTIC: [8] Undefined index: lth C:\wamp\www\evc\index\Lib\Action\IndexAction.class.php 第 52 行.
INFO: [ view_parse ] --START--
INFO: ParseTemplate Behavior ::run [ RunTime:0.014499s ]
INFO: [ view_parse ] --END-- [ RunTime:0.014681s ]
INFO: [ view_filter ] --START--
INFO: ContentReplace Behavior ::run [ RunTime:0.000680s ]
INFO: TokenBuild Behavior ::run [ RunTime:0.000651s ]
INFO: WriteHtmlCache Behavior ::run [ RunTime:0.000440s ]
INFO: ShowRuntime Behavior ::run [ RunTime:0.000653s ]
INFO: [ view_filter ] --END-- [ RunTime:0.002792s ]
INFO: [ view_end ] --START--
INFO: ShowPageTrace Behavior ::run [ RunTime:0.000748s ]
INFO: [ view_end ] --END-- [ RunTime:0.000884s ]

[ 2015-11-15T16:27:12+08:00 ] 0.0.0.0 /evc/index.php/Cmn/dspdvc?ctlgtd=120.207736&ctlttd=30.211754
INFO: [ route_check ] --START--
INFO: CheckRoute Behavior ::run [ RunTime:0.001833s ]
INFO: [ route_check ] --END-- [ RunTime:0.002060s ]
INFO: [ app_begin ] --START--
INFO: ReadHtmlCache Behavior ::run [ RunTime:0.001211s ]
INFO: [ app_begin ] --END-- [ RunTime:0.001404s ]

[ 2015-11-15T19:59:22+08:00 ] 0.0.0.0 /evc/index.php/Usr/usrct
INFO: [ route_check ] --START--
INFO: CheckRoute Behavior ::run [ RunTime:0.002755s ]
INFO: [ route_check ] --END-- [ RunTime:0.003167s ]
INFO: [ app_begin ] --START--
INFO: ReadHtmlCache Behavior ::run [ RunTime:0.002613s ]
INFO: [ app_begin ] --END-- [ RunTime:0.002766s ]
INFO: [ view_parse ] --START--
NOTIC: [8] Undefined variable: aaa C:\wamp\www\evc\index\Runtime\Cache\ea56e757f03163943e2454407dd9782c.php 第 76 行.
NOTIC: [8] Undefined variable: status C:\wamp\www\evc\index\Runtime\Cache\ea56e757f03163943e2454407dd9782c.php 第 78 行.
INFO: ParseTemplate Behavior ::run [ RunTime:0.022572s ]
INFO: [ view_parse ] --END-- [ RunTime:0.022716s ]
INFO: [ view_filter ] --START--
INFO: ContentReplace Behavior ::run [ RunTime:0.005118s ]
INFO: TokenBuild Behavior ::run [ RunTime:0.001020s ]
INFO: WriteHtmlCache Behavior ::run [ RunTime:0.000728s ]
INFO: ShowRuntime Behavior ::run [ RunTime:0.000942s ]
INFO: [ view_filter ] --END-- [ RunTime:0.008155s ]
INFO: [ view_end ] --START--
INFO: ShowPageTrace Behavior ::run [ RunTime:0.001134s ]
INFO: [ view_end ] --END-- [ RunTime:0.001262s ]

[ 2015-11-15T19:59:35+08:00 ] 0.0.0.0 /evc/index.php/Cmn/vrfusrstat?x=usrct
INFO: [ route_check ] --START--
INFO: CheckRoute Behavior ::run [ RunTime:0.001319s ]
INFO: [ route_check ] --END-- [ RunTime:0.001488s ]
INFO: [ app_begin ] --START--
INFO: ReadHtmlCache Behavior ::run [ RunTime:0.000988s ]
INFO: [ app_begin ] --END-- [ RunTime:0.001118s ]

[ 2015-11-15T19:59:35+08:00 ] 0.0.0.0 /evc/index.php/Usr/usrct
INFO: [ route_check ] --START--
INFO: CheckRoute Behavior ::run [ RunTime:0.000931s ]
INFO: [ route_check ] --END-- [ RunTime:0.001081s ]
INFO: [ app_begin ] --START--
INFO: ReadHtmlCache Behavior ::run [ RunTime:0.000699s ]
INFO: [ app_begin ] --END-- [ RunTime:0.000835s ]
NOTIC: [8] Undefined index: shareisall C:\wamp\www\evc\index\Lib\Action\UsrAction.class.php 第 244 行.
NOTIC: [8] Undefined index: shareisall C:\wamp\www\evc\index\Lib\Action\UsrAction.class.php 第 249 行.
INFO: [ view_parse ] --START--
NOTIC: [8] Undefined variable: aaa C:\wamp\www\evc\index\Runtime\Cache\ea56e757f03163943e2454407dd9782c.php 第 76 行.
NOTIC: [8] Undefined variable: status C:\wamp\www\evc\index\Runtime\Cache\ea56e757f03163943e2454407dd9782c.php 第 78 行.
INFO: ParseTemplate Behavior ::run [ RunTime:0.026902s ]
INFO: [ view_parse ] --END-- [ RunTime:0.027172s ]
INFO: [ view_filter ] --START--
INFO: ContentReplace Behavior ::run [ RunTime:0.001108s ]
INFO: TokenBuild Behavior ::run [ RunTime:0.001047s ]
INFO: WriteHtmlCache Behavior ::run [ RunTime:0.000712s ]
INFO: ShowRuntime Behavior ::run [ RunTime:0.001155s ]
INFO: [ view_filter ] --END-- [ RunTime:0.004618s ]
INFO: [ view_end ] --START--
INFO: ShowPageTrace Behavior ::run [ RunTime:0.001261s ]
INFO: [ view_end ] --END-- [ RunTime:0.001468s ]

[ 2015-11-15T20:57:55+08:00 ] 0.0.0.0 /evc/index.php/Usr/usrct
INFO: [ route_check ] --START--
INFO: CheckRoute Behavior ::run [ RunTime:0.001489s ]
INFO: [ route_check ] --END-- [ RunTime:0.001646s ]
INFO: [ app_begin ] --START--
INFO: ReadHtmlCache Behavior ::run [ RunTime:0.001085s ]
INFO: [ app_begin ] --END-- [ RunTime:0.001220s ]
NOTIC: [8] Undefined variable: disabled C:\wamp\www\evc\index\Lib\Action\UsrAction.class.php 第 279 行.
INFO: [ view_parse ] --START--
NOTIC: [8] Undefined variable: aaa C:\wamp\www\evc\index\Runtime\Cache\ea56e757f03163943e2454407dd9782c.php 第 76 行.
NOTIC: [8] Undefined variable: status C:\wamp\www\evc\index\Runtime\Cache\ea56e757f03163943e2454407dd9782c.php 第 78 行.
INFO: ParseTemplate Behavior ::run [ RunTime:0.026873s ]
INFO: [ view_parse ] --END-- [ RunTime:0.027040s ]
INFO: [ view_filter ] --START--
INFO: ContentReplace Behavior ::run [ RunTime:0.001762s ]
INFO: TokenBuild Behavior ::run [ RunTime:0.000971s ]
INFO: WriteHtmlCache Behavior ::run [ RunTime:0.000777s ]
INFO: ShowRuntime Behavior ::run [ RunTime:0.000980s ]
INFO: [ view_filter ] --END-- [ RunTime:0.004859s ]
INFO: [ view_end ] --START--
INFO: ShowPageTrace Behavior ::run [ RunTime:0.001080s ]
INFO: [ view_end ] --END-- [ RunTime:0.001205s ]

[ 2015-11-15T20:57:58+08:00 ] 0.0.0.0 /evc/index.php/Usr/fnddvcbydvcid?dvcid=9
INFO: [ route_check ] --START--
INFO: CheckRoute Behavior ::run [ RunTime:0.001028s ]
INFO: [ route_check ] --END-- [ RunTime:0.001185s ]
INFO: [ app_begin ] --START--
INFO: ReadHtmlCache Behavior ::run [ RunTime:0.000939s ]
INFO: [ app_begin ] --END-- [ RunTime:0.001060s ]

[ 2015-11-15T21:10:06+08:00 ] 0.0.0.0 /evc/index.php/Usr/fnddvcbydvcid?dvcid=9
INFO: [ route_check ] --START--
INFO: CheckRoute Behavior ::run [ RunTime:0.001842s ]
INFO: [ route_check ] --END-- [ RunTime:0.002014s ]
INFO: [ app_begin ] --START--
INFO: ReadHtmlCache Behavior ::run [ RunTime:0.001106s ]
INFO: [ app_begin ] --END-- [ RunTime:0.001221s ]

[ 2015-11-15T21:10:14+08:00 ] 0.0.0.0 /evc/index.php/Usr/usrct
INFO: [ route_check ] --START--
INFO: CheckRoute Behavior ::run [ RunTime:0.001038s ]
INFO: [ route_check ] --END-- [ RunTime:0.001251s ]
INFO: [ app_begin ] --START--
INFO: ReadHtmlCache Behavior ::run [ RunTime:0.000787s ]
INFO: [ app_begin ] --END-- [ RunTime:0.000934s ]
NOTIC: [8] Undefined variable: disabled C:\wamp\www\evc\index\Lib\Action\UsrAction.class.php 第 279 行.
INFO: [ view_parse ] --START--
NOTIC: [8] Undefined variable: aaa C:\wamp\www\evc\index\Runtime\Cache\ea56e757f03163943e2454407dd9782c.php 第 76 行.
NOTIC: [8] Undefined variable: status C:\wamp\www\evc\index\Runtime\Cache\ea56e757f03163943e2454407dd9782c.php 第 78 行.
INFO: ParseTemplate Behavior ::run [ RunTime:0.046665s ]
INFO: [ view_parse ] --END-- [ RunTime:0.046972s ]
INFO: [ view_filter ] --START--
INFO: ContentReplace Behavior ::run [ RunTime:0.001733s ]
INFO: TokenBuild Behavior ::run [ RunTime:0.001466s ]
INFO: WriteHtmlCache Behavior ::run [ RunTime:0.001324s ]
INFO: ShowRuntime Behavior ::run [ RunTime:0.001414s ]
INFO: [ view_filter ] --END-- [ RunTime:0.006460s ]
INFO: [ view_end ] --START--
INFO: ShowPageTrace Behavior ::run [ RunTime:0.001482s ]
INFO: [ view_end ] --END-- [ RunTime:0.001635s ]

