[ 2015-12-05T15:40:55+08:00 ] 0.0.0.0 /evc/index.php/Usr/payment
INFO: [ route_check ] --START--
INFO: CheckRoute Behavior ::run [ RunTime:0.003686s ]
INFO: [ route_check ] --END-- [ RunTime:0.004251s ]
INFO: [ app_begin ] --START--
INFO: ReadHtmlCache Behavior ::run [ RunTime:0.003095s ]
INFO: [ app_begin ] --END-- [ RunTime:0.003565s ]

[ 2015-12-05T16:47:43+08:00 ] 0.0.0.0 /evc/index.php/Usr/payment
INFO: [ route_check ] --START--
INFO: CheckRoute Behavior ::run [ RunTime:0.004247s ]
INFO: [ route_check ] --END-- [ RunTime:0.004818s ]
INFO: [ app_begin ] --START--
INFO: ReadHtmlCache Behavior ::run [ RunTime:0.003113s ]
INFO: [ app_begin ] --END-- [ RunTime:0.003591s ]
NOTIC: [2] Cannot use a scalar value as an array C:\wamp\www\evc\index\Lib\Action\UsrAction.class.php 第 818 行.
NOTIC: [8] Undefined variable: paymentdesc C:\wamp\www\evc\index\Lib\Action\UsrAction.class.php 第 818 行.
NOTIC: [2] Cannot use a scalar value as an array C:\wamp\www\evc\index\Lib\Action\UsrAction.class.php 第 818 行.
NOTIC: [8] Undefined variable: paymentmark C:\wamp\www\evc\index\Lib\Action\UsrAction.class.php 第 818 行.
NOTIC: [2] Cannot use a scalar value as an array C:\wamp\www\evc\index\Lib\Action\UsrAction.class.php 第 818 行.
NOTIC: [8] Undefined variable: paymentcolor C:\wamp\www\evc\index\Lib\Action\UsrAction.class.php 第 818 行.
NOTIC: [2] Cannot use a scalar value as an array C:\wamp\www\evc\index\Lib\Action\UsrAction.class.php 第 818 行.
NOTIC: [8] Undefined variable: paymentdesc C:\wamp\www\evc\index\Lib\Action\UsrAction.class.php 第 818 行.
NOTIC: [2] Cannot use a scalar value as an array C:\wamp\www\evc\index\Lib\Action\UsrAction.class.php 第 818 行.
NOTIC: [8] Undefined variable: paymentmark C:\wamp\www\evc\index\Lib\Action\UsrAction.class.php 第 818 行.
NOTIC: [2] Cannot use a scalar value as an array C:\wamp\www\evc\index\Lib\Action\UsrAction.class.php 第 818 行.
NOTIC: [8] Undefined variable: paymentcolor C:\wamp\www\evc\index\Lib\Action\UsrAction.class.php 第 818 行.
NOTIC: [2] Cannot use a scalar value as an array C:\wamp\www\evc\index\Lib\Action\UsrAction.class.php 第 818 行.
NOTIC: [8] Undefined variable: paymentdesc C:\wamp\www\evc\index\Lib\Action\UsrAction.class.php 第 818 行.
NOTIC: [2] Cannot use a scalar value as an array C:\wamp\www\evc\index\Lib\Action\UsrAction.class.php 第 818 行.
NOTIC: [8] Undefined variable: paymentmark C:\wamp\www\evc\index\Lib\Action\UsrAction.class.php 第 818 行.
NOTIC: [2] Cannot use a scalar value as an array C:\wamp\www\evc\index\Lib\Action\UsrAction.class.php 第 818 行.
NOTIC: [8] Undefined variable: paymentcolor C:\wamp\www\evc\index\Lib\Action\UsrAction.class.php 第 818 行.
NOTIC: [2] Cannot use a scalar value as an array C:\wamp\www\evc\index\Lib\Action\UsrAction.class.php 第 818 行.
NOTIC: [8] Undefined variable: paymentdesc C:\wamp\www\evc\index\Lib\Action\UsrAction.class.php 第 818 行.
NOTIC: [2] Cannot use a scalar value as an array C:\wamp\www\evc\index\Lib\Action\UsrAction.class.php 第 818 行.
NOTIC: [8] Undefined variable: paymentmark C:\wamp\www\evc\index\Lib\Action\UsrAction.class.php 第 818 行.
NOTIC: [2] Cannot use a scalar value as an array C:\wamp\www\evc\index\Lib\Action\UsrAction.class.php 第 818 行.
NOTIC: [8] Undefined variable: paymentcolor C:\wamp\www\evc\index\Lib\Action\UsrAction.class.php 第 818 行.
NOTIC: [2] Cannot use a scalar value as an array C:\wamp\www\evc\index\Lib\Action\UsrAction.class.php 第 818 行.
NOTIC: [8] Undefined variable: paymentdesc C:\wamp\www\evc\index\Lib\Action\UsrAction.class.php 第 818 行.
NOTIC: [2] Cannot use a scalar value as an array C:\wamp\www\evc\index\Lib\Action\UsrAction.class.php 第 818 行.
NOTIC: [8] Undefined variable: paymentmark C:\wamp\www\evc\index\Lib\Action\UsrAction.class.php 第 818 行.
NOTIC: [2] Cannot use a scalar value as an array C:\wamp\www\evc\index\Lib\Action\UsrAction.class.php 第 818 行.
NOTIC: [8] Undefined variable: paymentcolor C:\wamp\www\evc\index\Lib\Action\UsrAction.class.php 第 818 行.
NOTIC: [8] Undefined index: serialType C:\wamp\www\evc\index\Lib\Action\UsrAction.class.php 第 784 行.
NOTIC: [8] Undefined variable: paymentdesc C:\wamp\www\evc\index\Lib\Action\UsrAction.class.php 第 818 行.
NOTIC: [8] Undefined variable: paymentmark C:\wamp\www\evc\index\Lib\Action\UsrAction.class.php 第 818 行.
NOTIC: [8] Undefined variable: paymentcolor C:\wamp\www\evc\index\Lib\Action\UsrAction.class.php 第 818 行.
INFO: [ view_parse ] --START--
NOTIC: [8] Undefined variable: cmntls C:\wamp\www\evc\index\Runtime\Cache\8e5ceb63ed26f9e02ed0b55f36cd44c9.php 第 85 行.
INFO: ParseTemplate Behavior ::run [ RunTime:0.030757s ]
INFO: [ view_parse ] --END-- [ RunTime:0.031208s ]
INFO: [ view_filter ] --START--
INFO: ContentReplace Behavior ::run [ RunTime:0.003018s ]
INFO: TokenBuild Behavior ::run [ RunTime:0.002964s ]
INFO: WriteHtmlCache Behavior ::run [ RunTime:0.002654s ]
INFO: ShowRuntime Behavior ::run [ RunTime:0.003035s ]
INFO: [ view_filter ] --END-- [ RunTime:0.012859s ]
INFO: [ view_end ] --START--
INFO: ShowPageTrace Behavior ::run [ RunTime:0.002362s ]
INFO: [ view_end ] --END-- [ RunTime:0.002702s ]

[ 2015-12-05T16:49:45+08:00 ] 0.0.0.0 /evc/index.php/Usr/payment
INFO: [ route_check ] --START--
INFO: CheckRoute Behavior ::run [ RunTime:0.002680s ]
INFO: [ route_check ] --END-- [ RunTime:0.003002s ]
INFO: [ app_begin ] --START--
INFO: ReadHtmlCache Behavior ::run [ RunTime:0.002100s ]
INFO: [ app_begin ] --END-- [ RunTime:0.002427s ]
NOTIC: [2] Cannot use a scalar value as an array C:\wamp\www\evc\index\Lib\Action\UsrAction.class.php 第 818 行.
NOTIC: [8] Undefined variable: paymentdesc C:\wamp\www\evc\index\Lib\Action\UsrAction.class.php 第 818 行.
NOTIC: [2] Cannot use a scalar value as an array C:\wamp\www\evc\index\Lib\Action\UsrAction.class.php 第 818 行.
NOTIC: [8] Undefined variable: paymentmark C:\wamp\www\evc\index\Lib\Action\UsrAction.class.php 第 818 行.
NOTIC: [2] Cannot use a scalar value as an array C:\wamp\www\evc\index\Lib\Action\UsrAction.class.php 第 818 行.
NOTIC: [8] Undefined variable: paymentcolor C:\wamp\www\evc\index\Lib\Action\UsrAction.class.php 第 818 行.
NOTIC: [2] Cannot use a scalar value as an array C:\wamp\www\evc\index\Lib\Action\UsrAction.class.php 第 818 行.
NOTIC: [8] Undefined variable: paymentdesc C:\wamp\www\evc\index\Lib\Action\UsrAction.class.php 第 818 行.
NOTIC: [2] Cannot use a scalar value as an array C:\wamp\www\evc\index\Lib\Action\UsrAction.class.php 第 818 行.
NOTIC: [8] Undefined variable: paymentmark C:\wamp\www\evc\index\Lib\Action\UsrAction.class.php 第 818 行.
NOTIC: [2] Cannot use a scalar value as an array C:\wamp\www\evc\index\Lib\Action\UsrAction.class.php 第 818 行.
NOTIC: [8] Undefined variable: paymentcolor C:\wamp\www\evc\index\Lib\Action\UsrAction.class.php 第 818 行.
NOTIC: [2] Cannot use a scalar value as an array C:\wamp\www\evc\index\Lib\Action\UsrAction.class.php 第 818 行.
NOTIC: [8] Undefined variable: paymentdesc C:\wamp\www\evc\index\Lib\Action\UsrAction.class.php 第 818 行.
NOTIC: [2] Cannot use a scalar value as an array C:\wamp\www\evc\index\Lib\Action\UsrAction.class.php 第 818 行.
NOTIC: [8] Undefined variable: paymentmark C:\wamp\www\evc\index\Lib\Action\UsrAction.class.php 第 818 行.
NOTIC: [2] Cannot use a scalar value as an array C:\wamp\www\evc\index\Lib\Action\UsrAction.class.php 第 818 行.
NOTIC: [8] Undefined variable: paymentcolor C:\wamp\www\evc\index\Lib\Action\UsrAction.class.php 第 818 行.
NOTIC: [2] Cannot use a scalar value as an array C:\wamp\www\evc\index\Lib\Action\UsrAction.class.php 第 818 行.
NOTIC: [8] Undefined variable: paymentdesc C:\wamp\www\evc\index\Lib\Action\UsrAction.class.php 第 818 行.
NOTIC: [2] Cannot use a scalar value as an array C:\wamp\www\evc\index\Lib\Action\UsrAction.class.php 第 818 行.
NOTIC: [8] Undefined variable: paymentmark C:\wamp\www\evc\index\Lib\Action\UsrAction.class.php 第 818 行.
NOTIC: [2] Cannot use a scalar value as an array C:\wamp\www\evc\index\Lib\Action\UsrAction.class.php 第 818 行.
NOTIC: [8] Undefined variable: paymentcolor C:\wamp\www\evc\index\Lib\Action\UsrAction.class.php 第 818 行.
NOTIC: [2] Cannot use a scalar value as an array C:\wamp\www\evc\index\Lib\Action\UsrAction.class.php 第 818 行.
NOTIC: [8] Undefined variable: paymentdesc C:\wamp\www\evc\index\Lib\Action\UsrAction.class.php 第 818 行.
NOTIC: [2] Cannot use a scalar value as an array C:\wamp\www\evc\index\Lib\Action\UsrAction.class.php 第 818 行.
NOTIC: [8] Undefined variable: paymentmark C:\wamp\www\evc\index\Lib\Action\UsrAction.class.php 第 818 行.
NOTIC: [2] Cannot use a scalar value as an array C:\wamp\www\evc\index\Lib\Action\UsrAction.class.php 第 818 行.
NOTIC: [8] Undefined variable: paymentcolor C:\wamp\www\evc\index\Lib\Action\UsrAction.class.php 第 818 行.
NOTIC: [8] Undefined index: serialType C:\wamp\www\evc\index\Lib\Action\UsrAction.class.php 第 784 行.
NOTIC: [8] Undefined variable: paymentdesc C:\wamp\www\evc\index\Lib\Action\UsrAction.class.php 第 818 行.
NOTIC: [8] Undefined variable: paymentmark C:\wamp\www\evc\index\Lib\Action\UsrAction.class.php 第 818 行.
NOTIC: [8] Undefined variable: paymentcolor C:\wamp\www\evc\index\Lib\Action\UsrAction.class.php 第 818 行.
INFO: [ view_parse ] --START--
NOTIC: [8] Undefined variable: cmntls C:\wamp\www\evc\index\Runtime\Cache\8e5ceb63ed26f9e02ed0b55f36cd44c9.php 第 82 行.
INFO: ParseTemplate Behavior ::run [ RunTime:0.042341s ]
INFO: [ view_parse ] --END-- [ RunTime:0.042919s ]
INFO: [ view_filter ] --START--
INFO: ContentReplace Behavior ::run [ RunTime:0.001961s ]
INFO: TokenBuild Behavior ::run [ RunTime:0.002074s ]
INFO: WriteHtmlCache Behavior ::run [ RunTime:0.001558s ]
INFO: ShowRuntime Behavior ::run [ RunTime:0.003148s ]
INFO: [ view_filter ] --END-- [ RunTime:0.011015s ]
INFO: [ view_end ] --START--
INFO: ShowPageTrace Behavior ::run [ RunTime:0.002994s ]
INFO: [ view_end ] --END-- [ RunTime:0.003497s ]

[ 2015-12-05T16:49:52+08:00 ] 0.0.0.0 /evc/index.php/Usr/payment
INFO: [ route_check ] --START--
INFO: CheckRoute Behavior ::run [ RunTime:0.002151s ]
INFO: [ route_check ] --END-- [ RunTime:0.002550s ]
INFO: [ app_begin ] --START--
INFO: ReadHtmlCache Behavior ::run [ RunTime:0.001828s ]
INFO: [ app_begin ] --END-- [ RunTime:0.002258s ]
NOTIC: [2] Cannot use a scalar value as an array C:\wamp\www\evc\index\Lib\Action\UsrAction.class.php 第 818 行.
NOTIC: [8] Undefined variable: paymentdesc C:\wamp\www\evc\index\Lib\Action\UsrAction.class.php 第 818 行.
NOTIC: [2] Cannot use a scalar value as an array C:\wamp\www\evc\index\Lib\Action\UsrAction.class.php 第 818 行.
NOTIC: [8] Undefined variable: paymentmark C:\wamp\www\evc\index\Lib\Action\UsrAction.class.php 第 818 行.
NOTIC: [2] Cannot use a scalar value as an array C:\wamp\www\evc\index\Lib\Action\UsrAction.class.php 第 818 行.
NOTIC: [8] Undefined variable: paymentcolor C:\wamp\www\evc\index\Lib\Action\UsrAction.class.php 第 818 行.
NOTIC: [2] Cannot use a scalar value as an array C:\wamp\www\evc\index\Lib\Action\UsrAction.class.php 第 818 行.
NOTIC: [8] Undefined variable: paymentdesc C:\wamp\www\evc\index\Lib\Action\UsrAction.class.php 第 818 行.
NOTIC: [2] Cannot use a scalar value as an array C:\wamp\www\evc\index\Lib\Action\UsrAction.class.php 第 818 行.
NOTIC: [8] Undefined variable: paymentmark C:\wamp\www\evc\index\Lib\Action\UsrAction.class.php 第 818 行.
NOTIC: [2] Cannot use a scalar value as an array C:\wamp\www\evc\index\Lib\Action\UsrAction.class.php 第 818 行.
NOTIC: [8] Undefined variable: paymentcolor C:\wamp\www\evc\index\Lib\Action\UsrAction.class.php 第 818 行.
NOTIC: [2] Cannot use a scalar value as an array C:\wamp\www\evc\index\Lib\Action\UsrAction.class.php 第 818 行.
NOTIC: [8] Undefined variable: paymentdesc C:\wamp\www\evc\index\Lib\Action\UsrAction.class.php 第 818 行.
NOTIC: [2] Cannot use a scalar value as an array C:\wamp\www\evc\index\Lib\Action\UsrAction.class.php 第 818 行.
NOTIC: [8] Undefined variable: paymentmark C:\wamp\www\evc\index\Lib\Action\UsrAction.class.php 第 818 行.
NOTIC: [2] Cannot use a scalar value as an array C:\wamp\www\evc\index\Lib\Action\UsrAction.class.php 第 818 行.
NOTIC: [8] Undefined variable: paymentcolor C:\wamp\www\evc\index\Lib\Action\UsrAction.class.php 第 818 行.
NOTIC: [2] Cannot use a scalar value as an array C:\wamp\www\evc\index\Lib\Action\UsrAction.class.php 第 818 行.
NOTIC: [8] Undefined variable: paymentdesc C:\wamp\www\evc\index\Lib\Action\UsrAction.class.php 第 818 行.
NOTIC: [2] Cannot use a scalar value as an array C:\wamp\www\evc\index\Lib\Action\UsrAction.class.php 第 818 行.
NOTIC: [8] Undefined variable: paymentmark C:\wamp\www\evc\index\Lib\Action\UsrAction.class.php 第 818 行.
NOTIC: [2] Cannot use a scalar value as an array C:\wamp\www\evc\index\Lib\Action\UsrAction.class.php 第 818 行.
NOTIC: [8] Undefined variable: paymentcolor C:\wamp\www\evc\index\Lib\Action\UsrAction.class.php 第 818 行.
NOTIC: [2] Cannot use a scalar value as an array C:\wamp\www\evc\index\Lib\Action\UsrAction.class.php 第 818 行.
NOTIC: [8] Undefined variable: paymentdesc C:\wamp\www\evc\index\Lib\Action\UsrAction.class.php 第 818 行.
NOTIC: [2] Cannot use a scalar value as an array C:\wamp\www\evc\index\Lib\Action\UsrAction.class.php 第 818 行.
NOTIC: [8] Undefined variable: paymentmark C:\wamp\www\evc\index\Lib\Action\UsrAction.class.php 第 818 行.
NOTIC: [2] Cannot use a scalar value as an array C:\wamp\www\evc\index\Lib\Action\UsrAction.class.php 第 818 行.
NOTIC: [8] Undefined variable: paymentcolor C:\wamp\www\evc\index\Lib\Action\UsrAction.class.php 第 818 行.
NOTIC: [8] Undefined index: serialType C:\wamp\www\evc\index\Lib\Action\UsrAction.class.php 第 784 行.
NOTIC: [8] Undefined variable: paymentdesc C:\wamp\www\evc\index\Lib\Action\UsrAction.class.php 第 818 行.
NOTIC: [8] Undefined variable: paymentmark C:\wamp\www\evc\index\Lib\Action\UsrAction.class.php 第 818 行.
NOTIC: [8] Undefined variable: paymentcolor C:\wamp\www\evc\index\Lib\Action\UsrAction.class.php 第 818 行.
INFO: [ view_parse ] --START--
NOTIC: [8] Undefined variable: cmntls C:\wamp\www\evc\index\Runtime\Cache\8e5ceb63ed26f9e02ed0b55f36cd44c9.php 第 82 行.
INFO: ParseTemplate Behavior ::run [ RunTime:0.041930s ]
INFO: [ view_parse ] --END-- [ RunTime:0.042383s ]
INFO: [ view_filter ] --START--
INFO: ContentReplace Behavior ::run [ RunTime:0.002013s ]
INFO: TokenBuild Behavior ::run [ RunTime:0.002417s ]
INFO: WriteHtmlCache Behavior ::run [ RunTime:0.000959s ]
INFO: ShowRuntime Behavior ::run [ RunTime:0.001328s ]
INFO: [ view_filter ] --END-- [ RunTime:0.007722s ]
INFO: [ view_end ] --START--
INFO: ShowPageTrace Behavior ::run [ RunTime:0.001558s ]
INFO: [ view_end ] --END-- [ RunTime:0.001870s ]

[ 2015-12-05T16:52:31+08:00 ] 0.0.0.0 /evc/index.php/Usr/payment
INFO: [ route_check ] --START--
INFO: CheckRoute Behavior ::run [ RunTime:0.003995s ]
INFO: [ route_check ] --END-- [ RunTime:0.004418s ]
INFO: [ app_begin ] --START--
INFO: ReadHtmlCache Behavior ::run [ RunTime:0.003469s ]
INFO: [ app_begin ] --END-- [ RunTime:0.003922s ]
NOTIC: [2] Cannot use a scalar value as an array C:\wamp\www\evc\index\Lib\Action\UsrAction.class.php 第 818 行.
NOTIC: [8] Undefined variable: paymentdesc C:\wamp\www\evc\index\Lib\Action\UsrAction.class.php 第 818 行.
NOTIC: [2] Cannot use a scalar value as an array C:\wamp\www\evc\index\Lib\Action\UsrAction.class.php 第 818 行.
NOTIC: [8] Undefined variable: paymentmark C:\wamp\www\evc\index\Lib\Action\UsrAction.class.php 第 818 行.
NOTIC: [2] Cannot use a scalar value as an array C:\wamp\www\evc\index\Lib\Action\UsrAction.class.php 第 818 行.
NOTIC: [8] Undefined variable: paymentcolor C:\wamp\www\evc\index\Lib\Action\UsrAction.class.php 第 818 行.
NOTIC: [2] Cannot use a scalar value as an array C:\wamp\www\evc\index\Lib\Action\UsrAction.class.php 第 818 行.
NOTIC: [8] Undefined variable: paymentdesc C:\wamp\www\evc\index\Lib\Action\UsrAction.class.php 第 818 行.
NOTIC: [2] Cannot use a scalar value as an array C:\wamp\www\evc\index\Lib\Action\UsrAction.class.php 第 818 行.
NOTIC: [8] Undefined variable: paymentmark C:\wamp\www\evc\index\Lib\Action\UsrAction.class.php 第 818 行.
NOTIC: [2] Cannot use a scalar value as an array C:\wamp\www\evc\index\Lib\Action\UsrAction.class.php 第 818 行.
NOTIC: [8] Undefined variable: paymentcolor C:\wamp\www\evc\index\Lib\Action\UsrAction.class.php 第 818 行.
NOTIC: [2] Cannot use a scalar value as an array C:\wamp\www\evc\index\Lib\Action\UsrAction.class.php 第 818 行.
NOTIC: [8] Undefined variable: paymentdesc C:\wamp\www\evc\index\Lib\Action\UsrAction.class.php 第 818 行.
NOTIC: [2] Cannot use a scalar value as an array C:\wamp\www\evc\index\Lib\Action\UsrAction.class.php 第 818 行.
NOTIC: [8] Undefined variable: paymentmark C:\wamp\www\evc\index\Lib\Action\UsrAction.class.php 第 818 行.
NOTIC: [2] Cannot use a scalar value as an array C:\wamp\www\evc\index\Lib\Action\UsrAction.class.php 第 818 行.
NOTIC: [8] Undefined variable: paymentcolor C:\wamp\www\evc\index\Lib\Action\UsrAction.class.php 第 818 行.
NOTIC: [2] Cannot use a scalar value as an array C:\wamp\www\evc\index\Lib\Action\UsrAction.class.php 第 818 行.
NOTIC: [8] Undefined variable: paymentdesc C:\wamp\www\evc\index\Lib\Action\UsrAction.class.php 第 818 行.
NOTIC: [2] Cannot use a scalar value as an array C:\wamp\www\evc\index\Lib\Action\UsrAction.class.php 第 818 行.
NOTIC: [8] Undefined variable: paymentmark C:\wamp\www\evc\index\Lib\Action\UsrAction.class.php 第 818 行.
NOTIC: [2] Cannot use a scalar value as an array C:\wamp\www\evc\index\Lib\Action\UsrAction.class.php 第 818 行.
NOTIC: [8] Undefined variable: paymentcolor C:\wamp\www\evc\index\Lib\Action\UsrAction.class.php 第 818 行.
NOTIC: [2] Cannot use a scalar value as an array C:\wamp\www\evc\index\Lib\Action\UsrAction.class.php 第 818 行.
NOTIC: [8] Undefined variable: paymentdesc C:\wamp\www\evc\index\Lib\Action\UsrAction.class.php 第 818 行.
NOTIC: [2] Cannot use a scalar value as an array C:\wamp\www\evc\index\Lib\Action\UsrAction.class.php 第 818 行.
NOTIC: [8] Undefined variable: paymentmark C:\wamp\www\evc\index\Lib\Action\UsrAction.class.php 第 818 行.
NOTIC: [2] Cannot use a scalar value as an array C:\wamp\www\evc\index\Lib\Action\UsrAction.class.php 第 818 行.
NOTIC: [8] Undefined variable: paymentcolor C:\wamp\www\evc\index\Lib\Action\UsrAction.class.php 第 818 行.
NOTIC: [8] Undefined index: serialType C:\wamp\www\evc\index\Lib\Action\UsrAction.class.php 第 784 行.
NOTIC: [8] Undefined variable: paymentdesc C:\wamp\www\evc\index\Lib\Action\UsrAction.class.php 第 818 行.
NOTIC: [8] Undefined variable: paymentmark C:\wamp\www\evc\index\Lib\Action\UsrAction.class.php 第 818 行.
NOTIC: [8] Undefined variable: paymentcolor C:\wamp\www\evc\index\Lib\Action\UsrAction.class.php 第 818 行.
INFO: [ view_parse ] --START--
NOTIC: [8] Undefined variable: cmntls C:\wamp\www\evc\index\Runtime\Cache\8e5ceb63ed26f9e02ed0b55f36cd44c9.php 第 84 行.
INFO: ParseTemplate Behavior ::run [ RunTime:0.034937s ]
INFO: [ view_parse ] --END-- [ RunTime:0.035340s ]
INFO: [ view_filter ] --START--
INFO: ContentReplace Behavior ::run [ RunTime:0.002247s ]
INFO: TokenBuild Behavior ::run [ RunTime:0.002263s ]
INFO: WriteHtmlCache Behavior ::run [ RunTime:0.001480s ]
INFO: ShowRuntime Behavior ::run [ RunTime:0.002487s ]
INFO: [ view_filter ] --END-- [ RunTime:0.009725s ]
INFO: [ view_end ] --START--
INFO: ShowPageTrace Behavior ::run [ RunTime:0.002369s ]
INFO: [ view_end ] --END-- [ RunTime:0.002839s ]

[ 2015-12-05T16:52:55+08:00 ] 0.0.0.0 /evc/index.php/Usr/payment
INFO: [ route_check ] --START--
INFO: CheckRoute Behavior ::run [ RunTime:0.003478s ]
INFO: [ route_check ] --END-- [ RunTime:0.003921s ]
INFO: [ app_begin ] --START--
INFO: ReadHtmlCache Behavior ::run [ RunTime:0.002035s ]
INFO: [ app_begin ] --END-- [ RunTime:0.002400s ]
NOTIC: [2] Cannot use a scalar value as an array C:\wamp\www\evc\index\Lib\Action\UsrAction.class.php 第 818 行.
NOTIC: [8] Undefined variable: paymentdesc C:\wamp\www\evc\index\Lib\Action\UsrAction.class.php 第 818 行.
NOTIC: [2] Cannot use a scalar value as an array C:\wamp\www\evc\index\Lib\Action\UsrAction.class.php 第 818 行.
NOTIC: [8] Undefined variable: paymentmark C:\wamp\www\evc\index\Lib\Action\UsrAction.class.php 第 818 行.
NOTIC: [2] Cannot use a scalar value as an array C:\wamp\www\evc\index\Lib\Action\UsrAction.class.php 第 818 行.
NOTIC: [8] Undefined variable: paymentcolor C:\wamp\www\evc\index\Lib\Action\UsrAction.class.php 第 818 行.
NOTIC: [2] Cannot use a scalar value as an array C:\wamp\www\evc\index\Lib\Action\UsrAction.class.php 第 818 行.
NOTIC: [8] Undefined variable: paymentdesc C:\wamp\www\evc\index\Lib\Action\UsrAction.class.php 第 818 行.
NOTIC: [2] Cannot use a scalar value as an array C:\wamp\www\evc\index\Lib\Action\UsrAction.class.php 第 818 行.
NOTIC: [8] Undefined variable: paymentmark C:\wamp\www\evc\index\Lib\Action\UsrAction.class.php 第 818 行.
NOTIC: [2] Cannot use a scalar value as an array C:\wamp\www\evc\index\Lib\Action\UsrAction.class.php 第 818 行.
NOTIC: [8] Undefined variable: paymentcolor C:\wamp\www\evc\index\Lib\Action\UsrAction.class.php 第 818 行.
NOTIC: [2] Cannot use a scalar value as an array C:\wamp\www\evc\index\Lib\Action\UsrAction.class.php 第 818 行.
NOTIC: [8] Undefined variable: paymentdesc C:\wamp\www\evc\index\Lib\Action\UsrAction.class.php 第 818 行.
NOTIC: [2] Cannot use a scalar value as an array C:\wamp\www\evc\index\Lib\Action\UsrAction.class.php 第 818 行.
NOTIC: [8] Undefined variable: paymentmark C:\wamp\www\evc\index\Lib\Action\UsrAction.class.php 第 818 行.
NOTIC: [2] Cannot use a scalar value as an array C:\wamp\www\evc\index\Lib\Action\UsrAction.class.php 第 818 行.
NOTIC: [8] Undefined variable: paymentcolor C:\wamp\www\evc\index\Lib\Action\UsrAction.class.php 第 818 行.
NOTIC: [2] Cannot use a scalar value as an array C:\wamp\www\evc\index\Lib\Action\UsrAction.class.php 第 818 行.
NOTIC: [8] Undefined variable: paymentdesc C:\wamp\www\evc\index\Lib\Action\UsrAction.class.php 第 818 行.
NOTIC: [2] Cannot use a scalar value as an array C:\wamp\www\evc\index\Lib\Action\UsrAction.class.php 第 818 行.
NOTIC: [8] Undefined variable: paymentmark C:\wamp\www\evc\index\Lib\Action\UsrAction.class.php 第 818 行.
NOTIC: [2] Cannot use a scalar value as an array C:\wamp\www\evc\index\Lib\Action\UsrAction.class.php 第 818 行.
NOTIC: [8] Undefined variable: paymentcolor C:\wamp\www\evc\index\Lib\Action\UsrAction.class.php 第 818 行.
NOTIC: [2] Cannot use a scalar value as an array C:\wamp\www\evc\index\Lib\Action\UsrAction.class.php 第 818 行.
NOTIC: [8] Undefined variable: paymentdesc C:\wamp\www\evc\index\Lib\Action\UsrAction.class.php 第 818 行.
NOTIC: [2] Cannot use a scalar value as an array C:\wamp\www\evc\index\Lib\Action\UsrAction.class.php 第 818 行.
NOTIC: [8] Undefined variable: paymentmark C:\wamp\www\evc\index\Lib\Action\UsrAction.class.php 第 818 行.
NOTIC: [2] Cannot use a scalar value as an array C:\wamp\www\evc\index\Lib\Action\UsrAction.class.php 第 818 行.
NOTIC: [8] Undefined variable: paymentcolor C:\wamp\www\evc\index\Lib\Action\UsrAction.class.php 第 818 行.
NOTIC: [8] Undefined index: serialType C:\wamp\www\evc\index\Lib\Action\UsrAction.class.php 第 784 行.
NOTIC: [8] Undefined variable: paymentdesc C:\wamp\www\evc\index\Lib\Action\UsrAction.class.php 第 818 行.
NOTIC: [8] Undefined variable: paymentmark C:\wamp\www\evc\index\Lib\Action\UsrAction.class.php 第 818 行.
NOTIC: [8] Undefined variable: paymentcolor C:\wamp\www\evc\index\Lib\Action\UsrAction.class.php 第 818 行.
INFO: [ view_parse ] --START--
NOTIC: [8] Undefined variable: cmntls C:\wamp\www\evc\index\Runtime\Cache\8e5ceb63ed26f9e02ed0b55f36cd44c9.php 第 84 行.
INFO: ParseTemplate Behavior ::run [ RunTime:0.051060s ]
INFO: [ view_parse ] --END-- [ RunTime:0.051482s ]
INFO: [ view_filter ] --START--
INFO: ContentReplace Behavior ::run [ RunTime:0.002384s ]
INFO: TokenBuild Behavior ::run [ RunTime:0.002459s ]
INFO: WriteHtmlCache Behavior ::run [ RunTime:0.001711s ]
INFO: ShowRuntime Behavior ::run [ RunTime:0.002785s ]
INFO: [ view_filter ] --END-- [ RunTime:0.010568s ]
INFO: [ view_end ] --START--
INFO: ShowPageTrace Behavior ::run [ RunTime:0.002730s ]
INFO: [ view_end ] --END-- [ RunTime:0.003144s ]

[ 2015-12-05T16:53:51+08:00 ] 0.0.0.0 /evc/index.php/Usr/payment
INFO: [ route_check ] --START--
INFO: CheckRoute Behavior ::run [ RunTime:0.001825s ]
INFO: [ route_check ] --END-- [ RunTime:0.002193s ]
INFO: [ app_begin ] --START--
INFO: ReadHtmlCache Behavior ::run [ RunTime:0.001590s ]
INFO: [ app_begin ] --END-- [ RunTime:0.001870s ]
NOTIC: [2] Cannot use a scalar value as an array C:\wamp\www\evc\index\Lib\Action\UsrAction.class.php 第 818 行.
NOTIC: [8] Undefined variable: paymentdesc C:\wamp\www\evc\index\Lib\Action\UsrAction.class.php 第 818 行.
NOTIC: [2] Cannot use a scalar value as an array C:\wamp\www\evc\index\Lib\Action\UsrAction.class.php 第 818 行.
NOTIC: [8] Undefined variable: paymentmark C:\wamp\www\evc\index\Lib\Action\UsrAction.class.php 第 818 行.
NOTIC: [2] Cannot use a scalar value as an array C:\wamp\www\evc\index\Lib\Action\UsrAction.class.php 第 818 行.
NOTIC: [8] Undefined variable: paymentcolor C:\wamp\www\evc\index\Lib\Action\UsrAction.class.php 第 818 行.
NOTIC: [2] Cannot use a scalar value as an array C:\wamp\www\evc\index\Lib\Action\UsrAction.class.php 第 818 行.
NOTIC: [8] Undefined variable: paymentdesc C:\wamp\www\evc\index\Lib\Action\UsrAction.class.php 第 818 行.
NOTIC: [2] Cannot use a scalar value as an array C:\wamp\www\evc\index\Lib\Action\UsrAction.class.php 第 818 行.
NOTIC: [8] Undefined variable: paymentmark C:\wamp\www\evc\index\Lib\Action\UsrAction.class.php 第 818 行.
NOTIC: [2] Cannot use a scalar value as an array C:\wamp\www\evc\index\Lib\Action\UsrAction.class.php 第 818 行.
NOTIC: [8] Undefined variable: paymentcolor C:\wamp\www\evc\index\Lib\Action\UsrAction.class.php 第 818 行.
NOTIC: [2] Cannot use a scalar value as an array C:\wamp\www\evc\index\Lib\Action\UsrAction.class.php 第 818 行.
NOTIC: [8] Undefined variable: paymentdesc C:\wamp\www\evc\index\Lib\Action\UsrAction.class.php 第 818 行.
NOTIC: [2] Cannot use a scalar value as an array C:\wamp\www\evc\index\Lib\Action\UsrAction.class.php 第 818 行.
NOTIC: [8] Undefined variable: paymentmark C:\wamp\www\evc\index\Lib\Action\UsrAction.class.php 第 818 行.
NOTIC: [2] Cannot use a scalar value as an array C:\wamp\www\evc\index\Lib\Action\UsrAction.class.php 第 818 行.
NOTIC: [8] Undefined variable: paymentcolor C:\wamp\www\evc\index\Lib\Action\UsrAction.class.php 第 818 行.
NOTIC: [2] Cannot use a scalar value as an array C:\wamp\www\evc\index\Lib\Action\UsrAction.class.php 第 818 行.
NOTIC: [8] Undefined variable: paymentdesc C:\wamp\www\evc\index\Lib\Action\UsrAction.class.php 第 818 行.
NOTIC: [2] Cannot use a scalar value as an array C:\wamp\www\evc\index\Lib\Action\UsrAction.class.php 第 818 行.
NOTIC: [8] Undefined variable: paymentmark C:\wamp\www\evc\index\Lib\Action\UsrAction.class.php 第 818 行.
NOTIC: [2] Cannot use a scalar value as an array C:\wamp\www\evc\index\Lib\Action\UsrAction.class.php 第 818 行.
NOTIC: [8] Undefined variable: paymentcolor C:\wamp\www\evc\index\Lib\Action\UsrAction.class.php 第 818 行.
NOTIC: [2] Cannot use a scalar value as an array C:\wamp\www\evc\index\Lib\Action\UsrAction.class.php 第 818 行.
NOTIC: [8] Undefined variable: paymentdesc C:\wamp\www\evc\index\Lib\Action\UsrAction.class.php 第 818 行.
NOTIC: [2] Cannot use a scalar value as an array C:\wamp\www\evc\index\Lib\Action\UsrAction.class.php 第 818 行.
NOTIC: [8] Undefined variable: paymentmark C:\wamp\www\evc\index\Lib\Action\UsrAction.class.php 第 818 行.
NOTIC: [2] Cannot use a scalar value as an array C:\wamp\www\evc\index\Lib\Action\UsrAction.class.php 第 818 行.
NOTIC: [8] Undefined variable: paymentcolor C:\wamp\www\evc\index\Lib\Action\UsrAction.class.php 第 818 行.
NOTIC: [8] Undefined index: serialType C:\wamp\www\evc\index\Lib\Action\UsrAction.class.php 第 784 行.
NOTIC: [8] Undefined variable: paymentdesc C:\wamp\www\evc\index\Lib\Action\UsrAction.class.php 第 818 行.
NOTIC: [8] Undefined variable: paymentmark C:\wamp\www\evc\index\Lib\Action\UsrAction.class.php 第 818 行.
NOTIC: [8] Undefined variable: paymentcolor C:\wamp\www\evc\index\Lib\Action\UsrAction.class.php 第 818 行.
INFO: [ view_parse ] --START--
NOTIC: [8] Undefined variable: cmntls C:\wamp\www\evc\index\Runtime\Cache\8e5ceb63ed26f9e02ed0b55f36cd44c9.php 第 85 行.
INFO: ParseTemplate Behavior ::run [ RunTime:0.037329s ]
INFO: [ view_parse ] --END-- [ RunTime:0.037752s ]
INFO: [ view_filter ] --START--
INFO: ContentReplace Behavior ::run [ RunTime:0.001496s ]
INFO: TokenBuild Behavior ::run [ RunTime:0.002149s ]
INFO: WriteHtmlCache Behavior ::run [ RunTime:0.001777s ]
INFO: ShowRuntime Behavior ::run [ RunTime:0.002664s ]
INFO: [ view_filter ] --END-- [ RunTime:0.009130s ]
INFO: [ view_end ] --START--
INFO: ShowPageTrace Behavior ::run [ RunTime:0.002737s ]
INFO: [ view_end ] --END-- [ RunTime:0.003162s ]

[ 2015-12-05T16:54:12+08:00 ] 0.0.0.0 /evc/index.php/Usr/payment
INFO: [ route_check ] --START--
INFO: CheckRoute Behavior ::run [ RunTime:0.002690s ]
INFO: [ route_check ] --END-- [ RunTime:0.003141s ]
INFO: [ app_begin ] --START--
INFO: ReadHtmlCache Behavior ::run [ RunTime:0.003105s ]
INFO: [ app_begin ] --END-- [ RunTime:0.003561s ]
NOTIC: [2] Cannot use a scalar value as an array C:\wamp\www\evc\index\Lib\Action\UsrAction.class.php 第 818 行.
NOTIC: [8] Undefined variable: paymentdesc C:\wamp\www\evc\index\Lib\Action\UsrAction.class.php 第 818 行.
NOTIC: [2] Cannot use a scalar value as an array C:\wamp\www\evc\index\Lib\Action\UsrAction.class.php 第 818 行.
NOTIC: [8] Undefined variable: paymentmark C:\wamp\www\evc\index\Lib\Action\UsrAction.class.php 第 818 行.
NOTIC: [2] Cannot use a scalar value as an array C:\wamp\www\evc\index\Lib\Action\UsrAction.class.php 第 818 行.
NOTIC: [8] Undefined variable: paymentcolor C:\wamp\www\evc\index\Lib\Action\UsrAction.class.php 第 818 行.
NOTIC: [2] Cannot use a scalar value as an array C:\wamp\www\evc\index\Lib\Action\UsrAction.class.php 第 818 行.
NOTIC: [8] Undefined variable: paymentdesc C:\wamp\www\evc\index\Lib\Action\UsrAction.class.php 第 818 行.
NOTIC: [2] Cannot use a scalar value as an array C:\wamp\www\evc\index\Lib\Action\UsrAction.class.php 第 818 行.
NOTIC: [8] Undefined variable: paymentmark C:\wamp\www\evc\index\Lib\Action\UsrAction.class.php 第 818 行.
NOTIC: [2] Cannot use a scalar value as an array C:\wamp\www\evc\index\Lib\Action\UsrAction.class.php 第 818 行.
NOTIC: [8] Undefined variable: paymentcolor C:\wamp\www\evc\index\Lib\Action\UsrAction.class.php 第 818 行.
NOTIC: [2] Cannot use a scalar value as an array C:\wamp\www\evc\index\Lib\Action\UsrAction.class.php 第 818 行.
NOTIC: [8] Undefined variable: paymentdesc C:\wamp\www\evc\index\Lib\Action\UsrAction.class.php 第 818 行.
NOTIC: [2] Cannot use a scalar value as an array C:\wamp\www\evc\index\Lib\Action\UsrAction.class.php 第 818 行.
NOTIC: [8] Undefined variable: paymentmark C:\wamp\www\evc\index\Lib\Action\UsrAction.class.php 第 818 行.
NOTIC: [2] Cannot use a scalar value as an array C:\wamp\www\evc\index\Lib\Action\UsrAction.class.php 第 818 行.
NOTIC: [8] Undefined variable: paymentcolor C:\wamp\www\evc\index\Lib\Action\UsrAction.class.php 第 818 行.
NOTIC: [2] Cannot use a scalar value as an array C:\wamp\www\evc\index\Lib\Action\UsrAction.class.php 第 818 行.
NOTIC: [8] Undefined variable: paymentdesc C:\wamp\www\evc\index\Lib\Action\UsrAction.class.php 第 818 行.
NOTIC: [2] Cannot use a scalar value as an array C:\wamp\www\evc\index\Lib\Action\UsrAction.class.php 第 818 行.
NOTIC: [8] Undefined variable: paymentmark C:\wamp\www\evc\index\Lib\Action\UsrAction.class.php 第 818 行.
NOTIC: [2] Cannot use a scalar value as an array C:\wamp\www\evc\index\Lib\Action\UsrAction.class.php 第 818 行.
NOTIC: [8] Undefined variable: paymentcolor C:\wamp\www\evc\index\Lib\Action\UsrAction.class.php 第 818 行.
NOTIC: [2] Cannot use a scalar value as an array C:\wamp\www\evc\index\Lib\Action\UsrAction.class.php 第 818 行.
NOTIC: [8] Undefined variable: paymentdesc C:\wamp\www\evc\index\Lib\Action\UsrAction.class.php 第 818 行.
NOTIC: [2] Cannot use a scalar value as an array C:\wamp\www\evc\index\Lib\Action\UsrAction.class.php 第 818 行.
NOTIC: [8] Undefined variable: paymentmark C:\wamp\www\evc\index\Lib\Action\UsrAction.class.php 第 818 行.
NOTIC: [2] Cannot use a scalar value as an array C:\wamp\www\evc\index\Lib\Action\UsrAction.class.php 第 818 行.
NOTIC: [8] Undefined variable: paymentcolor C:\wamp\www\evc\index\Lib\Action\UsrAction.class.php 第 818 行.
NOTIC: [8] Undefined index: serialType C:\wamp\www\evc\index\Lib\Action\UsrAction.class.php 第 784 行.
NOTIC: [8] Undefined variable: paymentdesc C:\wamp\www\evc\index\Lib\Action\UsrAction.class.php 第 818 行.
NOTIC: [8] Undefined variable: paymentmark C:\wamp\www\evc\index\Lib\Action\UsrAction.class.php 第 818 行.
NOTIC: [8] Undefined variable: paymentcolor C:\wamp\www\evc\index\Lib\Action\UsrAction.class.php 第 818 行.
INFO: [ view_parse ] --START--
NOTIC: [8] Undefined variable: cmntls C:\wamp\www\evc\index\Runtime\Cache\8e5ceb63ed26f9e02ed0b55f36cd44c9.php 第 85 行.
INFO: ParseTemplate Behavior ::run [ RunTime:0.037403s ]
INFO: [ view_parse ] --END-- [ RunTime:0.037835s ]
INFO: [ view_filter ] --START--
INFO: ContentReplace Behavior ::run [ RunTime:0.001896s ]
INFO: TokenBuild Behavior ::run [ RunTime:0.002205s ]
INFO: WriteHtmlCache Behavior ::run [ RunTime:0.001693s ]
INFO: ShowRuntime Behavior ::run [ RunTime:0.002786s ]
INFO: [ view_filter ] --END-- [ RunTime:0.009736s ]
INFO: [ view_end ] --START--
INFO: ShowPageTrace Behavior ::run [ RunTime:0.002921s ]
INFO: [ view_end ] --END-- [ RunTime:0.003346s ]

[ 2015-12-05T16:54:28+08:00 ] 0.0.0.0 /evc/index.php/Usr/payment
INFO: [ route_check ] --START--
INFO: CheckRoute Behavior ::run [ RunTime:0.005188s ]
INFO: [ route_check ] --END-- [ RunTime:0.005763s ]
INFO: [ app_begin ] --START--
INFO: ReadHtmlCache Behavior ::run [ RunTime:0.003113s ]
INFO: [ app_begin ] --END-- [ RunTime:0.004076s ]
NOTIC: [2] Cannot use a scalar value as an array C:\wamp\www\evc\index\Lib\Action\UsrAction.class.php 第 818 行.
NOTIC: [8] Undefined variable: paymentdesc C:\wamp\www\evc\index\Lib\Action\UsrAction.class.php 第 818 行.
NOTIC: [2] Cannot use a scalar value as an array C:\wamp\www\evc\index\Lib\Action\UsrAction.class.php 第 818 行.
NOTIC: [8] Undefined variable: paymentmark C:\wamp\www\evc\index\Lib\Action\UsrAction.class.php 第 818 行.
NOTIC: [2] Cannot use a scalar value as an array C:\wamp\www\evc\index\Lib\Action\UsrAction.class.php 第 818 行.
NOTIC: [8] Undefined variable: paymentcolor C:\wamp\www\evc\index\Lib\Action\UsrAction.class.php 第 818 行.
NOTIC: [2] Cannot use a scalar value as an array C:\wamp\www\evc\index\Lib\Action\UsrAction.class.php 第 818 行.
NOTIC: [8] Undefined variable: paymentdesc C:\wamp\www\evc\index\Lib\Action\UsrAction.class.php 第 818 行.
NOTIC: [2] Cannot use a scalar value as an array C:\wamp\www\evc\index\Lib\Action\UsrAction.class.php 第 818 行.
NOTIC: [8] Undefined variable: paymentmark C:\wamp\www\evc\index\Lib\Action\UsrAction.class.php 第 818 行.
NOTIC: [2] Cannot use a scalar value as an array C:\wamp\www\evc\index\Lib\Action\UsrAction.class.php 第 818 行.
NOTIC: [8] Undefined variable: paymentcolor C:\wamp\www\evc\index\Lib\Action\UsrAction.class.php 第 818 行.
NOTIC: [2] Cannot use a scalar value as an array C:\wamp\www\evc\index\Lib\Action\UsrAction.class.php 第 818 行.
NOTIC: [8] Undefined variable: paymentdesc C:\wamp\www\evc\index\Lib\Action\UsrAction.class.php 第 818 行.
NOTIC: [2] Cannot use a scalar value as an array C:\wamp\www\evc\index\Lib\Action\UsrAction.class.php 第 818 行.
NOTIC: [8] Undefined variable: paymentmark C:\wamp\www\evc\index\Lib\Action\UsrAction.class.php 第 818 行.
NOTIC: [2] Cannot use a scalar value as an array C:\wamp\www\evc\index\Lib\Action\UsrAction.class.php 第 818 行.
NOTIC: [8] Undefined variable: paymentcolor C:\wamp\www\evc\index\Lib\Action\UsrAction.class.php 第 818 行.
NOTIC: [2] Cannot use a scalar value as an array C:\wamp\www\evc\index\Lib\Action\UsrAction.class.php 第 818 行.
NOTIC: [8] Undefined variable: paymentdesc C:\wamp\www\evc\index\Lib\Action\UsrAction.class.php 第 818 行.
NOTIC: [2] Cannot use a scalar value as an array C:\wamp\www\evc\index\Lib\Action\UsrAction.class.php 第 818 行.
NOTIC: [8] Undefined variable: paymentmark C:\wamp\www\evc\index\Lib\Action\UsrAction.class.php 第 818 行.
NOTIC: [2] Cannot use a scalar value as an array C:\wamp\www\evc\index\Lib\Action\UsrAction.class.php 第 818 行.
NOTIC: [8] Undefined variable: paymentcolor C:\wamp\www\evc\index\Lib\Action\UsrAction.class.php 第 818 行.
NOTIC: [2] Cannot use a scalar value as an array C:\wamp\www\evc\index\Lib\Action\UsrAction.class.php 第 818 行.
NOTIC: [8] Undefined variable: paymentdesc C:\wamp\www\evc\index\Lib\Action\UsrAction.class.php 第 818 行.
NOTIC: [2] Cannot use a scalar value as an array C:\wamp\www\evc\index\Lib\Action\UsrAction.class.php 第 818 行.
NOTIC: [8] Undefined variable: paymentmark C:\wamp\www\evc\index\Lib\Action\UsrAction.class.php 第 818 行.
NOTIC: [2] Cannot use a scalar value as an array C:\wamp\www\evc\index\Lib\Action\UsrAction.class.php 第 818 行.
NOTIC: [8] Undefined variable: paymentcolor C:\wamp\www\evc\index\Lib\Action\UsrAction.class.php 第 818 行.
NOTIC: [8] Undefined index: serialType C:\wamp\www\evc\index\Lib\Action\UsrAction.class.php 第 784 行.
NOTIC: [8] Undefined variable: paymentdesc C:\wamp\www\evc\index\Lib\Action\UsrAction.class.php 第 818 行.
NOTIC: [8] Undefined variable: paymentmark C:\wamp\www\evc\index\Lib\Action\UsrAction.class.php 第 818 行.
NOTIC: [8] Undefined variable: paymentcolor C:\wamp\www\evc\index\Lib\Action\UsrAction.class.php 第 818 行.
INFO: [ view_parse ] --START--
NOTIC: [8] Undefined variable: cmntls C:\wamp\www\evc\index\Runtime\Cache\8e5ceb63ed26f9e02ed0b55f36cd44c9.php 第 85 行.
INFO: ParseTemplate Behavior ::run [ RunTime:0.059466s ]
INFO: [ view_parse ] --END-- [ RunTime:0.059911s ]
INFO: [ view_filter ] --START--
INFO: ContentReplace Behavior ::run [ RunTime:0.002153s ]
INFO: TokenBuild Behavior ::run [ RunTime:0.002746s ]
INFO: WriteHtmlCache Behavior ::run [ RunTime:0.001540s ]
INFO: ShowRuntime Behavior ::run [ RunTime:0.002346s ]
INFO: [ view_filter ] --END-- [ RunTime:0.009922s ]
INFO: [ view_end ] --START--
INFO: ShowPageTrace Behavior ::run [ RunTime:0.002484s ]
INFO: [ view_end ] --END-- [ RunTime:0.002905s ]

[ 2015-12-05T16:54:35+08:00 ] 0.0.0.0 /evc/index.php/Usr/chongzhi
INFO: [ route_check ] --START--
INFO: CheckRoute Behavior ::run [ RunTime:0.003271s ]
INFO: [ route_check ] --END-- [ RunTime:0.003634s ]
INFO: [ app_begin ] --START--
INFO: ReadHtmlCache Behavior ::run [ RunTime:0.002009s ]
INFO: [ app_begin ] --END-- [ RunTime:0.002335s ]
INFO: [ view_parse ] --START--
INFO: ParseTemplate Behavior ::run [ RunTime:0.041076s ]
INFO: [ view_parse ] --END-- [ RunTime:0.041497s ]
INFO: [ view_filter ] --START--
INFO: ContentReplace Behavior ::run [ RunTime:0.001646s ]
INFO: TokenBuild Behavior ::run [ RunTime:0.001480s ]
INFO: WriteHtmlCache Behavior ::run [ RunTime:0.000975s ]
INFO: ShowRuntime Behavior ::run [ RunTime:0.001498s ]
INFO: [ view_filter ] --END-- [ RunTime:0.006377s ]
INFO: [ view_end ] --START--
INFO: ShowPageTrace Behavior ::run [ RunTime:0.001562s ]
INFO: [ view_end ] --END-- [ RunTime:0.001817s ]

[ 2015-12-05T16:55:22+08:00 ] 0.0.0.0 /evc/index.php/Usr/payment
INFO: [ route_check ] --START--
INFO: CheckRoute Behavior ::run [ RunTime:0.003753s ]
INFO: [ route_check ] --END-- [ RunTime:0.004282s ]
INFO: [ app_begin ] --START--
INFO: ReadHtmlCache Behavior ::run [ RunTime:0.002058s ]
INFO: [ app_begin ] --END-- [ RunTime:0.002432s ]

[ 2015-12-05T16:55:41+08:00 ] 0.0.0.0 /evc/index.php/Usr/payment
INFO: [ route_check ] --START--
INFO: CheckRoute Behavior ::run [ RunTime:0.003053s ]
INFO: [ route_check ] --END-- [ RunTime:0.003355s ]
INFO: [ app_begin ] --START--
INFO: ReadHtmlCache Behavior ::run [ RunTime:0.001811s ]
INFO: [ app_begin ] --END-- [ RunTime:0.002095s ]
NOTIC: [2] Cannot use a scalar value as an array C:\wamp\www\evc\index\Lib\Action\UsrAction.class.php 第 818 行.
NOTIC: [8] Undefined variable: paymentdesc C:\wamp\www\evc\index\Lib\Action\UsrAction.class.php 第 818 行.
NOTIC: [2] Cannot use a scalar value as an array C:\wamp\www\evc\index\Lib\Action\UsrAction.class.php 第 818 行.
NOTIC: [8] Undefined variable: paymentmark C:\wamp\www\evc\index\Lib\Action\UsrAction.class.php 第 818 行.
NOTIC: [2] Cannot use a scalar value as an array C:\wamp\www\evc\index\Lib\Action\UsrAction.class.php 第 818 行.
NOTIC: [8] Undefined variable: paymentcolor C:\wamp\www\evc\index\Lib\Action\UsrAction.class.php 第 818 行.
NOTIC: [2] Cannot use a scalar value as an array C:\wamp\www\evc\index\Lib\Action\UsrAction.class.php 第 818 行.
NOTIC: [8] Undefined variable: paymentdesc C:\wamp\www\evc\index\Lib\Action\UsrAction.class.php 第 818 行.
NOTIC: [2] Cannot use a scalar value as an array C:\wamp\www\evc\index\Lib\Action\UsrAction.class.php 第 818 行.
NOTIC: [8] Undefined variable: paymentmark C:\wamp\www\evc\index\Lib\Action\UsrAction.class.php 第 818 行.
NOTIC: [2] Cannot use a scalar value as an array C:\wamp\www\evc\index\Lib\Action\UsrAction.class.php 第 818 行.
NOTIC: [8] Undefined variable: paymentcolor C:\wamp\www\evc\index\Lib\Action\UsrAction.class.php 第 818 行.
NOTIC: [2] Cannot use a scalar value as an array C:\wamp\www\evc\index\Lib\Action\UsrAction.class.php 第 818 行.
NOTIC: [8] Undefined variable: paymentdesc C:\wamp\www\evc\index\Lib\Action\UsrAction.class.php 第 818 行.
NOTIC: [2] Cannot use a scalar value as an array C:\wamp\www\evc\index\Lib\Action\UsrAction.class.php 第 818 行.
NOTIC: [8] Undefined variable: paymentmark C:\wamp\www\evc\index\Lib\Action\UsrAction.class.php 第 818 行.
NOTIC: [2] Cannot use a scalar value as an array C:\wamp\www\evc\index\Lib\Action\UsrAction.class.php 第 818 行.
NOTIC: [8] Undefined variable: paymentcolor C:\wamp\www\evc\index\Lib\Action\UsrAction.class.php 第 818 行.
NOTIC: [2] Cannot use a scalar value as an array C:\wamp\www\evc\index\Lib\Action\UsrAction.class.php 第 818 行.
NOTIC: [8] Undefined variable: paymentdesc C:\wamp\www\evc\index\Lib\Action\UsrAction.class.php 第 818 行.
NOTIC: [2] Cannot use a scalar value as an array C:\wamp\www\evc\index\Lib\Action\UsrAction.class.php 第 818 行.
NOTIC: [8] Undefined variable: paymentmark C:\wamp\www\evc\index\Lib\Action\UsrAction.class.php 第 818 行.
NOTIC: [2] Cannot use a scalar value as an array C:\wamp\www\evc\index\Lib\Action\UsrAction.class.php 第 818 行.
NOTIC: [8] Undefined variable: paymentcolor C:\wamp\www\evc\index\Lib\Action\UsrAction.class.php 第 818 行.
NOTIC: [2] Cannot use a scalar value as an array C:\wamp\www\evc\index\Lib\Action\UsrAction.class.php 第 818 行.
NOTIC: [8] Undefined variable: paymentdesc C:\wamp\www\evc\index\Lib\Action\UsrAction.class.php 第 818 行.
NOTIC: [2] Cannot use a scalar value as an array C:\wamp\www\evc\index\Lib\Action\UsrAction.class.php 第 818 行.
NOTIC: [8] Undefined variable: paymentmark C:\wamp\www\evc\index\Lib\Action\UsrAction.class.php 第 818 行.
NOTIC: [2] Cannot use a scalar value as an array C:\wamp\www\evc\index\Lib\Action\UsrAction.class.php 第 818 行.
NOTIC: [8] Undefined variable: paymentcolor C:\wamp\www\evc\index\Lib\Action\UsrAction.class.php 第 818 行.
NOTIC: [8] Undefined index: serialType C:\wamp\www\evc\index\Lib\Action\UsrAction.class.php 第 784 行.
NOTIC: [8] Undefined variable: paymentdesc C:\wamp\www\evc\index\Lib\Action\UsrAction.class.php 第 818 行.
NOTIC: [8] Undefined variable: paymentmark C:\wamp\www\evc\index\Lib\Action\UsrAction.class.php 第 818 行.
NOTIC: [8] Undefined variable: paymentcolor C:\wamp\www\evc\index\Lib\Action\UsrAction.class.php 第 818 行.
INFO: [ view_parse ] --START--
NOTIC: [8] Undefined variable: cmntls C:\wamp\www\evc\index\Runtime\Cache\8e5ceb63ed26f9e02ed0b55f36cd44c9.php 第 85 行.
INFO: ParseTemplate Behavior ::run [ RunTime:0.037173s ]
INFO: [ view_parse ] --END-- [ RunTime:0.037579s ]
INFO: [ view_filter ] --START--
INFO: ContentReplace Behavior ::run [ RunTime:0.002241s ]
INFO: TokenBuild Behavior ::run [ RunTime:0.002503s ]
INFO: WriteHtmlCache Behavior ::run [ RunTime:0.001359s ]
INFO: ShowRuntime Behavior ::run [ RunTime:0.002305s ]
INFO: [ view_filter ] --END-- [ RunTime:0.009542s ]
INFO: [ view_end ] --START--
INFO: ShowPageTrace Behavior ::run [ RunTime:0.002521s ]
INFO: [ view_end ] --END-- [ RunTime:0.002936s ]

[ 2015-12-05T17:17:21+08:00 ] 0.0.0.0 /evc/index.php/Usr/payment
INFO: [ route_check ] --START--
INFO: CheckRoute Behavior ::run [ RunTime:0.003437s ]
INFO: [ route_check ] --END-- [ RunTime:0.003962s ]
INFO: [ app_begin ] --START--
INFO: ReadHtmlCache Behavior ::run [ RunTime:0.001913s ]
INFO: [ app_begin ] --END-- [ RunTime:0.002237s ]
NOTIC: [2] Cannot use a scalar value as an array C:\wamp\www\evc\index\Lib\Action\UsrAction.class.php 第 821 行.
NOTIC: [8] Undefined variable: paymentdesc C:\wamp\www\evc\index\Lib\Action\UsrAction.class.php 第 821 行.
NOTIC: [2] Cannot use a scalar value as an array C:\wamp\www\evc\index\Lib\Action\UsrAction.class.php 第 821 行.
NOTIC: [8] Undefined variable: paymentmark C:\wamp\www\evc\index\Lib\Action\UsrAction.class.php 第 821 行.
NOTIC: [2] Cannot use a scalar value as an array C:\wamp\www\evc\index\Lib\Action\UsrAction.class.php 第 821 行.
NOTIC: [8] Undefined variable: paymentcolor C:\wamp\www\evc\index\Lib\Action\UsrAction.class.php 第 821 行.
NOTIC: [2] Cannot use a scalar value as an array C:\wamp\www\evc\index\Lib\Action\UsrAction.class.php 第 821 行.
NOTIC: [8] Undefined variable: paymentdesc C:\wamp\www\evc\index\Lib\Action\UsrAction.class.php 第 821 行.
NOTIC: [2] Cannot use a scalar value as an array C:\wamp\www\evc\index\Lib\Action\UsrAction.class.php 第 821 行.
NOTIC: [8] Undefined variable: paymentmark C:\wamp\www\evc\index\Lib\Action\UsrAction.class.php 第 821 行.
NOTIC: [2] Cannot use a scalar value as an array C:\wamp\www\evc\index\Lib\Action\UsrAction.class.php 第 821 行.
NOTIC: [8] Undefined variable: paymentcolor C:\wamp\www\evc\index\Lib\Action\UsrAction.class.php 第 821 行.
NOTIC: [2] Cannot use a scalar value as an array C:\wamp\www\evc\index\Lib\Action\UsrAction.class.php 第 821 行.
NOTIC: [8] Undefined variable: paymentdesc C:\wamp\www\evc\index\Lib\Action\UsrAction.class.php 第 821 行.
NOTIC: [2] Cannot use a scalar value as an array C:\wamp\www\evc\index\Lib\Action\UsrAction.class.php 第 821 行.
NOTIC: [8] Undefined variable: paymentmark C:\wamp\www\evc\index\Lib\Action\UsrAction.class.php 第 821 行.
NOTIC: [2] Cannot use a scalar value as an array C:\wamp\www\evc\index\Lib\Action\UsrAction.class.php 第 821 行.
NOTIC: [8] Undefined variable: paymentcolor C:\wamp\www\evc\index\Lib\Action\UsrAction.class.php 第 821 行.
NOTIC: [2] Cannot use a scalar value as an array C:\wamp\www\evc\index\Lib\Action\UsrAction.class.php 第 821 行.
NOTIC: [8] Undefined variable: paymentdesc C:\wamp\www\evc\index\Lib\Action\UsrAction.class.php 第 821 行.
NOTIC: [2] Cannot use a scalar value as an array C:\wamp\www\evc\index\Lib\Action\UsrAction.class.php 第 821 行.
NOTIC: [8] Undefined variable: paymentmark C:\wamp\www\evc\index\Lib\Action\UsrAction.class.php 第 821 行.
NOTIC: [2] Cannot use a scalar value as an array C:\wamp\www\evc\index\Lib\Action\UsrAction.class.php 第 821 行.
NOTIC: [8] Undefined variable: paymentcolor C:\wamp\www\evc\index\Lib\Action\UsrAction.class.php 第 821 行.
NOTIC: [2] Cannot use a scalar value as an array C:\wamp\www\evc\index\Lib\Action\UsrAction.class.php 第 821 行.
NOTIC: [8] Undefined variable: paymentdesc C:\wamp\www\evc\index\Lib\Action\UsrAction.class.php 第 821 行.
NOTIC: [2] Cannot use a scalar value as an array C:\wamp\www\evc\index\Lib\Action\UsrAction.class.php 第 821 行.
NOTIC: [8] Undefined variable: paymentmark C:\wamp\www\evc\index\Lib\Action\UsrAction.class.php 第 821 行.
NOTIC: [2] Cannot use a scalar value as an array C:\wamp\www\evc\index\Lib\Action\UsrAction.class.php 第 821 行.
NOTIC: [8] Undefined variable: paymentcolor C:\wamp\www\evc\index\Lib\Action\UsrAction.class.php 第 821 行.
NOTIC: [8] Undefined index: serialType C:\wamp\www\evc\index\Lib\Action\UsrAction.class.php 第 784 行.
NOTIC: [8] Undefined index: stauts C:\wamp\www\evc\index\Lib\Action\UsrAction.class.php 第 787 行.
NOTIC: [8] Undefined index: stauts C:\wamp\www\evc\index\Lib\Action\UsrAction.class.php 第 788 行.
NOTIC: [8] Undefined variable: paymentdesc C:\wamp\www\evc\index\Lib\Action\UsrAction.class.php 第 821 行.
NOTIC: [8] Undefined variable: paymentmark C:\wamp\www\evc\index\Lib\Action\UsrAction.class.php 第 821 行.
NOTIC: [8] Undefined variable: paymentcolor C:\wamp\www\evc\index\Lib\Action\UsrAction.class.php 第 821 行.
INFO: [ view_parse ] --START--
NOTIC: [8] Undefined variable: cmntv C:\wamp\www\evc\index\Runtime\Cache\8e5ceb63ed26f9e02ed0b55f36cd44c9.php 第 86 行.
NOTIC: [8] Undefined variable: cmntv C:\wamp\www\evc\index\Runtime\Cache\8e5ceb63ed26f9e02ed0b55f36cd44c9.php 第 87 行.
NOTIC: [8] Undefined variable: cmntv C:\wamp\www\evc\index\Runtime\Cache\8e5ceb63ed26f9e02ed0b55f36cd44c9.php 第 88 行.
NOTIC: [8] Undefined variable: cmntv C:\wamp\www\evc\index\Runtime\Cache\8e5ceb63ed26f9e02ed0b55f36cd44c9.php 第 91 行.
NOTIC: [8] Undefined variable: cmntv C:\wamp\www\evc\index\Runtime\Cache\8e5ceb63ed26f9e02ed0b55f36cd44c9.php 第 92 行.
NOTIC: [8] Undefined variable: cmntv C:\wamp\www\evc\index\Runtime\Cache\8e5ceb63ed26f9e02ed0b55f36cd44c9.php 第 86 行.
NOTIC: [8] Undefined variable: cmntv C:\wamp\www\evc\index\Runtime\Cache\8e5ceb63ed26f9e02ed0b55f36cd44c9.php 第 87 行.
NOTIC: [8] Undefined variable: cmntv C:\wamp\www\evc\index\Runtime\Cache\8e5ceb63ed26f9e02ed0b55f36cd44c9.php 第 88 行.
NOTIC: [8] Undefined variable: cmntv C:\wamp\www\evc\index\Runtime\Cache\8e5ceb63ed26f9e02ed0b55f36cd44c9.php 第 91 行.
NOTIC: [8] Undefined variable: cmntv C:\wamp\www\evc\index\Runtime\Cache\8e5ceb63ed26f9e02ed0b55f36cd44c9.php 第 92 行.
NOTIC: [8] Undefined variable: cmntv C:\wamp\www\evc\index\Runtime\Cache\8e5ceb63ed26f9e02ed0b55f36cd44c9.php 第 86 行.
NOTIC: [8] Undefined variable: cmntv C:\wamp\www\evc\index\Runtime\Cache\8e5ceb63ed26f9e02ed0b55f36cd44c9.php 第 87 行.
NOTIC: [8] Undefined variable: cmntv C:\wamp\www\evc\index\Runtime\Cache\8e5ceb63ed26f9e02ed0b55f36cd44c9.php 第 88 行.
NOTIC: [8] Undefined variable: cmntv C:\wamp\www\evc\index\Runtime\Cache\8e5ceb63ed26f9e02ed0b55f36cd44c9.php 第 91 行.
NOTIC: [8] Undefined variable: cmntv C:\wamp\www\evc\index\Runtime\Cache\8e5ceb63ed26f9e02ed0b55f36cd44c9.php 第 92 行.
NOTIC: [8] Undefined variable: cmntv C:\wamp\www\evc\index\Runtime\Cache\8e5ceb63ed26f9e02ed0b55f36cd44c9.php 第 86 行.
NOTIC: [8] Undefined variable: cmntv C:\wamp\www\evc\index\Runtime\Cache\8e5ceb63ed26f9e02ed0b55f36cd44c9.php 第 87 行.
NOTIC: [8] Undefined variable: cmntv C:\wamp\www\evc\index\Runtime\Cache\8e5ceb63ed26f9e02ed0b55f36cd44c9.php 第 88 行.
NOTIC: [8] Undefined variable: cmntv C:\wamp\www\evc\index\Runtime\Cache\8e5ceb63ed26f9e02ed0b55f36cd44c9.php 第 91 行.
NOTIC: [8] Undefined variable: cmntv C:\wamp\www\evc\index\Runtime\Cache\8e5ceb63ed26f9e02ed0b55f36cd44c9.php 第 92 行.
NOTIC: [8] Undefined variable: cmntv C:\wamp\www\evc\index\Runtime\Cache\8e5ceb63ed26f9e02ed0b55f36cd44c9.php 第 86 行.
NOTIC: [8] Undefined variable: cmntv C:\wamp\www\evc\index\Runtime\Cache\8e5ceb63ed26f9e02ed0b55f36cd44c9.php 第 87 行.
NOTIC: [8] Undefined variable: cmntv C:\wamp\www\evc\index\Runtime\Cache\8e5ceb63ed26f9e02ed0b55f36cd44c9.php 第 88 行.
NOTIC: [8] Undefined variable: cmntv C:\wamp\www\evc\index\Runtime\Cache\8e5ceb63ed26f9e02ed0b55f36cd44c9.php 第 91 行.
NOTIC: [8] Undefined variable: cmntv C:\wamp\www\evc\index\Runtime\Cache\8e5ceb63ed26f9e02ed0b55f36cd44c9.php 第 92 行.
NOTIC: [8] Undefined variable: cmntv C:\wamp\www\evc\index\Runtime\Cache\8e5ceb63ed26f9e02ed0b55f36cd44c9.php 第 86 行.
NOTIC: [8] Undefined variable: cmntv C:\wamp\www\evc\index\Runtime\Cache\8e5ceb63ed26f9e02ed0b55f36cd44c9.php 第 87 行.
NOTIC: [8] Undefined variable: cmntv C:\wamp\www\evc\index\Runtime\Cache\8e5ceb63ed26f9e02ed0b55f36cd44c9.php 第 88 行.
NOTIC: [8] Undefined variable: cmntv C:\wamp\www\evc\index\Runtime\Cache\8e5ceb63ed26f9e02ed0b55f36cd44c9.php 第 91 行.
NOTIC: [8] Undefined variable: cmntv C:\wamp\www\evc\index\Runtime\Cache\8e5ceb63ed26f9e02ed0b55f36cd44c9.php 第 92 行.
INFO: ParseTemplate Behavior ::run [ RunTime:0.036823s ]
INFO: [ view_parse ] --END-- [ RunTime:0.037279s ]
INFO: [ view_filter ] --START--
INFO: ContentReplace Behavior ::run [ RunTime:0.002130s ]
INFO: TokenBuild Behavior ::run [ RunTime:0.002472s ]
INFO: WriteHtmlCache Behavior ::run [ RunTime:0.002889s ]
INFO: ShowRuntime Behavior ::run [ RunTime:0.002227s ]
INFO: [ view_filter ] --END-- [ RunTime:0.011060s ]
INFO: [ view_end ] --START--
INFO: ShowPageTrace Behavior ::run [ RunTime:0.003047s ]
INFO: [ view_end ] --END-- [ RunTime:0.003474s ]

[ 2015-12-05T17:17:25+08:00 ] 0.0.0.0 /evc/index.php/Usr/doupld?nwpg=0
INFO: [ route_check ] --START--
INFO: CheckRoute Behavior ::run [ RunTime:0.002794s ]
INFO: [ route_check ] --END-- [ RunTime:0.003340s ]
INFO: [ app_begin ] --START--
INFO: ReadHtmlCache Behavior ::run [ RunTime:0.002221s ]
INFO: [ app_begin ] --END-- [ RunTime:0.002676s ]
ERR: 非法操作:doupld

[ 2015-12-05T17:18:32+08:00 ] 0.0.0.0 /evc/index.php/Usr/payment
INFO: [ route_check ] --START--
INFO: CheckRoute Behavior ::run [ RunTime:0.001310s ]
INFO: [ route_check ] --END-- [ RunTime:0.001665s ]
INFO: [ app_begin ] --START--
INFO: ReadHtmlCache Behavior ::run [ RunTime:0.001007s ]
INFO: [ app_begin ] --END-- [ RunTime:0.001197s ]
NOTIC: [2] Cannot use a scalar value as an array C:\wamp\www\evc\index\Lib\Action\UsrAction.class.php 第 821 行.
NOTIC: [8] Undefined variable: paymentdesc C:\wamp\www\evc\index\Lib\Action\UsrAction.class.php 第 821 行.
NOTIC: [2] Cannot use a scalar value as an array C:\wamp\www\evc\index\Lib\Action\UsrAction.class.php 第 821 行.
NOTIC: [8] Undefined variable: paymentmark C:\wamp\www\evc\index\Lib\Action\UsrAction.class.php 第 821 行.
NOTIC: [2] Cannot use a scalar value as an array C:\wamp\www\evc\index\Lib\Action\UsrAction.class.php 第 821 行.
NOTIC: [8] Undefined variable: paymentcolor C:\wamp\www\evc\index\Lib\Action\UsrAction.class.php 第 821 行.
NOTIC: [2] Cannot use a scalar value as an array C:\wamp\www\evc\index\Lib\Action\UsrAction.class.php 第 821 行.
NOTIC: [8] Undefined variable: paymentdesc C:\wamp\www\evc\index\Lib\Action\UsrAction.class.php 第 821 行.
NOTIC: [2] Cannot use a scalar value as an array C:\wamp\www\evc\index\Lib\Action\UsrAction.class.php 第 821 行.
NOTIC: [8] Undefined variable: paymentmark C:\wamp\www\evc\index\Lib\Action\UsrAction.class.php 第 821 行.
NOTIC: [2] Cannot use a scalar value as an array C:\wamp\www\evc\index\Lib\Action\UsrAction.class.php 第 821 行.
NOTIC: [8] Undefined variable: paymentcolor C:\wamp\www\evc\index\Lib\Action\UsrAction.class.php 第 821 行.
NOTIC: [2] Cannot use a scalar value as an array C:\wamp\www\evc\index\Lib\Action\UsrAction.class.php 第 821 行.
NOTIC: [8] Undefined variable: paymentdesc C:\wamp\www\evc\index\Lib\Action\UsrAction.class.php 第 821 行.
NOTIC: [2] Cannot use a scalar value as an array C:\wamp\www\evc\index\Lib\Action\UsrAction.class.php 第 821 行.
NOTIC: [8] Undefined variable: paymentmark C:\wamp\www\evc\index\Lib\Action\UsrAction.class.php 第 821 行.
NOTIC: [2] Cannot use a scalar value as an array C:\wamp\www\evc\index\Lib\Action\UsrAction.class.php 第 821 行.
NOTIC: [8] Undefined variable: paymentcolor C:\wamp\www\evc\index\Lib\Action\UsrAction.class.php 第 821 行.
NOTIC: [2] Cannot use a scalar value as an array C:\wamp\www\evc\index\Lib\Action\UsrAction.class.php 第 821 行.
NOTIC: [8] Undefined variable: paymentdesc C:\wamp\www\evc\index\Lib\Action\UsrAction.class.php 第 821 行.
NOTIC: [2] Cannot use a scalar value as an array C:\wamp\www\evc\index\Lib\Action\UsrAction.class.php 第 821 行.
NOTIC: [8] Undefined variable: paymentmark C:\wamp\www\evc\index\Lib\Action\UsrAction.class.php 第 821 行.
NOTIC: [2] Cannot use a scalar value as an array C:\wamp\www\evc\index\Lib\Action\UsrAction.class.php 第 821 行.
NOTIC: [8] Undefined variable: paymentcolor C:\wamp\www\evc\index\Lib\Action\UsrAction.class.php 第 821 行.
NOTIC: [2] Cannot use a scalar value as an array C:\wamp\www\evc\index\Lib\Action\UsrAction.class.php 第 821 行.
NOTIC: [8] Undefined variable: paymentdesc C:\wamp\www\evc\index\Lib\Action\UsrAction.class.php 第 821 行.
NOTIC: [2] Cannot use a scalar value as an array C:\wamp\www\evc\index\Lib\Action\UsrAction.class.php 第 821 行.
NOTIC: [8] Undefined variable: paymentmark C:\wamp\www\evc\index\Lib\Action\UsrAction.class.php 第 821 行.
NOTIC: [2] Cannot use a scalar value as an array C:\wamp\www\evc\index\Lib\Action\UsrAction.class.php 第 821 行.
NOTIC: [8] Undefined variable: paymentcolor C:\wamp\www\evc\index\Lib\Action\UsrAction.class.php 第 821 行.
NOTIC: [8] Undefined index: serialType C:\wamp\www\evc\index\Lib\Action\UsrAction.class.php 第 784 行.
NOTIC: [8] Undefined index: stauts C:\wamp\www\evc\index\Lib\Action\UsrAction.class.php 第 787 行.
NOTIC: [8] Undefined index: stauts C:\wamp\www\evc\index\Lib\Action\UsrAction.class.php 第 788 行.
NOTIC: [8] Undefined variable: paymentdesc C:\wamp\www\evc\index\Lib\Action\UsrAction.class.php 第 821 行.
NOTIC: [8] Undefined variable: paymentmark C:\wamp\www\evc\index\Lib\Action\UsrAction.class.php 第 821 行.
NOTIC: [8] Undefined variable: paymentcolor C:\wamp\www\evc\index\Lib\Action\UsrAction.class.php 第 821 行.
INFO: [ view_parse ] --START--
NOTIC: [8] Undefined variable: cmntv C:\wamp\www\evc\index\Runtime\Cache\8e5ceb63ed26f9e02ed0b55f36cd44c9.php 第 86 行.
NOTIC: [8] Undefined variable: cmntv C:\wamp\www\evc\index\Runtime\Cache\8e5ceb63ed26f9e02ed0b55f36cd44c9.php 第 87 行.
NOTIC: [8] Undefined variable: cmntv C:\wamp\www\evc\index\Runtime\Cache\8e5ceb63ed26f9e02ed0b55f36cd44c9.php 第 88 行.
NOTIC: [8] Undefined variable: cmntv C:\wamp\www\evc\index\Runtime\Cache\8e5ceb63ed26f9e02ed0b55f36cd44c9.php 第 91 行.
NOTIC: [8] Undefined variable: cmntv C:\wamp\www\evc\index\Runtime\Cache\8e5ceb63ed26f9e02ed0b55f36cd44c9.php 第 92 行.
NOTIC: [8] Undefined variable: cmntv C:\wamp\www\evc\index\Runtime\Cache\8e5ceb63ed26f9e02ed0b55f36cd44c9.php 第 86 行.
NOTIC: [8] Undefined variable: cmntv C:\wamp\www\evc\index\Runtime\Cache\8e5ceb63ed26f9e02ed0b55f36cd44c9.php 第 87 行.
NOTIC: [8] Undefined variable: cmntv C:\wamp\www\evc\index\Runtime\Cache\8e5ceb63ed26f9e02ed0b55f36cd44c9.php 第 88 行.
NOTIC: [8] Undefined variable: cmntv C:\wamp\www\evc\index\Runtime\Cache\8e5ceb63ed26f9e02ed0b55f36cd44c9.php 第 91 行.
NOTIC: [8] Undefined variable: cmntv C:\wamp\www\evc\index\Runtime\Cache\8e5ceb63ed26f9e02ed0b55f36cd44c9.php 第 92 行.
NOTIC: [8] Undefined variable: cmntv C:\wamp\www\evc\index\Runtime\Cache\8e5ceb63ed26f9e02ed0b55f36cd44c9.php 第 86 行.
NOTIC: [8] Undefined variable: cmntv C:\wamp\www\evc\index\Runtime\Cache\8e5ceb63ed26f9e02ed0b55f36cd44c9.php 第 87 行.
NOTIC: [8] Undefined variable: cmntv C:\wamp\www\evc\index\Runtime\Cache\8e5ceb63ed26f9e02ed0b55f36cd44c9.php 第 88 行.
NOTIC: [8] Undefined variable: cmntv C:\wamp\www\evc\index\Runtime\Cache\8e5ceb63ed26f9e02ed0b55f36cd44c9.php 第 91 行.
NOTIC: [8] Undefined variable: cmntv C:\wamp\www\evc\index\Runtime\Cache\8e5ceb63ed26f9e02ed0b55f36cd44c9.php 第 92 行.
NOTIC: [8] Undefined variable: cmntv C:\wamp\www\evc\index\Runtime\Cache\8e5ceb63ed26f9e02ed0b55f36cd44c9.php 第 86 行.
NOTIC: [8] Undefined variable: cmntv C:\wamp\www\evc\index\Runtime\Cache\8e5ceb63ed26f9e02ed0b55f36cd44c9.php 第 87 行.
NOTIC: [8] Undefined variable: cmntv C:\wamp\www\evc\index\Runtime\Cache\8e5ceb63ed26f9e02ed0b55f36cd44c9.php 第 88 行.
NOTIC: [8] Undefined variable: cmntv C:\wamp\www\evc\index\Runtime\Cache\8e5ceb63ed26f9e02ed0b55f36cd44c9.php 第 91 行.
NOTIC: [8] Undefined variable: cmntv C:\wamp\www\evc\index\Runtime\Cache\8e5ceb63ed26f9e02ed0b55f36cd44c9.php 第 92 行.
NOTIC: [8] Undefined variable: cmntv C:\wamp\www\evc\index\Runtime\Cache\8e5ceb63ed26f9e02ed0b55f36cd44c9.php 第 86 行.
NOTIC: [8] Undefined variable: cmntv C:\wamp\www\evc\index\Runtime\Cache\8e5ceb63ed26f9e02ed0b55f36cd44c9.php 第 87 行.
NOTIC: [8] Undefined variable: cmntv C:\wamp\www\evc\index\Runtime\Cache\8e5ceb63ed26f9e02ed0b55f36cd44c9.php 第 88 行.
NOTIC: [8] Undefined variable: cmntv C:\wamp\www\evc\index\Runtime\Cache\8e5ceb63ed26f9e02ed0b55f36cd44c9.php 第 91 行.
NOTIC: [8] Undefined variable: cmntv C:\wamp\www\evc\index\Runtime\Cache\8e5ceb63ed26f9e02ed0b55f36cd44c9.php 第 92 行.
NOTIC: [8] Undefined variable: cmntv C:\wamp\www\evc\index\Runtime\Cache\8e5ceb63ed26f9e02ed0b55f36cd44c9.php 第 86 行.
NOTIC: [8] Undefined variable: cmntv C:\wamp\www\evc\index\Runtime\Cache\8e5ceb63ed26f9e02ed0b55f36cd44c9.php 第 87 行.
NOTIC: [8] Undefined variable: cmntv C:\wamp\www\evc\index\Runtime\Cache\8e5ceb63ed26f9e02ed0b55f36cd44c9.php 第 88 行.
NOTIC: [8] Undefined variable: cmntv C:\wamp\www\evc\index\Runtime\Cache\8e5ceb63ed26f9e02ed0b55f36cd44c9.php 第 91 行.
NOTIC: [8] Undefined variable: cmntv C:\wamp\www\evc\index\Runtime\Cache\8e5ceb63ed26f9e02ed0b55f36cd44c9.php 第 92 行.
INFO: ParseTemplate Behavior ::run [ RunTime:0.019730s ]
INFO: [ view_parse ] --END-- [ RunTime:0.020015s ]
INFO: [ view_filter ] --START--
INFO: ContentReplace Behavior ::run [ RunTime:0.001162s ]
INFO: TokenBuild Behavior ::run [ RunTime:0.001027s ]
INFO: WriteHtmlCache Behavior ::run [ RunTime:0.000640s ]
INFO: ShowRuntime Behavior ::run [ RunTime:0.001094s ]
INFO: [ view_filter ] --END-- [ RunTime:0.004499s ]
INFO: [ view_end ] --START--
INFO: ShowPageTrace Behavior ::run [ RunTime:0.001282s ]
INFO: [ view_end ] --END-- [ RunTime:0.001524s ]

[ 2015-12-05T17:18:35+08:00 ] 0.0.0.0 /evc/index.php/Usr/doupld?nwpg=0
INFO: [ route_check ] --START--
INFO: CheckRoute Behavior ::run [ RunTime:0.002666s ]
INFO: [ route_check ] --END-- [ RunTime:0.003170s ]
INFO: [ app_begin ] --START--
INFO: ReadHtmlCache Behavior ::run [ RunTime:0.001970s ]
INFO: [ app_begin ] --END-- [ RunTime:0.002287s ]
ERR: 非法操作:doupld

[ 2015-12-05T17:22:35+08:00 ] 0.0.0.0 /evc/index.php/Usr/payment
INFO: [ route_check ] --START--
INFO: CheckRoute Behavior ::run [ RunTime:0.003984s ]
INFO: [ route_check ] --END-- [ RunTime:0.004604s ]
INFO: [ app_begin ] --START--
INFO: ReadHtmlCache Behavior ::run [ RunTime:0.002495s ]
INFO: [ app_begin ] --END-- [ RunTime:0.002960s ]
NOTIC: [2] Cannot use a scalar value as an array C:\wamp\www\evc\index\Lib\Action\UsrAction.class.php 第 821 行.
NOTIC: [8] Undefined variable: paymentdesc C:\wamp\www\evc\index\Lib\Action\UsrAction.class.php 第 821 行.
NOTIC: [2] Cannot use a scalar value as an array C:\wamp\www\evc\index\Lib\Action\UsrAction.class.php 第 821 行.
NOTIC: [8] Undefined variable: paymentmark C:\wamp\www\evc\index\Lib\Action\UsrAction.class.php 第 821 行.
NOTIC: [2] Cannot use a scalar value as an array C:\wamp\www\evc\index\Lib\Action\UsrAction.class.php 第 821 行.
NOTIC: [8] Undefined variable: paymentcolor C:\wamp\www\evc\index\Lib\Action\UsrAction.class.php 第 821 行.
NOTIC: [2] Cannot use a scalar value as an array C:\wamp\www\evc\index\Lib\Action\UsrAction.class.php 第 821 行.
NOTIC: [8] Undefined variable: paymentdesc C:\wamp\www\evc\index\Lib\Action\UsrAction.class.php 第 821 行.
NOTIC: [2] Cannot use a scalar value as an array C:\wamp\www\evc\index\Lib\Action\UsrAction.class.php 第 821 行.
NOTIC: [8] Undefined variable: paymentmark C:\wamp\www\evc\index\Lib\Action\UsrAction.class.php 第 821 行.
NOTIC: [2] Cannot use a scalar value as an array C:\wamp\www\evc\index\Lib\Action\UsrAction.class.php 第 821 行.
NOTIC: [8] Undefined variable: paymentcolor C:\wamp\www\evc\index\Lib\Action\UsrAction.class.php 第 821 行.
NOTIC: [2] Cannot use a scalar value as an array C:\wamp\www\evc\index\Lib\Action\UsrAction.class.php 第 821 行.
NOTIC: [8] Undefined variable: paymentdesc C:\wamp\www\evc\index\Lib\Action\UsrAction.class.php 第 821 行.
NOTIC: [2] Cannot use a scalar value as an array C:\wamp\www\evc\index\Lib\Action\UsrAction.class.php 第 821 行.
NOTIC: [8] Undefined variable: paymentmark C:\wamp\www\evc\index\Lib\Action\UsrAction.class.php 第 821 行.
NOTIC: [2] Cannot use a scalar value as an array C:\wamp\www\evc\index\Lib\Action\UsrAction.class.php 第 821 行.
NOTIC: [8] Undefined variable: paymentcolor C:\wamp\www\evc\index\Lib\Action\UsrAction.class.php 第 821 行.
NOTIC: [2] Cannot use a scalar value as an array C:\wamp\www\evc\index\Lib\Action\UsrAction.class.php 第 821 行.
NOTIC: [8] Undefined variable: paymentdesc C:\wamp\www\evc\index\Lib\Action\UsrAction.class.php 第 821 行.
NOTIC: [2] Cannot use a scalar value as an array C:\wamp\www\evc\index\Lib\Action\UsrAction.class.php 第 821 行.
NOTIC: [8] Undefined variable: paymentmark C:\wamp\www\evc\index\Lib\Action\UsrAction.class.php 第 821 行.
NOTIC: [2] Cannot use a scalar value as an array C:\wamp\www\evc\index\Lib\Action\UsrAction.class.php 第 821 行.
NOTIC: [8] Undefined variable: paymentcolor C:\wamp\www\evc\index\Lib\Action\UsrAction.class.php 第 821 行.
NOTIC: [2] Cannot use a scalar value as an array C:\wamp\www\evc\index\Lib\Action\UsrAction.class.php 第 821 行.
NOTIC: [8] Undefined variable: paymentdesc C:\wamp\www\evc\index\Lib\Action\UsrAction.class.php 第 821 行.
NOTIC: [2] Cannot use a scalar value as an array C:\wamp\www\evc\index\Lib\Action\UsrAction.class.php 第 821 行.
NOTIC: [8] Undefined variable: paymentmark C:\wamp\www\evc\index\Lib\Action\UsrAction.class.php 第 821 行.
NOTIC: [2] Cannot use a scalar value as an array C:\wamp\www\evc\index\Lib\Action\UsrAction.class.php 第 821 行.
NOTIC: [8] Undefined variable: paymentcolor C:\wamp\www\evc\index\Lib\Action\UsrAction.class.php 第 821 行.
NOTIC: [8] Undefined index: serialType C:\wamp\www\evc\index\Lib\Action\UsrAction.class.php 第 784 行.
NOTIC: [8] Undefined index: stauts C:\wamp\www\evc\index\Lib\Action\UsrAction.class.php 第 787 行.
NOTIC: [8] Undefined index: stauts C:\wamp\www\evc\index\Lib\Action\UsrAction.class.php 第 788 行.
NOTIC: [8] Undefined variable: paymentdesc C:\wamp\www\evc\index\Lib\Action\UsrAction.class.php 第 821 行.
NOTIC: [8] Undefined variable: paymentmark C:\wamp\www\evc\index\Lib\Action\UsrAction.class.php 第 821 行.
NOTIC: [8] Undefined variable: paymentcolor C:\wamp\www\evc\index\Lib\Action\UsrAction.class.php 第 821 行.
INFO: [ view_parse ] --START--
NOTIC: [8] Undefined variable: cmntv C:\wamp\www\evc\index\Runtime\Cache\8e5ceb63ed26f9e02ed0b55f36cd44c9.php 第 85 行.
NOTIC: [8] Undefined variable: cmntv C:\wamp\www\evc\index\Runtime\Cache\8e5ceb63ed26f9e02ed0b55f36cd44c9.php 第 86 行.
NOTIC: [8] Undefined variable: cmntv C:\wamp\www\evc\index\Runtime\Cache\8e5ceb63ed26f9e02ed0b55f36cd44c9.php 第 87 行.
NOTIC: [8] Undefined variable: cmntv C:\wamp\www\evc\index\Runtime\Cache\8e5ceb63ed26f9e02ed0b55f36cd44c9.php 第 90 行.
NOTIC: [8] Undefined variable: cmntv C:\wamp\www\evc\index\Runtime\Cache\8e5ceb63ed26f9e02ed0b55f36cd44c9.php 第 91 行.
NOTIC: [8] Undefined variable: cmntv C:\wamp\www\evc\index\Runtime\Cache\8e5ceb63ed26f9e02ed0b55f36cd44c9.php 第 85 行.
NOTIC: [8] Undefined variable: cmntv C:\wamp\www\evc\index\Runtime\Cache\8e5ceb63ed26f9e02ed0b55f36cd44c9.php 第 86 行.
NOTIC: [8] Undefined variable: cmntv C:\wamp\www\evc\index\Runtime\Cache\8e5ceb63ed26f9e02ed0b55f36cd44c9.php 第 87 行.
NOTIC: [8] Undefined variable: cmntv C:\wamp\www\evc\index\Runtime\Cache\8e5ceb63ed26f9e02ed0b55f36cd44c9.php 第 90 行.
NOTIC: [8] Undefined variable: cmntv C:\wamp\www\evc\index\Runtime\Cache\8e5ceb63ed26f9e02ed0b55f36cd44c9.php 第 91 行.
NOTIC: [8] Undefined variable: cmntv C:\wamp\www\evc\index\Runtime\Cache\8e5ceb63ed26f9e02ed0b55f36cd44c9.php 第 85 行.
NOTIC: [8] Undefined variable: cmntv C:\wamp\www\evc\index\Runtime\Cache\8e5ceb63ed26f9e02ed0b55f36cd44c9.php 第 86 行.
NOTIC: [8] Undefined variable: cmntv C:\wamp\www\evc\index\Runtime\Cache\8e5ceb63ed26f9e02ed0b55f36cd44c9.php 第 87 行.
NOTIC: [8] Undefined variable: cmntv C:\wamp\www\evc\index\Runtime\Cache\8e5ceb63ed26f9e02ed0b55f36cd44c9.php 第 90 行.
NOTIC: [8] Undefined variable: cmntv C:\wamp\www\evc\index\Runtime\Cache\8e5ceb63ed26f9e02ed0b55f36cd44c9.php 第 91 行.
NOTIC: [8] Undefined variable: cmntv C:\wamp\www\evc\index\Runtime\Cache\8e5ceb63ed26f9e02ed0b55f36cd44c9.php 第 85 行.
NOTIC: [8] Undefined variable: cmntv C:\wamp\www\evc\index\Runtime\Cache\8e5ceb63ed26f9e02ed0b55f36cd44c9.php 第 86 行.
NOTIC: [8] Undefined variable: cmntv C:\wamp\www\evc\index\Runtime\Cache\8e5ceb63ed26f9e02ed0b55f36cd44c9.php 第 87 行.
NOTIC: [8] Undefined variable: cmntv C:\wamp\www\evc\index\Runtime\Cache\8e5ceb63ed26f9e02ed0b55f36cd44c9.php 第 90 行.
NOTIC: [8] Undefined variable: cmntv C:\wamp\www\evc\index\Runtime\Cache\8e5ceb63ed26f9e02ed0b55f36cd44c9.php 第 91 行.
NOTIC: [8] Undefined variable: cmntv C:\wamp\www\evc\index\Runtime\Cache\8e5ceb63ed26f9e02ed0b55f36cd44c9.php 第 85 行.
NOTIC: [8] Undefined variable: cmntv C:\wamp\www\evc\index\Runtime\Cache\8e5ceb63ed26f9e02ed0b55f36cd44c9.php 第 86 行.
NOTIC: [8] Undefined variable: cmntv C:\wamp\www\evc\index\Runtime\Cache\8e5ceb63ed26f9e02ed0b55f36cd44c9.php 第 87 行.
NOTIC: [8] Undefined variable: cmntv C:\wamp\www\evc\index\Runtime\Cache\8e5ceb63ed26f9e02ed0b55f36cd44c9.php 第 90 行.
NOTIC: [8] Undefined variable: cmntv C:\wamp\www\evc\index\Runtime\Cache\8e5ceb63ed26f9e02ed0b55f36cd44c9.php 第 91 行.
NOTIC: [8] Undefined variable: cmntv C:\wamp\www\evc\index\Runtime\Cache\8e5ceb63ed26f9e02ed0b55f36cd44c9.php 第 85 行.
NOTIC: [8] Undefined variable: cmntv C:\wamp\www\evc\index\Runtime\Cache\8e5ceb63ed26f9e02ed0b55f36cd44c9.php 第 86 行.
NOTIC: [8] Undefined variable: cmntv C:\wamp\www\evc\index\Runtime\Cache\8e5ceb63ed26f9e02ed0b55f36cd44c9.php 第 87 行.
NOTIC: [8] Undefined variable: cmntv C:\wamp\www\evc\index\Runtime\Cache\8e5ceb63ed26f9e02ed0b55f36cd44c9.php 第 90 行.
NOTIC: [8] Undefined variable: cmntv C:\wamp\www\evc\index\Runtime\Cache\8e5ceb63ed26f9e02ed0b55f36cd44c9.php 第 91 行.
INFO: ParseTemplate Behavior ::run [ RunTime:0.038962s ]
INFO: [ view_parse ] --END-- [ RunTime:0.039453s ]
INFO: [ view_filter ] --START--
INFO: ContentReplace Behavior ::run [ RunTime:0.002293s ]
INFO: TokenBuild Behavior ::run [ RunTime:0.002235s ]
INFO: WriteHtmlCache Behavior ::run [ RunTime:0.001536s ]
INFO: ShowRuntime Behavior ::run [ RunTime:0.002366s ]
INFO: [ view_filter ] --END-- [ RunTime:0.009790s ]
INFO: [ view_end ] --START--
INFO: ShowPageTrace Behavior ::run [ RunTime:0.002985s ]
INFO: [ view_end ] --END-- [ RunTime:0.003413s ]

[ 2015-12-05T17:37:33+08:00 ] 0.0.0.0 /evc/index.php/Usr/payment
INFO: [ route_check ] --START--
INFO: CheckRoute Behavior ::run [ RunTime:0.004635s ]
INFO: [ route_check ] --END-- [ RunTime:0.005141s ]
INFO: [ app_begin ] --START--
INFO: ReadHtmlCache Behavior ::run [ RunTime:0.003364s ]
INFO: [ app_begin ] --END-- [ RunTime:0.003822s ]
NOTIC: [2] Cannot use a scalar value as an array C:\wamp\www\evc\index\Lib\Action\UsrAction.class.php 第 827 行.
NOTIC: [8] Undefined variable: paymentdesc C:\wamp\www\evc\index\Lib\Action\UsrAction.class.php 第 827 行.
NOTIC: [2] Cannot use a scalar value as an array C:\wamp\www\evc\index\Lib\Action\UsrAction.class.php 第 827 行.
NOTIC: [8] Undefined variable: paymentmark C:\wamp\www\evc\index\Lib\Action\UsrAction.class.php 第 827 行.
NOTIC: [2] Cannot use a scalar value as an array C:\wamp\www\evc\index\Lib\Action\UsrAction.class.php 第 827 行.
NOTIC: [8] Undefined variable: paymentcolor C:\wamp\www\evc\index\Lib\Action\UsrAction.class.php 第 827 行.
NOTIC: [2] Cannot use a scalar value as an array C:\wamp\www\evc\index\Lib\Action\UsrAction.class.php 第 828 行.
NOTIC: [2] Cannot use a scalar value as an array C:\wamp\www\evc\index\Lib\Action\UsrAction.class.php 第 827 行.
NOTIC: [8] Undefined variable: paymentdesc C:\wamp\www\evc\index\Lib\Action\UsrAction.class.php 第 827 行.
NOTIC: [2] Cannot use a scalar value as an array C:\wamp\www\evc\index\Lib\Action\UsrAction.class.php 第 827 行.
NOTIC: [8] Undefined variable: paymentmark C:\wamp\www\evc\index\Lib\Action\UsrAction.class.php 第 827 行.
NOTIC: [2] Cannot use a scalar value as an array C:\wamp\www\evc\index\Lib\Action\UsrAction.class.php 第 827 行.
NOTIC: [8] Undefined variable: paymentcolor C:\wamp\www\evc\index\Lib\Action\UsrAction.class.php 第 827 行.
NOTIC: [2] Cannot use a scalar value as an array C:\wamp\www\evc\index\Lib\Action\UsrAction.class.php 第 828 行.
NOTIC: [2] Cannot use a scalar value as an array C:\wamp\www\evc\index\Lib\Action\UsrAction.class.php 第 827 行.
NOTIC: [8] Undefined variable: paymentdesc C:\wamp\www\evc\index\Lib\Action\UsrAction.class.php 第 827 行.
NOTIC: [2] Cannot use a scalar value as an array C:\wamp\www\evc\index\Lib\Action\UsrAction.class.php 第 827 行.
NOTIC: [8] Undefined variable: paymentmark C:\wamp\www\evc\index\Lib\Action\UsrAction.class.php 第 827 行.
NOTIC: [2] Cannot use a scalar value as an array C:\wamp\www\evc\index\Lib\Action\UsrAction.class.php 第 827 行.
NOTIC: [8] Undefined variable: paymentcolor C:\wamp\www\evc\index\Lib\Action\UsrAction.class.php 第 827 行.
NOTIC: [2] Cannot use a scalar value as an array C:\wamp\www\evc\index\Lib\Action\UsrAction.class.php 第 828 行.
NOTIC: [2] Cannot use a scalar value as an array C:\wamp\www\evc\index\Lib\Action\UsrAction.class.php 第 827 行.
NOTIC: [8] Undefined variable: paymentdesc C:\wamp\www\evc\index\Lib\Action\UsrAction.class.php 第 827 行.
NOTIC: [2] Cannot use a scalar value as an array C:\wamp\www\evc\index\Lib\Action\UsrAction.class.php 第 827 行.
NOTIC: [8] Undefined variable: paymentmark C:\wamp\www\evc\index\Lib\Action\UsrAction.class.php 第 827 行.
NOTIC: [2] Cannot use a scalar value as an array C:\wamp\www\evc\index\Lib\Action\UsrAction.class.php 第 827 行.
NOTIC: [8] Undefined variable: paymentcolor C:\wamp\www\evc\index\Lib\Action\UsrAction.class.php 第 827 行.
NOTIC: [2] Cannot use a scalar value as an array C:\wamp\www\evc\index\Lib\Action\UsrAction.class.php 第 828 行.
NOTIC: [2] Cannot use a scalar value as an array C:\wamp\www\evc\index\Lib\Action\UsrAction.class.php 第 827 行.
NOTIC: [8] Undefined variable: paymentdesc C:\wamp\www\evc\index\Lib\Action\UsrAction.class.php 第 827 行.
NOTIC: [2] Cannot use a scalar value as an array C:\wamp\www\evc\index\Lib\Action\UsrAction.class.php 第 827 行.
NOTIC: [8] Undefined variable: paymentmark C:\wamp\www\evc\index\Lib\Action\UsrAction.class.php 第 827 行.
NOTIC: [2] Cannot use a scalar value as an array C:\wamp\www\evc\index\Lib\Action\UsrAction.class.php 第 827 行.
NOTIC: [8] Undefined variable: paymentcolor C:\wamp\www\evc\index\Lib\Action\UsrAction.class.php 第 827 行.
NOTIC: [2] Cannot use a scalar value as an array C:\wamp\www\evc\index\Lib\Action\UsrAction.class.php 第 828 行.
NOTIC: [8] Undefined index: serialType C:\wamp\www\evc\index\Lib\Action\UsrAction.class.php 第 784 行.
NOTIC: [8] Undefined index: stauts C:\wamp\www\evc\index\Lib\Action\UsrAction.class.php 第 787 行.
NOTIC: [8] Undefined index: stauts C:\wamp\www\evc\index\Lib\Action\UsrAction.class.php 第 788 行.
NOTIC: [8] Undefined index: createTime C:\wamp\www\evc\index\Lib\Action\UsrAction.class.php 第 822 行.
NOTIC: [8] Undefined variable: paymentdesc C:\wamp\www\evc\index\Lib\Action\UsrAction.class.php 第 827 行.
NOTIC: [8] Undefined variable: paymentmark C:\wamp\www\evc\index\Lib\Action\UsrAction.class.php 第 827 行.
NOTIC: [8] Undefined variable: paymentcolor C:\wamp\www\evc\index\Lib\Action\UsrAction.class.php 第 827 行.
INFO: [ view_parse ] --START--
INFO: ParseTemplate Behavior ::run [ RunTime:0.041757s ]
INFO: [ view_parse ] --END-- [ RunTime:0.042285s ]
INFO: [ view_filter ] --START--
INFO: ContentReplace Behavior ::run [ RunTime:0.003068s ]
INFO: TokenBuild Behavior ::run [ RunTime:0.002999s ]
INFO: WriteHtmlCache Behavior ::run [ RunTime:0.002879s ]
INFO: ShowRuntime Behavior ::run [ RunTime:0.005866s ]
INFO: [ view_filter ] --END-- [ RunTime:0.016023s ]
INFO: [ view_end ] --START--
INFO: ShowPageTrace Behavior ::run [ RunTime:0.003448s ]
INFO: [ view_end ] --END-- [ RunTime:0.003874s ]

[ 2015-12-05T17:38:00+08:00 ] 0.0.0.0 /evc/index.php/Usr/payment
INFO: [ route_check ] --START--
INFO: CheckRoute Behavior ::run [ RunTime:0.002633s ]
INFO: [ route_check ] --END-- [ RunTime:0.003128s ]
INFO: [ app_begin ] --START--
INFO: ReadHtmlCache Behavior ::run [ RunTime:0.002572s ]
INFO: [ app_begin ] --END-- [ RunTime:0.003025s ]
NOTIC: [2] Cannot use a scalar value as an array C:\wamp\www\evc\index\Lib\Action\UsrAction.class.php 第 827 行.
NOTIC: [8] Undefined variable: paymentdesc C:\wamp\www\evc\index\Lib\Action\UsrAction.class.php 第 827 行.
NOTIC: [2] Cannot use a scalar value as an array C:\wamp\www\evc\index\Lib\Action\UsrAction.class.php 第 827 行.
NOTIC: [8] Undefined variable: paymentmark C:\wamp\www\evc\index\Lib\Action\UsrAction.class.php 第 827 行.
NOTIC: [2] Cannot use a scalar value as an array C:\wamp\www\evc\index\Lib\Action\UsrAction.class.php 第 827 行.
NOTIC: [8] Undefined variable: paymentcolor C:\wamp\www\evc\index\Lib\Action\UsrAction.class.php 第 827 行.
NOTIC: [2] Cannot use a scalar value as an array C:\wamp\www\evc\index\Lib\Action\UsrAction.class.php 第 828 行.
NOTIC: [2] Cannot use a scalar value as an array C:\wamp\www\evc\index\Lib\Action\UsrAction.class.php 第 827 行.
NOTIC: [8] Undefined variable: paymentdesc C:\wamp\www\evc\index\Lib\Action\UsrAction.class.php 第 827 行.
NOTIC: [2] Cannot use a scalar value as an array C:\wamp\www\evc\index\Lib\Action\UsrAction.class.php 第 827 行.
NOTIC: [8] Undefined variable: paymentmark C:\wamp\www\evc\index\Lib\Action\UsrAction.class.php 第 827 行.
NOTIC: [2] Cannot use a scalar value as an array C:\wamp\www\evc\index\Lib\Action\UsrAction.class.php 第 827 行.
NOTIC: [8] Undefined variable: paymentcolor C:\wamp\www\evc\index\Lib\Action\UsrAction.class.php 第 827 行.
NOTIC: [2] Cannot use a scalar value as an array C:\wamp\www\evc\index\Lib\Action\UsrAction.class.php 第 828 行.
NOTIC: [2] Cannot use a scalar value as an array C:\wamp\www\evc\index\Lib\Action\UsrAction.class.php 第 827 行.
NOTIC: [8] Undefined variable: paymentdesc C:\wamp\www\evc\index\Lib\Action\UsrAction.class.php 第 827 行.
NOTIC: [2] Cannot use a scalar value as an array C:\wamp\www\evc\index\Lib\Action\UsrAction.class.php 第 827 行.
NOTIC: [8] Undefined variable: paymentmark C:\wamp\www\evc\index\Lib\Action\UsrAction.class.php 第 827 行.
NOTIC: [2] Cannot use a scalar value as an array C:\wamp\www\evc\index\Lib\Action\UsrAction.class.php 第 827 行.
NOTIC: [8] Undefined variable: paymentcolor C:\wamp\www\evc\index\Lib\Action\UsrAction.class.php 第 827 行.
NOTIC: [2] Cannot use a scalar value as an array C:\wamp\www\evc\index\Lib\Action\UsrAction.class.php 第 828 行.
NOTIC: [2] Cannot use a scalar value as an array C:\wamp\www\evc\index\Lib\Action\UsrAction.class.php 第 827 行.
NOTIC: [8] Undefined variable: paymentdesc C:\wamp\www\evc\index\Lib\Action\UsrAction.class.php 第 827 行.
NOTIC: [2] Cannot use a scalar value as an array C:\wamp\www\evc\index\Lib\Action\UsrAction.class.php 第 827 行.
NOTIC: [8] Undefined variable: paymentmark C:\wamp\www\evc\index\Lib\Action\UsrAction.class.php 第 827 行.
NOTIC: [2] Cannot use a scalar value as an array C:\wamp\www\evc\index\Lib\Action\UsrAction.class.php 第 827 行.
NOTIC: [8] Undefined variable: paymentcolor C:\wamp\www\evc\index\Lib\Action\UsrAction.class.php 第 827 行.
NOTIC: [2] Cannot use a scalar value as an array C:\wamp\www\evc\index\Lib\Action\UsrAction.class.php 第 828 行.
NOTIC: [2] Cannot use a scalar value as an array C:\wamp\www\evc\index\Lib\Action\UsrAction.class.php 第 827 行.
NOTIC: [8] Undefined variable: paymentdesc C:\wamp\www\evc\index\Lib\Action\UsrAction.class.php 第 827 行.
NOTIC: [2] Cannot use a scalar value as an array C:\wamp\www\evc\index\Lib\Action\UsrAction.class.php 第 827 行.
NOTIC: [8] Undefined variable: paymentmark C:\wamp\www\evc\index\Lib\Action\UsrAction.class.php 第 827 行.
NOTIC: [2] Cannot use a scalar value as an array C:\wamp\www\evc\index\Lib\Action\UsrAction.class.php 第 827 行.
NOTIC: [8] Undefined variable: paymentcolor C:\wamp\www\evc\index\Lib\Action\UsrAction.class.php 第 827 行.
NOTIC: [2] Cannot use a scalar value as an array C:\wamp\www\evc\index\Lib\Action\UsrAction.class.php 第 828 行.
NOTIC: [8] Undefined index: serialType C:\wamp\www\evc\index\Lib\Action\UsrAction.class.php 第 784 行.
NOTIC: [8] Undefined index: stauts C:\wamp\www\evc\index\Lib\Action\UsrAction.class.php 第 787 行.
NOTIC: [8] Undefined index: stauts C:\wamp\www\evc\index\Lib\Action\UsrAction.class.php 第 788 行.
NOTIC: [8] Undefined index: createTime C:\wamp\www\evc\index\Lib\Action\UsrAction.class.php 第 822 行.
NOTIC: [8] Undefined variable: paymentdesc C:\wamp\www\evc\index\Lib\Action\UsrAction.class.php 第 827 行.
NOTIC: [8] Undefined variable: paymentmark C:\wamp\www\evc\index\Lib\Action\UsrAction.class.php 第 827 行.
NOTIC: [8] Undefined variable: paymentcolor C:\wamp\www\evc\index\Lib\Action\UsrAction.class.php 第 827 行.
INFO: [ view_parse ] --START--
INFO: ParseTemplate Behavior ::run [ RunTime:0.032442s ]
INFO: [ view_parse ] --END-- [ RunTime:0.033225s ]
INFO: [ view_filter ] --START--
INFO: ContentReplace Behavior ::run [ RunTime:0.001970s ]
INFO: TokenBuild Behavior ::run [ RunTime:0.002255s ]
INFO: WriteHtmlCache Behavior ::run [ RunTime:0.001289s ]
INFO: ShowRuntime Behavior ::run [ RunTime:0.002814s ]
INFO: [ view_filter ] --END-- [ RunTime:0.009535s ]
INFO: [ view_end ] --START--
INFO: ShowPageTrace Behavior ::run [ RunTime:0.002444s ]
INFO: [ view_end ] --END-- [ RunTime:0.002869s ]

[ 2015-12-05T17:38:33+08:00 ] 0.0.0.0 /evc/index.php/Usr/payment
INFO: [ route_check ] --START--
INFO: CheckRoute Behavior ::run [ RunTime:0.003097s ]
INFO: [ route_check ] --END-- [ RunTime:0.003588s ]
INFO: [ app_begin ] --START--
INFO: ReadHtmlCache Behavior ::run [ RunTime:0.002438s ]
INFO: [ app_begin ] --END-- [ RunTime:0.003507s ]
NOTIC: [2] Cannot use a scalar value as an array C:\wamp\www\evc\index\Lib\Action\UsrAction.class.php 第 827 行.
NOTIC: [8] Undefined variable: paymentdesc C:\wamp\www\evc\index\Lib\Action\UsrAction.class.php 第 827 行.
NOTIC: [2] Cannot use a scalar value as an array C:\wamp\www\evc\index\Lib\Action\UsrAction.class.php 第 827 行.
NOTIC: [8] Undefined variable: paymentmark C:\wamp\www\evc\index\Lib\Action\UsrAction.class.php 第 827 行.
NOTIC: [2] Cannot use a scalar value as an array C:\wamp\www\evc\index\Lib\Action\UsrAction.class.php 第 827 行.
NOTIC: [8] Undefined variable: paymentcolor C:\wamp\www\evc\index\Lib\Action\UsrAction.class.php 第 827 行.
NOTIC: [2] Cannot use a scalar value as an array C:\wamp\www\evc\index\Lib\Action\UsrAction.class.php 第 828 行.
NOTIC: [2] Cannot use a scalar value as an array C:\wamp\www\evc\index\Lib\Action\UsrAction.class.php 第 827 行.
NOTIC: [8] Undefined variable: paymentdesc C:\wamp\www\evc\index\Lib\Action\UsrAction.class.php 第 827 行.
NOTIC: [2] Cannot use a scalar value as an array C:\wamp\www\evc\index\Lib\Action\UsrAction.class.php 第 827 行.
NOTIC: [8] Undefined variable: paymentmark C:\wamp\www\evc\index\Lib\Action\UsrAction.class.php 第 827 行.
NOTIC: [2] Cannot use a scalar value as an array C:\wamp\www\evc\index\Lib\Action\UsrAction.class.php 第 827 行.
NOTIC: [8] Undefined variable: paymentcolor C:\wamp\www\evc\index\Lib\Action\UsrAction.class.php 第 827 行.
NOTIC: [2] Cannot use a scalar value as an array C:\wamp\www\evc\index\Lib\Action\UsrAction.class.php 第 828 行.
NOTIC: [2] Cannot use a scalar value as an array C:\wamp\www\evc\index\Lib\Action\UsrAction.class.php 第 827 行.
NOTIC: [8] Undefined variable: paymentdesc C:\wamp\www\evc\index\Lib\Action\UsrAction.class.php 第 827 行.
NOTIC: [2] Cannot use a scalar value as an array C:\wamp\www\evc\index\Lib\Action\UsrAction.class.php 第 827 行.
NOTIC: [8] Undefined variable: paymentmark C:\wamp\www\evc\index\Lib\Action\UsrAction.class.php 第 827 行.
NOTIC: [2] Cannot use a scalar value as an array C:\wamp\www\evc\index\Lib\Action\UsrAction.class.php 第 827 行.
NOTIC: [8] Undefined variable: paymentcolor C:\wamp\www\evc\index\Lib\Action\UsrAction.class.php 第 827 行.
NOTIC: [2] Cannot use a scalar value as an array C:\wamp\www\evc\index\Lib\Action\UsrAction.class.php 第 828 行.
NOTIC: [2] Cannot use a scalar value as an array C:\wamp\www\evc\index\Lib\Action\UsrAction.class.php 第 827 行.
NOTIC: [8] Undefined variable: paymentdesc C:\wamp\www\evc\index\Lib\Action\UsrAction.class.php 第 827 行.
NOTIC: [2] Cannot use a scalar value as an array C:\wamp\www\evc\index\Lib\Action\UsrAction.class.php 第 827 行.
NOTIC: [8] Undefined variable: paymentmark C:\wamp\www\evc\index\Lib\Action\UsrAction.class.php 第 827 行.
NOTIC: [2] Cannot use a scalar value as an array C:\wamp\www\evc\index\Lib\Action\UsrAction.class.php 第 827 行.
NOTIC: [8] Undefined variable: paymentcolor C:\wamp\www\evc\index\Lib\Action\UsrAction.class.php 第 827 行.
NOTIC: [2] Cannot use a scalar value as an array C:\wamp\www\evc\index\Lib\Action\UsrAction.class.php 第 828 行.
NOTIC: [2] Cannot use a scalar value as an array C:\wamp\www\evc\index\Lib\Action\UsrAction.class.php 第 827 行.
NOTIC: [8] Undefined variable: paymentdesc C:\wamp\www\evc\index\Lib\Action\UsrAction.class.php 第 827 行.
NOTIC: [2] Cannot use a scalar value as an array C:\wamp\www\evc\index\Lib\Action\UsrAction.class.php 第 827 行.
NOTIC: [8] Undefined variable: paymentmark C:\wamp\www\evc\index\Lib\Action\UsrAction.class.php 第 827 行.
NOTIC: [2] Cannot use a scalar value as an array C:\wamp\www\evc\index\Lib\Action\UsrAction.class.php 第 827 行.
NOTIC: [8] Undefined variable: paymentcolor C:\wamp\www\evc\index\Lib\Action\UsrAction.class.php 第 827 行.
NOTIC: [2] Cannot use a scalar value as an array C:\wamp\www\evc\index\Lib\Action\UsrAction.class.php 第 828 行.
NOTIC: [8] Undefined index: serialType C:\wamp\www\evc\index\Lib\Action\UsrAction.class.php 第 784 行.
NOTIC: [8] Undefined index: stauts C:\wamp\www\evc\index\Lib\Action\UsrAction.class.php 第 787 行.
NOTIC: [8] Undefined index: stauts C:\wamp\www\evc\index\Lib\Action\UsrAction.class.php 第 788 行.
NOTIC: [8] Undefined index: createTime C:\wamp\www\evc\index\Lib\Action\UsrAction.class.php 第 822 行.
NOTIC: [8] Undefined variable: paymentdesc C:\wamp\www\evc\index\Lib\Action\UsrAction.class.php 第 827 行.
NOTIC: [8] Undefined variable: paymentmark C:\wamp\www\evc\index\Lib\Action\UsrAction.class.php 第 827 行.
NOTIC: [8] Undefined variable: paymentcolor C:\wamp\www\evc\index\Lib\Action\UsrAction.class.php 第 827 行.

[ 2015-12-05T17:39:29+08:00 ] 0.0.0.0 /evc/index.php/Usr/payment
INFO: [ route_check ] --START--
INFO: CheckRoute Behavior ::run [ RunTime:0.002543s ]
INFO: [ route_check ] --END-- [ RunTime:0.003124s ]
INFO: [ app_begin ] --START--
INFO: ReadHtmlCache Behavior ::run [ RunTime:0.001991s ]
INFO: [ app_begin ] --END-- [ RunTime:0.002396s ]

[ 2015-12-05T17:40:51+08:00 ] 0.0.0.0 /evc/index.php/Usr/payment
INFO: [ route_check ] --START--
INFO: CheckRoute Behavior ::run [ RunTime:0.001794s ]
INFO: [ route_check ] --END-- [ RunTime:0.002016s ]
INFO: [ app_begin ] --START--
INFO: ReadHtmlCache Behavior ::run [ RunTime:0.001162s ]
INFO: [ app_begin ] --END-- [ RunTime:0.001389s ]

[ 2015-12-05T17:45:00+08:00 ] 0.0.0.0 /evc/index.php/Test/dosetss?openid=ojxMBuPfL9ru7RCI1o2iSjw_8Ix0
INFO: [ route_check ] --START--
INFO: CheckRoute Behavior ::run [ RunTime:0.002558s ]
INFO: [ route_check ] --END-- [ RunTime:0.003002s ]
INFO: [ app_begin ] --START--
INFO: ReadHtmlCache Behavior ::run [ RunTime:0.001596s ]
INFO: [ app_begin ] --END-- [ RunTime:0.001860s ]
NOTIC: [2] Missing argument 1 for Action::ajaxReturn(), called in C:\wamp\www\evc\index\Lib\Action\TestAction.class.php on line 163 and defined C:\wamp\www\evc\ThinkPHP\Lib\Core\Action.class.php 第 306 行.
NOTIC: [8] Undefined variable: data C:\wamp\www\evc\ThinkPHP\Lib\Core\Action.class.php 第 322 行.

[ 2015-12-05T17:45:04+08:00 ] 0.0.0.0 /evc/index.php/Usr/payment
INFO: [ route_check ] --START--
INFO: CheckRoute Behavior ::run [ RunTime:0.002741s ]
INFO: [ route_check ] --END-- [ RunTime:0.003231s ]
INFO: [ app_begin ] --START--
INFO: ReadHtmlCache Behavior ::run [ RunTime:0.002069s ]
INFO: [ app_begin ] --END-- [ RunTime:0.002522s ]
NOTIC: [2] Invalid argument supplied for foreach() C:\wamp\www\evc\index\Lib\Action\UsrAction.class.php 第 783 行.
INFO: [ view_parse ] --START--
INFO: ParseTemplate Behavior ::run [ RunTime:0.036623s ]
INFO: [ view_parse ] --END-- [ RunTime:0.037211s ]
INFO: [ view_filter ] --START--
INFO: ContentReplace Behavior ::run [ RunTime:0.002874s ]
INFO: TokenBuild Behavior ::run [ RunTime:0.002787s ]
INFO: WriteHtmlCache Behavior ::run [ RunTime:0.001559s ]
INFO: ShowRuntime Behavior ::run [ RunTime:0.002266s ]
INFO: [ view_filter ] --END-- [ RunTime:0.011096s ]
INFO: [ view_end ] --START--
INFO: ShowPageTrace Behavior ::run [ RunTime:0.002504s ]
INFO: [ view_end ] --END-- [ RunTime:0.002925s ]

[ 2015-12-05T17:45:16+08:00 ] 0.0.0.0 /evc/index.php/Usr/payment
INFO: [ route_check ] --START--
INFO: CheckRoute Behavior ::run [ RunTime:0.002829s ]
INFO: [ route_check ] --END-- [ RunTime:0.003401s ]
INFO: [ app_begin ] --START--
INFO: ReadHtmlCache Behavior ::run [ RunTime:0.002239s ]
INFO: [ app_begin ] --END-- [ RunTime:0.002729s ]
NOTIC: [2] Invalid argument supplied for foreach() C:\wamp\www\evc\index\Lib\Action\UsrAction.class.php 第 783 行.
INFO: [ view_parse ] --START--
INFO: ParseTemplate Behavior ::run [ RunTime:0.034595s ]
INFO: [ view_parse ] --END-- [ RunTime:0.035081s ]
INFO: [ view_filter ] --START--
INFO: ContentReplace Behavior ::run [ RunTime:0.002226s ]
INFO: TokenBuild Behavior ::run [ RunTime:0.002090s ]
INFO: WriteHtmlCache Behavior ::run [ RunTime:0.001208s ]
INFO: ShowRuntime Behavior ::run [ RunTime:0.001969s ]
INFO: [ view_filter ] --END-- [ RunTime:0.008817s ]
INFO: [ view_end ] --START--
INFO: ShowPageTrace Behavior ::run [ RunTime:0.002517s ]
INFO: [ view_end ] --END-- [ RunTime:0.002938s ]

[ 2015-12-05T17:45:31+08:00 ] 0.0.0.0 /evc/index.php/Usr/payment
INFO: [ route_check ] --START--
INFO: CheckRoute Behavior ::run [ RunTime:0.002785s ]
INFO: [ route_check ] --END-- [ RunTime:0.003098s ]
INFO: [ app_begin ] --START--
INFO: ReadHtmlCache Behavior ::run [ RunTime:0.001809s ]
INFO: [ app_begin ] --END-- [ RunTime:0.002087s ]
NOTIC: [8] Undefined index: stauts C:\wamp\www\evc\index\Lib\Action\UsrAction.class.php 第 787 行.
NOTIC: [8] Undefined index: stauts C:\wamp\www\evc\index\Lib\Action\UsrAction.class.php 第 788 行.
NOTIC: [8] Undefined index: stauts C:\wamp\www\evc\index\Lib\Action\UsrAction.class.php 第 787 行.
NOTIC: [8] Undefined index: stauts C:\wamp\www\evc\index\Lib\Action\UsrAction.class.php 第 788 行.
NOTIC: [8] Undefined index: stauts C:\wamp\www\evc\index\Lib\Action\UsrAction.class.php 第 787 行.
NOTIC: [8] Undefined index: stauts C:\wamp\www\evc\index\Lib\Action\UsrAction.class.php 第 788 行.
NOTIC: [8] Undefined index: stauts C:\wamp\www\evc\index\Lib\Action\UsrAction.class.php 第 787 行.
NOTIC: [8] Undefined index: stauts C:\wamp\www\evc\index\Lib\Action\UsrAction.class.php 第 788 行.
NOTIC: [8] Undefined index: stauts C:\wamp\www\evc\index\Lib\Action\UsrAction.class.php 第 787 行.
NOTIC: [8] Undefined index: stauts C:\wamp\www\evc\index\Lib\Action\UsrAction.class.php 第 788 行.
NOTIC: [8] Undefined index: stauts C:\wamp\www\evc\index\Lib\Action\UsrAction.class.php 第 787 行.
NOTIC: [8] Undefined index: stauts C:\wamp\www\evc\index\Lib\Action\UsrAction.class.php 第 788 行.
NOTIC: [8] Undefined index: stauts C:\wamp\www\evc\index\Lib\Action\UsrAction.class.php 第 787 行.
NOTIC: [8] Undefined index: stauts C:\wamp\www\evc\index\Lib\Action\UsrAction.class.php 第 788 行.
NOTIC: [8] Undefined index: stauts C:\wamp\www\evc\index\Lib\Action\UsrAction.class.php 第 787 行.
NOTIC: [8] Undefined index: stauts C:\wamp\www\evc\index\Lib\Action\UsrAction.class.php 第 788 行.
NOTIC: [8] Undefined index: stauts C:\wamp\www\evc\index\Lib\Action\UsrAction.class.php 第 787 行.
NOTIC: [8] Undefined index: stauts C:\wamp\www\evc\index\Lib\Action\UsrAction.class.php 第 788 行.
NOTIC: [8] Undefined index: stauts C:\wamp\www\evc\index\Lib\Action\UsrAction.class.php 第 787 行.
NOTIC: [8] Undefined index: stauts C:\wamp\www\evc\index\Lib\Action\UsrAction.class.php 第 788 行.
INFO: [ view_parse ] --START--
INFO: ParseTemplate Behavior ::run [ RunTime:0.036761s ]
INFO: [ view_parse ] --END-- [ RunTime:0.037270s ]
INFO: [ view_filter ] --START--
INFO: ContentReplace Behavior ::run [ RunTime:0.001954s ]
INFO: TokenBuild Behavior ::run [ RunTime:0.001439s ]
INFO: WriteHtmlCache Behavior ::run [ RunTime:0.001563s ]
INFO: ShowRuntime Behavior ::run [ RunTime:0.002136s ]
INFO: [ view_filter ] --END-- [ RunTime:0.007985s ]
INFO: [ view_end ] --START--
INFO: ShowPageTrace Behavior ::run [ RunTime:0.003326s ]
INFO: [ view_end ] --END-- [ RunTime:0.003879s ]

[ 2015-12-05T17:46:14+08:00 ] 0.0.0.0 /evc/index.php/Usr/payment
INFO: [ route_check ] --START--
INFO: CheckRoute Behavior ::run [ RunTime:0.003187s ]
INFO: [ route_check ] --END-- [ RunTime:0.003867s ]
INFO: [ app_begin ] --START--
INFO: ReadHtmlCache Behavior ::run [ RunTime:0.002240s ]
INFO: [ app_begin ] --END-- [ RunTime:0.002763s ]
NOTIC: [8] Undefined index: stauts C:\wamp\www\evc\index\Lib\Action\UsrAction.class.php 第 787 行.
NOTIC: [8] Undefined index: stauts C:\wamp\www\evc\index\Lib\Action\UsrAction.class.php 第 788 行.
NOTIC: [8] Undefined index: stauts C:\wamp\www\evc\index\Lib\Action\UsrAction.class.php 第 787 行.
NOTIC: [8] Undefined index: stauts C:\wamp\www\evc\index\Lib\Action\UsrAction.class.php 第 788 行.
NOTIC: [8] Undefined index: stauts C:\wamp\www\evc\index\Lib\Action\UsrAction.class.php 第 787 行.
NOTIC: [8] Undefined index: stauts C:\wamp\www\evc\index\Lib\Action\UsrAction.class.php 第 788 行.
NOTIC: [8] Undefined index: stauts C:\wamp\www\evc\index\Lib\Action\UsrAction.class.php 第 787 行.
NOTIC: [8] Undefined index: stauts C:\wamp\www\evc\index\Lib\Action\UsrAction.class.php 第 788 行.
NOTIC: [8] Undefined index: stauts C:\wamp\www\evc\index\Lib\Action\UsrAction.class.php 第 787 行.
NOTIC: [8] Undefined index: stauts C:\wamp\www\evc\index\Lib\Action\UsrAction.class.php 第 788 行.
NOTIC: [8] Undefined index: stauts C:\wamp\www\evc\index\Lib\Action\UsrAction.class.php 第 787 行.
NOTIC: [8] Undefined index: stauts C:\wamp\www\evc\index\Lib\Action\UsrAction.class.php 第 788 行.
NOTIC: [8] Undefined index: stauts C:\wamp\www\evc\index\Lib\Action\UsrAction.class.php 第 787 行.
NOTIC: [8] Undefined index: stauts C:\wamp\www\evc\index\Lib\Action\UsrAction.class.php 第 788 行.
NOTIC: [8] Undefined index: stauts C:\wamp\www\evc\index\Lib\Action\UsrAction.class.php 第 787 行.
NOTIC: [8] Undefined index: stauts C:\wamp\www\evc\index\Lib\Action\UsrAction.class.php 第 788 行.
NOTIC: [8] Undefined index: stauts C:\wamp\www\evc\index\Lib\Action\UsrAction.class.php 第 787 行.
NOTIC: [8] Undefined index: stauts C:\wamp\www\evc\index\Lib\Action\UsrAction.class.php 第 788 行.
NOTIC: [8] Undefined index: stauts C:\wamp\www\evc\index\Lib\Action\UsrAction.class.php 第 787 行.
NOTIC: [8] Undefined index: stauts C:\wamp\www\evc\index\Lib\Action\UsrAction.class.php 第 788 行.
INFO: [ view_parse ] --START--
INFO: ParseTemplate Behavior ::run [ RunTime:0.054107s ]
INFO: [ view_parse ] --END-- [ RunTime:0.054567s ]
INFO: [ view_filter ] --START--
INFO: ContentReplace Behavior ::run [ RunTime:0.002517s ]
INFO: TokenBuild Behavior ::run [ RunTime:0.001939s ]
INFO: WriteHtmlCache Behavior ::run [ RunTime:0.001711s ]
INFO: ShowRuntime Behavior ::run [ RunTime:0.002515s ]
INFO: [ view_filter ] --END-- [ RunTime:0.010364s ]
INFO: [ view_end ] --START--
INFO: ShowPageTrace Behavior ::run [ RunTime:0.002568s ]
INFO: [ view_end ] --END-- [ RunTime:0.002959s ]

[ 2015-12-05T17:47:47+08:00 ] 0.0.0.0 /evc/index.php/Usr/payment
INFO: [ route_check ] --START--
INFO: CheckRoute Behavior ::run [ RunTime:0.003823s ]
INFO: [ route_check ] --END-- [ RunTime:0.004223s ]
INFO: [ app_begin ] --START--
INFO: ReadHtmlCache Behavior ::run [ RunTime:0.002475s ]
INFO: [ app_begin ] --END-- [ RunTime:0.002839s ]
NOTIC: [8] Undefined index: stauts C:\wamp\www\evc\index\Lib\Action\UsrAction.class.php 第 787 行.
NOTIC: [8] Undefined index: stauts C:\wamp\www\evc\index\Lib\Action\UsrAction.class.php 第 788 行.
NOTIC: [8] Undefined index: stauts C:\wamp\www\evc\index\Lib\Action\UsrAction.class.php 第 787 行.
NOTIC: [8] Undefined index: stauts C:\wamp\www\evc\index\Lib\Action\UsrAction.class.php 第 788 行.
NOTIC: [8] Undefined index: stauts C:\wamp\www\evc\index\Lib\Action\UsrAction.class.php 第 787 行.
NOTIC: [8] Undefined index: stauts C:\wamp\www\evc\index\Lib\Action\UsrAction.class.php 第 788 行.
NOTIC: [8] Undefined index: stauts C:\wamp\www\evc\index\Lib\Action\UsrAction.class.php 第 787 行.
NOTIC: [8] Undefined index: stauts C:\wamp\www\evc\index\Lib\Action\UsrAction.class.php 第 788 行.
NOTIC: [8] Undefined index: stauts C:\wamp\www\evc\index\Lib\Action\UsrAction.class.php 第 787 行.
NOTIC: [8] Undefined index: stauts C:\wamp\www\evc\index\Lib\Action\UsrAction.class.php 第 788 行.
NOTIC: [8] Undefined index: stauts C:\wamp\www\evc\index\Lib\Action\UsrAction.class.php 第 787 行.
NOTIC: [8] Undefined index: stauts C:\wamp\www\evc\index\Lib\Action\UsrAction.class.php 第 788 行.
NOTIC: [8] Undefined index: stauts C:\wamp\www\evc\index\Lib\Action\UsrAction.class.php 第 787 行.
NOTIC: [8] Undefined index: stauts C:\wamp\www\evc\index\Lib\Action\UsrAction.class.php 第 788 行.
NOTIC: [8] Undefined index: stauts C:\wamp\www\evc\index\Lib\Action\UsrAction.class.php 第 787 行.
NOTIC: [8] Undefined index: stauts C:\wamp\www\evc\index\Lib\Action\UsrAction.class.php 第 788 行.
NOTIC: [8] Undefined index: stauts C:\wamp\www\evc\index\Lib\Action\UsrAction.class.php 第 787 行.
NOTIC: [8] Undefined index: stauts C:\wamp\www\evc\index\Lib\Action\UsrAction.class.php 第 788 行.
NOTIC: [8] Undefined index: stauts C:\wamp\www\evc\index\Lib\Action\UsrAction.class.php 第 787 行.
NOTIC: [8] Undefined index: stauts C:\wamp\www\evc\index\Lib\Action\UsrAction.class.php 第 788 行.
INFO: [ view_parse ] --START--
INFO: ParseTemplate Behavior ::run [ RunTime:0.036403s ]
INFO: [ view_parse ] --END-- [ RunTime:0.036921s ]
INFO: [ view_filter ] --START--
INFO: ContentReplace Behavior ::run [ RunTime:0.002224s ]
INFO: TokenBuild Behavior ::run [ RunTime:0.001959s ]
INFO: WriteHtmlCache Behavior ::run [ RunTime:0.001879s ]
INFO: ShowRuntime Behavior ::run [ RunTime:0.002773s ]
INFO: [ view_filter ] --END-- [ RunTime:0.013881s ]
INFO: [ view_end ] --START--
INFO: ShowPageTrace Behavior ::run [ RunTime:0.002671s ]
INFO: [ view_end ] --END-- [ RunTime:0.003076s ]

