[ 2015-12-02T07:24:29+08:00 ] 0.0.0.0 /evc/index.php/
INFO: [ route_check ] --START--
INFO: CheckRoute Behavior ::run [ RunTime:0.001234s ]
INFO: [ route_check ] --END-- [ RunTime:0.001448s ]
INFO: [ app_begin ] --START--
INFO: ReadHtmlCache Behavior ::run [ RunTime:0.000936s ]
INFO: [ app_begin ] --END-- [ RunTime:0.001080s ]

[ 2015-12-02T07:25:45+08:00 ] 0.0.0.0 /evc/index.php/
INFO: [ route_check ] --START--
INFO: CheckRoute Behavior ::run [ RunTime:0.001198s ]
INFO: [ route_check ] --END-- [ RunTime:0.001350s ]
INFO: [ app_begin ] --START--
INFO: ReadHtmlCache Behavior ::run [ RunTime:0.000751s ]
INFO: [ app_begin ] --END-- [ RunTime:0.000888s ]

[ 2015-12-02T07:27:53+08:00 ] 0.0.0.0 /evc/index.php/
INFO: [ route_check ] --START--
INFO: CheckRoute Behavior ::run [ RunTime:0.002275s ]
INFO: [ route_check ] --END-- [ RunTime:0.002588s ]
INFO: [ app_begin ] --START--
INFO: ReadHtmlCache Behavior ::run [ RunTime:0.001192s ]
INFO: [ app_begin ] --END-- [ RunTime:0.001406s ]

[ 2015-12-02T07:28:23+08:00 ] 0.0.0.0 /evc/index.php/
INFO: [ route_check ] --START--
INFO: CheckRoute Behavior ::run [ RunTime:0.001659s ]
INFO: [ route_check ] --END-- [ RunTime:0.001901s ]
INFO: [ app_begin ] --START--
INFO: ReadHtmlCache Behavior ::run [ RunTime:0.000773s ]
INFO: [ app_begin ] --END-- [ RunTime:0.000916s ]

[ 2015-12-02T07:32:04+08:00 ] 0.0.0.0 /evc/index.php/
INFO: [ route_check ] --START--
INFO: CheckRoute Behavior ::run [ RunTime:0.001110s ]
INFO: [ route_check ] --END-- [ RunTime:0.001266s ]
INFO: [ app_begin ] --START--
INFO: ReadHtmlCache Behavior ::run [ RunTime:0.000748s ]
INFO: [ app_begin ] --END-- [ RunTime:0.000872s ]

[ 2015-12-02T07:34:48+08:00 ] 0.0.0.0 /evc/index.php/
INFO: [ route_check ] --START--
INFO: CheckRoute Behavior ::run [ RunTime:0.002247s ]
INFO: [ route_check ] --END-- [ RunTime:0.002587s ]
INFO: [ app_begin ] --START--
INFO: ReadHtmlCache Behavior ::run [ RunTime:0.002298s ]
INFO: [ app_begin ] --END-- [ RunTime:0.002695s ]

[ 2015-12-02T07:34:58+08:00 ] 0.0.0.0 /evc/index.php/
INFO: [ route_check ] --START--
INFO: CheckRoute Behavior ::run [ RunTime:0.001822s ]
INFO: [ route_check ] --END-- [ RunTime:0.002116s ]
INFO: [ app_begin ] --START--
INFO: ReadHtmlCache Behavior ::run [ RunTime:0.002017s ]
INFO: [ app_begin ] --END-- [ RunTime:0.002452s ]

[ 2015-12-02T07:35:00+08:00 ] 0.0.0.0 /evc/index.php/
INFO: [ route_check ] --START--
INFO: CheckRoute Behavior ::run [ RunTime:0.001805s ]
INFO: [ route_check ] --END-- [ RunTime:0.002095s ]
INFO: [ app_begin ] --START--
INFO: ReadHtmlCache Behavior ::run [ RunTime:0.001927s ]
INFO: [ app_begin ] --END-- [ RunTime:0.002258s ]

[ 2015-12-02T07:35:01+08:00 ] 0.0.0.0 /evc/index.php/
INFO: [ route_check ] --START--
INFO: CheckRoute Behavior ::run [ RunTime:0.001875s ]
INFO: [ route_check ] --END-- [ RunTime:0.002189s ]
INFO: [ app_begin ] --START--
INFO: ReadHtmlCache Behavior ::run [ RunTime:0.001400s ]
INFO: [ app_begin ] --END-- [ RunTime:0.001684s ]

[ 2015-12-02T07:36:14+08:00 ] 0.0.0.0 /evc/index.php/
INFO: [ route_check ] --START--
INFO: CheckRoute Behavior ::run [ RunTime:0.001129s ]
INFO: [ route_check ] --END-- [ RunTime:0.001321s ]
INFO: [ app_begin ] --START--
INFO: ReadHtmlCache Behavior ::run [ RunTime:0.001549s ]
INFO: [ app_begin ] --END-- [ RunTime:0.001800s ]

[ 2015-12-02T07:36:24+08:00 ] 0.0.0.0 /evc/index.php/
INFO: [ route_check ] --START--
INFO: CheckRoute Behavior ::run [ RunTime:0.000869s ]
INFO: [ route_check ] --END-- [ RunTime:0.001013s ]
INFO: [ app_begin ] --START--
INFO: ReadHtmlCache Behavior ::run [ RunTime:0.000712s ]
INFO: [ app_begin ] --END-- [ RunTime:0.000834s ]

[ 2015-12-02T07:37:24+08:00 ] 0.0.0.0 /evc/index.php/
INFO: [ route_check ] --START--
INFO: CheckRoute Behavior ::run [ RunTime:0.002796s ]
INFO: [ route_check ] --END-- [ RunTime:0.003172s ]
INFO: [ app_begin ] --START--
INFO: ReadHtmlCache Behavior ::run [ RunTime:0.001969s ]
INFO: [ app_begin ] --END-- [ RunTime:0.002364s ]

[ 2015-12-02T07:37:56+08:00 ] 192.168.1.109 /evc/index.php/
INFO: [ route_check ] --START--
INFO: CheckRoute Behavior ::run [ RunTime:0.002837s ]
INFO: [ route_check ] --END-- [ RunTime:0.003240s ]
INFO: [ app_begin ] --START--
INFO: ReadHtmlCache Behavior ::run [ RunTime:0.001638s ]
INFO: [ app_begin ] --END-- [ RunTime:0.001947s ]

[ 2015-12-02T15:15:51+08:00 ] 0.0.0.0 /evc/index.php/
INFO: [ route_check ] --START--
INFO: CheckRoute Behavior ::run [ RunTime:0.002925s ]
INFO: [ route_check ] --END-- [ RunTime:0.003290s ]
INFO: [ app_begin ] --START--
INFO: ReadHtmlCache Behavior ::run [ RunTime:0.002641s ]
INFO: [ app_begin ] --END-- [ RunTime:0.003007s ]
NOTIC: [8] Undefined index: lth C:\wamp\www\evc\index\Lib\Action\IndexAction.class.php 第 34 行.
INFO: [ view_parse ] --START--
NOTIC: [8] Undefined offset: 0 C:\wamp\www\evc\index\Runtime\Cache\851d53d04e85c43d57b9cb88584499a7.php 第 114 行.
NOTIC: [8] Undefined offset: 0 C:\wamp\www\evc\index\Runtime\Cache\851d53d04e85c43d57b9cb88584499a7.php 第 115 行.
NOTIC: [8] Undefined offset: 0 C:\wamp\www\evc\index\Runtime\Cache\851d53d04e85c43d57b9cb88584499a7.php 第 117 行.
INFO: ParseTemplate Behavior ::run [ RunTime:0.032216s ]
INFO: [ view_parse ] --END-- [ RunTime:0.032495s ]
INFO: [ view_filter ] --START--
INFO: ContentReplace Behavior ::run [ RunTime:0.002029s ]
INFO: TokenBuild Behavior ::run [ RunTime:0.002078s ]
INFO: WriteHtmlCache Behavior ::run [ RunTime:0.001886s ]
INFO: ShowRuntime Behavior ::run [ RunTime:0.002830s ]
INFO: [ view_filter ] --END-- [ RunTime:0.009717s ]
INFO: [ view_end ] --START--
INFO: ShowPageTrace Behavior ::run [ RunTime:0.003436s ]
INFO: [ view_end ] --END-- [ RunTime:0.003881s ]

[ 2015-12-02T15:15:54+08:00 ] 0.0.0.0 /evc/index.php/Cmn/dspdvc?ctlgtd=120.207736&ctlttd=30.211754
INFO: [ route_check ] --START--
INFO: CheckRoute Behavior ::run [ RunTime:0.003182s ]
INFO: [ route_check ] --END-- [ RunTime:0.003653s ]
INFO: [ app_begin ] --START--
INFO: ReadHtmlCache Behavior ::run [ RunTime:0.002162s ]
INFO: [ app_begin ] --END-- [ RunTime:0.002531s ]
NOTIC: [8] Undefined offset: 0 C:\wamp\www\evc\index\Lib\Action\CmnAction.class.php 第 33 行.

[ 2015-12-02T15:17:16+08:00 ] 0.0.0.0 /evc/index.php/
INFO: [ route_check ] --START--
INFO: CheckRoute Behavior ::run [ RunTime:0.001380s ]
INFO: [ route_check ] --END-- [ RunTime:0.001625s ]
INFO: [ app_begin ] --START--
INFO: ReadHtmlCache Behavior ::run [ RunTime:0.001129s ]
INFO: [ app_begin ] --END-- [ RunTime:0.001308s ]
NOTIC: [8] Undefined index: lth C:\wamp\www\evc\index\Lib\Action\IndexAction.class.php 第 34 行.
INFO: [ view_parse ] --START--
NOTIC: [8] Undefined offset: 0 C:\wamp\www\evc\index\Runtime\Cache\851d53d04e85c43d57b9cb88584499a7.php 第 114 行.
NOTIC: [8] Undefined offset: 0 C:\wamp\www\evc\index\Runtime\Cache\851d53d04e85c43d57b9cb88584499a7.php 第 115 行.
NOTIC: [8] Undefined offset: 0 C:\wamp\www\evc\index\Runtime\Cache\851d53d04e85c43d57b9cb88584499a7.php 第 117 行.
INFO: ParseTemplate Behavior ::run [ RunTime:0.016652s ]
INFO: [ view_parse ] --END-- [ RunTime:0.016838s ]
INFO: [ view_filter ] --START--
INFO: ContentReplace Behavior ::run [ RunTime:0.001028s ]
INFO: TokenBuild Behavior ::run [ RunTime:0.000991s ]
INFO: WriteHtmlCache Behavior ::run [ RunTime:0.000455s ]
INFO: ShowRuntime Behavior ::run [ RunTime:0.000685s ]
INFO: [ view_filter ] --END-- [ RunTime:0.003635s ]
INFO: [ view_end ] --START--
INFO: ShowPageTrace Behavior ::run [ RunTime:0.000834s ]
INFO: [ view_end ] --END-- [ RunTime:0.001027s ]

[ 2015-12-02T15:17:19+08:00 ] 0.0.0.0 /evc/index.php/Cmn/dspdvc?ctlgtd=120.207736&ctlttd=30.211754
INFO: [ route_check ] --START--
INFO: CheckRoute Behavior ::run [ RunTime:0.002648s ]
INFO: [ route_check ] --END-- [ RunTime:0.003085s ]
INFO: [ app_begin ] --START--
INFO: ReadHtmlCache Behavior ::run [ RunTime:0.002722s ]
INFO: [ app_begin ] --END-- [ RunTime:0.003088s ]
NOTIC: [8] Undefined offset: 0 C:\wamp\www\evc\index\Lib\Action\CmnAction.class.php 第 33 行.

[ 2015-12-02T16:24:42+08:00 ] 0.0.0.0 /evc/index.php/
INFO: [ route_check ] --START--
INFO: CheckRoute Behavior ::run [ RunTime:0.003073s ]
INFO: [ route_check ] --END-- [ RunTime:0.003771s ]
INFO: [ app_begin ] --START--
INFO: ReadHtmlCache Behavior ::run [ RunTime:0.001742s ]
INFO: [ app_begin ] --END-- [ RunTime:0.002002s ]
NOTIC: [8] Undefined index: lth C:\wamp\www\evc\index\Lib\Action\IndexAction.class.php 第 34 行.
INFO: [ view_parse ] --START--
NOTIC: [8] Undefined offset: 0 C:\wamp\www\evc\index\Runtime\Cache\851d53d04e85c43d57b9cb88584499a7.php 第 114 行.
NOTIC: [8] Undefined offset: 0 C:\wamp\www\evc\index\Runtime\Cache\851d53d04e85c43d57b9cb88584499a7.php 第 115 行.
NOTIC: [8] Undefined offset: 0 C:\wamp\www\evc\index\Runtime\Cache\851d53d04e85c43d57b9cb88584499a7.php 第 117 行.
INFO: ParseTemplate Behavior ::run [ RunTime:0.043552s ]
INFO: [ view_parse ] --END-- [ RunTime:0.044055s ]
INFO: [ view_filter ] --START--
INFO: ContentReplace Behavior ::run [ RunTime:0.002314s ]
INFO: TokenBuild Behavior ::run [ RunTime:0.001957s ]
INFO: WriteHtmlCache Behavior ::run [ RunTime:0.001488s ]
INFO: ShowRuntime Behavior ::run [ RunTime:0.002423s ]
INFO: [ view_filter ] --END-- [ RunTime:0.009462s ]
INFO: [ view_end ] --START--
INFO: ShowPageTrace Behavior ::run [ RunTime:0.002840s ]
INFO: [ view_end ] --END-- [ RunTime:0.003283s ]

[ 2015-12-02T16:24:45+08:00 ] 0.0.0.0 /evc/index.php/Cmn/dspdvc?ctlgtd=120.207736&ctlttd=30.211754
INFO: [ route_check ] --START--
INFO: CheckRoute Behavior ::run [ RunTime:0.002834s ]
INFO: [ route_check ] --END-- [ RunTime:0.003312s ]
INFO: [ app_begin ] --START--
INFO: ReadHtmlCache Behavior ::run [ RunTime:0.002170s ]
INFO: [ app_begin ] --END-- [ RunTime:0.002553s ]
NOTIC: [8] Undefined offset: 0 C:\wamp\www\evc\index\Lib\Action\CmnAction.class.php 第 33 行.

[ 2015-12-02T16:24:58+08:00 ] 0.0.0.0 /evc/index.php/
INFO: [ route_check ] --START--
INFO: CheckRoute Behavior ::run [ RunTime:0.002553s ]
INFO: [ route_check ] --END-- [ RunTime:0.003009s ]
INFO: [ app_begin ] --START--
INFO: ReadHtmlCache Behavior ::run [ RunTime:0.002086s ]
INFO: [ app_begin ] --END-- [ RunTime:0.002510s ]
NOTIC: [8] Undefined index: lth C:\wamp\www\evc\index\Lib\Action\IndexAction.class.php 第 34 行.
INFO: [ view_parse ] --START--
NOTIC: [8] Undefined offset: 0 C:\wamp\www\evc\index\Runtime\Cache\851d53d04e85c43d57b9cb88584499a7.php 第 114 行.
NOTIC: [8] Undefined offset: 0 C:\wamp\www\evc\index\Runtime\Cache\851d53d04e85c43d57b9cb88584499a7.php 第 115 行.
NOTIC: [8] Undefined offset: 0 C:\wamp\www\evc\index\Runtime\Cache\851d53d04e85c43d57b9cb88584499a7.php 第 117 行.
INFO: ParseTemplate Behavior ::run [ RunTime:0.044587s ]
INFO: [ view_parse ] --END-- [ RunTime:0.045055s ]
INFO: [ view_filter ] --START--
INFO: ContentReplace Behavior ::run [ RunTime:0.001961s ]
INFO: TokenBuild Behavior ::run [ RunTime:0.003322s ]
INFO: WriteHtmlCache Behavior ::run [ RunTime:0.001286s ]
INFO: ShowRuntime Behavior ::run [ RunTime:0.002308s ]
INFO: [ view_filter ] --END-- [ RunTime:0.010258s ]
INFO: [ view_end ] --START--
INFO: ShowPageTrace Behavior ::run [ RunTime:0.002305s ]
INFO: [ view_end ] --END-- [ RunTime:0.002725s ]

[ 2015-12-02T16:25:02+08:00 ] 0.0.0.0 /evc/index.php/Cmn/dspdvc?ctlgtd=120.207736&ctlttd=30.211754
INFO: [ route_check ] --START--
INFO: CheckRoute Behavior ::run [ RunTime:0.002545s ]
INFO: [ route_check ] --END-- [ RunTime:0.003050s ]
INFO: [ app_begin ] --START--
INFO: ReadHtmlCache Behavior ::run [ RunTime:0.002310s ]
INFO: [ app_begin ] --END-- [ RunTime:0.002672s ]
NOTIC: [8] Undefined offset: 0 C:\wamp\www\evc\index\Lib\Action\CmnAction.class.php 第 33 行.

[ 2015-12-02T17:33:35+08:00 ] 0.0.0.0 /evc/index.php/
INFO: [ route_check ] --START--
INFO: CheckRoute Behavior ::run [ RunTime:0.001170s ]
INFO: [ route_check ] --END-- [ RunTime:0.001340s ]
INFO: [ app_begin ] --START--
INFO: ReadHtmlCache Behavior ::run [ RunTime:0.000917s ]
INFO: [ app_begin ] --END-- [ RunTime:0.001072s ]
NOTIC: [8] Trying to get property of non-object C:\wamp\www\evc\index\Lib\WX\JssdkAction.class.php 第 78 行.
NOTIC: [8] Trying to get property of non-object C:\wamp\www\evc\index\Lib\WX\JssdkAction.class.php 第 55 行.
NOTIC: [8] Undefined index: lth C:\wamp\www\evc\index\Lib\Action\IndexAction.class.php 第 34 行.
INFO: [ view_parse ] --START--
NOTIC: [8] Undefined offset: 0 C:\wamp\www\evc\index\Runtime\Cache\851d53d04e85c43d57b9cb88584499a7.php 第 114 行.
NOTIC: [8] Undefined offset: 0 C:\wamp\www\evc\index\Runtime\Cache\851d53d04e85c43d57b9cb88584499a7.php 第 115 行.
NOTIC: [8] Undefined offset: 0 C:\wamp\www\evc\index\Runtime\Cache\851d53d04e85c43d57b9cb88584499a7.php 第 117 行.
INFO: ParseTemplate Behavior ::run [ RunTime:0.017876s ]
INFO: [ view_parse ] --END-- [ RunTime:0.018078s ]
INFO: [ view_filter ] --START--
INFO: ContentReplace Behavior ::run [ RunTime:0.000789s ]
INFO: TokenBuild Behavior ::run [ RunTime:0.000911s ]
INFO: WriteHtmlCache Behavior ::run [ RunTime:0.000654s ]
INFO: ShowRuntime Behavior ::run [ RunTime:0.000730s ]
INFO: [ view_filter ] --END-- [ RunTime:0.003538s ]
INFO: [ view_end ] --START--
INFO: ShowPageTrace Behavior ::run [ RunTime:0.000760s ]
INFO: [ view_end ] --END-- [ RunTime:0.000878s ]

[ 2015-12-02T17:34:44+08:00 ] 0.0.0.0 /evc/index.php/
INFO: [ route_check ] --START--
INFO: CheckRoute Behavior ::run [ RunTime:0.003310s ]
INFO: [ route_check ] --END-- [ RunTime:0.005237s ]
INFO: [ app_begin ] --START--
INFO: ReadHtmlCache Behavior ::run [ RunTime:0.001576s ]
INFO: [ app_begin ] --END-- [ RunTime:0.001870s ]
NOTIC: [8] Trying to get property of non-object C:\wamp\www\evc\index\Lib\WX\JssdkAction.class.php 第 55 行.
NOTIC: [8] Undefined index: lth C:\wamp\www\evc\index\Lib\Action\IndexAction.class.php 第 34 行.
INFO: [ view_parse ] --START--
NOTIC: [8] Undefined offset: 0 C:\wamp\www\evc\index\Runtime\Cache\851d53d04e85c43d57b9cb88584499a7.php 第 114 行.
NOTIC: [8] Undefined offset: 0 C:\wamp\www\evc\index\Runtime\Cache\851d53d04e85c43d57b9cb88584499a7.php 第 115 行.
NOTIC: [8] Undefined offset: 0 C:\wamp\www\evc\index\Runtime\Cache\851d53d04e85c43d57b9cb88584499a7.php 第 117 行.
INFO: ParseTemplate Behavior ::run [ RunTime:0.017222s ]
INFO: [ view_parse ] --END-- [ RunTime:0.017415s ]
INFO: [ view_filter ] --START--
INFO: ContentReplace Behavior ::run [ RunTime:0.000699s ]
INFO: TokenBuild Behavior ::run [ RunTime:0.000542s ]
INFO: WriteHtmlCache Behavior ::run [ RunTime:0.000495s ]
INFO: ShowRuntime Behavior ::run [ RunTime:0.001122s ]
INFO: [ view_filter ] --END-- [ RunTime:0.003295s ]
INFO: [ view_end ] --START--
INFO: ShowPageTrace Behavior ::run [ RunTime:0.000779s ]
INFO: [ view_end ] --END-- [ RunTime:0.000916s ]

[ 2015-12-02T17:34:44+08:00 ] 0.0.0.0 /evc/index.php/Test/setpara
INFO: [ route_check ] --START--
INFO: CheckRoute Behavior ::run [ RunTime:0.001164s ]
INFO: [ route_check ] --END-- [ RunTime:0.001316s ]
INFO: [ app_begin ] --START--
INFO: ReadHtmlCache Behavior ::run [ RunTime:0.000775s ]
INFO: [ app_begin ] --END-- [ RunTime:0.000921s ]
INFO: [ view_parse ] --START--
NOTIC: [8] Use of undefined constant wechat_id - assumed 'wechat_id' C:\wamp\www\evc\index\Runtime\Cache\21828a3ee65154511eb02d1e4cf889c2.php 第 56 行.
NOTIC: [8] Use of undefined constant wechat_id - assumed 'wechat_id' C:\wamp\www\evc\index\Runtime\Cache\21828a3ee65154511eb02d1e4cf889c2.php 第 56 行.
NOTIC: [8] Use of undefined constant wechat_id - assumed 'wechat_id' C:\wamp\www\evc\index\Runtime\Cache\21828a3ee65154511eb02d1e4cf889c2.php 第 56 行.
NOTIC: [8] Use of undefined constant wechat_id - assumed 'wechat_id' C:\wamp\www\evc\index\Runtime\Cache\21828a3ee65154511eb02d1e4cf889c2.php 第 56 行.
NOTIC: [8] Use of undefined constant wechat_id - assumed 'wechat_id' C:\wamp\www\evc\index\Runtime\Cache\21828a3ee65154511eb02d1e4cf889c2.php 第 56 行.
NOTIC: [8] Use of undefined constant wechat_id - assumed 'wechat_id' C:\wamp\www\evc\index\Runtime\Cache\21828a3ee65154511eb02d1e4cf889c2.php 第 56 行.
NOTIC: [8] Use of undefined constant wechat_id - assumed 'wechat_id' C:\wamp\www\evc\index\Runtime\Cache\21828a3ee65154511eb02d1e4cf889c2.php 第 56 行.
NOTIC: [8] Use of undefined constant wechat_id - assumed 'wechat_id' C:\wamp\www\evc\index\Runtime\Cache\21828a3ee65154511eb02d1e4cf889c2.php 第 56 行.
NOTIC: [8] Use of undefined constant wechat_id - assumed 'wechat_id' C:\wamp\www\evc\index\Runtime\Cache\21828a3ee65154511eb02d1e4cf889c2.php 第 56 行.
NOTIC: [8] Use of undefined constant wechat_id - assumed 'wechat_id' C:\wamp\www\evc\index\Runtime\Cache\21828a3ee65154511eb02d1e4cf889c2.php 第 56 行.
NOTIC: [8] Use of undefined constant wechat_id - assumed 'wechat_id' C:\wamp\www\evc\index\Runtime\Cache\21828a3ee65154511eb02d1e4cf889c2.php 第 56 行.
NOTIC: [8] Use of undefined constant wechat_id - assumed 'wechat_id' C:\wamp\www\evc\index\Runtime\Cache\21828a3ee65154511eb02d1e4cf889c2.php 第 56 行.
INFO: ParseTemplate Behavior ::run [ RunTime:0.019058s ]
INFO: [ view_parse ] --END-- [ RunTime:0.019295s ]
INFO: [ view_filter ] --START--
INFO: ContentReplace Behavior ::run [ RunTime:0.001150s ]
INFO: TokenBuild Behavior ::run [ RunTime:0.001085s ]
INFO: WriteHtmlCache Behavior ::run [ RunTime:0.000809s ]
INFO: ShowRuntime Behavior ::run [ RunTime:0.001270s ]
INFO: [ view_filter ] --END-- [ RunTime:0.004923s ]
INFO: [ view_end ] --START--
INFO: ShowPageTrace Behavior ::run [ RunTime:0.001364s ]
INFO: [ view_end ] --END-- [ RunTime:0.001581s ]

[ 2015-12-02T17:34:44+08:00 ] 0.0.0.0 /evc/index.php/Test/baidu.com
INFO: [ route_check ] --START--
INFO: CheckRoute Behavior ::run [ RunTime:0.001769s ]
INFO: [ route_check ] --END-- [ RunTime:0.002013s ]
INFO: [ app_begin ] --START--
INFO: ReadHtmlCache Behavior ::run [ RunTime:0.001550s ]
INFO: [ app_begin ] --END-- [ RunTime:0.001932s ]
ERR: 非法操作:baidu.com

[ 2015-12-02T17:34:45+08:00 ] 0.0.0.0 /evc/index.php/Test/baidu.com
INFO: [ route_check ] --START--
INFO: CheckRoute Behavior ::run [ RunTime:0.003052s ]
INFO: [ route_check ] --END-- [ RunTime:0.003613s ]
INFO: [ app_begin ] --START--
INFO: ReadHtmlCache Behavior ::run [ RunTime:0.002249s ]
INFO: [ app_begin ] --END-- [ RunTime:0.002628s ]
ERR: 非法操作:baidu.com

[ 2015-12-02T17:34:49+08:00 ] 0.0.0.0 /evc/index.php/Cmn/dspdvc?ctlgtd=120.207736&ctlttd=30.211754
INFO: [ route_check ] --START--
INFO: CheckRoute Behavior ::run [ RunTime:0.002995s ]
INFO: [ route_check ] --END-- [ RunTime:0.003494s ]
INFO: [ app_begin ] --START--
INFO: ReadHtmlCache Behavior ::run [ RunTime:0.002211s ]
INFO: [ app_begin ] --END-- [ RunTime:0.002603s ]
NOTIC: [8] Undefined offset: 0 C:\wamp\www\evc\index\Lib\Action\CmnAction.class.php 第 33 行.

[ 2015-12-02T18:56:27+08:00 ] 0.0.0.0 /evc/index.php/
INFO: [ route_check ] --START--
INFO: CheckRoute Behavior ::run [ RunTime:0.001681s ]
INFO: [ route_check ] --END-- [ RunTime:0.001841s ]
INFO: [ app_begin ] --START--
INFO: ReadHtmlCache Behavior ::run [ RunTime:0.000916s ]
INFO: [ app_begin ] --END-- [ RunTime:0.001060s ]
NOTIC: [8] Undefined property: stdClass::$ticket C:\wamp\www\evc\index\Lib\WX\JssdkAction.class.php 第 55 行.
NOTIC: [8] Undefined index: lth C:\wamp\www\evc\index\Lib\Action\IndexAction.class.php 第 34 行.
INFO: [ view_parse ] --START--
NOTIC: [8] Undefined offset: 0 C:\wamp\www\evc\index\Runtime\Cache\851d53d04e85c43d57b9cb88584499a7.php 第 114 行.
NOTIC: [8] Undefined offset: 0 C:\wamp\www\evc\index\Runtime\Cache\851d53d04e85c43d57b9cb88584499a7.php 第 115 行.
NOTIC: [8] Undefined offset: 0 C:\wamp\www\evc\index\Runtime\Cache\851d53d04e85c43d57b9cb88584499a7.php 第 117 行.
INFO: ParseTemplate Behavior ::run [ RunTime:0.023516s ]
INFO: [ view_parse ] --END-- [ RunTime:0.023779s ]
INFO: [ view_filter ] --START--
INFO: ContentReplace Behavior ::run [ RunTime:0.001850s ]
INFO: TokenBuild Behavior ::run [ RunTime:0.001077s ]
INFO: WriteHtmlCache Behavior ::run [ RunTime:0.000756s ]
INFO: ShowRuntime Behavior ::run [ RunTime:0.001314s ]
INFO: [ view_filter ] --END-- [ RunTime:0.005627s ]
INFO: [ view_end ] --START--
INFO: ShowPageTrace Behavior ::run [ RunTime:0.001359s ]
INFO: [ view_end ] --END-- [ RunTime:0.001591s ]

[ 2015-12-02T18:56:30+08:00 ] 0.0.0.0 /evc/index.php/Cmn/dspdvc?ctlgtd=120.207736&ctlttd=30.211754
INFO: [ route_check ] --START--
INFO: CheckRoute Behavior ::run [ RunTime:0.003034s ]
INFO: [ route_check ] --END-- [ RunTime:0.003498s ]
INFO: [ app_begin ] --START--
INFO: ReadHtmlCache Behavior ::run [ RunTime:0.002097s ]
INFO: [ app_begin ] --END-- [ RunTime:0.002464s ]
NOTIC: [8] Undefined offset: 0 C:\wamp\www\evc\index\Lib\Action\CmnAction.class.php 第 33 行.

[ 2015-12-02T19:14:13+08:00 ] 0.0.0.0 /evc/index.php/
INFO: [ route_check ] --START--
INFO: CheckRoute Behavior ::run [ RunTime:0.005478s ]
INFO: [ route_check ] --END-- [ RunTime:0.006130s ]
INFO: [ app_begin ] --START--
INFO: ReadHtmlCache Behavior ::run [ RunTime:0.004274s ]
INFO: [ app_begin ] --END-- [ RunTime:0.004762s ]
NOTIC: [8] Undefined property: stdClass::$ticket C:\wamp\www\evc\index\Lib\WX\JssdkAction.class.php 第 55 行.
NOTIC: [8] Undefined index: lth C:\wamp\www\evc\index\Lib\Action\IndexAction.class.php 第 34 行.
INFO: [ view_parse ] --START--
NOTIC: [8] Undefined offset: 0 C:\wamp\www\evc\index\Runtime\Cache\851d53d04e85c43d57b9cb88584499a7.php 第 114 行.
NOTIC: [8] Undefined offset: 0 C:\wamp\www\evc\index\Runtime\Cache\851d53d04e85c43d57b9cb88584499a7.php 第 115 行.
NOTIC: [8] Undefined offset: 0 C:\wamp\www\evc\index\Runtime\Cache\851d53d04e85c43d57b9cb88584499a7.php 第 117 行.
INFO: ParseTemplate Behavior ::run [ RunTime:0.050205s ]
INFO: [ view_parse ] --END-- [ RunTime:0.050796s ]
INFO: [ view_filter ] --START--
INFO: ContentReplace Behavior ::run [ RunTime:0.002831s ]
INFO: TokenBuild Behavior ::run [ RunTime:0.003007s ]
INFO: WriteHtmlCache Behavior ::run [ RunTime:0.003396s ]
INFO: ShowRuntime Behavior ::run [ RunTime:0.004932s ]
INFO: [ view_filter ] --END-- [ RunTime:0.015374s ]
INFO: [ view_end ] --START--
INFO: ShowPageTrace Behavior ::run [ RunTime:0.004565s ]
INFO: [ view_end ] --END-- [ RunTime:0.005009s ]

[ 2015-12-02T19:14:17+08:00 ] 0.0.0.0 /evc/index.php/Cmn/dspdvc?ctlgtd=120.207736&ctlttd=30.211754
INFO: [ route_check ] --START--
INFO: CheckRoute Behavior ::run [ RunTime:0.004275s ]
INFO: [ route_check ] --END-- [ RunTime:0.004763s ]
INFO: [ app_begin ] --START--
INFO: ReadHtmlCache Behavior ::run [ RunTime:0.002444s ]
INFO: [ app_begin ] --END-- [ RunTime:0.003060s ]
NOTIC: [8] Undefined offset: 0 C:\wamp\www\evc\index\Lib\Action\CmnAction.class.php 第 33 行.

[ 2015-12-02T19:15:15+08:00 ] 0.0.0.0 /evc/index.php/
INFO: [ route_check ] --START--
INFO: CheckRoute Behavior ::run [ RunTime:0.002622s ]
INFO: [ route_check ] --END-- [ RunTime:0.003089s ]
INFO: [ app_begin ] --START--
INFO: ReadHtmlCache Behavior ::run [ RunTime:0.002228s ]
INFO: [ app_begin ] --END-- [ RunTime:0.002764s ]
NOTIC: [8] Undefined property: stdClass::$ticket C:\wamp\www\evc\index\Lib\WX\JssdkAction.class.php 第 55 行.
NOTIC: [8] Undefined index: lth C:\wamp\www\evc\index\Lib\Action\IndexAction.class.php 第 34 行.
INFO: [ view_parse ] --START--
NOTIC: [8] Undefined offset: 0 C:\wamp\www\evc\index\Runtime\Cache\851d53d04e85c43d57b9cb88584499a7.php 第 114 行.
NOTIC: [8] Undefined offset: 0 C:\wamp\www\evc\index\Runtime\Cache\851d53d04e85c43d57b9cb88584499a7.php 第 115 行.
NOTIC: [8] Undefined offset: 0 C:\wamp\www\evc\index\Runtime\Cache\851d53d04e85c43d57b9cb88584499a7.php 第 117 行.
INFO: ParseTemplate Behavior ::run [ RunTime:0.042049s ]
INFO: [ view_parse ] --END-- [ RunTime:0.043054s ]
INFO: [ view_filter ] --START--
INFO: ContentReplace Behavior ::run [ RunTime:0.002818s ]
INFO: TokenBuild Behavior ::run [ RunTime:0.001919s ]
INFO: WriteHtmlCache Behavior ::run [ RunTime:0.001383s ]
INFO: ShowRuntime Behavior ::run [ RunTime:0.002132s ]
INFO: [ view_filter ] --END-- [ RunTime:0.009608s ]
INFO: [ view_end ] --START--
INFO: ShowPageTrace Behavior ::run [ RunTime:0.002147s ]
INFO: [ view_end ] --END-- [ RunTime:0.002492s ]

[ 2015-12-02T19:15:19+08:00 ] 0.0.0.0 /evc/index.php/Cmn/dspdvc?ctlgtd=120.207736&ctlttd=30.211754
INFO: [ route_check ] --START--
INFO: CheckRoute Behavior ::run [ RunTime:0.003389s ]
INFO: [ route_check ] --END-- [ RunTime:0.003896s ]
INFO: [ app_begin ] --START--
INFO: ReadHtmlCache Behavior ::run [ RunTime:0.002316s ]
INFO: [ app_begin ] --END-- [ RunTime:0.002786s ]
NOTIC: [8] Undefined offset: 0 C:\wamp\www\evc\index\Lib\Action\CmnAction.class.php 第 33 行.

[ 2015-12-02T19:32:22+08:00 ] 0.0.0.0 /evc/index.php/
INFO: [ route_check ] --START--
INFO: CheckRoute Behavior ::run [ RunTime:0.004626s ]
INFO: [ route_check ] --END-- [ RunTime:0.005115s ]
INFO: [ app_begin ] --START--
INFO: ReadHtmlCache Behavior ::run [ RunTime:0.003821s ]
INFO: [ app_begin ] --END-- [ RunTime:0.004297s ]
NOTIC: [8] Undefined index: lth C:\wamp\www\evc\index\Lib\Action\IndexAction.class.php 第 34 行.
INFO: [ view_parse ] --START--
NOTIC: [8] Undefined offset: 0 C:\wamp\www\evc\index\Runtime\Cache\851d53d04e85c43d57b9cb88584499a7.php 第 114 行.
NOTIC: [8] Undefined offset: 0 C:\wamp\www\evc\index\Runtime\Cache\851d53d04e85c43d57b9cb88584499a7.php 第 115 行.
NOTIC: [8] Undefined offset: 0 C:\wamp\www\evc\index\Runtime\Cache\851d53d04e85c43d57b9cb88584499a7.php 第 117 行.
INFO: ParseTemplate Behavior ::run [ RunTime:0.036606s ]
INFO: [ view_parse ] --END-- [ RunTime:0.036893s ]
INFO: [ view_filter ] --START--
INFO: ContentReplace Behavior ::run [ RunTime:0.002010s ]
INFO: TokenBuild Behavior ::run [ RunTime:0.003906s ]
INFO: WriteHtmlCache Behavior ::run [ RunTime:0.001627s ]
INFO: ShowRuntime Behavior ::run [ RunTime:0.002159s ]
INFO: [ view_filter ] --END-- [ RunTime:0.010444s ]
INFO: [ view_end ] --START--
INFO: ShowPageTrace Behavior ::run [ RunTime:0.002532s ]
INFO: [ view_end ] --END-- [ RunTime:0.002805s ]

[ 2015-12-02T19:32:32+08:00 ] 0.0.0.0 /evc/index.php/Cmn/dspdvc?ctlgtd=120.207736&ctlttd=30.211754
INFO: [ route_check ] --START--
INFO: CheckRoute Behavior ::run [ RunTime:0.006641s ]
INFO: [ route_check ] --END-- [ RunTime:0.007201s ]
INFO: [ app_begin ] --START--
INFO: ReadHtmlCache Behavior ::run [ RunTime:0.003513s ]
INFO: [ app_begin ] --END-- [ RunTime:0.003945s ]
NOTIC: [8] Undefined offset: 0 C:\wamp\www\evc\index\Lib\Action\CmnAction.class.php 第 33 行.

[ 2015-12-02T19:46:08+08:00 ] 0.0.0.0 /evc/index.php/
INFO: [ route_check ] --START--
INFO: CheckRoute Behavior ::run [ RunTime:0.002971s ]
INFO: [ route_check ] --END-- [ RunTime:0.003415s ]
INFO: [ app_begin ] --START--
INFO: ReadHtmlCache Behavior ::run [ RunTime:0.003999s ]
INFO: [ app_begin ] --END-- [ RunTime:0.004654s ]
NOTIC: [8] Undefined index: lth C:\wamp\www\evc\index\Lib\Action\IndexAction.class.php 第 34 行.
INFO: [ view_parse ] --START--
NOTIC: [8] Undefined offset: 0 C:\wamp\www\evc\index\Runtime\Cache\851d53d04e85c43d57b9cb88584499a7.php 第 114 行.
NOTIC: [8] Undefined offset: 0 C:\wamp\www\evc\index\Runtime\Cache\851d53d04e85c43d57b9cb88584499a7.php 第 115 行.
NOTIC: [8] Undefined offset: 0 C:\wamp\www\evc\index\Runtime\Cache\851d53d04e85c43d57b9cb88584499a7.php 第 117 行.
INFO: ParseTemplate Behavior ::run [ RunTime:0.037739s ]
INFO: [ view_parse ] --END-- [ RunTime:0.038238s ]
INFO: [ view_filter ] --START--
INFO: ContentReplace Behavior ::run [ RunTime:0.002297s ]
INFO: TokenBuild Behavior ::run [ RunTime:0.001911s ]
INFO: WriteHtmlCache Behavior ::run [ RunTime:0.001501s ]
INFO: ShowRuntime Behavior ::run [ RunTime:0.002224s ]
INFO: [ view_filter ] --END-- [ RunTime:0.009189s ]
INFO: [ view_end ] --START--
INFO: ShowPageTrace Behavior ::run [ RunTime:0.002580s ]
INFO: [ view_end ] --END-- [ RunTime:0.003006s ]

[ 2015-12-02T19:46:11+08:00 ] 0.0.0.0 /evc/index.php/Cmn/dspdvc?ctlgtd=120.207736&ctlttd=30.211754
INFO: [ route_check ] --START--
INFO: CheckRoute Behavior ::run [ RunTime:0.003207s ]
INFO: [ route_check ] --END-- [ RunTime:0.003769s ]
INFO: [ app_begin ] --START--
INFO: ReadHtmlCache Behavior ::run [ RunTime:0.002119s ]
INFO: [ app_begin ] --END-- [ RunTime:0.002498s ]
NOTIC: [8] Undefined offset: 0 C:\wamp\www\evc\index\Lib\Action\CmnAction.class.php 第 33 行.

[ 2015-12-02T19:46:28+08:00 ] 0.0.0.0 /evc/index.php/
INFO: [ route_check ] --START--
INFO: CheckRoute Behavior ::run [ RunTime:0.002850s ]
INFO: [ route_check ] --END-- [ RunTime:0.003259s ]
INFO: [ app_begin ] --START--
INFO: ReadHtmlCache Behavior ::run [ RunTime:0.001435s ]
INFO: [ app_begin ] --END-- [ RunTime:0.001738s ]
NOTIC: [8] Undefined index: lth C:\wamp\www\evc\index\Lib\Action\IndexAction.class.php 第 34 行.
INFO: [ view_parse ] --START--
NOTIC: [8] Undefined offset: 0 C:\wamp\www\evc\index\Runtime\Cache\851d53d04e85c43d57b9cb88584499a7.php 第 114 行.
NOTIC: [8] Undefined offset: 0 C:\wamp\www\evc\index\Runtime\Cache\851d53d04e85c43d57b9cb88584499a7.php 第 115 行.
NOTIC: [8] Undefined offset: 0 C:\wamp\www\evc\index\Runtime\Cache\851d53d04e85c43d57b9cb88584499a7.php 第 117 行.
INFO: ParseTemplate Behavior ::run [ RunTime:0.033577s ]
INFO: [ view_parse ] --END-- [ RunTime:0.033954s ]
INFO: [ view_filter ] --START--
INFO: ContentReplace Behavior ::run [ RunTime:0.002310s ]
INFO: TokenBuild Behavior ::run [ RunTime:0.001759s ]
INFO: WriteHtmlCache Behavior ::run [ RunTime:0.001228s ]
INFO: ShowRuntime Behavior ::run [ RunTime:0.002509s ]
INFO: [ view_filter ] --END-- [ RunTime:0.009056s ]
INFO: [ view_end ] --START--
INFO: ShowPageTrace Behavior ::run [ RunTime:0.002243s ]
INFO: [ view_end ] --END-- [ RunTime:0.002590s ]

[ 2015-12-02T19:46:32+08:00 ] 0.0.0.0 /evc/index.php/Cmn/dspdvc?ctlgtd=120.207736&ctlttd=30.211754
INFO: [ route_check ] --START--
INFO: CheckRoute Behavior ::run [ RunTime:0.002729s ]
INFO: [ route_check ] --END-- [ RunTime:0.003216s ]
INFO: [ app_begin ] --START--
INFO: ReadHtmlCache Behavior ::run [ RunTime:0.002057s ]
INFO: [ app_begin ] --END-- [ RunTime:0.002425s ]
NOTIC: [8] Undefined offset: 0 C:\wamp\www\evc\index\Lib\Action\CmnAction.class.php 第 33 行.

[ 2015-12-02T19:46:43+08:00 ] 0.0.0.0 /evc/index.php/
INFO: [ route_check ] --START--
INFO: CheckRoute Behavior ::run [ RunTime:0.002419s ]
INFO: [ route_check ] --END-- [ RunTime:0.002869s ]
INFO: [ app_begin ] --START--
INFO: ReadHtmlCache Behavior ::run [ RunTime:0.002181s ]
INFO: [ app_begin ] --END-- [ RunTime:0.002647s ]
NOTIC: [8] Undefined index: lth C:\wamp\www\evc\index\Lib\Action\IndexAction.class.php 第 34 行.
INFO: [ view_parse ] --START--
NOTIC: [8] Undefined offset: 0 C:\wamp\www\evc\index\Runtime\Cache\851d53d04e85c43d57b9cb88584499a7.php 第 114 行.
NOTIC: [8] Undefined offset: 0 C:\wamp\www\evc\index\Runtime\Cache\851d53d04e85c43d57b9cb88584499a7.php 第 115 行.
NOTIC: [8] Undefined offset: 0 C:\wamp\www\evc\index\Runtime\Cache\851d53d04e85c43d57b9cb88584499a7.php 第 117 行.
INFO: ParseTemplate Behavior ::run [ RunTime:0.042108s ]
INFO: [ view_parse ] --END-- [ RunTime:0.042499s ]
INFO: [ view_filter ] --START--
INFO: ContentReplace Behavior ::run [ RunTime:0.002088s ]
INFO: TokenBuild Behavior ::run [ RunTime:0.002096s ]
INFO: WriteHtmlCache Behavior ::run [ RunTime:0.001307s ]
INFO: ShowRuntime Behavior ::run [ RunTime:0.002467s ]
INFO: [ view_filter ] --END-- [ RunTime:0.009317s ]
INFO: [ view_end ] --START--
INFO: ShowPageTrace Behavior ::run [ RunTime:0.002722s ]
INFO: [ view_end ] --END-- [ RunTime:0.003148s ]

[ 2015-12-02T19:46:47+08:00 ] 0.0.0.0 /evc/index.php/Cmn/dspdvc?ctlgtd=120.207736&ctlttd=30.211754
INFO: [ route_check ] --START--
INFO: CheckRoute Behavior ::run [ RunTime:0.002913s ]
INFO: [ route_check ] --END-- [ RunTime:0.003436s ]
INFO: [ app_begin ] --START--
INFO: ReadHtmlCache Behavior ::run [ RunTime:0.002984s ]
INFO: [ app_begin ] --END-- [ RunTime:0.003562s ]
NOTIC: [8] Undefined offset: 0 C:\wamp\www\evc\index\Lib\Action\CmnAction.class.php 第 33 行.

[ 2015-12-02T19:46:57+08:00 ] 0.0.0.0 /evc/index.php/
INFO: [ route_check ] --START--
INFO: CheckRoute Behavior ::run [ RunTime:0.002692s ]
INFO: [ route_check ] --END-- [ RunTime:0.003176s ]
INFO: [ app_begin ] --START--
INFO: ReadHtmlCache Behavior ::run [ RunTime:0.007824s ]
INFO: [ app_begin ] --END-- [ RunTime:0.008283s ]
NOTIC: [8] Undefined index: lth C:\wamp\www\evc\index\Lib\Action\IndexAction.class.php 第 34 行.
INFO: [ view_parse ] --START--
NOTIC: [8] Undefined offset: 0 C:\wamp\www\evc\index\Runtime\Cache\851d53d04e85c43d57b9cb88584499a7.php 第 114 行.
NOTIC: [8] Undefined offset: 0 C:\wamp\www\evc\index\Runtime\Cache\851d53d04e85c43d57b9cb88584499a7.php 第 115 行.
NOTIC: [8] Undefined offset: 0 C:\wamp\www\evc\index\Runtime\Cache\851d53d04e85c43d57b9cb88584499a7.php 第 117 行.
INFO: ParseTemplate Behavior ::run [ RunTime:0.041348s ]
INFO: [ view_parse ] --END-- [ RunTime:0.041760s ]
INFO: [ view_filter ] --START--
INFO: ContentReplace Behavior ::run [ RunTime:0.002072s ]
INFO: TokenBuild Behavior ::run [ RunTime:0.001826s ]
INFO: WriteHtmlCache Behavior ::run [ RunTime:0.001375s ]
INFO: ShowRuntime Behavior ::run [ RunTime:0.002149s ]
INFO: [ view_filter ] --END-- [ RunTime:0.008705s ]
INFO: [ view_end ] --START--
INFO: ShowPageTrace Behavior ::run [ RunTime:0.002348s ]
INFO: [ view_end ] --END-- [ RunTime:0.002833s ]

[ 2015-12-02T19:47:01+08:00 ] 0.0.0.0 /evc/index.php/Cmn/dspdvc?ctlgtd=120.207736&ctlttd=30.211754
INFO: [ route_check ] --START--
INFO: CheckRoute Behavior ::run [ RunTime:0.002569s ]
INFO: [ route_check ] --END-- [ RunTime:0.003025s ]
INFO: [ app_begin ] --START--
INFO: ReadHtmlCache Behavior ::run [ RunTime:0.002203s ]
INFO: [ app_begin ] --END-- [ RunTime:0.002602s ]
NOTIC: [8] Undefined offset: 0 C:\wamp\www\evc\index\Lib\Action\CmnAction.class.php 第 33 行.

[ 2015-12-02T19:47:19+08:00 ] 0.0.0.0 /evc/index.php/
INFO: [ route_check ] --START--
INFO: CheckRoute Behavior ::run [ RunTime:0.001831s ]
INFO: [ route_check ] --END-- [ RunTime:0.002209s ]
INFO: [ app_begin ] --START--
INFO: ReadHtmlCache Behavior ::run [ RunTime:0.001805s ]
INFO: [ app_begin ] --END-- [ RunTime:0.002123s ]
NOTIC: [8] Undefined index: lth C:\wamp\www\evc\index\Lib\Action\IndexAction.class.php 第 34 行.
INFO: [ view_parse ] --START--
NOTIC: [8] Undefined offset: 0 C:\wamp\www\evc\index\Runtime\Cache\851d53d04e85c43d57b9cb88584499a7.php 第 114 行.
NOTIC: [8] Undefined offset: 0 C:\wamp\www\evc\index\Runtime\Cache\851d53d04e85c43d57b9cb88584499a7.php 第 115 行.
NOTIC: [8] Undefined offset: 0 C:\wamp\www\evc\index\Runtime\Cache\851d53d04e85c43d57b9cb88584499a7.php 第 117 行.
INFO: ParseTemplate Behavior ::run [ RunTime:0.033363s ]
INFO: [ view_parse ] --END-- [ RunTime:0.033716s ]
INFO: [ view_filter ] --START--
INFO: ContentReplace Behavior ::run [ RunTime:0.002135s ]
INFO: TokenBuild Behavior ::run [ RunTime:0.001953s ]
INFO: WriteHtmlCache Behavior ::run [ RunTime:0.003222s ]
INFO: ShowRuntime Behavior ::run [ RunTime:0.002107s ]
INFO: [ view_filter ] --END-- [ RunTime:0.011081s ]
INFO: [ view_end ] --START--
INFO: ShowPageTrace Behavior ::run [ RunTime:0.001755s ]
INFO: [ view_end ] --END-- [ RunTime:0.002020s ]

[ 2015-12-02T19:47:29+08:00 ] 0.0.0.0 /evc/index.php/Cmn/dspdvc?ctlgtd=120.207736&ctlttd=30.211754
INFO: [ route_check ] --START--
INFO: CheckRoute Behavior ::run [ RunTime:0.002656s ]
INFO: [ route_check ] --END-- [ RunTime:0.003182s ]
INFO: [ app_begin ] --START--
INFO: ReadHtmlCache Behavior ::run [ RunTime:0.002672s ]
INFO: [ app_begin ] --END-- [ RunTime:0.003074s ]
NOTIC: [8] Undefined offset: 0 C:\wamp\www\evc\index\Lib\Action\CmnAction.class.php 第 33 行.

[ 2015-12-02T19:47:50+08:00 ] 0.0.0.0 /evc/index.php/
INFO: [ route_check ] --START--
INFO: CheckRoute Behavior ::run [ RunTime:0.002273s ]
INFO: [ route_check ] --END-- [ RunTime:0.002715s ]
INFO: [ app_begin ] --START--
INFO: ReadHtmlCache Behavior ::run [ RunTime:0.001737s ]
INFO: [ app_begin ] --END-- [ RunTime:0.002010s ]
NOTIC: [8] Undefined index: lth C:\wamp\www\evc\index\Lib\Action\IndexAction.class.php 第 34 行.
INFO: [ view_parse ] --START--
NOTIC: [8] Undefined offset: 0 C:\wamp\www\evc\index\Runtime\Cache\851d53d04e85c43d57b9cb88584499a7.php 第 114 行.
NOTIC: [8] Undefined offset: 0 C:\wamp\www\evc\index\Runtime\Cache\851d53d04e85c43d57b9cb88584499a7.php 第 115 行.
NOTIC: [8] Undefined offset: 0 C:\wamp\www\evc\index\Runtime\Cache\851d53d04e85c43d57b9cb88584499a7.php 第 117 行.
INFO: ParseTemplate Behavior ::run [ RunTime:0.040705s ]
INFO: [ view_parse ] --END-- [ RunTime:0.041014s ]
INFO: [ view_filter ] --START--
INFO: ContentReplace Behavior ::run [ RunTime:0.001368s ]
INFO: TokenBuild Behavior ::run [ RunTime:0.001834s ]
INFO: WriteHtmlCache Behavior ::run [ RunTime:0.002042s ]
INFO: ShowRuntime Behavior ::run [ RunTime:0.002075s ]
INFO: [ view_filter ] --END-- [ RunTime:0.008464s ]
INFO: [ view_end ] --START--
INFO: ShowPageTrace Behavior ::run [ RunTime:0.002470s ]
INFO: [ view_end ] --END-- [ RunTime:0.002910s ]

[ 2015-12-02T19:47:53+08:00 ] 0.0.0.0 /evc/index.php/Cmn/dspdvc?ctlgtd=120.207736&ctlttd=30.211754
INFO: [ route_check ] --START--
INFO: CheckRoute Behavior ::run [ RunTime:0.002753s ]
INFO: [ route_check ] --END-- [ RunTime:0.003443s ]
INFO: [ app_begin ] --START--
INFO: ReadHtmlCache Behavior ::run [ RunTime:0.002153s ]
INFO: [ app_begin ] --END-- [ RunTime:0.002527s ]
NOTIC: [8] Undefined offset: 0 C:\wamp\www\evc\index\Lib\Action\CmnAction.class.php 第 33 行.

[ 2015-12-02T19:58:38+08:00 ] 0.0.0.0 /evc/index.php/
INFO: [ route_check ] --START--
INFO: CheckRoute Behavior ::run [ RunTime:0.003572s ]
INFO: [ route_check ] --END-- [ RunTime:0.004088s ]
INFO: [ app_begin ] --START--
INFO: ReadHtmlCache Behavior ::run [ RunTime:0.002021s ]
INFO: [ app_begin ] --END-- [ RunTime:0.002354s ]
NOTIC: [8] Undefined index: lth C:\wamp\www\evc\index\Lib\Action\IndexAction.class.php 第 34 行.
INFO: [ view_parse ] --START--
NOTIC: [8] Undefined offset: 0 C:\wamp\www\evc\index\Runtime\Cache\851d53d04e85c43d57b9cb88584499a7.php 第 114 行.
NOTIC: [8] Undefined offset: 0 C:\wamp\www\evc\index\Runtime\Cache\851d53d04e85c43d57b9cb88584499a7.php 第 115 行.
NOTIC: [8] Undefined offset: 0 C:\wamp\www\evc\index\Runtime\Cache\851d53d04e85c43d57b9cb88584499a7.php 第 117 行.
INFO: ParseTemplate Behavior ::run [ RunTime:0.035583s ]
INFO: [ view_parse ] --END-- [ RunTime:0.035987s ]
INFO: [ view_filter ] --START--
INFO: ContentReplace Behavior ::run [ RunTime:0.001637s ]
INFO: TokenBuild Behavior ::run [ RunTime:0.001302s ]
INFO: WriteHtmlCache Behavior ::run [ RunTime:0.001312s ]
INFO: ShowRuntime Behavior ::run [ RunTime:0.001920s ]
INFO: [ view_filter ] --END-- [ RunTime:0.007033s ]
INFO: [ view_end ] --START--
INFO: ShowPageTrace Behavior ::run [ RunTime:0.001801s ]
INFO: [ view_end ] --END-- [ RunTime:0.002057s ]

[ 2015-12-02T19:58:43+08:00 ] 0.0.0.0 /evc/index.php/Cmn/dspdvc?ctlgtd=120.207736&ctlttd=30.211754
INFO: [ route_check ] --START--
INFO: CheckRoute Behavior ::run [ RunTime:0.002750s ]
INFO: [ route_check ] --END-- [ RunTime:0.003252s ]
INFO: [ app_begin ] --START--
INFO: ReadHtmlCache Behavior ::run [ RunTime:0.002154s ]
INFO: [ app_begin ] --END-- [ RunTime:0.002571s ]
NOTIC: [8] Undefined offset: 0 C:\wamp\www\evc\index\Lib\Action\CmnAction.class.php 第 33 行.

[ 2015-12-02T20:10:43+08:00 ] 0.0.0.0 /evc/index.php/
INFO: [ route_check ] --START--
INFO: CheckRoute Behavior ::run [ RunTime:0.003112s ]
INFO: [ route_check ] --END-- [ RunTime:0.003494s ]
INFO: [ app_begin ] --START--
INFO: ReadHtmlCache Behavior ::run [ RunTime:0.002059s ]
INFO: [ app_begin ] --END-- [ RunTime:0.002339s ]
NOTIC: [8] Undefined index: lth C:\wamp\www\evc\index\Lib\Action\IndexAction.class.php 第 34 行.
INFO: [ view_parse ] --START--
NOTIC: [8] Undefined offset: 0 C:\wamp\www\evc\index\Runtime\Cache\851d53d04e85c43d57b9cb88584499a7.php 第 114 行.
NOTIC: [8] Undefined offset: 0 C:\wamp\www\evc\index\Runtime\Cache\851d53d04e85c43d57b9cb88584499a7.php 第 115 行.
NOTIC: [8] Undefined offset: 0 C:\wamp\www\evc\index\Runtime\Cache\851d53d04e85c43d57b9cb88584499a7.php 第 117 行.
INFO: ParseTemplate Behavior ::run [ RunTime:0.039527s ]
INFO: [ view_parse ] --END-- [ RunTime:0.040109s ]
INFO: [ view_filter ] --START--
INFO: ContentReplace Behavior ::run [ RunTime:0.002746s ]
INFO: TokenBuild Behavior ::run [ RunTime:0.002676s ]
INFO: WriteHtmlCache Behavior ::run [ RunTime:0.002710s ]
INFO: ShowRuntime Behavior ::run [ RunTime:0.006490s ]
INFO: [ view_filter ] --END-- [ RunTime:0.016474s ]
INFO: [ view_end ] --START--
INFO: ShowPageTrace Behavior ::run [ RunTime:0.004081s ]
INFO: [ view_end ] --END-- [ RunTime:0.004517s ]

[ 2015-12-02T20:10:48+08:00 ] 0.0.0.0 /evc/index.php/Cmn/dspdvc?ctlgtd=120.207736&ctlttd=30.211754
INFO: [ route_check ] --START--
INFO: CheckRoute Behavior ::run [ RunTime:0.002858s ]
INFO: [ route_check ] --END-- [ RunTime:0.003402s ]
INFO: [ app_begin ] --START--
INFO: ReadHtmlCache Behavior ::run [ RunTime:0.002346s ]
INFO: [ app_begin ] --END-- [ RunTime:0.002728s ]
NOTIC: [8] Undefined offset: 0 C:\wamp\www\evc\index\Lib\Action\CmnAction.class.php 第 33 行.

[ 2015-12-02T20:16:00+08:00 ] 0.0.0.0 /evc/index.php/
INFO: [ route_check ] --START--
INFO: CheckRoute Behavior ::run [ RunTime:0.001242s ]
INFO: [ route_check ] --END-- [ RunTime:0.001422s ]
INFO: [ app_begin ] --START--
INFO: ReadHtmlCache Behavior ::run [ RunTime:0.001152s ]
INFO: [ app_begin ] --END-- [ RunTime:0.001318s ]
NOTIC: [8] Undefined index: lth C:\wamp\www\evc\index\Lib\Action\IndexAction.class.php 第 34 行.
INFO: [ view_parse ] --START--
NOTIC: [8] Undefined offset: 0 C:\wamp\www\evc\index\Runtime\Cache\851d53d04e85c43d57b9cb88584499a7.php 第 114 行.
NOTIC: [8] Undefined offset: 0 C:\wamp\www\evc\index\Runtime\Cache\851d53d04e85c43d57b9cb88584499a7.php 第 115 行.
NOTIC: [8] Undefined offset: 0 C:\wamp\www\evc\index\Runtime\Cache\851d53d04e85c43d57b9cb88584499a7.php 第 117 行.
INFO: ParseTemplate Behavior ::run [ RunTime:0.017883s ]
INFO: [ view_parse ] --END-- [ RunTime:0.018041s ]
INFO: [ view_filter ] --START--
INFO: ContentReplace Behavior ::run [ RunTime:0.001091s ]
INFO: TokenBuild Behavior ::run [ RunTime:0.001125s ]
INFO: WriteHtmlCache Behavior ::run [ RunTime:0.001351s ]
INFO: ShowRuntime Behavior ::run [ RunTime:0.000777s ]
INFO: [ view_filter ] --END-- [ RunTime:0.004843s ]
INFO: [ view_end ] --START--
INFO: ShowPageTrace Behavior ::run [ RunTime:0.000889s ]
INFO: [ view_end ] --END-- [ RunTime:0.001019s ]

[ 2015-12-02T20:16:04+08:00 ] 0.0.0.0 /evc/index.php/Cmn/dspdvc?ctlgtd=120.207736&ctlttd=30.211754
INFO: [ route_check ] --START--
INFO: CheckRoute Behavior ::run [ RunTime:0.001328s ]
INFO: [ route_check ] --END-- [ RunTime:0.001578s ]
INFO: [ app_begin ] --START--
INFO: ReadHtmlCache Behavior ::run [ RunTime:0.000797s ]
INFO: [ app_begin ] --END-- [ RunTime:0.000926s ]
NOTIC: [8] Undefined offset: 0 C:\wamp\www\evc\index\Lib\Action\CmnAction.class.php 第 33 行.

[ 2015-12-02T20:17:47+08:00 ] 0.0.0.0 /evc/index.php/
INFO: [ route_check ] --START--
INFO: CheckRoute Behavior ::run [ RunTime:0.003698s ]
INFO: [ route_check ] --END-- [ RunTime:0.004115s ]
INFO: [ app_begin ] --START--
INFO: ReadHtmlCache Behavior ::run [ RunTime:0.003259s ]
INFO: [ app_begin ] --END-- [ RunTime:0.003818s ]
NOTIC: [8] Undefined index: lth C:\wamp\www\evc\index\Lib\Action\IndexAction.class.php 第 34 行.
INFO: [ view_parse ] --START--
NOTIC: [8] Undefined offset: 0 C:\wamp\www\evc\index\Runtime\Cache\851d53d04e85c43d57b9cb88584499a7.php 第 114 行.
NOTIC: [8] Undefined offset: 0 C:\wamp\www\evc\index\Runtime\Cache\851d53d04e85c43d57b9cb88584499a7.php 第 115 行.
NOTIC: [8] Undefined offset: 0 C:\wamp\www\evc\index\Runtime\Cache\851d53d04e85c43d57b9cb88584499a7.php 第 117 行.
INFO: ParseTemplate Behavior ::run [ RunTime:0.043650s ]
INFO: [ view_parse ] --END-- [ RunTime:0.044155s ]
INFO: [ view_filter ] --START--
INFO: ContentReplace Behavior ::run [ RunTime:0.003519s ]
INFO: TokenBuild Behavior ::run [ RunTime:0.002893s ]
INFO: WriteHtmlCache Behavior ::run [ RunTime:0.002738s ]
INFO: ShowRuntime Behavior ::run [ RunTime:0.004037s ]
INFO: [ view_filter ] --END-- [ RunTime:0.014685s ]
INFO: [ view_end ] --START--
INFO: ShowPageTrace Behavior ::run [ RunTime:0.003295s ]
INFO: [ view_end ] --END-- [ RunTime:0.003826s ]

[ 2015-12-02T20:17:52+08:00 ] 0.0.0.0 /evc/index.php/Cmn/dspdvc?ctlgtd=120.207736&ctlttd=30.211754
INFO: [ route_check ] --START--
INFO: CheckRoute Behavior ::run [ RunTime:0.005982s ]
INFO: [ route_check ] --END-- [ RunTime:0.006461s ]
INFO: [ app_begin ] --START--
INFO: ReadHtmlCache Behavior ::run [ RunTime:0.002668s ]
INFO: [ app_begin ] --END-- [ RunTime:0.003086s ]
NOTIC: [8] Undefined offset: 0 C:\wamp\www\evc\index\Lib\Action\CmnAction.class.php 第 33 行.

[ 2015-12-02T20:24:02+08:00 ] 0.0.0.0 /evc/index.php/
INFO: [ route_check ] --START--
INFO: CheckRoute Behavior ::run [ RunTime:0.004013s ]
INFO: [ route_check ] --END-- [ RunTime:0.006885s ]
INFO: [ app_begin ] --START--
INFO: ReadHtmlCache Behavior ::run [ RunTime:0.004328s ]
INFO: [ app_begin ] --END-- [ RunTime:0.004760s ]
NOTIC: [8] Undefined index: lth C:\wamp\www\evc\index\Lib\Action\IndexAction.class.php 第 34 行.
INFO: [ view_parse ] --START--
NOTIC: [8] Undefined offset: 0 C:\wamp\www\evc\index\Runtime\Cache\851d53d04e85c43d57b9cb88584499a7.php 第 114 行.
NOTIC: [8] Undefined offset: 0 C:\wamp\www\evc\index\Runtime\Cache\851d53d04e85c43d57b9cb88584499a7.php 第 115 行.
NOTIC: [8] Undefined offset: 0 C:\wamp\www\evc\index\Runtime\Cache\851d53d04e85c43d57b9cb88584499a7.php 第 117 行.
INFO: ParseTemplate Behavior ::run [ RunTime:0.060470s ]
INFO: [ view_parse ] --END-- [ RunTime:0.060861s ]
INFO: [ view_filter ] --START--
INFO: ContentReplace Behavior ::run [ RunTime:0.003174s ]
INFO: TokenBuild Behavior ::run [ RunTime:0.003174s ]
INFO: WriteHtmlCache Behavior ::run [ RunTime:0.002362s ]
INFO: ShowRuntime Behavior ::run [ RunTime:0.003444s ]
INFO: [ view_filter ] --END-- [ RunTime:0.013652s ]
INFO: [ view_end ] --START--
INFO: ShowPageTrace Behavior ::run [ RunTime:0.003491s ]
INFO: [ view_end ] --END-- [ RunTime:0.003942s ]

[ 2015-12-02T20:24:07+08:00 ] 0.0.0.0 /evc/index.php/Cmn/dspdvc?ctlgtd=120.207736&ctlttd=30.211754
INFO: [ route_check ] --START--
INFO: CheckRoute Behavior ::run [ RunTime:0.002688s ]
INFO: [ route_check ] --END-- [ RunTime:0.003186s ]
INFO: [ app_begin ] --START--
INFO: ReadHtmlCache Behavior ::run [ RunTime:0.002386s ]
INFO: [ app_begin ] --END-- [ RunTime:0.002851s ]
NOTIC: [8] Undefined offset: 0 C:\wamp\www\evc\index\Lib\Action\CmnAction.class.php 第 33 行.

[ 2015-12-02T20:25:08+08:00 ] 0.0.0.0 /evc/index.php/
INFO: [ route_check ] --START--
INFO: CheckRoute Behavior ::run [ RunTime:0.004011s ]
INFO: [ route_check ] --END-- [ RunTime:0.004502s ]
INFO: [ app_begin ] --START--
INFO: ReadHtmlCache Behavior ::run [ RunTime:0.002288s ]
INFO: [ app_begin ] --END-- [ RunTime:0.002636s ]
NOTIC: [8] Undefined index: lth C:\wamp\www\evc\index\Lib\Action\IndexAction.class.php 第 34 行.
INFO: [ view_parse ] --START--
NOTIC: [8] Undefined offset: 0 C:\wamp\www\evc\index\Runtime\Cache\851d53d04e85c43d57b9cb88584499a7.php 第 114 行.
NOTIC: [8] Undefined offset: 0 C:\wamp\www\evc\index\Runtime\Cache\851d53d04e85c43d57b9cb88584499a7.php 第 115 行.
NOTIC: [8] Undefined offset: 0 C:\wamp\www\evc\index\Runtime\Cache\851d53d04e85c43d57b9cb88584499a7.php 第 117 行.
INFO: ParseTemplate Behavior ::run [ RunTime:0.038271s ]
INFO: [ view_parse ] --END-- [ RunTime:0.038634s ]
INFO: [ view_filter ] --START--
INFO: ContentReplace Behavior ::run [ RunTime:0.002490s ]
INFO: TokenBuild Behavior ::run [ RunTime:0.002624s ]
INFO: WriteHtmlCache Behavior ::run [ RunTime:0.001685s ]
INFO: ShowRuntime Behavior ::run [ RunTime:0.002130s ]
INFO: [ view_filter ] --END-- [ RunTime:0.010747s ]
INFO: [ view_end ] --START--
INFO: ShowPageTrace Behavior ::run [ RunTime:0.002082s ]
INFO: [ view_end ] --END-- [ RunTime:0.002435s ]

[ 2015-12-02T20:25:12+08:00 ] 0.0.0.0 /evc/index.php/Cmn/dspdvc?ctlgtd=120.207736&ctlttd=30.211754
INFO: [ route_check ] --START--
INFO: CheckRoute Behavior ::run [ RunTime:0.003490s ]
INFO: [ route_check ] --END-- [ RunTime:0.003938s ]
INFO: [ app_begin ] --START--
INFO: ReadHtmlCache Behavior ::run [ RunTime:0.011960s ]
INFO: [ app_begin ] --END-- [ RunTime:0.012355s ]
NOTIC: [8] Undefined offset: 0 C:\wamp\www\evc\index\Lib\Action\CmnAction.class.php 第 33 行.

