[ 2015-10-24T06:46:11+08:00 ] 192.168.1.109 /evc/index.php/Usr/usrct
INFO: [ route_check ] --START--
INFO: CheckRoute Behavior ::run [ RunTime:0.001444s ]
INFO: [ route_check ] --END-- [ RunTime:0.001600s ]
INFO: [ app_begin ] --START--
INFO: ReadHtmlCache Behavior ::run [ RunTime:0.001107s ]
INFO: [ app_begin ] --END-- [ RunTime:0.001234s ]
INFO: [ view_parse ] --START--
INFO: ParseTemplate Behavior ::run [ RunTime:0.048856s ]
INFO: [ view_parse ] --END-- [ RunTime:0.049026s ]
INFO: [ view_filter ] --START--
INFO: ContentReplace Behavior ::run [ RunTime:0.001062s ]
INFO: TokenBuild Behavior ::run [ RunTime:0.000982s ]
INFO: WriteHtmlCache Behavior ::run [ RunTime:0.000814s ]
INFO: ShowRuntime Behavior ::run [ RunTime:0.001031s ]
INFO: [ view_filter ] --END-- [ RunTime:0.004273s ]
INFO: [ view_end ] --START--
INFO: ShowPageTrace Behavior ::run [ RunTime:0.001208s ]
INFO: [ view_end ] --END-- [ RunTime:0.001351s ]

[ 2015-10-24T06:46:12+08:00 ] 192.168.1.109 /evc/index.php/Usr/baidu.com
INFO: [ route_check ] --START--
INFO: CheckRoute Behavior ::run [ RunTime:0.001787s ]
INFO: [ route_check ] --END-- [ RunTime:0.002048s ]
INFO: [ app_begin ] --START--
INFO: ReadHtmlCache Behavior ::run [ RunTime:0.001242s ]
INFO: [ app_begin ] --END-- [ RunTime:0.001449s ]
ERR: 非法操作:baidu.com

[ 2015-10-24T06:46:17+08:00 ] 192.168.1.109 /evc/index.php/Usr/fnddvcbydvcid?dvcid=1
INFO: [ route_check ] --START--
INFO: CheckRoute Behavior ::run [ RunTime:0.001101s ]
INFO: [ route_check ] --END-- [ RunTime:0.001253s ]
INFO: [ app_begin ] --START--
INFO: ReadHtmlCache Behavior ::run [ RunTime:0.000857s ]
INFO: [ app_begin ] --END-- [ RunTime:0.000982s ]

[ 2015-10-24T06:46:51+08:00 ] 192.168.1.109 /evc/index.php/Usr/usrct
INFO: [ route_check ] --START--
INFO: CheckRoute Behavior ::run [ RunTime:0.001287s ]
INFO: [ route_check ] --END-- [ RunTime:0.001559s ]
INFO: [ app_begin ] --START--
INFO: ReadHtmlCache Behavior ::run [ RunTime:0.000874s ]
INFO: [ app_begin ] --END-- [ RunTime:0.001007s ]
INFO: [ view_parse ] --START--
INFO: ParseTemplate Behavior ::run [ RunTime:0.021312s ]
INFO: [ view_parse ] --END-- [ RunTime:0.021537s ]
INFO: [ view_filter ] --START--
INFO: ContentReplace Behavior ::run [ RunTime:0.002433s ]
INFO: TokenBuild Behavior ::run [ RunTime:0.001213s ]
INFO: WriteHtmlCache Behavior ::run [ RunTime:0.001260s ]
INFO: ShowRuntime Behavior ::run [ RunTime:0.001220s ]
INFO: [ view_filter ] --END-- [ RunTime:0.006829s ]
INFO: [ view_end ] --START--
INFO: ShowPageTrace Behavior ::run [ RunTime:0.001320s ]
INFO: [ view_end ] --END-- [ RunTime:0.001514s ]

[ 2015-10-24T06:46:51+08:00 ] 192.168.1.109 /evc/index.php/Usr/baidu.com
INFO: [ route_check ] --START--
INFO: CheckRoute Behavior ::run [ RunTime:0.001734s ]
INFO: [ route_check ] --END-- [ RunTime:0.001978s ]
INFO: [ app_begin ] --START--
INFO: ReadHtmlCache Behavior ::run [ RunTime:0.001496s ]
INFO: [ app_begin ] --END-- [ RunTime:0.001759s ]
ERR: 非法操作:baidu.com

[ 2015-10-24T06:46:51+08:00 ] 192.168.1.109 /evc/index.php/Usr/baidu.com
INFO: [ route_check ] --START--
INFO: CheckRoute Behavior ::run [ RunTime:0.001398s ]
INFO: [ route_check ] --END-- [ RunTime:0.001640s ]
INFO: [ app_begin ] --START--
INFO: ReadHtmlCache Behavior ::run [ RunTime:0.001192s ]
INFO: [ app_begin ] --END-- [ RunTime:0.001452s ]
ERR: 非法操作:baidu.com

[ 2015-10-24T06:46:52+08:00 ] 192.168.1.109 /evc/index.php/Usr/fnddvcbydvcid?dvcid=1
INFO: [ route_check ] --START--
INFO: CheckRoute Behavior ::run [ RunTime:0.001014s ]
INFO: [ route_check ] --END-- [ RunTime:0.001203s ]
INFO: [ app_begin ] --START--
INFO: ReadHtmlCache Behavior ::run [ RunTime:0.000751s ]
INFO: [ app_begin ] --END-- [ RunTime:0.000858s ]

[ 2015-10-24T06:46:59+08:00 ] 192.168.1.109 /evc/index.php/Usr/fnddvcbydvcid?dvcid=1
INFO: [ route_check ] --START--
INFO: CheckRoute Behavior ::run [ RunTime:0.002508s ]
INFO: [ route_check ] --END-- [ RunTime:0.002938s ]
INFO: [ app_begin ] --START--
INFO: ReadHtmlCache Behavior ::run [ RunTime:0.002108s ]
INFO: [ app_begin ] --END-- [ RunTime:0.002465s ]

[ 2015-10-24T06:48:10+08:00 ] 192.168.1.109 /evc/index.php/Usr/usrct
INFO: [ route_check ] --START--
INFO: CheckRoute Behavior ::run [ RunTime:0.002372s ]
INFO: [ route_check ] --END-- [ RunTime:0.002753s ]
INFO: [ app_begin ] --START--
INFO: ReadHtmlCache Behavior ::run [ RunTime:0.001992s ]
INFO: [ app_begin ] --END-- [ RunTime:0.002429s ]
INFO: [ view_parse ] --START--
INFO: ParseTemplate Behavior ::run [ RunTime:0.047973s ]
INFO: [ view_parse ] --END-- [ RunTime:0.048472s ]
INFO: [ view_filter ] --START--
INFO: ContentReplace Behavior ::run [ RunTime:0.002657s ]
INFO: TokenBuild Behavior ::run [ RunTime:0.002760s ]
INFO: WriteHtmlCache Behavior ::run [ RunTime:0.001562s ]
INFO: ShowRuntime Behavior ::run [ RunTime:0.002680s ]
INFO: [ view_filter ] --END-- [ RunTime:0.010958s ]
INFO: [ view_end ] --START--
INFO: ShowPageTrace Behavior ::run [ RunTime:0.002643s ]
INFO: [ view_end ] --END-- [ RunTime:0.003082s ]

[ 2015-10-24T06:48:10+08:00 ] 192.168.1.109 /evc/index.php/Usr/baidu.com
INFO: [ route_check ] --START--
INFO: CheckRoute Behavior ::run [ RunTime:0.002848s ]
INFO: [ route_check ] --END-- [ RunTime:0.003316s ]
INFO: [ app_begin ] --START--
INFO: ReadHtmlCache Behavior ::run [ RunTime:0.002320s ]
INFO: [ app_begin ] --END-- [ RunTime:0.002868s ]
ERR: 非法操作:baidu.com

[ 2015-10-24T06:48:11+08:00 ] 192.168.1.109 /evc/index.php/Usr/baidu.com
INFO: [ route_check ] --START--
INFO: CheckRoute Behavior ::run [ RunTime:0.002327s ]
INFO: [ route_check ] --END-- [ RunTime:0.002623s ]
INFO: [ app_begin ] --START--
INFO: ReadHtmlCache Behavior ::run [ RunTime:0.002509s ]
INFO: [ app_begin ] --END-- [ RunTime:0.002878s ]
ERR: 非法操作:baidu.com

[ 2015-10-24T06:48:12+08:00 ] 192.168.1.109 /evc/index.php/Usr/fnddvcbydvcid?dvcid=1
INFO: [ route_check ] --START--
INFO: CheckRoute Behavior ::run [ RunTime:0.003053s ]
INFO: [ route_check ] --END-- [ RunTime:0.003494s ]
INFO: [ app_begin ] --START--
INFO: ReadHtmlCache Behavior ::run [ RunTime:0.002479s ]
INFO: [ app_begin ] --END-- [ RunTime:0.002839s ]

[ 2015-10-24T06:48:20+08:00 ] 192.168.1.109 /evc/index.php/Usr/fnddvcbydvcid?dvcid=1
INFO: [ route_check ] --START--
INFO: CheckRoute Behavior ::run [ RunTime:0.002974s ]
INFO: [ route_check ] --END-- [ RunTime:0.003533s ]
INFO: [ app_begin ] --START--
INFO: ReadHtmlCache Behavior ::run [ RunTime:0.002207s ]
INFO: [ app_begin ] --END-- [ RunTime:0.002596s ]

[ 2015-10-24T06:49:46+08:00 ] 192.168.1.109 /evc/index.php/Usr/usrct
INFO: [ route_check ] --START--
INFO: CheckRoute Behavior ::run [ RunTime:0.002523s ]
INFO: [ route_check ] --END-- [ RunTime:0.002848s ]
INFO: [ app_begin ] --START--
INFO: ReadHtmlCache Behavior ::run [ RunTime:0.001747s ]
INFO: [ app_begin ] --END-- [ RunTime:0.002054s ]
INFO: [ view_parse ] --START--
INFO: ParseTemplate Behavior ::run [ RunTime:0.036540s ]
INFO: [ view_parse ] --END-- [ RunTime:0.036864s ]
INFO: [ view_filter ] --START--
INFO: ContentReplace Behavior ::run [ RunTime:0.001487s ]
INFO: TokenBuild Behavior ::run [ RunTime:0.001331s ]
INFO: WriteHtmlCache Behavior ::run [ RunTime:0.000957s ]
INFO: ShowRuntime Behavior ::run [ RunTime:0.001615s ]
INFO: [ view_filter ] --END-- [ RunTime:0.006082s ]
INFO: [ view_end ] --START--
INFO: ShowPageTrace Behavior ::run [ RunTime:0.001722s ]
INFO: [ view_end ] --END-- [ RunTime:0.001974s ]

[ 2015-10-24T06:49:46+08:00 ] 192.168.1.109 /evc/index.php/Usr/baidu.com
INFO: [ route_check ] --START--
INFO: CheckRoute Behavior ::run [ RunTime:0.003909s ]
INFO: [ route_check ] --END-- [ RunTime:0.004554s ]
INFO: [ app_begin ] --START--
INFO: ReadHtmlCache Behavior ::run [ RunTime:0.003541s ]
INFO: [ app_begin ] --END-- [ RunTime:0.004099s ]
ERR: 非法操作:baidu.com

[ 2015-10-24T06:49:46+08:00 ] 192.168.1.109 /evc/index.php/Usr/baidu.com
INFO: [ route_check ] --START--
INFO: CheckRoute Behavior ::run [ RunTime:0.003325s ]
INFO: [ route_check ] --END-- [ RunTime:0.003752s ]
INFO: [ app_begin ] --START--
INFO: ReadHtmlCache Behavior ::run [ RunTime:0.002512s ]
INFO: [ app_begin ] --END-- [ RunTime:0.002961s ]
ERR: 非法操作:baidu.com

[ 2015-10-24T06:49:48+08:00 ] 192.168.1.109 /evc/index.php/Usr/fnddvcbydvcid?dvcid=1
INFO: [ route_check ] --START--
INFO: CheckRoute Behavior ::run [ RunTime:0.002925s ]
INFO: [ route_check ] --END-- [ RunTime:0.003474s ]
INFO: [ app_begin ] --START--
INFO: ReadHtmlCache Behavior ::run [ RunTime:0.002122s ]
INFO: [ app_begin ] --END-- [ RunTime:0.002582s ]

[ 2015-10-24T06:49:55+08:00 ] 192.168.1.109 /evc/index.php/Usr/fnddvcbydvcid?dvcid=1
INFO: [ route_check ] --START--
INFO: CheckRoute Behavior ::run [ RunTime:0.002720s ]
INFO: [ route_check ] --END-- [ RunTime:0.003083s ]
INFO: [ app_begin ] --START--
INFO: ReadHtmlCache Behavior ::run [ RunTime:0.009482s ]
INFO: [ app_begin ] --END-- [ RunTime:0.009862s ]

[ 2015-10-24T06:50:56+08:00 ] 192.168.1.109 /evc/index.php/Usr/usrct
INFO: [ route_check ] --START--
INFO: CheckRoute Behavior ::run [ RunTime:0.002602s ]
INFO: [ route_check ] --END-- [ RunTime:0.002965s ]
INFO: [ app_begin ] --START--
INFO: ReadHtmlCache Behavior ::run [ RunTime:0.001885s ]
INFO: [ app_begin ] --END-- [ RunTime:0.002218s ]
INFO: [ view_parse ] --START--
INFO: ParseTemplate Behavior ::run [ RunTime:0.047797s ]
INFO: [ view_parse ] --END-- [ RunTime:0.048284s ]
INFO: [ view_filter ] --START--
INFO: ContentReplace Behavior ::run [ RunTime:0.002342s ]
INFO: TokenBuild Behavior ::run [ RunTime:0.002234s ]
INFO: WriteHtmlCache Behavior ::run [ RunTime:0.001690s ]
INFO: ShowRuntime Behavior ::run [ RunTime:0.002512s ]
INFO: [ view_filter ] --END-- [ RunTime:0.010010s ]
INFO: [ view_end ] --START--
INFO: ShowPageTrace Behavior ::run [ RunTime:0.002648s ]
INFO: [ view_end ] --END-- [ RunTime:0.003103s ]

[ 2015-10-24T06:50:56+08:00 ] 192.168.1.109 /evc/index.php/Usr/baidu.com
INFO: [ route_check ] --START--
INFO: CheckRoute Behavior ::run [ RunTime:0.003213s ]
INFO: [ route_check ] --END-- [ RunTime:0.003749s ]
INFO: [ app_begin ] --START--
INFO: ReadHtmlCache Behavior ::run [ RunTime:0.002069s ]
INFO: [ app_begin ] --END-- [ RunTime:0.002459s ]
ERR: 非法操作:baidu.com

[ 2015-10-24T06:50:56+08:00 ] 192.168.1.109 /evc/index.php/Usr/baidu.com
INFO: [ route_check ] --START--
INFO: CheckRoute Behavior ::run [ RunTime:0.003202s ]
INFO: [ route_check ] --END-- [ RunTime:0.003620s ]
INFO: [ app_begin ] --START--
INFO: ReadHtmlCache Behavior ::run [ RunTime:0.001798s ]
INFO: [ app_begin ] --END-- [ RunTime:0.002119s ]
ERR: 非法操作:baidu.com

[ 2015-10-24T06:51:01+08:00 ] 192.168.1.109 /evc/index.php/Usr/fnddvcbydvcid?dvcid=1
INFO: [ route_check ] --START--
INFO: CheckRoute Behavior ::run [ RunTime:0.001898s ]
INFO: [ route_check ] --END-- [ RunTime:0.002210s ]
INFO: [ app_begin ] --START--
INFO: ReadHtmlCache Behavior ::run [ RunTime:0.001710s ]
INFO: [ app_begin ] --END-- [ RunTime:0.001916s ]

[ 2015-10-24T06:51:51+08:00 ] 192.168.1.109 /evc/index.php/Usr/usrct
INFO: [ route_check ] --START--
INFO: CheckRoute Behavior ::run [ RunTime:0.002430s ]
INFO: [ route_check ] --END-- [ RunTime:0.002748s ]
INFO: [ app_begin ] --START--
INFO: ReadHtmlCache Behavior ::run [ RunTime:0.002014s ]
INFO: [ app_begin ] --END-- [ RunTime:0.002291s ]
INFO: [ view_parse ] --START--
INFO: ParseTemplate Behavior ::run [ RunTime:0.049210s ]
INFO: [ view_parse ] --END-- [ RunTime:0.049615s ]
INFO: [ view_filter ] --START--
INFO: ContentReplace Behavior ::run [ RunTime:0.002023s ]
INFO: TokenBuild Behavior ::run [ RunTime:0.001635s ]
INFO: WriteHtmlCache Behavior ::run [ RunTime:0.001368s ]
INFO: ShowRuntime Behavior ::run [ RunTime:0.001996s ]
INFO: [ view_filter ] --END-- [ RunTime:0.008069s ]
INFO: [ view_end ] --START--
INFO: ShowPageTrace Behavior ::run [ RunTime:0.001981s ]
INFO: [ view_end ] --END-- [ RunTime:0.002261s ]

[ 2015-10-24T06:51:52+08:00 ] 192.168.1.109 /evc/index.php/Usr/baidu.com
INFO: [ route_check ] --START--
INFO: CheckRoute Behavior ::run [ RunTime:0.003210s ]
INFO: [ route_check ] --END-- [ RunTime:0.003636s ]
INFO: [ app_begin ] --START--
INFO: ReadHtmlCache Behavior ::run [ RunTime:0.002443s ]
INFO: [ app_begin ] --END-- [ RunTime:0.002916s ]
ERR: 非法操作:baidu.com

[ 2015-10-24T06:51:52+08:00 ] 192.168.1.109 /evc/index.php/Usr/baidu.com
INFO: [ route_check ] --START--
INFO: CheckRoute Behavior ::run [ RunTime:0.003397s ]
INFO: [ route_check ] --END-- [ RunTime:0.003813s ]
INFO: [ app_begin ] --START--
INFO: ReadHtmlCache Behavior ::run [ RunTime:0.002128s ]
INFO: [ app_begin ] --END-- [ RunTime:0.002667s ]
ERR: 非法操作:baidu.com

[ 2015-10-24T06:51:55+08:00 ] 192.168.1.109 /evc/index.php/Usr/fnddvcbydvcid?dvcid=1
INFO: [ route_check ] --START--
INFO: CheckRoute Behavior ::run [ RunTime:0.003132s ]
INFO: [ route_check ] --END-- [ RunTime:0.003556s ]
INFO: [ app_begin ] --START--
INFO: ReadHtmlCache Behavior ::run [ RunTime:0.002141s ]
INFO: [ app_begin ] --END-- [ RunTime:0.002520s ]

[ 2015-10-24T06:59:07+08:00 ] 192.168.1.109 /evc/index.php/Usr/usrct
INFO: [ route_check ] --START--
INFO: CheckRoute Behavior ::run [ RunTime:0.003759s ]
INFO: [ route_check ] --END-- [ RunTime:0.004342s ]
INFO: [ app_begin ] --START--
INFO: ReadHtmlCache Behavior ::run [ RunTime:0.001798s ]
INFO: [ app_begin ] --END-- [ RunTime:0.002089s ]
INFO: [ view_parse ] --START--
INFO: ParseTemplate Behavior ::run [ RunTime:0.060175s ]
INFO: [ view_parse ] --END-- [ RunTime:0.060599s ]
INFO: [ view_filter ] --START--
INFO: ContentReplace Behavior ::run [ RunTime:0.002396s ]
INFO: TokenBuild Behavior ::run [ RunTime:0.003849s ]
INFO: WriteHtmlCache Behavior ::run [ RunTime:0.001798s ]
INFO: ShowRuntime Behavior ::run [ RunTime:0.002524s ]
INFO: [ view_filter ] --END-- [ RunTime:0.011873s ]
INFO: [ view_end ] --START--
INFO: ShowPageTrace Behavior ::run [ RunTime:0.002910s ]
INFO: [ view_end ] --END-- [ RunTime:0.003430s ]

[ 2015-10-24T06:59:07+08:00 ] 192.168.1.109 /evc/index.php/Usr/baidu.com
INFO: [ route_check ] --START--
INFO: CheckRoute Behavior ::run [ RunTime:0.003901s ]
INFO: [ route_check ] --END-- [ RunTime:0.004339s ]
INFO: [ app_begin ] --START--
INFO: ReadHtmlCache Behavior ::run [ RunTime:0.002193s ]
INFO: [ app_begin ] --END-- [ RunTime:0.002636s ]
ERR: 非法操作:baidu.com

[ 2015-10-24T06:59:07+08:00 ] 192.168.1.109 /evc/index.php/Usr/baidu.com
INFO: [ route_check ] --START--
INFO: CheckRoute Behavior ::run [ RunTime:0.004159s ]
INFO: [ route_check ] --END-- [ RunTime:0.004551s ]
INFO: [ app_begin ] --START--
INFO: ReadHtmlCache Behavior ::run [ RunTime:0.002202s ]
INFO: [ app_begin ] --END-- [ RunTime:0.002552s ]
ERR: 非法操作:baidu.com

[ 2015-10-24T06:59:09+08:00 ] 192.168.1.109 /evc/index.php/Usr/fnddvcbydvcid?dvcid=1
INFO: [ route_check ] --START--
INFO: CheckRoute Behavior ::run [ RunTime:0.001931s ]
INFO: [ route_check ] --END-- [ RunTime:0.002204s ]
INFO: [ app_begin ] --START--
INFO: ReadHtmlCache Behavior ::run [ RunTime:0.001637s ]
INFO: [ app_begin ] --END-- [ RunTime:0.001965s ]

[ 2015-10-24T07:27:14+08:00 ] 192.168.1.109 /evc/index.php/Usr/usrct
INFO: [ route_check ] --START--
INFO: CheckRoute Behavior ::run [ RunTime:0.003355s ]
INFO: [ route_check ] --END-- [ RunTime:0.003721s ]
INFO: [ app_begin ] --START--
INFO: ReadHtmlCache Behavior ::run [ RunTime:0.002043s ]
INFO: [ app_begin ] --END-- [ RunTime:0.002293s ]
INFO: [ view_parse ] --START--
INFO: ParseTemplate Behavior ::run [ RunTime:0.049679s ]
INFO: [ view_parse ] --END-- [ RunTime:0.050069s ]
INFO: [ view_filter ] --START--
INFO: ContentReplace Behavior ::run [ RunTime:0.003745s ]
INFO: TokenBuild Behavior ::run [ RunTime:0.003127s ]
INFO: WriteHtmlCache Behavior ::run [ RunTime:0.002446s ]
INFO: ShowRuntime Behavior ::run [ RunTime:0.004589s ]
INFO: [ view_filter ] --END-- [ RunTime:0.015256s ]
INFO: [ view_end ] --START--
INFO: ShowPageTrace Behavior ::run [ RunTime:0.002867s ]
INFO: [ view_end ] --END-- [ RunTime:0.003205s ]

[ 2015-10-24T07:27:15+08:00 ] 192.168.1.109 /evc/index.php/Usr/baidu.com
INFO: [ route_check ] --START--
INFO: CheckRoute Behavior ::run [ RunTime:0.002260s ]
INFO: [ route_check ] --END-- [ RunTime:0.002548s ]
INFO: [ app_begin ] --START--
INFO: ReadHtmlCache Behavior ::run [ RunTime:0.002513s ]
INFO: [ app_begin ] --END-- [ RunTime:0.003144s ]
ERR: 非法操作:baidu.com

[ 2015-10-24T07:27:15+08:00 ] 192.168.1.109 /evc/index.php/Usr/baidu.com
INFO: [ route_check ] --START--
INFO: CheckRoute Behavior ::run [ RunTime:0.002955s ]
INFO: [ route_check ] --END-- [ RunTime:0.003412s ]
INFO: [ app_begin ] --START--
INFO: ReadHtmlCache Behavior ::run [ RunTime:0.002520s ]
INFO: [ app_begin ] --END-- [ RunTime:0.002968s ]
ERR: 非法操作:baidu.com

[ 2015-10-24T07:27:17+08:00 ] 192.168.1.109 /evc/index.php/Usr/fnddvcbydvcid?dvcid=1
INFO: [ route_check ] --START--
INFO: CheckRoute Behavior ::run [ RunTime:0.001775s ]
INFO: [ route_check ] --END-- [ RunTime:0.002049s ]
INFO: [ app_begin ] --START--
INFO: ReadHtmlCache Behavior ::run [ RunTime:0.002206s ]
INFO: [ app_begin ] --END-- [ RunTime:0.002503s ]

[ 2015-10-24T07:27:18+08:00 ] 192.168.1.109 /evc/index.php/Usr/fnddvcbydvcid?dvcid=1
INFO: [ route_check ] --START--
INFO: CheckRoute Behavior ::run [ RunTime:0.002759s ]
INFO: [ route_check ] --END-- [ RunTime:0.003202s ]
INFO: [ app_begin ] --START--
INFO: ReadHtmlCache Behavior ::run [ RunTime:0.002249s ]
INFO: [ app_begin ] --END-- [ RunTime:0.002611s ]

[ 2015-10-24T07:27:37+08:00 ] 192.168.1.109 /evc/index.php/Usr/fnddvcbydvcid?dvcid=1
INFO: [ route_check ] --START--
INFO: CheckRoute Behavior ::run [ RunTime:0.002603s ]
INFO: [ route_check ] --END-- [ RunTime:0.002971s ]
INFO: [ app_begin ] --START--
INFO: ReadHtmlCache Behavior ::run [ RunTime:0.001955s ]
INFO: [ app_begin ] --END-- [ RunTime:0.002349s ]

[ 2015-10-24T07:27:38+08:00 ] 192.168.1.109 /evc/index.php/Usr/fnddvcbydvcid?dvcid=1
INFO: [ route_check ] --START--
INFO: CheckRoute Behavior ::run [ RunTime:0.004070s ]
INFO: [ route_check ] --END-- [ RunTime:0.004967s ]
INFO: [ app_begin ] --START--
INFO: ReadHtmlCache Behavior ::run [ RunTime:0.005131s ]
INFO: [ app_begin ] --END-- [ RunTime:0.005583s ]

[ 2015-10-24T07:28:19+08:00 ] 192.168.1.109 /evc/index.php/Usr/fnddvcbydvcid?dvcid=1
INFO: [ route_check ] --START--
INFO: CheckRoute Behavior ::run [ RunTime:0.001767s ]
INFO: [ route_check ] --END-- [ RunTime:0.002061s ]
INFO: [ app_begin ] --START--
INFO: ReadHtmlCache Behavior ::run [ RunTime:0.001384s ]
INFO: [ app_begin ] --END-- [ RunTime:0.001597s ]

[ 2015-10-24T07:28:21+08:00 ] 192.168.1.109 /evc/index.php/Usr/fnddvcbydvcid?dvcid=1
INFO: [ route_check ] --START--
INFO: CheckRoute Behavior ::run [ RunTime:0.004740s ]
INFO: [ route_check ] --END-- [ RunTime:0.005200s ]
INFO: [ app_begin ] --START--
INFO: ReadHtmlCache Behavior ::run [ RunTime:0.002255s ]
INFO: [ app_begin ] --END-- [ RunTime:0.002639s ]

[ 2015-10-24T12:35:50+08:00 ] 192.168.1.109 /evc/index.php/Usr/usrct
INFO: [ route_check ] --START--
INFO: CheckRoute Behavior ::run [ RunTime:0.002652s ]
INFO: [ route_check ] --END-- [ RunTime:0.002912s ]
INFO: [ app_begin ] --START--
INFO: ReadHtmlCache Behavior ::run [ RunTime:0.001742s ]
INFO: [ app_begin ] --END-- [ RunTime:0.002003s ]
INFO: [ view_parse ] --START--
INFO: ParseTemplate Behavior ::run [ RunTime:0.017300s ]
INFO: [ view_parse ] --END-- [ RunTime:0.017466s ]
INFO: [ view_filter ] --START--
INFO: ContentReplace Behavior ::run [ RunTime:0.001042s ]
INFO: TokenBuild Behavior ::run [ RunTime:0.000841s ]
INFO: WriteHtmlCache Behavior ::run [ RunTime:0.000683s ]
INFO: ShowRuntime Behavior ::run [ RunTime:0.000943s ]
INFO: [ view_filter ] --END-- [ RunTime:0.003867s ]
INFO: [ view_end ] --START--
INFO: ShowPageTrace Behavior ::run [ RunTime:0.000977s ]
INFO: [ view_end ] --END-- [ RunTime:0.001096s ]

[ 2015-10-24T12:35:50+08:00 ] 192.168.1.109 /evc/index.php/Usr/baidu.com
INFO: [ route_check ] --START--
INFO: CheckRoute Behavior ::run [ RunTime:0.000869s ]
INFO: [ route_check ] --END-- [ RunTime:0.001015s ]
INFO: [ app_begin ] --START--
INFO: ReadHtmlCache Behavior ::run [ RunTime:0.000696s ]
INFO: [ app_begin ] --END-- [ RunTime:0.000833s ]
ERR: 非法操作:baidu.com

[ 2015-10-24T12:35:50+08:00 ] 192.168.1.109 /evc/index.php/Usr/baidu.com
INFO: [ route_check ] --START--
INFO: CheckRoute Behavior ::run [ RunTime:0.001388s ]
INFO: [ route_check ] --END-- [ RunTime:0.001702s ]
INFO: [ app_begin ] --START--
INFO: ReadHtmlCache Behavior ::run [ RunTime:0.001126s ]
INFO: [ app_begin ] --END-- [ RunTime:0.001363s ]
ERR: 非法操作:baidu.com

[ 2015-10-24T12:35:51+08:00 ] 192.168.1.109 /evc/index.php/Usr/fnddvcbydvcid?dvcid=1
INFO: [ route_check ] --START--
INFO: CheckRoute Behavior ::run [ RunTime:0.000932s ]
INFO: [ route_check ] --END-- [ RunTime:0.001085s ]
INFO: [ app_begin ] --START--
INFO: ReadHtmlCache Behavior ::run [ RunTime:0.000904s ]
INFO: [ app_begin ] --END-- [ RunTime:0.001053s ]

[ 2015-10-24T12:35:53+08:00 ] 192.168.1.109 /evc/index.php/Usr/fnddvcbydvcid?dvcid=1
INFO: [ route_check ] --START--
INFO: CheckRoute Behavior ::run [ RunTime:0.002860s ]
INFO: [ route_check ] --END-- [ RunTime:0.003337s ]
INFO: [ app_begin ] --START--
INFO: ReadHtmlCache Behavior ::run [ RunTime:0.002151s ]
INFO: [ app_begin ] --END-- [ RunTime:0.002593s ]

[ 2015-10-24T12:36:51+08:00 ] 192.168.1.109 /evc/index.php/Usr/usrct
INFO: [ route_check ] --START--
INFO: CheckRoute Behavior ::run [ RunTime:0.001290s ]
INFO: [ route_check ] --END-- [ RunTime:0.001480s ]
INFO: [ app_begin ] --START--
INFO: ReadHtmlCache Behavior ::run [ RunTime:0.000978s ]
INFO: [ app_begin ] --END-- [ RunTime:0.001186s ]
INFO: [ view_parse ] --START--
INFO: ParseTemplate Behavior ::run [ RunTime:0.021101s ]
INFO: [ view_parse ] --END-- [ RunTime:0.021354s ]
INFO: [ view_filter ] --START--
INFO: ContentReplace Behavior ::run [ RunTime:0.001110s ]
INFO: TokenBuild Behavior ::run [ RunTime:0.001030s ]
INFO: WriteHtmlCache Behavior ::run [ RunTime:0.001129s ]
INFO: ShowRuntime Behavior ::run [ RunTime:0.000851s ]
INFO: [ view_filter ] --END-- [ RunTime:0.004767s ]
INFO: [ view_end ] --START--
INFO: ShowPageTrace Behavior ::run [ RunTime:0.001007s ]
INFO: [ view_end ] --END-- [ RunTime:0.001166s ]

[ 2015-10-24T12:36:51+08:00 ] 192.168.1.109 /evc/index.php/Usr/baidu.com
INFO: [ route_check ] --START--
INFO: CheckRoute Behavior ::run [ RunTime:0.001117s ]
INFO: [ route_check ] --END-- [ RunTime:0.001302s ]
INFO: [ app_begin ] --START--
INFO: ReadHtmlCache Behavior ::run [ RunTime:0.001017s ]
INFO: [ app_begin ] --END-- [ RunTime:0.001263s ]
ERR: 非法操作:baidu.com

[ 2015-10-24T12:36:51+08:00 ] 192.168.1.109 /evc/index.php/Usr/baidu.com
INFO: [ route_check ] --START--
INFO: CheckRoute Behavior ::run [ RunTime:0.001937s ]
INFO: [ route_check ] --END-- [ RunTime:0.002249s ]
INFO: [ app_begin ] --START--
INFO: ReadHtmlCache Behavior ::run [ RunTime:0.001179s ]
INFO: [ app_begin ] --END-- [ RunTime:0.001420s ]
ERR: 非法操作:baidu.com

[ 2015-10-24T12:37:14+08:00 ] 192.168.1.109 /evc/index.php/Usr/fnddvcbydvcid?dvcid=1
INFO: [ route_check ] --START--
INFO: CheckRoute Behavior ::run [ RunTime:0.003251s ]
INFO: [ route_check ] --END-- [ RunTime:0.003697s ]
INFO: [ app_begin ] --START--
INFO: ReadHtmlCache Behavior ::run [ RunTime:0.003383s ]
INFO: [ app_begin ] --END-- [ RunTime:0.003802s ]

[ 2015-10-24T12:37:21+08:00 ] 192.168.1.109 /evc/index.php/Usr/fnddvcbydvcid?dvcid=1
INFO: [ route_check ] --START--
INFO: CheckRoute Behavior ::run [ RunTime:0.001802s ]
INFO: [ route_check ] --END-- [ RunTime:0.002086s ]
INFO: [ app_begin ] --START--
INFO: ReadHtmlCache Behavior ::run [ RunTime:0.010687s ]
INFO: [ app_begin ] --END-- [ RunTime:0.010934s ]

[ 2015-10-24T12:38:16+08:00 ] 192.168.1.105 /evc/index.php/Usr/usrct
INFO: [ route_check ] --START--
INFO: CheckRoute Behavior ::run [ RunTime:0.003199s ]
INFO: [ route_check ] --END-- [ RunTime:0.003595s ]
INFO: [ app_begin ] --START--
INFO: ReadHtmlCache Behavior ::run [ RunTime:0.004192s ]
INFO: [ app_begin ] --END-- [ RunTime:0.004990s ]
INFO: [ view_parse ] --START--
INFO: ParseTemplate Behavior ::run [ RunTime:0.057693s ]
INFO: [ view_parse ] --END-- [ RunTime:0.058242s ]
INFO: [ view_filter ] --START--
INFO: ContentReplace Behavior ::run [ RunTime:0.002082s ]
INFO: TokenBuild Behavior ::run [ RunTime:0.002062s ]
INFO: WriteHtmlCache Behavior ::run [ RunTime:0.001518s ]
INFO: ShowRuntime Behavior ::run [ RunTime:0.002416s ]
INFO: [ view_filter ] --END-- [ RunTime:0.009396s ]
INFO: [ view_end ] --START--
INFO: ShowPageTrace Behavior ::run [ RunTime:0.002623s ]
INFO: [ view_end ] --END-- [ RunTime:0.003081s ]

[ 2015-10-24T12:38:16+08:00 ] 192.168.1.105 /evc/index.php/Usr/baidu.com
INFO: [ route_check ] --START--
INFO: CheckRoute Behavior ::run [ RunTime:0.003387s ]
INFO: [ route_check ] --END-- [ RunTime:0.003971s ]
INFO: [ app_begin ] --START--
INFO: ReadHtmlCache Behavior ::run [ RunTime:0.002731s ]
INFO: [ app_begin ] --END-- [ RunTime:0.003179s ]
ERR: 非法操作:baidu.com

[ 2015-10-24T12:38:34+08:00 ] 192.168.1.105 /evc/index.php/Usr/fnddvcbydvcid?dvcid=1
INFO: [ route_check ] --START--
INFO: CheckRoute Behavior ::run [ RunTime:0.001806s ]
INFO: [ route_check ] --END-- [ RunTime:0.002086s ]
INFO: [ app_begin ] --START--
INFO: ReadHtmlCache Behavior ::run [ RunTime:0.001380s ]
INFO: [ app_begin ] --END-- [ RunTime:0.001593s ]

[ 2015-10-24T12:38:39+08:00 ] 192.168.1.105 /evc/index.php/Usr/fnddvcbydvcid?dvcid=1
INFO: [ route_check ] --START--
INFO: CheckRoute Behavior ::run [ RunTime:0.002787s ]
INFO: [ route_check ] --END-- [ RunTime:0.003237s ]
INFO: [ app_begin ] --START--
INFO: ReadHtmlCache Behavior ::run [ RunTime:0.001861s ]
INFO: [ app_begin ] --END-- [ RunTime:0.002256s ]

[ 2015-10-24T12:39:20+08:00 ] 192.168.1.105 /evc/index.php/Usr/fnddvcbydvcid?dvcid=1
INFO: [ route_check ] --START--
INFO: CheckRoute Behavior ::run [ RunTime:0.002029s ]
INFO: [ route_check ] --END-- [ RunTime:0.002319s ]
INFO: [ app_begin ] --START--
INFO: ReadHtmlCache Behavior ::run [ RunTime:0.001498s ]
INFO: [ app_begin ] --END-- [ RunTime:0.001713s ]

[ 2015-10-24T12:39:26+08:00 ] 192.168.1.105 /evc/index.php/Usr/fnddvcbydvcid?dvcid=1
INFO: [ route_check ] --START--
INFO: CheckRoute Behavior ::run [ RunTime:0.002206s ]
INFO: [ route_check ] --END-- [ RunTime:0.002479s ]
INFO: [ app_begin ] --START--
INFO: ReadHtmlCache Behavior ::run [ RunTime:0.001411s ]
INFO: [ app_begin ] --END-- [ RunTime:0.001622s ]

[ 2015-10-24T12:48:42+08:00 ] 192.168.1.109 /evc/index.php/Usr/usrct
INFO: [ route_check ] --START--
INFO: CheckRoute Behavior ::run [ RunTime:0.003325s ]
INFO: [ route_check ] --END-- [ RunTime:0.003627s ]
INFO: [ app_begin ] --START--
INFO: ReadHtmlCache Behavior ::run [ RunTime:0.002074s ]
INFO: [ app_begin ] --END-- [ RunTime:0.002326s ]
INFO: [ view_parse ] --START--
INFO: ParseTemplate Behavior ::run [ RunTime:0.056991s ]
INFO: [ view_parse ] --END-- [ RunTime:0.057435s ]
INFO: [ view_filter ] --START--
INFO: ContentReplace Behavior ::run [ RunTime:0.007334s ]
INFO: TokenBuild Behavior ::run [ RunTime:0.004994s ]
INFO: WriteHtmlCache Behavior ::run [ RunTime:0.003345s ]
INFO: ShowRuntime Behavior ::run [ RunTime:0.004612s ]
INFO: [ view_filter ] --END-- [ RunTime:0.022086s ]
INFO: [ view_end ] --START--
INFO: ShowPageTrace Behavior ::run [ RunTime:0.021672s ]
INFO: [ view_end ] --END-- [ RunTime:0.022258s ]

[ 2015-10-24T12:48:42+08:00 ] 192.168.1.109 /evc/index.php/Usr/baidu.com
INFO: [ route_check ] --START--
INFO: CheckRoute Behavior ::run [ RunTime:0.003435s ]
INFO: [ route_check ] --END-- [ RunTime:0.003933s ]
INFO: [ app_begin ] --START--
INFO: ReadHtmlCache Behavior ::run [ RunTime:0.002604s ]
INFO: [ app_begin ] --END-- [ RunTime:0.003071s ]
ERR: 非法操作:baidu.com

[ 2015-10-24T12:48:42+08:00 ] 192.168.1.109 /evc/index.php/Usr/baidu.com
INFO: [ route_check ] --START--
INFO: CheckRoute Behavior ::run [ RunTime:0.002922s ]
INFO: [ route_check ] --END-- [ RunTime:0.003397s ]
INFO: [ app_begin ] --START--
INFO: ReadHtmlCache Behavior ::run [ RunTime:0.004229s ]
INFO: [ app_begin ] --END-- [ RunTime:0.004707s ]
ERR: 非法操作:baidu.com

[ 2015-10-24T12:48:44+08:00 ] 192.168.1.109 /evc/index.php/Usr/fnddvcbydvcid?dvcid=1
INFO: [ route_check ] --START--
INFO: CheckRoute Behavior ::run [ RunTime:0.002904s ]
INFO: [ route_check ] --END-- [ RunTime:0.003372s ]
INFO: [ app_begin ] --START--
INFO: ReadHtmlCache Behavior ::run [ RunTime:0.001874s ]
INFO: [ app_begin ] --END-- [ RunTime:0.002168s ]

[ 2015-10-24T12:48:50+08:00 ] 192.168.1.109 /evc/index.php/Usr/fnddvcbydvcid?dvcid=1
INFO: [ route_check ] --START--
INFO: CheckRoute Behavior ::run [ RunTime:0.004369s ]
INFO: [ route_check ] --END-- [ RunTime:0.004835s ]
INFO: [ app_begin ] --START--
INFO: ReadHtmlCache Behavior ::run [ RunTime:0.002101s ]
INFO: [ app_begin ] --END-- [ RunTime:0.002433s ]

[ 2015-10-24T12:48:56+08:00 ] 192.168.1.109 /evc/index.php/Usr/dosttm?optm=2015-11-24+14%3A33&dvcid=1
INFO: [ route_check ] --START--
INFO: CheckRoute Behavior ::run [ RunTime:0.002489s ]
INFO: [ route_check ] --END-- [ RunTime:0.002922s ]
INFO: [ app_begin ] --START--
INFO: ReadHtmlCache Behavior ::run [ RunTime:0.002114s ]
INFO: [ app_begin ] --END-- [ RunTime:0.002528s ]
NOTIC: [8] Undefined index: clstm C:\wamp\www\evc\index\Lib\Action\UsrAction.class.php 第 193 行.
NOTIC: [8] Undefined variable: rlst C:\wamp\www\evc\index\Lib\Action\UsrAction.class.php 第 211 行.

[ 2015-10-24T12:49:00+08:00 ] 192.168.1.109 /evc/index.php/Usr/fnddvcbydvcid?dvcid=1
INFO: [ route_check ] --START--
INFO: CheckRoute Behavior ::run [ RunTime:0.002231s ]
INFO: [ route_check ] --END-- [ RunTime:0.002531s ]
INFO: [ app_begin ] --START--
INFO: ReadHtmlCache Behavior ::run [ RunTime:0.001797s ]
INFO: [ app_begin ] --END-- [ RunTime:0.002077s ]

[ 2015-10-24T12:49:05+08:00 ] 192.168.1.109 /evc/index.php/Usr/fnddvcbydvcid?dvcid=1
INFO: [ route_check ] --START--
INFO: CheckRoute Behavior ::run [ RunTime:0.002909s ]
INFO: [ route_check ] --END-- [ RunTime:0.003406s ]
INFO: [ app_begin ] --START--
INFO: ReadHtmlCache Behavior ::run [ RunTime:0.002165s ]
INFO: [ app_begin ] --END-- [ RunTime:0.002518s ]

[ 2015-10-24T12:49:07+08:00 ] 192.168.1.109 /evc/index.php/Usr/dosttm?optm=2015-11-24+13%3A33&dvcid=1
INFO: [ route_check ] --START--
INFO: CheckRoute Behavior ::run [ RunTime:0.001975s ]
INFO: [ route_check ] --END-- [ RunTime:0.002280s ]
INFO: [ app_begin ] --START--
INFO: ReadHtmlCache Behavior ::run [ RunTime:0.002576s ]
INFO: [ app_begin ] --END-- [ RunTime:0.004670s ]
NOTIC: [8] Undefined index: clstm C:\wamp\www\evc\index\Lib\Action\UsrAction.class.php 第 193 行.
NOTIC: [8] Undefined variable: rlst C:\wamp\www\evc\index\Lib\Action\UsrAction.class.php 第 211 行.

[ 2015-10-24T12:49:11+08:00 ] 192.168.1.109 /evc/index.php/Usr/fnddvcbydvcid?dvcid=1
INFO: [ route_check ] --START--
INFO: CheckRoute Behavior ::run [ RunTime:0.001721s ]
INFO: [ route_check ] --END-- [ RunTime:0.001996s ]
INFO: [ app_begin ] --START--
INFO: ReadHtmlCache Behavior ::run [ RunTime:0.001432s ]
INFO: [ app_begin ] --END-- [ RunTime:0.001746s ]

[ 2015-10-24T12:49:23+08:00 ] 192.168.1.105 /evc/index.php/Usr/usrct
INFO: [ route_check ] --START--
INFO: CheckRoute Behavior ::run [ RunTime:0.001998s ]
INFO: [ route_check ] --END-- [ RunTime:0.002305s ]
INFO: [ app_begin ] --START--
INFO: ReadHtmlCache Behavior ::run [ RunTime:0.001497s ]
INFO: [ app_begin ] --END-- [ RunTime:0.001785s ]
INFO: [ view_parse ] --START--
INFO: ParseTemplate Behavior ::run [ RunTime:0.035231s ]
INFO: [ view_parse ] --END-- [ RunTime:0.035581s ]
INFO: [ view_filter ] --START--
INFO: ContentReplace Behavior ::run [ RunTime:0.001283s ]
INFO: TokenBuild Behavior ::run [ RunTime:0.001173s ]
INFO: WriteHtmlCache Behavior ::run [ RunTime:0.000849s ]
INFO: ShowRuntime Behavior ::run [ RunTime:0.001441s ]
INFO: [ view_filter ] --END-- [ RunTime:0.005464s ]
INFO: [ view_end ] --START--
INFO: ShowPageTrace Behavior ::run [ RunTime:0.001584s ]
INFO: [ view_end ] --END-- [ RunTime:0.001875s ]

[ 2015-10-24T12:49:23+08:00 ] 192.168.1.105 /evc/index.php/Usr/baidu.com
INFO: [ route_check ] --START--
INFO: CheckRoute Behavior ::run [ RunTime:0.001961s ]
INFO: [ route_check ] --END-- [ RunTime:0.002296s ]
INFO: [ app_begin ] --START--
INFO: ReadHtmlCache Behavior ::run [ RunTime:0.002012s ]
INFO: [ app_begin ] --END-- [ RunTime:0.002281s ]
ERR: 非法操作:baidu.com

[ 2015-10-24T12:49:30+08:00 ] 192.168.1.105 /evc/index.php/Usr/fnddvcbydvcid?dvcid=1
INFO: [ route_check ] --START--
INFO: CheckRoute Behavior ::run [ RunTime:0.002647s ]
INFO: [ route_check ] --END-- [ RunTime:0.003108s ]
INFO: [ app_begin ] --START--
INFO: ReadHtmlCache Behavior ::run [ RunTime:0.002212s ]
INFO: [ app_begin ] --END-- [ RunTime:0.002603s ]

[ 2015-10-24T12:49:36+08:00 ] 192.168.1.105 /evc/index.php/Usr/fnddvcbydvcid?dvcid=1
INFO: [ route_check ] --START--
INFO: CheckRoute Behavior ::run [ RunTime:0.002868s ]
INFO: [ route_check ] --END-- [ RunTime:0.003389s ]
INFO: [ app_begin ] --START--
INFO: ReadHtmlCache Behavior ::run [ RunTime:0.002618s ]
INFO: [ app_begin ] --END-- [ RunTime:0.002991s ]

[ 2015-10-24T12:50:36+08:00 ] 192.168.1.105 /evc/index.php/Usr/fnddvcbydvcid?dvcid=1
INFO: [ route_check ] --START--
INFO: CheckRoute Behavior ::run [ RunTime:0.002018s ]
INFO: [ route_check ] --END-- [ RunTime:0.002292s ]
INFO: [ app_begin ] --START--
INFO: ReadHtmlCache Behavior ::run [ RunTime:0.001496s ]
INFO: [ app_begin ] --END-- [ RunTime:0.001725s ]

[ 2015-10-24T12:50:41+08:00 ] 192.168.1.105 /evc/index.php/Usr/fnddvcbydvcid?dvcid=1
INFO: [ route_check ] --START--
INFO: CheckRoute Behavior ::run [ RunTime:0.002348s ]
INFO: [ route_check ] --END-- [ RunTime:0.003588s ]
INFO: [ app_begin ] --START--
INFO: ReadHtmlCache Behavior ::run [ RunTime:0.002326s ]
INFO: [ app_begin ] --END-- [ RunTime:0.002713s ]

[ 2015-10-24T20:56:53+08:00 ] 192.168.1.109 /evc/index.php/Cmn/dspdvc?ctlgtd=121.576464&ctlttd=31.224494
INFO: [ route_check ] --START--
INFO: CheckRoute Behavior ::run [ RunTime:0.006394s ]
INFO: [ route_check ] --END-- [ RunTime:0.007081s ]
INFO: [ app_begin ] --START--
INFO: ReadHtmlCache Behavior ::run [ RunTime:0.022443s ]
INFO: [ app_begin ] --END-- [ RunTime:0.023138s ]

[ 2015-10-24T23:05:49+08:00 ] 192.168.1.109 /evc/index.php
INFO: [ app_begin ] --START--
INFO: ReadHtmlCache Behavior ::run [ RunTime:0.003757s ]
INFO: [ app_begin ] --END-- [ RunTime:0.004239s ]
NOTIC: [8] Undefined index: lth C:\wamp\www\evc\index\Lib\Action\IndexAction.class.php 第 49 行.
INFO: [ view_parse ] --START--
INFO: ParseTemplate Behavior ::run [ RunTime:0.066318s ]
INFO: [ view_parse ] --END-- [ RunTime:0.066794s ]
INFO: [ view_filter ] --START--
INFO: ContentReplace Behavior ::run [ RunTime:0.003355s ]
INFO: TokenBuild Behavior ::run [ RunTime:0.002964s ]
INFO: WriteHtmlCache Behavior ::run [ RunTime:0.001614s ]
INFO: ShowRuntime Behavior ::run [ RunTime:0.001953s ]
INFO: [ view_filter ] --END-- [ RunTime:0.010935s ]
INFO: [ view_end ] --START--
INFO: ShowPageTrace Behavior ::run [ RunTime:0.003032s ]
INFO: [ view_end ] --END-- [ RunTime:0.003298s ]

[ 2015-10-24T23:05:51+08:00 ] 192.168.1.109 /evc/index.php/Cmn/dspdvc?ctlgtd=121.576464&ctlttd=31.224494
INFO: [ route_check ] --START--
INFO: CheckRoute Behavior ::run [ RunTime:0.003973s ]
INFO: [ route_check ] --END-- [ RunTime:0.004491s ]
INFO: [ app_begin ] --START--
INFO: ReadHtmlCache Behavior ::run [ RunTime:0.002291s ]
INFO: [ app_begin ] --END-- [ RunTime:0.002691s ]

[ 2015-10-24T23:06:26+08:00 ] 192.168.1.109 /evc/index.php
INFO: [ app_begin ] --START--
INFO: ReadHtmlCache Behavior ::run [ RunTime:0.001560s ]
INFO: [ app_begin ] --END-- [ RunTime:0.001885s ]
NOTIC: [8] Undefined index: lth C:\wamp\www\evc\index\Lib\Action\IndexAction.class.php 第 49 行.
INFO: [ view_parse ] --START--
INFO: ParseTemplate Behavior ::run [ RunTime:0.029554s ]
INFO: [ view_parse ] --END-- [ RunTime:0.029864s ]
INFO: [ view_filter ] --START--
INFO: ContentReplace Behavior ::run [ RunTime:0.001331s ]
INFO: TokenBuild Behavior ::run [ RunTime:0.001283s ]
INFO: WriteHtmlCache Behavior ::run [ RunTime:0.000940s ]
INFO: ShowRuntime Behavior ::run [ RunTime:0.001501s ]
INFO: [ view_filter ] --END-- [ RunTime:0.005792s ]
INFO: [ view_end ] --START--
INFO: ShowPageTrace Behavior ::run [ RunTime:0.001521s ]
INFO: [ view_end ] --END-- [ RunTime:0.001770s ]

[ 2015-10-24T23:06:28+08:00 ] 192.168.1.109 /evc/index.php/Cmn/dspdvc?ctlgtd=121.576464&ctlttd=31.224494
INFO: [ route_check ] --START--
INFO: CheckRoute Behavior ::run [ RunTime:0.003166s ]
INFO: [ route_check ] --END-- [ RunTime:0.003899s ]
INFO: [ app_begin ] --START--
INFO: ReadHtmlCache Behavior ::run [ RunTime:0.012659s ]
INFO: [ app_begin ] --END-- [ RunTime:0.013262s ]

[ 2015-10-24T23:09:13+08:00 ] 192.168.1.109 /evc/index.php
INFO: [ app_begin ] --START--
INFO: ReadHtmlCache Behavior ::run [ RunTime:0.005346s ]
INFO: [ app_begin ] --END-- [ RunTime:0.005860s ]
NOTIC: [8] Undefined index: lth C:\wamp\www\evc\index\Lib\Action\IndexAction.class.php 第 49 行.
INFO: [ view_parse ] --START--
INFO: ParseTemplate Behavior ::run [ RunTime:0.043880s ]
INFO: [ view_parse ] --END-- [ RunTime:0.044365s ]
INFO: [ view_filter ] --START--
INFO: ContentReplace Behavior ::run [ RunTime:0.003065s ]
INFO: TokenBuild Behavior ::run [ RunTime:0.002789s ]
INFO: WriteHtmlCache Behavior ::run [ RunTime:0.002293s ]
INFO: ShowRuntime Behavior ::run [ RunTime:0.003111s ]
INFO: [ view_filter ] --END-- [ RunTime:0.012641s ]
INFO: [ view_end ] --START--
INFO: ShowPageTrace Behavior ::run [ RunTime:0.003074s ]
INFO: [ view_end ] --END-- [ RunTime:0.003501s ]

[ 2015-10-24T23:09:15+08:00 ] 192.168.1.109 /evc/index.php/Cmn/dspdvc?ctlgtd=121.576464&ctlttd=31.224494
INFO: [ route_check ] --START--
INFO: CheckRoute Behavior ::run [ RunTime:0.032313s ]
INFO: [ route_check ] --END-- [ RunTime:0.032985s ]
INFO: [ app_begin ] --START--
INFO: ReadHtmlCache Behavior ::run [ RunTime:0.020239s ]
INFO: [ app_begin ] --END-- [ RunTime:0.021225s ]

[ 2015-10-24T23:10:36+08:00 ] 192.168.1.109 /evc/index.php
INFO: [ app_begin ] --START--
INFO: ReadHtmlCache Behavior ::run [ RunTime:0.001944s ]
INFO: [ app_begin ] --END-- [ RunTime:0.002343s ]
NOTIC: [8] Undefined index: lth C:\wamp\www\evc\index\Lib\Action\IndexAction.class.php 第 49 行.
INFO: [ view_parse ] --START--
INFO: ParseTemplate Behavior ::run [ RunTime:0.027579s ]
INFO: [ view_parse ] --END-- [ RunTime:0.027984s ]
INFO: [ view_filter ] --START--
INFO: ContentReplace Behavior ::run [ RunTime:0.003383s ]
INFO: TokenBuild Behavior ::run [ RunTime:0.001693s ]
INFO: WriteHtmlCache Behavior ::run [ RunTime:0.001139s ]
INFO: ShowRuntime Behavior ::run [ RunTime:0.002101s ]
INFO: [ view_filter ] --END-- [ RunTime:0.009834s ]
INFO: [ view_end ] --START--
INFO: ShowPageTrace Behavior ::run [ RunTime:0.002581s ]
INFO: [ view_end ] --END-- [ RunTime:0.003078s ]

[ 2015-10-24T23:10:37+08:00 ] 192.168.1.109 /evc/index.php/Cmn/dspdvc?ctlgtd=121.576464&ctlttd=31.224494
INFO: [ route_check ] --START--
INFO: CheckRoute Behavior ::run [ RunTime:0.004184s ]
INFO: [ route_check ] --END-- [ RunTime:0.004814s ]
INFO: [ app_begin ] --START--
INFO: ReadHtmlCache Behavior ::run [ RunTime:0.004850s ]
INFO: [ app_begin ] --END-- [ RunTime:0.006411s ]

[ 2015-10-24T23:10:55+08:00 ] 192.168.1.100 /evc/index.php
INFO: [ app_begin ] --START--
INFO: ReadHtmlCache Behavior ::run [ RunTime:0.002326s ]
INFO: [ app_begin ] --END-- [ RunTime:0.002846s ]
NOTIC: [8] Undefined index: lth C:\wamp\www\evc\index\Lib\Action\IndexAction.class.php 第 49 行.
INFO: [ view_parse ] --START--
INFO: ParseTemplate Behavior ::run [ RunTime:0.030187s ]
INFO: [ view_parse ] --END-- [ RunTime:0.030621s ]
INFO: [ view_filter ] --START--
INFO: ContentReplace Behavior ::run [ RunTime:0.001499s ]
INFO: TokenBuild Behavior ::run [ RunTime:0.001102s ]
INFO: WriteHtmlCache Behavior ::run [ RunTime:0.000857s ]
INFO: ShowRuntime Behavior ::run [ RunTime:0.001364s ]
INFO: [ view_filter ] --END-- [ RunTime:0.005556s ]
INFO: [ view_end ] --START--
INFO: ShowPageTrace Behavior ::run [ RunTime:0.001490s ]
INFO: [ view_end ] --END-- [ RunTime:0.001732s ]

[ 2015-10-24T23:10:56+08:00 ] 192.168.1.100 /evc/index.php/Cmn/dspdvc?ctlgtd=121.576464&ctlttd=31.224494
INFO: [ route_check ] --START--
INFO: CheckRoute Behavior ::run [ RunTime:0.002814s ]
INFO: [ route_check ] --END-- [ RunTime:0.003262s ]
INFO: [ app_begin ] --START--
INFO: ReadHtmlCache Behavior ::run [ RunTime:0.001475s ]
INFO: [ app_begin ] --END-- [ RunTime:0.001739s ]

[ 2015-10-24T23:11:41+08:00 ] 192.168.1.109 /evc/index.php
INFO: [ app_begin ] --START--
INFO: ReadHtmlCache Behavior ::run [ RunTime:0.003614s ]
INFO: [ app_begin ] --END-- [ RunTime:0.004538s ]
NOTIC: [8] Undefined index: lth C:\wamp\www\evc\index\Lib\Action\IndexAction.class.php 第 49 行.
INFO: [ view_parse ] --START--
INFO: ParseTemplate Behavior ::run [ RunTime:0.051251s ]
INFO: [ view_parse ] --END-- [ RunTime:0.052147s ]
INFO: [ view_filter ] --START--
INFO: ContentReplace Behavior ::run [ RunTime:0.004496s ]
INFO: TokenBuild Behavior ::run [ RunTime:0.002557s ]
INFO: WriteHtmlCache Behavior ::run [ RunTime:0.002335s ]
INFO: ShowRuntime Behavior ::run [ RunTime:0.004086s ]
INFO: [ view_filter ] --END-- [ RunTime:0.015069s ]
INFO: [ view_end ] --START--
INFO: ShowPageTrace Behavior ::run [ RunTime:0.004157s ]
INFO: [ view_end ] --END-- [ RunTime:0.004707s ]

[ 2015-10-24T23:11:42+08:00 ] 192.168.1.109 /evc/index.php/Cmn/dspdvc?ctlgtd=121.576464&ctlttd=31.224494
INFO: [ route_check ] --START--
INFO: CheckRoute Behavior ::run [ RunTime:0.004241s ]
INFO: [ route_check ] --END-- [ RunTime:0.006074s ]
INFO: [ app_begin ] --START--
INFO: ReadHtmlCache Behavior ::run [ RunTime:0.004050s ]
INFO: [ app_begin ] --END-- [ RunTime:0.004503s ]

[ 2015-10-24T23:12:07+08:00 ] 192.168.1.100 /evc/index.php
INFO: [ app_begin ] --START--
INFO: ReadHtmlCache Behavior ::run [ RunTime:0.001541s ]
INFO: [ app_begin ] --END-- [ RunTime:0.001864s ]
NOTIC: [8] Undefined index: lth C:\wamp\www\evc\index\Lib\Action\IndexAction.class.php 第 49 行.
INFO: [ view_parse ] --START--
INFO: ParseTemplate Behavior ::run [ RunTime:0.028738s ]
INFO: [ view_parse ] --END-- [ RunTime:0.029049s ]
INFO: [ view_filter ] --START--
INFO: ContentReplace Behavior ::run [ RunTime:0.001492s ]
INFO: TokenBuild Behavior ::run [ RunTime:0.001275s ]
INFO: WriteHtmlCache Behavior ::run [ RunTime:0.001158s ]
INFO: ShowRuntime Behavior ::run [ RunTime:0.002090s ]
INFO: [ view_filter ] --END-- [ RunTime:0.006735s ]
INFO: [ view_end ] --START--
INFO: ShowPageTrace Behavior ::run [ RunTime:0.001860s ]
INFO: [ view_end ] --END-- [ RunTime:0.002134s ]

[ 2015-10-24T23:12:07+08:00 ] 192.168.1.100 /evc/index.php/Cmn/dspdvc?ctlgtd=121.576464&ctlttd=31.224494
INFO: [ route_check ] --START--
INFO: CheckRoute Behavior ::run [ RunTime:0.001977s ]
INFO: [ route_check ] --END-- [ RunTime:0.002274s ]
INFO: [ app_begin ] --START--
INFO: ReadHtmlCache Behavior ::run [ RunTime:0.001474s ]
INFO: [ app_begin ] --END-- [ RunTime:0.001963s ]

