[ 2015-11-03T07:32:21+08:00 ] 0.0.0.0 /evc/index.php
INFO: [ app_begin ] --START--
INFO: ReadHtmlCache Behavior ::run [ RunTime:0.004660s ]
INFO: [ app_begin ] --END-- [ RunTime:0.005063s ]
NOTIC: [8] Undefined index: lth C:\wamp\www\evc\index\Lib\Action\IndexAction.class.php 第 49 行.
INFO: [ view_parse ] --START--
INFO: ParseTemplate Behavior ::run [ RunTime:0.087317s ]
INFO: [ view_parse ] --END-- [ RunTime:0.087489s ]
INFO: [ view_filter ] --START--
INFO: ContentReplace Behavior ::run [ RunTime:0.001122s ]
INFO: TokenBuild Behavior ::run [ RunTime:0.001034s ]
INFO: WriteHtmlCache Behavior ::run [ RunTime:0.000882s ]
INFO: ShowRuntime Behavior ::run [ RunTime:0.001154s ]
INFO: [ view_filter ] --END-- [ RunTime:0.004588s ]
INFO: [ view_end ] --START--
INFO: ShowPageTrace Behavior ::run [ RunTime:0.001261s ]
INFO: [ view_end ] --END-- [ RunTime:0.001426s ]

[ 2015-11-03T07:32:22+08:00 ] 0.0.0.0 /evc/index.php/Cmn/dspdvc?ctlgtd=121.576464&ctlttd=31.224494
INFO: [ route_check ] --START--
INFO: CheckRoute Behavior ::run [ RunTime:0.034142s ]
INFO: [ route_check ] --END-- [ RunTime:0.034391s ]
INFO: [ app_begin ] --START--
INFO: ReadHtmlCache Behavior ::run [ RunTime:0.001890s ]
INFO: [ app_begin ] --END-- [ RunTime:0.002232s ]

[ 2015-11-03T07:32:23+08:00 ] 0.0.0.0 /evc/index.php/Cmn/vrfusrstat?x=usrct
INFO: [ route_check ] --START--
INFO: CheckRoute Behavior ::run [ RunTime:0.000913s ]
INFO: [ route_check ] --END-- [ RunTime:0.001055s ]
INFO: [ app_begin ] --START--
INFO: ReadHtmlCache Behavior ::run [ RunTime:0.000703s ]
INFO: [ app_begin ] --END-- [ RunTime:0.000804s ]

[ 2015-11-03T07:32:23+08:00 ] 0.0.0.0 /evc/index.php/Usr/usrct
INFO: [ route_check ] --START--
INFO: CheckRoute Behavior ::run [ RunTime:0.000998s ]
INFO: [ route_check ] --END-- [ RunTime:0.001175s ]
INFO: [ app_begin ] --START--
INFO: ReadHtmlCache Behavior ::run [ RunTime:0.000733s ]
INFO: [ app_begin ] --END-- [ RunTime:0.000855s ]
INFO: [ view_parse ] --START--
INFO: ParseTemplate Behavior ::run [ RunTime:0.052681s ]
INFO: [ view_parse ] --END-- [ RunTime:0.052844s ]
INFO: [ view_filter ] --START--
INFO: ContentReplace Behavior ::run [ RunTime:0.000858s ]
INFO: TokenBuild Behavior ::run [ RunTime:0.001246s ]
INFO: WriteHtmlCache Behavior ::run [ RunTime:0.000649s ]
INFO: ShowRuntime Behavior ::run [ RunTime:0.001030s ]
INFO: [ view_filter ] --END-- [ RunTime:0.004291s ]
INFO: [ view_end ] --START--
INFO: ShowPageTrace Behavior ::run [ RunTime:0.001026s ]
INFO: [ view_end ] --END-- [ RunTime:0.001156s ]

[ 2015-11-03T07:32:23+08:00 ] 0.0.0.0 /evc/index.php/Usr/baidu.com
INFO: [ route_check ] --START--
INFO: CheckRoute Behavior ::run [ RunTime:0.002261s ]
INFO: [ route_check ] --END-- [ RunTime:0.002523s ]
INFO: [ app_begin ] --START--
INFO: ReadHtmlCache Behavior ::run [ RunTime:0.001213s ]
INFO: [ app_begin ] --END-- [ RunTime:0.001431s ]
ERR: 非法操作:baidu.com

[ 2015-11-03T07:32:23+08:00 ] 0.0.0.0 /evc/index.php/Usr/baidu.com
INFO: [ route_check ] --START--
INFO: CheckRoute Behavior ::run [ RunTime:0.001280s ]
INFO: [ route_check ] --END-- [ RunTime:0.001488s ]
INFO: [ app_begin ] --START--
INFO: ReadHtmlCache Behavior ::run [ RunTime:0.000871s ]
INFO: [ app_begin ] --END-- [ RunTime:0.001002s ]
ERR: 非法操作:baidu.com

[ 2015-11-03T07:32:28+08:00 ] 0.0.0.0 /evc/index.php/Usr/zhxx
INFO: [ route_check ] --START--
INFO: CheckRoute Behavior ::run [ RunTime:0.001111s ]
INFO: [ route_check ] --END-- [ RunTime:0.001287s ]
INFO: [ app_begin ] --START--
INFO: ReadHtmlCache Behavior ::run [ RunTime:0.000802s ]
INFO: [ app_begin ] --END-- [ RunTime:0.000928s ]
INFO: [ view_parse ] --START--
INFO: ParseTemplate Behavior ::run [ RunTime:0.027832s ]
INFO: [ view_parse ] --END-- [ RunTime:0.028012s ]
INFO: [ view_filter ] --START--
INFO: ContentReplace Behavior ::run [ RunTime:0.000637s ]
INFO: TokenBuild Behavior ::run [ RunTime:0.000594s ]
INFO: WriteHtmlCache Behavior ::run [ RunTime:0.000424s ]
INFO: ShowRuntime Behavior ::run [ RunTime:0.002005s ]
INFO: [ view_filter ] --END-- [ RunTime:0.004053s ]
INFO: [ view_end ] --START--
INFO: ShowPageTrace Behavior ::run [ RunTime:0.000826s ]
INFO: [ view_end ] --END-- [ RunTime:0.000959s ]

[ 2015-11-03T07:32:35+08:00 ] 0.0.0.0 /evc/index.php/Usr/chongzhi
INFO: [ route_check ] --START--
INFO: CheckRoute Behavior ::run [ RunTime:0.000986s ]
INFO: [ route_check ] --END-- [ RunTime:0.001173s ]
INFO: [ app_begin ] --START--
INFO: ReadHtmlCache Behavior ::run [ RunTime:0.000908s ]
INFO: [ app_begin ] --END-- [ RunTime:0.001090s ]
INFO: [ view_parse ] --START--
INFO: ParseTemplate Behavior ::run [ RunTime:0.013658s ]
INFO: [ view_parse ] --END-- [ RunTime:0.013855s ]
INFO: [ view_filter ] --START--
INFO: ContentReplace Behavior ::run [ RunTime:0.001887s ]
INFO: TokenBuild Behavior ::run [ RunTime:0.000676s ]
INFO: WriteHtmlCache Behavior ::run [ RunTime:0.000445s ]
INFO: ShowRuntime Behavior ::run [ RunTime:0.000715s ]
INFO: [ view_filter ] --END-- [ RunTime:0.004268s ]
INFO: [ view_end ] --START--
INFO: ShowPageTrace Behavior ::run [ RunTime:0.000765s ]
INFO: [ view_end ] --END-- [ RunTime:0.000889s ]

