[ 2015-11-06T19:48:39+08:00 ] 0.0.0.0 /evc/index.php
INFO: [ app_begin ] --START--
INFO: ReadHtmlCache Behavior ::run [ RunTime:0.029965s ]
INFO: [ app_begin ] --END-- [ RunTime:0.036102s ]
NOTIC: [8] Undefined index: lth C:\wamp\www\evc\index\Lib\Action\IndexAction.class.php 第 49 行.
INFO: [ view_parse ] --START--
INFO: ParseTemplate Behavior ::run [ RunTime:0.154072s ]
INFO: [ view_parse ] --END-- [ RunTime:0.154498s ]
INFO: [ view_filter ] --START--
INFO: ContentReplace Behavior ::run [ RunTime:0.036876s ]
INFO: TokenBuild Behavior ::run [ RunTime:0.012871s ]
INFO: WriteHtmlCache Behavior ::run [ RunTime:0.002926s ]
INFO: ShowRuntime Behavior ::run [ RunTime:0.003115s ]
INFO: [ view_filter ] --END-- [ RunTime:0.056896s ]
INFO: [ view_end ] --START--
INFO: ShowPageTrace Behavior ::run [ RunTime:0.003028s ]
INFO: [ view_end ] --END-- [ RunTime:0.003339s ]

[ 2015-11-06T19:48:41+08:00 ] 0.0.0.0 /evc/index.php/Cmn/dspdvc?ctlgtd=116.449877&ctlttd=39.967977
INFO: [ route_check ] --START--
INFO: CheckRoute Behavior ::run [ RunTime:0.017547s ]
INFO: [ route_check ] --END-- [ RunTime:0.017983s ]
INFO: [ app_begin ] --START--
INFO: ReadHtmlCache Behavior ::run [ RunTime:0.007028s ]
INFO: [ app_begin ] --END-- [ RunTime:0.007385s ]

[ 2015-11-06T19:56:10+08:00 ] 0.0.0.0 /evc/index.php
INFO: [ app_begin ] --START--
INFO: ReadHtmlCache Behavior ::run [ RunTime:0.002367s ]
INFO: [ app_begin ] --END-- [ RunTime:0.002780s ]
NOTIC: [8] Undefined index: lth C:\wamp\www\evc\index\Lib\Action\IndexAction.class.php 第 49 行.
INFO: [ view_parse ] --START--
INFO: ParseTemplate Behavior ::run [ RunTime:0.031452s ]
INFO: [ view_parse ] --END-- [ RunTime:0.031892s ]
INFO: [ view_filter ] --START--
INFO: ContentReplace Behavior ::run [ RunTime:0.001552s ]
INFO: TokenBuild Behavior ::run [ RunTime:0.002243s ]
INFO: WriteHtmlCache Behavior ::run [ RunTime:0.001506s ]
INFO: ShowRuntime Behavior ::run [ RunTime:0.002092s ]
INFO: [ view_filter ] --END-- [ RunTime:0.008392s ]
INFO: [ view_end ] --START--
INFO: ShowPageTrace Behavior ::run [ RunTime:0.002046s ]
INFO: [ view_end ] --END-- [ RunTime:0.002362s ]

[ 2015-11-06T19:56:11+08:00 ] 0.0.0.0 /evc/index.php/Cmn/dspdvc?ctlgtd=116.449877&ctlttd=39.967977
INFO: [ route_check ] --START--
INFO: CheckRoute Behavior ::run [ RunTime:0.003187s ]
INFO: [ route_check ] --END-- [ RunTime:0.003639s ]
INFO: [ app_begin ] --START--
INFO: ReadHtmlCache Behavior ::run [ RunTime:0.002138s ]
INFO: [ app_begin ] --END-- [ RunTime:0.002492s ]

[ 2015-11-06T19:56:23+08:00 ] 0.0.0.0 /evc/index.php/Index/doapnt?tp=19&crid=1&lgtd=116.449877&lttd=39.967977
INFO: [ route_check ] --START--
INFO: CheckRoute Behavior ::run [ RunTime:0.003003s ]
INFO: [ route_check ] --END-- [ RunTime:0.004913s ]
INFO: [ app_begin ] --START--
INFO: ReadHtmlCache Behavior ::run [ RunTime:0.003264s ]
INFO: [ app_begin ] --END-- [ RunTime:0.003722s ]
NOTIC: [8] Undefined index: fc C:\wamp\www\evc\index\Lib\Action\IndexAction.class.php 第 107 行.

[ 2015-11-06T19:56:37+08:00 ] 0.0.0.0 /evc/index.php
INFO: [ app_begin ] --START--
INFO: ReadHtmlCache Behavior ::run [ RunTime:0.002140s ]
INFO: [ app_begin ] --END-- [ RunTime:0.002594s ]
NOTIC: [8] Undefined index: lth C:\wamp\www\evc\index\Lib\Action\IndexAction.class.php 第 49 行.
INFO: [ view_parse ] --START--
INFO: ParseTemplate Behavior ::run [ RunTime:0.029958s ]
INFO: [ view_parse ] --END-- [ RunTime:0.030289s ]
INFO: [ view_filter ] --START--
INFO: ContentReplace Behavior ::run [ RunTime:0.001821s ]
INFO: TokenBuild Behavior ::run [ RunTime:0.001161s ]
INFO: WriteHtmlCache Behavior ::run [ RunTime:0.000862s ]
INFO: ShowRuntime Behavior ::run [ RunTime:0.003052s ]
INFO: [ view_filter ] --END-- [ RunTime:0.008135s ]
INFO: [ view_end ] --START--
INFO: ShowPageTrace Behavior ::run [ RunTime:0.003895s ]
INFO: [ view_end ] --END-- [ RunTime:0.004313s ]

[ 2015-11-06T19:56:38+08:00 ] 0.0.0.0 /evc/index.php/Cmn/dspdvc?ctlgtd=116.449877&ctlttd=39.967977
INFO: [ route_check ] --START--
INFO: CheckRoute Behavior ::run [ RunTime:0.004133s ]
INFO: [ route_check ] --END-- [ RunTime:0.004575s ]
INFO: [ app_begin ] --START--
INFO: ReadHtmlCache Behavior ::run [ RunTime:0.003812s ]
INFO: [ app_begin ] --END-- [ RunTime:0.004442s ]

