[ 2015-12-04T09:01:54+08:00 ] 0.0.0.0 /evc/index.php/Cmn/vrfusrstat?x=usrct
INFO: [ route_check ] --START--
INFO: CheckRoute Behavior ::run [ RunTime:0.002048s ]
INFO: [ route_check ] --END-- [ RunTime:0.002345s ]
INFO: [ app_begin ] --START--
INFO: ReadHtmlCache Behavior ::run [ RunTime:0.001280s ]
INFO: [ app_begin ] --END-- [ RunTime:0.001420s ]

[ 2015-12-04T09:02:00+08:00 ] 0.0.0.0 /evc/index.php/Cmn/dspdvc?ctlgtd=120.207736&ctlttd=30.211754
INFO: [ route_check ] --START--
INFO: CheckRoute Behavior ::run [ RunTime:0.003515s ]
INFO: [ route_check ] --END-- [ RunTime:0.004047s ]
INFO: [ app_begin ] --START--
INFO: ReadHtmlCache Behavior ::run [ RunTime:0.002514s ]
INFO: [ app_begin ] --END-- [ RunTime:0.003138s ]
NOTIC: [2] Invalid argument supplied for foreach() C:\wamp\www\evc\index\Lib\Model\SSModel.class.php 第 16 行.
NOTIC: [8] Undefined index: user C:\wamp\www\evc\index\Lib\Model\SSModel.class.php 第 25 行.
NOTIC: [8] Undefined offset: 0 C:\wamp\www\evc\index\Lib\Action\CmnAction.class.php 第 33 行.
NOTIC: [2] Invalid argument supplied for foreach() C:\wamp\www\evc\index\Lib\Action\CmnAction.class.php 第 44 行.

[ 2015-12-04T09:02:17+08:00 ] 0.0.0.0 /evc/index.php/Test/dosetss?openid=ojxMBuJe07gSZDUwp0ZHGHEMHOR8
INFO: [ route_check ] --START--
INFO: CheckRoute Behavior ::run [ RunTime:0.002895s ]
INFO: [ route_check ] --END-- [ RunTime:0.003390s ]
INFO: [ app_begin ] --START--
INFO: ReadHtmlCache Behavior ::run [ RunTime:0.001700s ]
INFO: [ app_begin ] --END-- [ RunTime:0.001953s ]
NOTIC: [2] Missing argument 1 for Action::ajaxReturn(), called in C:\wamp\www\evc\index\Lib\Action\TestAction.class.php on line 163 and defined C:\wamp\www\evc\ThinkPHP\Lib\Core\Action.class.php 第 306 行.
NOTIC: [8] Undefined variable: data C:\wamp\www\evc\ThinkPHP\Lib\Core\Action.class.php 第 322 行.

[ 2015-12-04T09:02:24+08:00 ] 0.0.0.0 /evc/index.php/
INFO: [ route_check ] --START--
INFO: CheckRoute Behavior ::run [ RunTime:0.003486s ]
INFO: [ route_check ] --END-- [ RunTime:0.003943s ]
INFO: [ app_begin ] --START--
INFO: ReadHtmlCache Behavior ::run [ RunTime:0.001837s ]
INFO: [ app_begin ] --END-- [ RunTime:0.002267s ]
NOTIC: [8] Undefined index: lth C:\wamp\www\evc\index\Lib\Action\IndexAction.class.php 第 34 行.
INFO: [ view_parse ] --START--
INFO: ParseTemplate Behavior ::run [ RunTime:0.088304s ]
INFO: [ view_parse ] --END-- [ RunTime:0.088868s ]
INFO: [ view_filter ] --START--
INFO: ContentReplace Behavior ::run [ RunTime:0.005067s ]
INFO: TokenBuild Behavior ::run [ RunTime:0.003032s ]
INFO: WriteHtmlCache Behavior ::run [ RunTime:0.002171s ]
INFO: ShowRuntime Behavior ::run [ RunTime:0.002179s ]
INFO: [ view_filter ] --END-- [ RunTime:0.013587s ]
INFO: [ view_end ] --START--
INFO: ShowPageTrace Behavior ::run [ RunTime:0.002172s ]
INFO: [ view_end ] --END-- [ RunTime:0.002433s ]

[ 2015-12-04T09:02:30+08:00 ] 0.0.0.0 /evc/index.php/Cmn/dspdvc?ctlgtd=120.207736&ctlttd=30.211754
INFO: [ route_check ] --START--
INFO: CheckRoute Behavior ::run [ RunTime:0.003003s ]
INFO: [ route_check ] --END-- [ RunTime:0.003536s ]
INFO: [ app_begin ] --START--
INFO: ReadHtmlCache Behavior ::run [ RunTime:0.002959s ]
INFO: [ app_begin ] --END-- [ RunTime:0.003354s ]

[ 2015-12-04T09:02:30+08:00 ] 0.0.0.0 /evc/index.php/Cmn/vrfusrstat?x=usrct
INFO: [ route_check ] --START--
INFO: CheckRoute Behavior ::run [ RunTime:0.003330s ]
INFO: [ route_check ] --END-- [ RunTime:0.003762s ]
INFO: [ app_begin ] --START--
INFO: ReadHtmlCache Behavior ::run [ RunTime:0.007065s ]
INFO: [ app_begin ] --END-- [ RunTime:0.007535s ]

[ 2015-12-04T09:02:31+08:00 ] 0.0.0.0 /evc/index.php/Usr/usrct
INFO: [ route_check ] --START--
INFO: CheckRoute Behavior ::run [ RunTime:0.002892s ]
INFO: [ route_check ] --END-- [ RunTime:0.003616s ]
INFO: [ app_begin ] --START--
INFO: ReadHtmlCache Behavior ::run [ RunTime:0.001830s ]
INFO: [ app_begin ] --END-- [ RunTime:0.002237s ]
INFO: [ view_parse ] --START--
INFO: ParseTemplate Behavior ::run [ RunTime:0.069063s ]
INFO: [ view_parse ] --END-- [ RunTime:0.069596s ]
INFO: [ view_filter ] --START--
INFO: ContentReplace Behavior ::run [ RunTime:0.002354s ]
INFO: TokenBuild Behavior ::run [ RunTime:0.002124s ]
INFO: WriteHtmlCache Behavior ::run [ RunTime:0.001249s ]
INFO: ShowRuntime Behavior ::run [ RunTime:0.001710s ]
INFO: [ view_filter ] --END-- [ RunTime:0.008611s ]
INFO: [ view_end ] --START--
INFO: ShowPageTrace Behavior ::run [ RunTime:0.002613s ]
INFO: [ view_end ] --END-- [ RunTime:0.002999s ]

[ 2015-12-04T09:02:35+08:00 ] 0.0.0.0 /evc/index.php/Usr/payment
INFO: [ route_check ] --START--
INFO: CheckRoute Behavior ::run [ RunTime:0.001873s ]
INFO: [ route_check ] --END-- [ RunTime:0.002305s ]
INFO: [ app_begin ] --START--
INFO: ReadHtmlCache Behavior ::run [ RunTime:0.001471s ]
INFO: [ app_begin ] --END-- [ RunTime:0.001804s ]
NOTIC: [2] mysql_connect() [<a href='function.mysql-connect'>function.mysql-connect</a>]: Access denied for user 'root'@'localhost' (using password: YES) C:\wamp\www\evc\ThinkPHP\Lib\Driver\Db\DbMysql.class.php 第 55 行.
ERR: Access denied for user 'root'@'localhost' (using password: YES)

[ 2015-12-04T09:02:51+08:00 ] 0.0.0.0 /evc/index.php/Usr/payment
INFO: [ route_check ] --START--
INFO: CheckRoute Behavior ::run [ RunTime:0.002262s ]
INFO: [ route_check ] --END-- [ RunTime:0.002712s ]
INFO: [ app_begin ] --START--
INFO: ReadHtmlCache Behavior ::run [ RunTime:0.001425s ]
INFO: [ app_begin ] --END-- [ RunTime:0.001689s ]
NOTIC: [2] Cannot use a scalar value as an array C:\wamp\www\evc\index\Lib\Action\UsrAction.class.php 第 813 行.
NOTIC: [8] Undefined variable: paymentdesc C:\wamp\www\evc\index\Lib\Action\UsrAction.class.php 第 813 行.
NOTIC: [2] Cannot use a scalar value as an array C:\wamp\www\evc\index\Lib\Action\UsrAction.class.php 第 813 行.
NOTIC: [8] Undefined variable: paymentmark C:\wamp\www\evc\index\Lib\Action\UsrAction.class.php 第 813 行.
NOTIC: [2] Cannot use a scalar value as an array C:\wamp\www\evc\index\Lib\Action\UsrAction.class.php 第 813 行.
NOTIC: [8] Undefined variable: paymentcolor C:\wamp\www\evc\index\Lib\Action\UsrAction.class.php 第 813 行.
NOTIC: [2] Cannot use a scalar value as an array C:\wamp\www\evc\index\Lib\Action\UsrAction.class.php 第 813 行.
NOTIC: [8] Undefined variable: paymentdesc C:\wamp\www\evc\index\Lib\Action\UsrAction.class.php 第 813 行.
NOTIC: [2] Cannot use a scalar value as an array C:\wamp\www\evc\index\Lib\Action\UsrAction.class.php 第 813 行.
NOTIC: [8] Undefined variable: paymentmark C:\wamp\www\evc\index\Lib\Action\UsrAction.class.php 第 813 行.
NOTIC: [2] Cannot use a scalar value as an array C:\wamp\www\evc\index\Lib\Action\UsrAction.class.php 第 813 行.
NOTIC: [8] Undefined variable: paymentcolor C:\wamp\www\evc\index\Lib\Action\UsrAction.class.php 第 813 行.
NOTIC: [2] Cannot use a scalar value as an array C:\wamp\www\evc\index\Lib\Action\UsrAction.class.php 第 813 行.
NOTIC: [8] Undefined variable: paymentdesc C:\wamp\www\evc\index\Lib\Action\UsrAction.class.php 第 813 行.
NOTIC: [2] Cannot use a scalar value as an array C:\wamp\www\evc\index\Lib\Action\UsrAction.class.php 第 813 行.
NOTIC: [8] Undefined variable: paymentmark C:\wamp\www\evc\index\Lib\Action\UsrAction.class.php 第 813 行.
NOTIC: [2] Cannot use a scalar value as an array C:\wamp\www\evc\index\Lib\Action\UsrAction.class.php 第 813 行.
NOTIC: [8] Undefined variable: paymentcolor C:\wamp\www\evc\index\Lib\Action\UsrAction.class.php 第 813 行.
NOTIC: [2] Cannot use a scalar value as an array C:\wamp\www\evc\index\Lib\Action\UsrAction.class.php 第 813 行.
NOTIC: [8] Undefined variable: paymentdesc C:\wamp\www\evc\index\Lib\Action\UsrAction.class.php 第 813 行.
NOTIC: [2] Cannot use a scalar value as an array C:\wamp\www\evc\index\Lib\Action\UsrAction.class.php 第 813 行.
NOTIC: [8] Undefined variable: paymentmark C:\wamp\www\evc\index\Lib\Action\UsrAction.class.php 第 813 行.
NOTIC: [2] Cannot use a scalar value as an array C:\wamp\www\evc\index\Lib\Action\UsrAction.class.php 第 813 行.
NOTIC: [8] Undefined variable: paymentcolor C:\wamp\www\evc\index\Lib\Action\UsrAction.class.php 第 813 行.
NOTIC: [2] Cannot use a scalar value as an array C:\wamp\www\evc\index\Lib\Action\UsrAction.class.php 第 813 行.
NOTIC: [8] Undefined variable: paymentdesc C:\wamp\www\evc\index\Lib\Action\UsrAction.class.php 第 813 行.
NOTIC: [2] Cannot use a scalar value as an array C:\wamp\www\evc\index\Lib\Action\UsrAction.class.php 第 813 行.
NOTIC: [8] Undefined variable: paymentmark C:\wamp\www\evc\index\Lib\Action\UsrAction.class.php 第 813 行.
NOTIC: [2] Cannot use a scalar value as an array C:\wamp\www\evc\index\Lib\Action\UsrAction.class.php 第 813 行.
NOTIC: [8] Undefined variable: paymentcolor C:\wamp\www\evc\index\Lib\Action\UsrAction.class.php 第 813 行.
NOTIC: [8] Undefined index: serialType C:\wamp\www\evc\index\Lib\Action\UsrAction.class.php 第 779 行.
NOTIC: [8] Undefined variable: paymentdesc C:\wamp\www\evc\index\Lib\Action\UsrAction.class.php 第 813 行.
NOTIC: [8] Undefined variable: paymentmark C:\wamp\www\evc\index\Lib\Action\UsrAction.class.php 第 813 行.
NOTIC: [8] Undefined variable: paymentcolor C:\wamp\www\evc\index\Lib\Action\UsrAction.class.php 第 813 行.
INFO: [ view_parse ] --START--
NOTIC: [8] Undefined variable: cmntls C:\wamp\www\evc\index\Runtime\Cache\8e5ceb63ed26f9e02ed0b55f36cd44c9.php 第 86 行.
INFO: ParseTemplate Behavior ::run [ RunTime:0.053037s ]
INFO: [ view_parse ] --END-- [ RunTime:0.053452s ]
INFO: [ view_filter ] --START--
INFO: ContentReplace Behavior ::run [ RunTime:0.002618s ]
INFO: TokenBuild Behavior ::run [ RunTime:0.002506s ]
INFO: WriteHtmlCache Behavior ::run [ RunTime:0.001273s ]
INFO: ShowRuntime Behavior ::run [ RunTime:0.001661s ]
INFO: [ view_filter ] --END-- [ RunTime:0.009341s ]
INFO: [ view_end ] --START--
INFO: ShowPageTrace Behavior ::run [ RunTime:0.002622s ]
INFO: [ view_end ] --END-- [ RunTime:0.003080s ]

[ 2015-12-04T09:34:10+08:00 ] 0.0.0.0 /evc/index.php/Usr/payment
INFO: [ route_check ] --START--
INFO: CheckRoute Behavior ::run [ RunTime:0.012060s ]
INFO: [ route_check ] --END-- [ RunTime:0.012266s ]
INFO: [ app_begin ] --START--
INFO: ReadHtmlCache Behavior ::run [ RunTime:0.001045s ]
INFO: [ app_begin ] --END-- [ RunTime:0.001167s ]
NOTIC: [2] Cannot use a scalar value as an array C:\wamp\www\evc\index\Lib\Action\UsrAction.class.php 第 813 行.
NOTIC: [8] Undefined variable: paymentdesc C:\wamp\www\evc\index\Lib\Action\UsrAction.class.php 第 813 行.
NOTIC: [2] Cannot use a scalar value as an array C:\wamp\www\evc\index\Lib\Action\UsrAction.class.php 第 813 行.
NOTIC: [8] Undefined variable: paymentmark C:\wamp\www\evc\index\Lib\Action\UsrAction.class.php 第 813 行.
NOTIC: [2] Cannot use a scalar value as an array C:\wamp\www\evc\index\Lib\Action\UsrAction.class.php 第 813 行.
NOTIC: [8] Undefined variable: paymentcolor C:\wamp\www\evc\index\Lib\Action\UsrAction.class.php 第 813 行.
NOTIC: [2] Cannot use a scalar value as an array C:\wamp\www\evc\index\Lib\Action\UsrAction.class.php 第 813 行.
NOTIC: [8] Undefined variable: paymentdesc C:\wamp\www\evc\index\Lib\Action\UsrAction.class.php 第 813 行.
NOTIC: [2] Cannot use a scalar value as an array C:\wamp\www\evc\index\Lib\Action\UsrAction.class.php 第 813 行.
NOTIC: [8] Undefined variable: paymentmark C:\wamp\www\evc\index\Lib\Action\UsrAction.class.php 第 813 行.
NOTIC: [2] Cannot use a scalar value as an array C:\wamp\www\evc\index\Lib\Action\UsrAction.class.php 第 813 行.
NOTIC: [8] Undefined variable: paymentcolor C:\wamp\www\evc\index\Lib\Action\UsrAction.class.php 第 813 行.
NOTIC: [2] Cannot use a scalar value as an array C:\wamp\www\evc\index\Lib\Action\UsrAction.class.php 第 813 行.
NOTIC: [8] Undefined variable: paymentdesc C:\wamp\www\evc\index\Lib\Action\UsrAction.class.php 第 813 行.
NOTIC: [2] Cannot use a scalar value as an array C:\wamp\www\evc\index\Lib\Action\UsrAction.class.php 第 813 行.
NOTIC: [8] Undefined variable: paymentmark C:\wamp\www\evc\index\Lib\Action\UsrAction.class.php 第 813 行.
NOTIC: [2] Cannot use a scalar value as an array C:\wamp\www\evc\index\Lib\Action\UsrAction.class.php 第 813 行.
NOTIC: [8] Undefined variable: paymentcolor C:\wamp\www\evc\index\Lib\Action\UsrAction.class.php 第 813 行.
NOTIC: [2] Cannot use a scalar value as an array C:\wamp\www\evc\index\Lib\Action\UsrAction.class.php 第 813 行.
NOTIC: [8] Undefined variable: paymentdesc C:\wamp\www\evc\index\Lib\Action\UsrAction.class.php 第 813 行.
NOTIC: [2] Cannot use a scalar value as an array C:\wamp\www\evc\index\Lib\Action\UsrAction.class.php 第 813 行.
NOTIC: [8] Undefined variable: paymentmark C:\wamp\www\evc\index\Lib\Action\UsrAction.class.php 第 813 行.
NOTIC: [2] Cannot use a scalar value as an array C:\wamp\www\evc\index\Lib\Action\UsrAction.class.php 第 813 行.
NOTIC: [8] Undefined variable: paymentcolor C:\wamp\www\evc\index\Lib\Action\UsrAction.class.php 第 813 行.
NOTIC: [2] Cannot use a scalar value as an array C:\wamp\www\evc\index\Lib\Action\UsrAction.class.php 第 813 行.
NOTIC: [8] Undefined variable: paymentdesc C:\wamp\www\evc\index\Lib\Action\UsrAction.class.php 第 813 行.
NOTIC: [2] Cannot use a scalar value as an array C:\wamp\www\evc\index\Lib\Action\UsrAction.class.php 第 813 行.
NOTIC: [8] Undefined variable: paymentmark C:\wamp\www\evc\index\Lib\Action\UsrAction.class.php 第 813 行.
NOTIC: [2] Cannot use a scalar value as an array C:\wamp\www\evc\index\Lib\Action\UsrAction.class.php 第 813 行.
NOTIC: [8] Undefined variable: paymentcolor C:\wamp\www\evc\index\Lib\Action\UsrAction.class.php 第 813 行.
NOTIC: [8] Undefined index: serialType C:\wamp\www\evc\index\Lib\Action\UsrAction.class.php 第 779 行.
NOTIC: [8] Undefined variable: paymentdesc C:\wamp\www\evc\index\Lib\Action\UsrAction.class.php 第 813 行.
NOTIC: [8] Undefined variable: paymentmark C:\wamp\www\evc\index\Lib\Action\UsrAction.class.php 第 813 行.
NOTIC: [8] Undefined variable: paymentcolor C:\wamp\www\evc\index\Lib\Action\UsrAction.class.php 第 813 行.
INFO: [ view_parse ] --START--
NOTIC: [8] Undefined variable: cmntls C:\wamp\www\evc\index\Runtime\Cache\8e5ceb63ed26f9e02ed0b55f36cd44c9.php 第 86 行.
INFO: ParseTemplate Behavior ::run [ RunTime:0.016489s ]
INFO: [ view_parse ] --END-- [ RunTime:0.016641s ]
INFO: [ view_filter ] --START--
INFO: ContentReplace Behavior ::run [ RunTime:0.001088s ]
INFO: TokenBuild Behavior ::run [ RunTime:0.000984s ]
INFO: WriteHtmlCache Behavior ::run [ RunTime:0.000795s ]
INFO: ShowRuntime Behavior ::run [ RunTime:0.001027s ]
INFO: [ view_filter ] --END-- [ RunTime:0.004262s ]
INFO: [ view_end ] --START--
INFO: ShowPageTrace Behavior ::run [ RunTime:0.001524s ]
INFO: [ view_end ] --END-- [ RunTime:0.001685s ]

[ 2015-12-04T09:34:26+08:00 ] 0.0.0.0 /evc/index.php/Usr/payment
INFO: [ route_check ] --START--
INFO: CheckRoute Behavior ::run [ RunTime:0.002979s ]
INFO: [ route_check ] --END-- [ RunTime:0.003511s ]
INFO: [ app_begin ] --START--
INFO: ReadHtmlCache Behavior ::run [ RunTime:0.002127s ]
INFO: [ app_begin ] --END-- [ RunTime:0.002559s ]
NOTIC: [2] Cannot use a scalar value as an array C:\wamp\www\evc\index\Lib\Action\UsrAction.class.php 第 813 行.
NOTIC: [8] Undefined variable: paymentdesc C:\wamp\www\evc\index\Lib\Action\UsrAction.class.php 第 813 行.
NOTIC: [2] Cannot use a scalar value as an array C:\wamp\www\evc\index\Lib\Action\UsrAction.class.php 第 813 行.
NOTIC: [8] Undefined variable: paymentmark C:\wamp\www\evc\index\Lib\Action\UsrAction.class.php 第 813 行.
NOTIC: [2] Cannot use a scalar value as an array C:\wamp\www\evc\index\Lib\Action\UsrAction.class.php 第 813 行.
NOTIC: [8] Undefined variable: paymentcolor C:\wamp\www\evc\index\Lib\Action\UsrAction.class.php 第 813 行.
NOTIC: [2] Cannot use a scalar value as an array C:\wamp\www\evc\index\Lib\Action\UsrAction.class.php 第 813 行.
NOTIC: [8] Undefined variable: paymentdesc C:\wamp\www\evc\index\Lib\Action\UsrAction.class.php 第 813 行.
NOTIC: [2] Cannot use a scalar value as an array C:\wamp\www\evc\index\Lib\Action\UsrAction.class.php 第 813 行.
NOTIC: [8] Undefined variable: paymentmark C:\wamp\www\evc\index\Lib\Action\UsrAction.class.php 第 813 行.
NOTIC: [2] Cannot use a scalar value as an array C:\wamp\www\evc\index\Lib\Action\UsrAction.class.php 第 813 行.
NOTIC: [8] Undefined variable: paymentcolor C:\wamp\www\evc\index\Lib\Action\UsrAction.class.php 第 813 行.
NOTIC: [2] Cannot use a scalar value as an array C:\wamp\www\evc\index\Lib\Action\UsrAction.class.php 第 813 行.
NOTIC: [8] Undefined variable: paymentdesc C:\wamp\www\evc\index\Lib\Action\UsrAction.class.php 第 813 行.
NOTIC: [2] Cannot use a scalar value as an array C:\wamp\www\evc\index\Lib\Action\UsrAction.class.php 第 813 行.
NOTIC: [8] Undefined variable: paymentmark C:\wamp\www\evc\index\Lib\Action\UsrAction.class.php 第 813 行.
NOTIC: [2] Cannot use a scalar value as an array C:\wamp\www\evc\index\Lib\Action\UsrAction.class.php 第 813 行.
NOTIC: [8] Undefined variable: paymentcolor C:\wamp\www\evc\index\Lib\Action\UsrAction.class.php 第 813 行.
NOTIC: [2] Cannot use a scalar value as an array C:\wamp\www\evc\index\Lib\Action\UsrAction.class.php 第 813 行.
NOTIC: [8] Undefined variable: paymentdesc C:\wamp\www\evc\index\Lib\Action\UsrAction.class.php 第 813 行.
NOTIC: [2] Cannot use a scalar value as an array C:\wamp\www\evc\index\Lib\Action\UsrAction.class.php 第 813 行.
NOTIC: [8] Undefined variable: paymentmark C:\wamp\www\evc\index\Lib\Action\UsrAction.class.php 第 813 行.
NOTIC: [2] Cannot use a scalar value as an array C:\wamp\www\evc\index\Lib\Action\UsrAction.class.php 第 813 行.
NOTIC: [8] Undefined variable: paymentcolor C:\wamp\www\evc\index\Lib\Action\UsrAction.class.php 第 813 行.
NOTIC: [2] Cannot use a scalar value as an array C:\wamp\www\evc\index\Lib\Action\UsrAction.class.php 第 813 行.
NOTIC: [8] Undefined variable: paymentdesc C:\wamp\www\evc\index\Lib\Action\UsrAction.class.php 第 813 行.
NOTIC: [2] Cannot use a scalar value as an array C:\wamp\www\evc\index\Lib\Action\UsrAction.class.php 第 813 行.
NOTIC: [8] Undefined variable: paymentmark C:\wamp\www\evc\index\Lib\Action\UsrAction.class.php 第 813 行.
NOTIC: [2] Cannot use a scalar value as an array C:\wamp\www\evc\index\Lib\Action\UsrAction.class.php 第 813 行.
NOTIC: [8] Undefined variable: paymentcolor C:\wamp\www\evc\index\Lib\Action\UsrAction.class.php 第 813 行.
NOTIC: [8] Undefined index: serialType C:\wamp\www\evc\index\Lib\Action\UsrAction.class.php 第 779 行.
NOTIC: [8] Undefined variable: paymentdesc C:\wamp\www\evc\index\Lib\Action\UsrAction.class.php 第 813 行.
NOTIC: [8] Undefined variable: paymentmark C:\wamp\www\evc\index\Lib\Action\UsrAction.class.php 第 813 行.
NOTIC: [8] Undefined variable: paymentcolor C:\wamp\www\evc\index\Lib\Action\UsrAction.class.php 第 813 行.
INFO: [ view_parse ] --START--
NOTIC: [8] Undefined variable: cmntls C:\wamp\www\evc\index\Runtime\Cache\8e5ceb63ed26f9e02ed0b55f36cd44c9.php 第 86 行.
INFO: ParseTemplate Behavior ::run [ RunTime:0.040494s ]
INFO: [ view_parse ] --END-- [ RunTime:0.041012s ]
INFO: [ view_filter ] --START--
INFO: ContentReplace Behavior ::run [ RunTime:0.002523s ]
INFO: TokenBuild Behavior ::run [ RunTime:0.003009s ]
INFO: WriteHtmlCache Behavior ::run [ RunTime:0.003571s ]
INFO: ShowRuntime Behavior ::run [ RunTime:0.002422s ]
INFO: [ view_filter ] --END-- [ RunTime:0.012940s ]
INFO: [ view_end ] --START--
INFO: ShowPageTrace Behavior ::run [ RunTime:0.002438s ]
INFO: [ view_end ] --END-- [ RunTime:0.002909s ]

[ 2015-12-04T09:34:55+08:00 ] 0.0.0.0 /evc/index.php/Usr/payment
INFO: [ route_check ] --START--
INFO: CheckRoute Behavior ::run [ RunTime:0.001786s ]
INFO: [ route_check ] --END-- [ RunTime:0.002079s ]
INFO: [ app_begin ] --START--
INFO: ReadHtmlCache Behavior ::run [ RunTime:0.001988s ]
INFO: [ app_begin ] --END-- [ RunTime:0.002502s ]
NOTIC: [2] Cannot use a scalar value as an array C:\wamp\www\evc\index\Lib\Action\UsrAction.class.php 第 813 行.
NOTIC: [8] Undefined variable: paymentdesc C:\wamp\www\evc\index\Lib\Action\UsrAction.class.php 第 813 行.
NOTIC: [2] Cannot use a scalar value as an array C:\wamp\www\evc\index\Lib\Action\UsrAction.class.php 第 813 行.
NOTIC: [8] Undefined variable: paymentmark C:\wamp\www\evc\index\Lib\Action\UsrAction.class.php 第 813 行.
NOTIC: [2] Cannot use a scalar value as an array C:\wamp\www\evc\index\Lib\Action\UsrAction.class.php 第 813 行.
NOTIC: [8] Undefined variable: paymentcolor C:\wamp\www\evc\index\Lib\Action\UsrAction.class.php 第 813 行.
NOTIC: [2] Cannot use a scalar value as an array C:\wamp\www\evc\index\Lib\Action\UsrAction.class.php 第 813 行.
NOTIC: [8] Undefined variable: paymentdesc C:\wamp\www\evc\index\Lib\Action\UsrAction.class.php 第 813 行.
NOTIC: [2] Cannot use a scalar value as an array C:\wamp\www\evc\index\Lib\Action\UsrAction.class.php 第 813 行.
NOTIC: [8] Undefined variable: paymentmark C:\wamp\www\evc\index\Lib\Action\UsrAction.class.php 第 813 行.
NOTIC: [2] Cannot use a scalar value as an array C:\wamp\www\evc\index\Lib\Action\UsrAction.class.php 第 813 行.
NOTIC: [8] Undefined variable: paymentcolor C:\wamp\www\evc\index\Lib\Action\UsrAction.class.php 第 813 行.
NOTIC: [2] Cannot use a scalar value as an array C:\wamp\www\evc\index\Lib\Action\UsrAction.class.php 第 813 行.
NOTIC: [8] Undefined variable: paymentdesc C:\wamp\www\evc\index\Lib\Action\UsrAction.class.php 第 813 行.
NOTIC: [2] Cannot use a scalar value as an array C:\wamp\www\evc\index\Lib\Action\UsrAction.class.php 第 813 行.
NOTIC: [8] Undefined variable: paymentmark C:\wamp\www\evc\index\Lib\Action\UsrAction.class.php 第 813 行.
NOTIC: [2] Cannot use a scalar value as an array C:\wamp\www\evc\index\Lib\Action\UsrAction.class.php 第 813 行.
NOTIC: [8] Undefined variable: paymentcolor C:\wamp\www\evc\index\Lib\Action\UsrAction.class.php 第 813 行.
NOTIC: [2] Cannot use a scalar value as an array C:\wamp\www\evc\index\Lib\Action\UsrAction.class.php 第 813 行.
NOTIC: [8] Undefined variable: paymentdesc C:\wamp\www\evc\index\Lib\Action\UsrAction.class.php 第 813 行.
NOTIC: [2] Cannot use a scalar value as an array C:\wamp\www\evc\index\Lib\Action\UsrAction.class.php 第 813 行.
NOTIC: [8] Undefined variable: paymentmark C:\wamp\www\evc\index\Lib\Action\UsrAction.class.php 第 813 行.
NOTIC: [2] Cannot use a scalar value as an array C:\wamp\www\evc\index\Lib\Action\UsrAction.class.php 第 813 行.
NOTIC: [8] Undefined variable: paymentcolor C:\wamp\www\evc\index\Lib\Action\UsrAction.class.php 第 813 行.
NOTIC: [2] Cannot use a scalar value as an array C:\wamp\www\evc\index\Lib\Action\UsrAction.class.php 第 813 行.
NOTIC: [8] Undefined variable: paymentdesc C:\wamp\www\evc\index\Lib\Action\UsrAction.class.php 第 813 行.
NOTIC: [2] Cannot use a scalar value as an array C:\wamp\www\evc\index\Lib\Action\UsrAction.class.php 第 813 行.
NOTIC: [8] Undefined variable: paymentmark C:\wamp\www\evc\index\Lib\Action\UsrAction.class.php 第 813 行.
NOTIC: [2] Cannot use a scalar value as an array C:\wamp\www\evc\index\Lib\Action\UsrAction.class.php 第 813 行.
NOTIC: [8] Undefined variable: paymentcolor C:\wamp\www\evc\index\Lib\Action\UsrAction.class.php 第 813 行.
NOTIC: [8] Undefined index: serialType C:\wamp\www\evc\index\Lib\Action\UsrAction.class.php 第 779 行.
NOTIC: [8] Undefined variable: paymentdesc C:\wamp\www\evc\index\Lib\Action\UsrAction.class.php 第 813 行.
NOTIC: [8] Undefined variable: paymentmark C:\wamp\www\evc\index\Lib\Action\UsrAction.class.php 第 813 行.
NOTIC: [8] Undefined variable: paymentcolor C:\wamp\www\evc\index\Lib\Action\UsrAction.class.php 第 813 行.
INFO: [ view_parse ] --START--
NOTIC: [8] Undefined variable: cmntls C:\wamp\www\evc\index\Runtime\Cache\8e5ceb63ed26f9e02ed0b55f36cd44c9.php 第 86 行.
INFO: ParseTemplate Behavior ::run [ RunTime:0.033421s ]
INFO: [ view_parse ] --END-- [ RunTime:0.033850s ]
INFO: [ view_filter ] --START--
INFO: ContentReplace Behavior ::run [ RunTime:0.002130s ]
INFO: TokenBuild Behavior ::run [ RunTime:0.001719s ]
INFO: WriteHtmlCache Behavior ::run [ RunTime:0.001318s ]
INFO: ShowRuntime Behavior ::run [ RunTime:0.001954s ]
INFO: [ view_filter ] --END-- [ RunTime:0.008193s ]
INFO: [ view_end ] --START--
INFO: ShowPageTrace Behavior ::run [ RunTime:0.002154s ]
INFO: [ view_end ] --END-- [ RunTime:0.002534s ]

[ 2015-12-04T09:35:30+08:00 ] 0.0.0.0 /evc/index.php/Usr/payment
INFO: [ route_check ] --START--
INFO: CheckRoute Behavior ::run [ RunTime:0.002841s ]
INFO: [ route_check ] --END-- [ RunTime:0.003476s ]
INFO: [ app_begin ] --START--
INFO: ReadHtmlCache Behavior ::run [ RunTime:0.002649s ]
INFO: [ app_begin ] --END-- [ RunTime:0.003598s ]
NOTIC: [2] Cannot use a scalar value as an array C:\wamp\www\evc\index\Lib\Action\UsrAction.class.php 第 813 行.
NOTIC: [8] Undefined variable: paymentdesc C:\wamp\www\evc\index\Lib\Action\UsrAction.class.php 第 813 行.
NOTIC: [2] Cannot use a scalar value as an array C:\wamp\www\evc\index\Lib\Action\UsrAction.class.php 第 813 行.
NOTIC: [8] Undefined variable: paymentmark C:\wamp\www\evc\index\Lib\Action\UsrAction.class.php 第 813 行.
NOTIC: [2] Cannot use a scalar value as an array C:\wamp\www\evc\index\Lib\Action\UsrAction.class.php 第 813 行.
NOTIC: [8] Undefined variable: paymentcolor C:\wamp\www\evc\index\Lib\Action\UsrAction.class.php 第 813 行.
NOTIC: [2] Cannot use a scalar value as an array C:\wamp\www\evc\index\Lib\Action\UsrAction.class.php 第 813 行.
NOTIC: [8] Undefined variable: paymentdesc C:\wamp\www\evc\index\Lib\Action\UsrAction.class.php 第 813 行.
NOTIC: [2] Cannot use a scalar value as an array C:\wamp\www\evc\index\Lib\Action\UsrAction.class.php 第 813 行.
NOTIC: [8] Undefined variable: paymentmark C:\wamp\www\evc\index\Lib\Action\UsrAction.class.php 第 813 行.
NOTIC: [2] Cannot use a scalar value as an array C:\wamp\www\evc\index\Lib\Action\UsrAction.class.php 第 813 行.
NOTIC: [8] Undefined variable: paymentcolor C:\wamp\www\evc\index\Lib\Action\UsrAction.class.php 第 813 行.
NOTIC: [2] Cannot use a scalar value as an array C:\wamp\www\evc\index\Lib\Action\UsrAction.class.php 第 813 行.
NOTIC: [8] Undefined variable: paymentdesc C:\wamp\www\evc\index\Lib\Action\UsrAction.class.php 第 813 行.
NOTIC: [2] Cannot use a scalar value as an array C:\wamp\www\evc\index\Lib\Action\UsrAction.class.php 第 813 行.
NOTIC: [8] Undefined variable: paymentmark C:\wamp\www\evc\index\Lib\Action\UsrAction.class.php 第 813 行.
NOTIC: [2] Cannot use a scalar value as an array C:\wamp\www\evc\index\Lib\Action\UsrAction.class.php 第 813 行.
NOTIC: [8] Undefined variable: paymentcolor C:\wamp\www\evc\index\Lib\Action\UsrAction.class.php 第 813 行.
NOTIC: [2] Cannot use a scalar value as an array C:\wamp\www\evc\index\Lib\Action\UsrAction.class.php 第 813 行.
NOTIC: [8] Undefined variable: paymentdesc C:\wamp\www\evc\index\Lib\Action\UsrAction.class.php 第 813 行.
NOTIC: [2] Cannot use a scalar value as an array C:\wamp\www\evc\index\Lib\Action\UsrAction.class.php 第 813 行.
NOTIC: [8] Undefined variable: paymentmark C:\wamp\www\evc\index\Lib\Action\UsrAction.class.php 第 813 行.
NOTIC: [2] Cannot use a scalar value as an array C:\wamp\www\evc\index\Lib\Action\UsrAction.class.php 第 813 行.
NOTIC: [8] Undefined variable: paymentcolor C:\wamp\www\evc\index\Lib\Action\UsrAction.class.php 第 813 行.
NOTIC: [2] Cannot use a scalar value as an array C:\wamp\www\evc\index\Lib\Action\UsrAction.class.php 第 813 行.
NOTIC: [8] Undefined variable: paymentdesc C:\wamp\www\evc\index\Lib\Action\UsrAction.class.php 第 813 行.
NOTIC: [2] Cannot use a scalar value as an array C:\wamp\www\evc\index\Lib\Action\UsrAction.class.php 第 813 行.
NOTIC: [8] Undefined variable: paymentmark C:\wamp\www\evc\index\Lib\Action\UsrAction.class.php 第 813 行.
NOTIC: [2] Cannot use a scalar value as an array C:\wamp\www\evc\index\Lib\Action\UsrAction.class.php 第 813 行.
NOTIC: [8] Undefined variable: paymentcolor C:\wamp\www\evc\index\Lib\Action\UsrAction.class.php 第 813 行.
NOTIC: [8] Undefined index: serialType C:\wamp\www\evc\index\Lib\Action\UsrAction.class.php 第 779 行.
NOTIC: [8] Undefined variable: paymentdesc C:\wamp\www\evc\index\Lib\Action\UsrAction.class.php 第 813 行.
NOTIC: [8] Undefined variable: paymentmark C:\wamp\www\evc\index\Lib\Action\UsrAction.class.php 第 813 行.
NOTIC: [8] Undefined variable: paymentcolor C:\wamp\www\evc\index\Lib\Action\UsrAction.class.php 第 813 行.
INFO: [ view_parse ] --START--
NOTIC: [8] Undefined variable: cmntls C:\wamp\www\evc\index\Runtime\Cache\8e5ceb63ed26f9e02ed0b55f36cd44c9.php 第 86 行.
INFO: ParseTemplate Behavior ::run [ RunTime:0.039403s ]
INFO: [ view_parse ] --END-- [ RunTime:0.039901s ]
INFO: [ view_filter ] --START--
INFO: ContentReplace Behavior ::run [ RunTime:0.002180s ]
INFO: TokenBuild Behavior ::run [ RunTime:0.001718s ]
INFO: WriteHtmlCache Behavior ::run [ RunTime:0.001465s ]
INFO: ShowRuntime Behavior ::run [ RunTime:0.002168s ]
INFO: [ view_filter ] --END-- [ RunTime:0.008790s ]
INFO: [ view_end ] --START--
INFO: ShowPageTrace Behavior ::run [ RunTime:0.002482s ]
INFO: [ view_end ] --END-- [ RunTime:0.002927s ]

[ 2015-12-04T09:36:22+08:00 ] 0.0.0.0 /evc/index.php/Usr/payment
INFO: [ route_check ] --START--
INFO: CheckRoute Behavior ::run [ RunTime:0.003428s ]
INFO: [ route_check ] --END-- [ RunTime:0.003907s ]
INFO: [ app_begin ] --START--
INFO: ReadHtmlCache Behavior ::run [ RunTime:0.002271s ]
INFO: [ app_begin ] --END-- [ RunTime:0.002761s ]
NOTIC: [2] Cannot use a scalar value as an array C:\wamp\www\evc\index\Lib\Action\UsrAction.class.php 第 813 行.
NOTIC: [8] Undefined variable: paymentdesc C:\wamp\www\evc\index\Lib\Action\UsrAction.class.php 第 813 行.
NOTIC: [2] Cannot use a scalar value as an array C:\wamp\www\evc\index\Lib\Action\UsrAction.class.php 第 813 行.
NOTIC: [8] Undefined variable: paymentmark C:\wamp\www\evc\index\Lib\Action\UsrAction.class.php 第 813 行.
NOTIC: [2] Cannot use a scalar value as an array C:\wamp\www\evc\index\Lib\Action\UsrAction.class.php 第 813 行.
NOTIC: [8] Undefined variable: paymentcolor C:\wamp\www\evc\index\Lib\Action\UsrAction.class.php 第 813 行.
NOTIC: [2] Cannot use a scalar value as an array C:\wamp\www\evc\index\Lib\Action\UsrAction.class.php 第 813 行.
NOTIC: [8] Undefined variable: paymentdesc C:\wamp\www\evc\index\Lib\Action\UsrAction.class.php 第 813 行.
NOTIC: [2] Cannot use a scalar value as an array C:\wamp\www\evc\index\Lib\Action\UsrAction.class.php 第 813 行.
NOTIC: [8] Undefined variable: paymentmark C:\wamp\www\evc\index\Lib\Action\UsrAction.class.php 第 813 行.
NOTIC: [2] Cannot use a scalar value as an array C:\wamp\www\evc\index\Lib\Action\UsrAction.class.php 第 813 行.
NOTIC: [8] Undefined variable: paymentcolor C:\wamp\www\evc\index\Lib\Action\UsrAction.class.php 第 813 行.
NOTIC: [2] Cannot use a scalar value as an array C:\wamp\www\evc\index\Lib\Action\UsrAction.class.php 第 813 行.
NOTIC: [8] Undefined variable: paymentdesc C:\wamp\www\evc\index\Lib\Action\UsrAction.class.php 第 813 行.
NOTIC: [2] Cannot use a scalar value as an array C:\wamp\www\evc\index\Lib\Action\UsrAction.class.php 第 813 行.
NOTIC: [8] Undefined variable: paymentmark C:\wamp\www\evc\index\Lib\Action\UsrAction.class.php 第 813 行.
NOTIC: [2] Cannot use a scalar value as an array C:\wamp\www\evc\index\Lib\Action\UsrAction.class.php 第 813 行.
NOTIC: [8] Undefined variable: paymentcolor C:\wamp\www\evc\index\Lib\Action\UsrAction.class.php 第 813 行.
NOTIC: [2] Cannot use a scalar value as an array C:\wamp\www\evc\index\Lib\Action\UsrAction.class.php 第 813 行.
NOTIC: [8] Undefined variable: paymentdesc C:\wamp\www\evc\index\Lib\Action\UsrAction.class.php 第 813 行.
NOTIC: [2] Cannot use a scalar value as an array C:\wamp\www\evc\index\Lib\Action\UsrAction.class.php 第 813 行.
NOTIC: [8] Undefined variable: paymentmark C:\wamp\www\evc\index\Lib\Action\UsrAction.class.php 第 813 行.
NOTIC: [2] Cannot use a scalar value as an array C:\wamp\www\evc\index\Lib\Action\UsrAction.class.php 第 813 行.
NOTIC: [8] Undefined variable: paymentcolor C:\wamp\www\evc\index\Lib\Action\UsrAction.class.php 第 813 行.
NOTIC: [2] Cannot use a scalar value as an array C:\wamp\www\evc\index\Lib\Action\UsrAction.class.php 第 813 行.
NOTIC: [8] Undefined variable: paymentdesc C:\wamp\www\evc\index\Lib\Action\UsrAction.class.php 第 813 行.
NOTIC: [2] Cannot use a scalar value as an array C:\wamp\www\evc\index\Lib\Action\UsrAction.class.php 第 813 行.
NOTIC: [8] Undefined variable: paymentmark C:\wamp\www\evc\index\Lib\Action\UsrAction.class.php 第 813 行.
NOTIC: [2] Cannot use a scalar value as an array C:\wamp\www\evc\index\Lib\Action\UsrAction.class.php 第 813 行.
NOTIC: [8] Undefined variable: paymentcolor C:\wamp\www\evc\index\Lib\Action\UsrAction.class.php 第 813 行.
NOTIC: [8] Undefined index: serialType C:\wamp\www\evc\index\Lib\Action\UsrAction.class.php 第 779 行.
NOTIC: [8] Undefined variable: paymentdesc C:\wamp\www\evc\index\Lib\Action\UsrAction.class.php 第 813 行.
NOTIC: [8] Undefined variable: paymentmark C:\wamp\www\evc\index\Lib\Action\UsrAction.class.php 第 813 行.
NOTIC: [8] Undefined variable: paymentcolor C:\wamp\www\evc\index\Lib\Action\UsrAction.class.php 第 813 行.
INFO: [ view_parse ] --START--
NOTIC: [8] Undefined variable: cmntls C:\wamp\www\evc\index\Runtime\Cache\8e5ceb63ed26f9e02ed0b55f36cd44c9.php 第 86 行.
INFO: ParseTemplate Behavior ::run [ RunTime:0.045974s ]
INFO: [ view_parse ] --END-- [ RunTime:0.046427s ]
INFO: [ view_filter ] --START--
INFO: ContentReplace Behavior ::run [ RunTime:0.002554s ]
INFO: TokenBuild Behavior ::run [ RunTime:0.002721s ]
INFO: WriteHtmlCache Behavior ::run [ RunTime:0.001875s ]
INFO: ShowRuntime Behavior ::run [ RunTime:0.004027s ]
INFO: [ view_filter ] --END-- [ RunTime:0.015099s ]
INFO: [ view_end ] --START--
INFO: ShowPageTrace Behavior ::run [ RunTime:0.002711s ]
INFO: [ view_end ] --END-- [ RunTime:0.003170s ]

[ 2015-12-04T10:16:31+08:00 ] 0.0.0.0 /evc/index.php/Usr/payment
INFO: [ route_check ] --START--
INFO: CheckRoute Behavior ::run [ RunTime:0.012349s ]
INFO: [ route_check ] --END-- [ RunTime:0.012799s ]
INFO: [ app_begin ] --START--
INFO: ReadHtmlCache Behavior ::run [ RunTime:0.003653s ]
INFO: [ app_begin ] --END-- [ RunTime:0.004119s ]
NOTIC: [2] Cannot use a scalar value as an array C:\wamp\www\evc\index\Lib\Action\UsrAction.class.php 第 813 行.
NOTIC: [8] Undefined variable: paymentdesc C:\wamp\www\evc\index\Lib\Action\UsrAction.class.php 第 813 行.
NOTIC: [2] Cannot use a scalar value as an array C:\wamp\www\evc\index\Lib\Action\UsrAction.class.php 第 813 行.
NOTIC: [8] Undefined variable: paymentmark C:\wamp\www\evc\index\Lib\Action\UsrAction.class.php 第 813 行.
NOTIC: [2] Cannot use a scalar value as an array C:\wamp\www\evc\index\Lib\Action\UsrAction.class.php 第 813 行.
NOTIC: [8] Undefined variable: paymentcolor C:\wamp\www\evc\index\Lib\Action\UsrAction.class.php 第 813 行.
NOTIC: [2] Cannot use a scalar value as an array C:\wamp\www\evc\index\Lib\Action\UsrAction.class.php 第 813 行.
NOTIC: [8] Undefined variable: paymentdesc C:\wamp\www\evc\index\Lib\Action\UsrAction.class.php 第 813 行.
NOTIC: [2] Cannot use a scalar value as an array C:\wamp\www\evc\index\Lib\Action\UsrAction.class.php 第 813 行.
NOTIC: [8] Undefined variable: paymentmark C:\wamp\www\evc\index\Lib\Action\UsrAction.class.php 第 813 行.
NOTIC: [2] Cannot use a scalar value as an array C:\wamp\www\evc\index\Lib\Action\UsrAction.class.php 第 813 行.
NOTIC: [8] Undefined variable: paymentcolor C:\wamp\www\evc\index\Lib\Action\UsrAction.class.php 第 813 行.
NOTIC: [2] Cannot use a scalar value as an array C:\wamp\www\evc\index\Lib\Action\UsrAction.class.php 第 813 行.
NOTIC: [8] Undefined variable: paymentdesc C:\wamp\www\evc\index\Lib\Action\UsrAction.class.php 第 813 行.
NOTIC: [2] Cannot use a scalar value as an array C:\wamp\www\evc\index\Lib\Action\UsrAction.class.php 第 813 行.
NOTIC: [8] Undefined variable: paymentmark C:\wamp\www\evc\index\Lib\Action\UsrAction.class.php 第 813 行.
NOTIC: [2] Cannot use a scalar value as an array C:\wamp\www\evc\index\Lib\Action\UsrAction.class.php 第 813 行.
NOTIC: [8] Undefined variable: paymentcolor C:\wamp\www\evc\index\Lib\Action\UsrAction.class.php 第 813 行.
NOTIC: [2] Cannot use a scalar value as an array C:\wamp\www\evc\index\Lib\Action\UsrAction.class.php 第 813 行.
NOTIC: [8] Undefined variable: paymentdesc C:\wamp\www\evc\index\Lib\Action\UsrAction.class.php 第 813 行.
NOTIC: [2] Cannot use a scalar value as an array C:\wamp\www\evc\index\Lib\Action\UsrAction.class.php 第 813 行.
NOTIC: [8] Undefined variable: paymentmark C:\wamp\www\evc\index\Lib\Action\UsrAction.class.php 第 813 行.
NOTIC: [2] Cannot use a scalar value as an array C:\wamp\www\evc\index\Lib\Action\UsrAction.class.php 第 813 行.
NOTIC: [8] Undefined variable: paymentcolor C:\wamp\www\evc\index\Lib\Action\UsrAction.class.php 第 813 行.
NOTIC: [2] Cannot use a scalar value as an array C:\wamp\www\evc\index\Lib\Action\UsrAction.class.php 第 813 行.
NOTIC: [8] Undefined variable: paymentdesc C:\wamp\www\evc\index\Lib\Action\UsrAction.class.php 第 813 行.
NOTIC: [2] Cannot use a scalar value as an array C:\wamp\www\evc\index\Lib\Action\UsrAction.class.php 第 813 行.
NOTIC: [8] Undefined variable: paymentmark C:\wamp\www\evc\index\Lib\Action\UsrAction.class.php 第 813 行.
NOTIC: [2] Cannot use a scalar value as an array C:\wamp\www\evc\index\Lib\Action\UsrAction.class.php 第 813 行.
NOTIC: [8] Undefined variable: paymentcolor C:\wamp\www\evc\index\Lib\Action\UsrAction.class.php 第 813 行.
NOTIC: [8] Undefined index: serialType C:\wamp\www\evc\index\Lib\Action\UsrAction.class.php 第 779 行.
NOTIC: [8] Undefined variable: paymentdesc C:\wamp\www\evc\index\Lib\Action\UsrAction.class.php 第 813 行.
NOTIC: [8] Undefined variable: paymentmark C:\wamp\www\evc\index\Lib\Action\UsrAction.class.php 第 813 行.
NOTIC: [8] Undefined variable: paymentcolor C:\wamp\www\evc\index\Lib\Action\UsrAction.class.php 第 813 行.
INFO: [ view_parse ] --START--
NOTIC: [8] Undefined variable: cmntls C:\wamp\www\evc\index\Runtime\Cache\8e5ceb63ed26f9e02ed0b55f36cd44c9.php 第 81 行.
INFO: ParseTemplate Behavior ::run [ RunTime:0.045292s ]
INFO: [ view_parse ] --END-- [ RunTime:0.045772s ]
INFO: [ view_filter ] --START--
INFO: ContentReplace Behavior ::run [ RunTime:0.004349s ]
INFO: TokenBuild Behavior ::run [ RunTime:0.003451s ]
INFO: WriteHtmlCache Behavior ::run [ RunTime:0.002534s ]
INFO: ShowRuntime Behavior ::run [ RunTime:0.005260s ]
INFO: [ view_filter ] --END-- [ RunTime:0.016938s ]
INFO: [ view_end ] --START--
INFO: ShowPageTrace Behavior ::run [ RunTime:0.003657s ]
INFO: [ view_end ] --END-- [ RunTime:0.004109s ]

[ 2015-12-04T10:16:52+08:00 ] 0.0.0.0 /evc/index.php/Usr/payment
INFO: [ route_check ] --START--
INFO: CheckRoute Behavior ::run [ RunTime:0.003706s ]
INFO: [ route_check ] --END-- [ RunTime:0.004507s ]
INFO: [ app_begin ] --START--
INFO: ReadHtmlCache Behavior ::run [ RunTime:0.002902s ]
INFO: [ app_begin ] --END-- [ RunTime:0.003444s ]
NOTIC: [2] Cannot use a scalar value as an array C:\wamp\www\evc\index\Lib\Action\UsrAction.class.php 第 813 行.
NOTIC: [8] Undefined variable: paymentdesc C:\wamp\www\evc\index\Lib\Action\UsrAction.class.php 第 813 行.
NOTIC: [2] Cannot use a scalar value as an array C:\wamp\www\evc\index\Lib\Action\UsrAction.class.php 第 813 行.
NOTIC: [8] Undefined variable: paymentmark C:\wamp\www\evc\index\Lib\Action\UsrAction.class.php 第 813 行.
NOTIC: [2] Cannot use a scalar value as an array C:\wamp\www\evc\index\Lib\Action\UsrAction.class.php 第 813 行.
NOTIC: [8] Undefined variable: paymentcolor C:\wamp\www\evc\index\Lib\Action\UsrAction.class.php 第 813 行.
NOTIC: [2] Cannot use a scalar value as an array C:\wamp\www\evc\index\Lib\Action\UsrAction.class.php 第 813 行.
NOTIC: [8] Undefined variable: paymentdesc C:\wamp\www\evc\index\Lib\Action\UsrAction.class.php 第 813 行.
NOTIC: [2] Cannot use a scalar value as an array C:\wamp\www\evc\index\Lib\Action\UsrAction.class.php 第 813 行.
NOTIC: [8] Undefined variable: paymentmark C:\wamp\www\evc\index\Lib\Action\UsrAction.class.php 第 813 行.
NOTIC: [2] Cannot use a scalar value as an array C:\wamp\www\evc\index\Lib\Action\UsrAction.class.php 第 813 行.
NOTIC: [8] Undefined variable: paymentcolor C:\wamp\www\evc\index\Lib\Action\UsrAction.class.php 第 813 行.
NOTIC: [2] Cannot use a scalar value as an array C:\wamp\www\evc\index\Lib\Action\UsrAction.class.php 第 813 行.
NOTIC: [8] Undefined variable: paymentdesc C:\wamp\www\evc\index\Lib\Action\UsrAction.class.php 第 813 行.
NOTIC: [2] Cannot use a scalar value as an array C:\wamp\www\evc\index\Lib\Action\UsrAction.class.php 第 813 行.
NOTIC: [8] Undefined variable: paymentmark C:\wamp\www\evc\index\Lib\Action\UsrAction.class.php 第 813 行.
NOTIC: [2] Cannot use a scalar value as an array C:\wamp\www\evc\index\Lib\Action\UsrAction.class.php 第 813 行.
NOTIC: [8] Undefined variable: paymentcolor C:\wamp\www\evc\index\Lib\Action\UsrAction.class.php 第 813 行.
NOTIC: [2] Cannot use a scalar value as an array C:\wamp\www\evc\index\Lib\Action\UsrAction.class.php 第 813 行.
NOTIC: [8] Undefined variable: paymentdesc C:\wamp\www\evc\index\Lib\Action\UsrAction.class.php 第 813 行.
NOTIC: [2] Cannot use a scalar value as an array C:\wamp\www\evc\index\Lib\Action\UsrAction.class.php 第 813 行.
NOTIC: [8] Undefined variable: paymentmark C:\wamp\www\evc\index\Lib\Action\UsrAction.class.php 第 813 行.
NOTIC: [2] Cannot use a scalar value as an array C:\wamp\www\evc\index\Lib\Action\UsrAction.class.php 第 813 行.
NOTIC: [8] Undefined variable: paymentcolor C:\wamp\www\evc\index\Lib\Action\UsrAction.class.php 第 813 行.
NOTIC: [2] Cannot use a scalar value as an array C:\wamp\www\evc\index\Lib\Action\UsrAction.class.php 第 813 行.
NOTIC: [8] Undefined variable: paymentdesc C:\wamp\www\evc\index\Lib\Action\UsrAction.class.php 第 813 行.
NOTIC: [2] Cannot use a scalar value as an array C:\wamp\www\evc\index\Lib\Action\UsrAction.class.php 第 813 行.
NOTIC: [8] Undefined variable: paymentmark C:\wamp\www\evc\index\Lib\Action\UsrAction.class.php 第 813 行.
NOTIC: [2] Cannot use a scalar value as an array C:\wamp\www\evc\index\Lib\Action\UsrAction.class.php 第 813 行.
NOTIC: [8] Undefined variable: paymentcolor C:\wamp\www\evc\index\Lib\Action\UsrAction.class.php 第 813 行.
NOTIC: [8] Undefined index: serialType C:\wamp\www\evc\index\Lib\Action\UsrAction.class.php 第 779 行.
NOTIC: [8] Undefined variable: paymentdesc C:\wamp\www\evc\index\Lib\Action\UsrAction.class.php 第 813 行.
NOTIC: [8] Undefined variable: paymentmark C:\wamp\www\evc\index\Lib\Action\UsrAction.class.php 第 813 行.
NOTIC: [8] Undefined variable: paymentcolor C:\wamp\www\evc\index\Lib\Action\UsrAction.class.php 第 813 行.
INFO: [ view_parse ] --START--
NOTIC: [8] Undefined variable: cmntls C:\wamp\www\evc\index\Runtime\Cache\8e5ceb63ed26f9e02ed0b55f36cd44c9.php 第 81 行.
INFO: ParseTemplate Behavior ::run [ RunTime:0.045723s ]
INFO: [ view_parse ] --END-- [ RunTime:0.046171s ]
INFO: [ view_filter ] --START--
INFO: ContentReplace Behavior ::run [ RunTime:0.002363s ]
INFO: TokenBuild Behavior ::run [ RunTime:0.002023s ]
INFO: WriteHtmlCache Behavior ::run [ RunTime:0.001523s ]
INFO: ShowRuntime Behavior ::run [ RunTime:0.002537s ]
INFO: [ view_filter ] --END-- [ RunTime:0.010844s ]
INFO: [ view_end ] --START--
INFO: ShowPageTrace Behavior ::run [ RunTime:0.002781s ]
INFO: [ view_end ] --END-- [ RunTime:0.003195s ]

[ 2015-12-04T10:18:31+08:00 ] 0.0.0.0 /evc/index.php/Usr/payment
INFO: [ route_check ] --START--
INFO: CheckRoute Behavior ::run [ RunTime:0.002795s ]
INFO: [ route_check ] --END-- [ RunTime:0.003275s ]
INFO: [ app_begin ] --START--
INFO: ReadHtmlCache Behavior ::run [ RunTime:0.002607s ]
INFO: [ app_begin ] --END-- [ RunTime:0.003026s ]
NOTIC: [2] Cannot use a scalar value as an array C:\wamp\www\evc\index\Lib\Action\UsrAction.class.php 第 813 行.
NOTIC: [8] Undefined variable: paymentdesc C:\wamp\www\evc\index\Lib\Action\UsrAction.class.php 第 813 行.
NOTIC: [2] Cannot use a scalar value as an array C:\wamp\www\evc\index\Lib\Action\UsrAction.class.php 第 813 行.
NOTIC: [8] Undefined variable: paymentmark C:\wamp\www\evc\index\Lib\Action\UsrAction.class.php 第 813 行.
NOTIC: [2] Cannot use a scalar value as an array C:\wamp\www\evc\index\Lib\Action\UsrAction.class.php 第 813 行.
NOTIC: [8] Undefined variable: paymentcolor C:\wamp\www\evc\index\Lib\Action\UsrAction.class.php 第 813 行.
NOTIC: [2] Cannot use a scalar value as an array C:\wamp\www\evc\index\Lib\Action\UsrAction.class.php 第 813 行.
NOTIC: [8] Undefined variable: paymentdesc C:\wamp\www\evc\index\Lib\Action\UsrAction.class.php 第 813 行.
NOTIC: [2] Cannot use a scalar value as an array C:\wamp\www\evc\index\Lib\Action\UsrAction.class.php 第 813 行.
NOTIC: [8] Undefined variable: paymentmark C:\wamp\www\evc\index\Lib\Action\UsrAction.class.php 第 813 行.
NOTIC: [2] Cannot use a scalar value as an array C:\wamp\www\evc\index\Lib\Action\UsrAction.class.php 第 813 行.
NOTIC: [8] Undefined variable: paymentcolor C:\wamp\www\evc\index\Lib\Action\UsrAction.class.php 第 813 行.
NOTIC: [2] Cannot use a scalar value as an array C:\wamp\www\evc\index\Lib\Action\UsrAction.class.php 第 813 行.
NOTIC: [8] Undefined variable: paymentdesc C:\wamp\www\evc\index\Lib\Action\UsrAction.class.php 第 813 行.
NOTIC: [2] Cannot use a scalar value as an array C:\wamp\www\evc\index\Lib\Action\UsrAction.class.php 第 813 行.
NOTIC: [8] Undefined variable: paymentmark C:\wamp\www\evc\index\Lib\Action\UsrAction.class.php 第 813 行.
NOTIC: [2] Cannot use a scalar value as an array C:\wamp\www\evc\index\Lib\Action\UsrAction.class.php 第 813 行.
NOTIC: [8] Undefined variable: paymentcolor C:\wamp\www\evc\index\Lib\Action\UsrAction.class.php 第 813 行.
NOTIC: [2] Cannot use a scalar value as an array C:\wamp\www\evc\index\Lib\Action\UsrAction.class.php 第 813 行.
NOTIC: [8] Undefined variable: paymentdesc C:\wamp\www\evc\index\Lib\Action\UsrAction.class.php 第 813 行.
NOTIC: [2] Cannot use a scalar value as an array C:\wamp\www\evc\index\Lib\Action\UsrAction.class.php 第 813 行.
NOTIC: [8] Undefined variable: paymentmark C:\wamp\www\evc\index\Lib\Action\UsrAction.class.php 第 813 行.
NOTIC: [2] Cannot use a scalar value as an array C:\wamp\www\evc\index\Lib\Action\UsrAction.class.php 第 813 行.
NOTIC: [8] Undefined variable: paymentcolor C:\wamp\www\evc\index\Lib\Action\UsrAction.class.php 第 813 行.
NOTIC: [2] Cannot use a scalar value as an array C:\wamp\www\evc\index\Lib\Action\UsrAction.class.php 第 813 行.
NOTIC: [8] Undefined variable: paymentdesc C:\wamp\www\evc\index\Lib\Action\UsrAction.class.php 第 813 行.
NOTIC: [2] Cannot use a scalar value as an array C:\wamp\www\evc\index\Lib\Action\UsrAction.class.php 第 813 行.
NOTIC: [8] Undefined variable: paymentmark C:\wamp\www\evc\index\Lib\Action\UsrAction.class.php 第 813 行.
NOTIC: [2] Cannot use a scalar value as an array C:\wamp\www\evc\index\Lib\Action\UsrAction.class.php 第 813 行.
NOTIC: [8] Undefined variable: paymentcolor C:\wamp\www\evc\index\Lib\Action\UsrAction.class.php 第 813 行.
NOTIC: [8] Undefined index: serialType C:\wamp\www\evc\index\Lib\Action\UsrAction.class.php 第 779 行.
NOTIC: [8] Undefined variable: paymentdesc C:\wamp\www\evc\index\Lib\Action\UsrAction.class.php 第 813 行.
NOTIC: [8] Undefined variable: paymentmark C:\wamp\www\evc\index\Lib\Action\UsrAction.class.php 第 813 行.
NOTIC: [8] Undefined variable: paymentcolor C:\wamp\www\evc\index\Lib\Action\UsrAction.class.php 第 813 行.
INFO: [ view_parse ] --START--
NOTIC: [8] Undefined variable: cmntls C:\wamp\www\evc\index\Runtime\Cache\8e5ceb63ed26f9e02ed0b55f36cd44c9.php 第 81 行.
INFO: ParseTemplate Behavior ::run [ RunTime:0.045770s ]
INFO: [ view_parse ] --END-- [ RunTime:0.046234s ]
INFO: [ view_filter ] --START--
INFO: ContentReplace Behavior ::run [ RunTime:0.002447s ]
INFO: TokenBuild Behavior ::run [ RunTime:0.001795s ]
INFO: WriteHtmlCache Behavior ::run [ RunTime:0.001308s ]
INFO: ShowRuntime Behavior ::run [ RunTime:0.002123s ]
INFO: [ view_filter ] --END-- [ RunTime:0.008897s ]
INFO: [ view_end ] --START--
INFO: ShowPageTrace Behavior ::run [ RunTime:0.002442s ]
INFO: [ view_end ] --END-- [ RunTime:0.002868s ]

[ 2015-12-04T10:18:46+08:00 ] 0.0.0.0 /evc/index.php/Usr/payment
INFO: [ route_check ] --START--
INFO: CheckRoute Behavior ::run [ RunTime:0.002770s ]
INFO: [ route_check ] --END-- [ RunTime:0.003314s ]
INFO: [ app_begin ] --START--
INFO: ReadHtmlCache Behavior ::run [ RunTime:0.005597s ]
INFO: [ app_begin ] --END-- [ RunTime:0.006084s ]
NOTIC: [2] Cannot use a scalar value as an array C:\wamp\www\evc\index\Lib\Action\UsrAction.class.php 第 813 行.
NOTIC: [8] Undefined variable: paymentdesc C:\wamp\www\evc\index\Lib\Action\UsrAction.class.php 第 813 行.
NOTIC: [2] Cannot use a scalar value as an array C:\wamp\www\evc\index\Lib\Action\UsrAction.class.php 第 813 行.
NOTIC: [8] Undefined variable: paymentmark C:\wamp\www\evc\index\Lib\Action\UsrAction.class.php 第 813 行.
NOTIC: [2] Cannot use a scalar value as an array C:\wamp\www\evc\index\Lib\Action\UsrAction.class.php 第 813 行.
NOTIC: [8] Undefined variable: paymentcolor C:\wamp\www\evc\index\Lib\Action\UsrAction.class.php 第 813 行.
NOTIC: [2] Cannot use a scalar value as an array C:\wamp\www\evc\index\Lib\Action\UsrAction.class.php 第 813 行.
NOTIC: [8] Undefined variable: paymentdesc C:\wamp\www\evc\index\Lib\Action\UsrAction.class.php 第 813 行.
NOTIC: [2] Cannot use a scalar value as an array C:\wamp\www\evc\index\Lib\Action\UsrAction.class.php 第 813 行.
NOTIC: [8] Undefined variable: paymentmark C:\wamp\www\evc\index\Lib\Action\UsrAction.class.php 第 813 行.
NOTIC: [2] Cannot use a scalar value as an array C:\wamp\www\evc\index\Lib\Action\UsrAction.class.php 第 813 行.
NOTIC: [8] Undefined variable: paymentcolor C:\wamp\www\evc\index\Lib\Action\UsrAction.class.php 第 813 行.
NOTIC: [2] Cannot use a scalar value as an array C:\wamp\www\evc\index\Lib\Action\UsrAction.class.php 第 813 行.
NOTIC: [8] Undefined variable: paymentdesc C:\wamp\www\evc\index\Lib\Action\UsrAction.class.php 第 813 行.
NOTIC: [2] Cannot use a scalar value as an array C:\wamp\www\evc\index\Lib\Action\UsrAction.class.php 第 813 行.
NOTIC: [8] Undefined variable: paymentmark C:\wamp\www\evc\index\Lib\Action\UsrAction.class.php 第 813 行.
NOTIC: [2] Cannot use a scalar value as an array C:\wamp\www\evc\index\Lib\Action\UsrAction.class.php 第 813 行.
NOTIC: [8] Undefined variable: paymentcolor C:\wamp\www\evc\index\Lib\Action\UsrAction.class.php 第 813 行.
NOTIC: [2] Cannot use a scalar value as an array C:\wamp\www\evc\index\Lib\Action\UsrAction.class.php 第 813 行.
NOTIC: [8] Undefined variable: paymentdesc C:\wamp\www\evc\index\Lib\Action\UsrAction.class.php 第 813 行.
NOTIC: [2] Cannot use a scalar value as an array C:\wamp\www\evc\index\Lib\Action\UsrAction.class.php 第 813 行.
NOTIC: [8] Undefined variable: paymentmark C:\wamp\www\evc\index\Lib\Action\UsrAction.class.php 第 813 行.
NOTIC: [2] Cannot use a scalar value as an array C:\wamp\www\evc\index\Lib\Action\UsrAction.class.php 第 813 行.
NOTIC: [8] Undefined variable: paymentcolor C:\wamp\www\evc\index\Lib\Action\UsrAction.class.php 第 813 行.
NOTIC: [2] Cannot use a scalar value as an array C:\wamp\www\evc\index\Lib\Action\UsrAction.class.php 第 813 行.
NOTIC: [8] Undefined variable: paymentdesc C:\wamp\www\evc\index\Lib\Action\UsrAction.class.php 第 813 行.
NOTIC: [2] Cannot use a scalar value as an array C:\wamp\www\evc\index\Lib\Action\UsrAction.class.php 第 813 行.
NOTIC: [8] Undefined variable: paymentmark C:\wamp\www\evc\index\Lib\Action\UsrAction.class.php 第 813 行.
NOTIC: [2] Cannot use a scalar value as an array C:\wamp\www\evc\index\Lib\Action\UsrAction.class.php 第 813 行.
NOTIC: [8] Undefined variable: paymentcolor C:\wamp\www\evc\index\Lib\Action\UsrAction.class.php 第 813 行.
NOTIC: [8] Undefined index: serialType C:\wamp\www\evc\index\Lib\Action\UsrAction.class.php 第 779 行.
NOTIC: [8] Undefined variable: paymentdesc C:\wamp\www\evc\index\Lib\Action\UsrAction.class.php 第 813 行.
NOTIC: [8] Undefined variable: paymentmark C:\wamp\www\evc\index\Lib\Action\UsrAction.class.php 第 813 行.
NOTIC: [8] Undefined variable: paymentcolor C:\wamp\www\evc\index\Lib\Action\UsrAction.class.php 第 813 行.
INFO: [ view_parse ] --START--
NOTIC: [8] Undefined variable: cmntls C:\wamp\www\evc\index\Runtime\Cache\8e5ceb63ed26f9e02ed0b55f36cd44c9.php 第 81 行.
INFO: ParseTemplate Behavior ::run [ RunTime:0.034743s ]
INFO: [ view_parse ] --END-- [ RunTime:0.035213s ]
INFO: [ view_filter ] --START--
INFO: ContentReplace Behavior ::run [ RunTime:0.002416s ]
INFO: TokenBuild Behavior ::run [ RunTime:0.001806s ]
INFO: WriteHtmlCache Behavior ::run [ RunTime:0.001159s ]
INFO: ShowRuntime Behavior ::run [ RunTime:0.001998s ]
INFO: [ view_filter ] --END-- [ RunTime:0.008625s ]
INFO: [ view_end ] --START--
INFO: ShowPageTrace Behavior ::run [ RunTime:0.002461s ]
INFO: [ view_end ] --END-- [ RunTime:0.002922s ]

[ 2015-12-04T10:25:15+08:00 ] 0.0.0.0 /evc/index.php/Usr/payment
INFO: [ route_check ] --START--
INFO: CheckRoute Behavior ::run [ RunTime:0.001650s ]
INFO: [ route_check ] --END-- [ RunTime:0.001813s ]
INFO: [ app_begin ] --START--
INFO: ReadHtmlCache Behavior ::run [ RunTime:0.001207s ]
INFO: [ app_begin ] --END-- [ RunTime:0.001349s ]
NOTIC: [2] Cannot use a scalar value as an array C:\wamp\www\evc\index\Lib\Action\UsrAction.class.php 第 813 行.
NOTIC: [8] Undefined variable: paymentdesc C:\wamp\www\evc\index\Lib\Action\UsrAction.class.php 第 813 行.
NOTIC: [2] Cannot use a scalar value as an array C:\wamp\www\evc\index\Lib\Action\UsrAction.class.php 第 813 行.
NOTIC: [8] Undefined variable: paymentmark C:\wamp\www\evc\index\Lib\Action\UsrAction.class.php 第 813 行.
NOTIC: [2] Cannot use a scalar value as an array C:\wamp\www\evc\index\Lib\Action\UsrAction.class.php 第 813 行.
NOTIC: [8] Undefined variable: paymentcolor C:\wamp\www\evc\index\Lib\Action\UsrAction.class.php 第 813 行.
NOTIC: [2] Cannot use a scalar value as an array C:\wamp\www\evc\index\Lib\Action\UsrAction.class.php 第 813 行.
NOTIC: [8] Undefined variable: paymentdesc C:\wamp\www\evc\index\Lib\Action\UsrAction.class.php 第 813 行.
NOTIC: [2] Cannot use a scalar value as an array C:\wamp\www\evc\index\Lib\Action\UsrAction.class.php 第 813 行.
NOTIC: [8] Undefined variable: paymentmark C:\wamp\www\evc\index\Lib\Action\UsrAction.class.php 第 813 行.
NOTIC: [2] Cannot use a scalar value as an array C:\wamp\www\evc\index\Lib\Action\UsrAction.class.php 第 813 行.
NOTIC: [8] Undefined variable: paymentcolor C:\wamp\www\evc\index\Lib\Action\UsrAction.class.php 第 813 行.
NOTIC: [2] Cannot use a scalar value as an array C:\wamp\www\evc\index\Lib\Action\UsrAction.class.php 第 813 行.
NOTIC: [8] Undefined variable: paymentdesc C:\wamp\www\evc\index\Lib\Action\UsrAction.class.php 第 813 行.
NOTIC: [2] Cannot use a scalar value as an array C:\wamp\www\evc\index\Lib\Action\UsrAction.class.php 第 813 行.
NOTIC: [8] Undefined variable: paymentmark C:\wamp\www\evc\index\Lib\Action\UsrAction.class.php 第 813 行.
NOTIC: [2] Cannot use a scalar value as an array C:\wamp\www\evc\index\Lib\Action\UsrAction.class.php 第 813 行.
NOTIC: [8] Undefined variable: paymentcolor C:\wamp\www\evc\index\Lib\Action\UsrAction.class.php 第 813 行.
NOTIC: [2] Cannot use a scalar value as an array C:\wamp\www\evc\index\Lib\Action\UsrAction.class.php 第 813 行.
NOTIC: [8] Undefined variable: paymentdesc C:\wamp\www\evc\index\Lib\Action\UsrAction.class.php 第 813 行.
NOTIC: [2] Cannot use a scalar value as an array C:\wamp\www\evc\index\Lib\Action\UsrAction.class.php 第 813 行.
NOTIC: [8] Undefined variable: paymentmark C:\wamp\www\evc\index\Lib\Action\UsrAction.class.php 第 813 行.
NOTIC: [2] Cannot use a scalar value as an array C:\wamp\www\evc\index\Lib\Action\UsrAction.class.php 第 813 行.
NOTIC: [8] Undefined variable: paymentcolor C:\wamp\www\evc\index\Lib\Action\UsrAction.class.php 第 813 行.
NOTIC: [2] Cannot use a scalar value as an array C:\wamp\www\evc\index\Lib\Action\UsrAction.class.php 第 813 行.
NOTIC: [8] Undefined variable: paymentdesc C:\wamp\www\evc\index\Lib\Action\UsrAction.class.php 第 813 行.
NOTIC: [2] Cannot use a scalar value as an array C:\wamp\www\evc\index\Lib\Action\UsrAction.class.php 第 813 行.
NOTIC: [8] Undefined variable: paymentmark C:\wamp\www\evc\index\Lib\Action\UsrAction.class.php 第 813 行.
NOTIC: [2] Cannot use a scalar value as an array C:\wamp\www\evc\index\Lib\Action\UsrAction.class.php 第 813 行.
NOTIC: [8] Undefined variable: paymentcolor C:\wamp\www\evc\index\Lib\Action\UsrAction.class.php 第 813 行.
NOTIC: [8] Undefined index: serialType C:\wamp\www\evc\index\Lib\Action\UsrAction.class.php 第 779 行.
NOTIC: [8] Undefined variable: paymentdesc C:\wamp\www\evc\index\Lib\Action\UsrAction.class.php 第 813 行.
NOTIC: [8] Undefined variable: paymentmark C:\wamp\www\evc\index\Lib\Action\UsrAction.class.php 第 813 行.
NOTIC: [8] Undefined variable: paymentcolor C:\wamp\www\evc\index\Lib\Action\UsrAction.class.php 第 813 行.
INFO: [ view_parse ] --START--
NOTIC: [8] Undefined variable: cmntls C:\wamp\www\evc\index\Runtime\Cache\8e5ceb63ed26f9e02ed0b55f36cd44c9.php 第 85 行.
INFO: ParseTemplate Behavior ::run [ RunTime:0.015561s ]
INFO: [ view_parse ] --END-- [ RunTime:0.015720s ]
INFO: [ view_filter ] --START--
INFO: ContentReplace Behavior ::run [ RunTime:0.001835s ]
INFO: TokenBuild Behavior ::run [ RunTime:0.001294s ]
INFO: WriteHtmlCache Behavior ::run [ RunTime:0.001195s ]
INFO: ShowRuntime Behavior ::run [ RunTime:0.001082s ]
INFO: [ view_filter ] --END-- [ RunTime:0.005879s ]
INFO: [ view_end ] --START--
INFO: ShowPageTrace Behavior ::run [ RunTime:0.001191s ]
INFO: [ view_end ] --END-- [ RunTime:0.001323s ]

[ 2015-12-04T10:25:29+08:00 ] 0.0.0.0 /evc/index.php/Usr/payment
INFO: [ route_check ] --START--
INFO: CheckRoute Behavior ::run [ RunTime:0.001110s ]
INFO: [ route_check ] --END-- [ RunTime:0.001261s ]
INFO: [ app_begin ] --START--
INFO: ReadHtmlCache Behavior ::run [ RunTime:0.001220s ]
INFO: [ app_begin ] --END-- [ RunTime:0.001431s ]
NOTIC: [2] Cannot use a scalar value as an array C:\wamp\www\evc\index\Lib\Action\UsrAction.class.php 第 813 行.
NOTIC: [8] Undefined variable: paymentdesc C:\wamp\www\evc\index\Lib\Action\UsrAction.class.php 第 813 行.
NOTIC: [2] Cannot use a scalar value as an array C:\wamp\www\evc\index\Lib\Action\UsrAction.class.php 第 813 行.
NOTIC: [8] Undefined variable: paymentmark C:\wamp\www\evc\index\Lib\Action\UsrAction.class.php 第 813 行.
NOTIC: [2] Cannot use a scalar value as an array C:\wamp\www\evc\index\Lib\Action\UsrAction.class.php 第 813 行.
NOTIC: [8] Undefined variable: paymentcolor C:\wamp\www\evc\index\Lib\Action\UsrAction.class.php 第 813 行.
NOTIC: [2] Cannot use a scalar value as an array C:\wamp\www\evc\index\Lib\Action\UsrAction.class.php 第 813 行.
NOTIC: [8] Undefined variable: paymentdesc C:\wamp\www\evc\index\Lib\Action\UsrAction.class.php 第 813 行.
NOTIC: [2] Cannot use a scalar value as an array C:\wamp\www\evc\index\Lib\Action\UsrAction.class.php 第 813 行.
NOTIC: [8] Undefined variable: paymentmark C:\wamp\www\evc\index\Lib\Action\UsrAction.class.php 第 813 行.
NOTIC: [2] Cannot use a scalar value as an array C:\wamp\www\evc\index\Lib\Action\UsrAction.class.php 第 813 行.
NOTIC: [8] Undefined variable: paymentcolor C:\wamp\www\evc\index\Lib\Action\UsrAction.class.php 第 813 行.
NOTIC: [2] Cannot use a scalar value as an array C:\wamp\www\evc\index\Lib\Action\UsrAction.class.php 第 813 行.
NOTIC: [8] Undefined variable: paymentdesc C:\wamp\www\evc\index\Lib\Action\UsrAction.class.php 第 813 行.
NOTIC: [2] Cannot use a scalar value as an array C:\wamp\www\evc\index\Lib\Action\UsrAction.class.php 第 813 行.
NOTIC: [8] Undefined variable: paymentmark C:\wamp\www\evc\index\Lib\Action\UsrAction.class.php 第 813 行.
NOTIC: [2] Cannot use a scalar value as an array C:\wamp\www\evc\index\Lib\Action\UsrAction.class.php 第 813 行.
NOTIC: [8] Undefined variable: paymentcolor C:\wamp\www\evc\index\Lib\Action\UsrAction.class.php 第 813 行.
NOTIC: [2] Cannot use a scalar value as an array C:\wamp\www\evc\index\Lib\Action\UsrAction.class.php 第 813 行.
NOTIC: [8] Undefined variable: paymentdesc C:\wamp\www\evc\index\Lib\Action\UsrAction.class.php 第 813 行.
NOTIC: [2] Cannot use a scalar value as an array C:\wamp\www\evc\index\Lib\Action\UsrAction.class.php 第 813 行.
NOTIC: [8] Undefined variable: paymentmark C:\wamp\www\evc\index\Lib\Action\UsrAction.class.php 第 813 行.
NOTIC: [2] Cannot use a scalar value as an array C:\wamp\www\evc\index\Lib\Action\UsrAction.class.php 第 813 行.
NOTIC: [8] Undefined variable: paymentcolor C:\wamp\www\evc\index\Lib\Action\UsrAction.class.php 第 813 行.
NOTIC: [2] Cannot use a scalar value as an array C:\wamp\www\evc\index\Lib\Action\UsrAction.class.php 第 813 行.
NOTIC: [8] Undefined variable: paymentdesc C:\wamp\www\evc\index\Lib\Action\UsrAction.class.php 第 813 行.
NOTIC: [2] Cannot use a scalar value as an array C:\wamp\www\evc\index\Lib\Action\UsrAction.class.php 第 813 行.
NOTIC: [8] Undefined variable: paymentmark C:\wamp\www\evc\index\Lib\Action\UsrAction.class.php 第 813 行.
NOTIC: [2] Cannot use a scalar value as an array C:\wamp\www\evc\index\Lib\Action\UsrAction.class.php 第 813 行.
NOTIC: [8] Undefined variable: paymentcolor C:\wamp\www\evc\index\Lib\Action\UsrAction.class.php 第 813 行.
NOTIC: [8] Undefined index: serialType C:\wamp\www\evc\index\Lib\Action\UsrAction.class.php 第 779 行.
NOTIC: [8] Undefined variable: paymentdesc C:\wamp\www\evc\index\Lib\Action\UsrAction.class.php 第 813 行.
NOTIC: [8] Undefined variable: paymentmark C:\wamp\www\evc\index\Lib\Action\UsrAction.class.php 第 813 行.
NOTIC: [8] Undefined variable: paymentcolor C:\wamp\www\evc\index\Lib\Action\UsrAction.class.php 第 813 行.
INFO: [ view_parse ] --START--
NOTIC: [8] Undefined variable: cmntls C:\wamp\www\evc\index\Runtime\Cache\8e5ceb63ed26f9e02ed0b55f36cd44c9.php 第 85 行.
INFO: ParseTemplate Behavior ::run [ RunTime:0.060524s ]
INFO: [ view_parse ] --END-- [ RunTime:0.060709s ]
INFO: [ view_filter ] --START--
INFO: ContentReplace Behavior ::run [ RunTime:0.000782s ]
INFO: TokenBuild Behavior ::run [ RunTime:0.001268s ]
INFO: WriteHtmlCache Behavior ::run [ RunTime:0.001401s ]
INFO: ShowRuntime Behavior ::run [ RunTime:0.001969s ]
INFO: [ view_filter ] --END-- [ RunTime:0.006276s ]
INFO: [ view_end ] --START--
INFO: ShowPageTrace Behavior ::run [ RunTime:0.001058s ]
INFO: [ view_end ] --END-- [ RunTime:0.001212s ]

[ 2015-12-04T10:26:49+08:00 ] 0.0.0.0 /evc/index.php/Usr/payment
INFO: [ route_check ] --START--
INFO: CheckRoute Behavior ::run [ RunTime:0.004404s ]
INFO: [ route_check ] --END-- [ RunTime:0.004856s ]
INFO: [ app_begin ] --START--
INFO: ReadHtmlCache Behavior ::run [ RunTime:0.002587s ]
INFO: [ app_begin ] --END-- [ RunTime:0.002966s ]
NOTIC: [2] Cannot use a scalar value as an array C:\wamp\www\evc\index\Lib\Action\UsrAction.class.php 第 813 行.
NOTIC: [8] Undefined variable: paymentdesc C:\wamp\www\evc\index\Lib\Action\UsrAction.class.php 第 813 行.
NOTIC: [2] Cannot use a scalar value as an array C:\wamp\www\evc\index\Lib\Action\UsrAction.class.php 第 813 行.
NOTIC: [8] Undefined variable: paymentmark C:\wamp\www\evc\index\Lib\Action\UsrAction.class.php 第 813 行.
NOTIC: [2] Cannot use a scalar value as an array C:\wamp\www\evc\index\Lib\Action\UsrAction.class.php 第 813 行.
NOTIC: [8] Undefined variable: paymentcolor C:\wamp\www\evc\index\Lib\Action\UsrAction.class.php 第 813 行.
NOTIC: [2] Cannot use a scalar value as an array C:\wamp\www\evc\index\Lib\Action\UsrAction.class.php 第 813 行.
NOTIC: [8] Undefined variable: paymentdesc C:\wamp\www\evc\index\Lib\Action\UsrAction.class.php 第 813 行.
NOTIC: [2] Cannot use a scalar value as an array C:\wamp\www\evc\index\Lib\Action\UsrAction.class.php 第 813 行.
NOTIC: [8] Undefined variable: paymentmark C:\wamp\www\evc\index\Lib\Action\UsrAction.class.php 第 813 行.
NOTIC: [2] Cannot use a scalar value as an array C:\wamp\www\evc\index\Lib\Action\UsrAction.class.php 第 813 行.
NOTIC: [8] Undefined variable: paymentcolor C:\wamp\www\evc\index\Lib\Action\UsrAction.class.php 第 813 行.
NOTIC: [2] Cannot use a scalar value as an array C:\wamp\www\evc\index\Lib\Action\UsrAction.class.php 第 813 行.
NOTIC: [8] Undefined variable: paymentdesc C:\wamp\www\evc\index\Lib\Action\UsrAction.class.php 第 813 行.
NOTIC: [2] Cannot use a scalar value as an array C:\wamp\www\evc\index\Lib\Action\UsrAction.class.php 第 813 行.
NOTIC: [8] Undefined variable: paymentmark C:\wamp\www\evc\index\Lib\Action\UsrAction.class.php 第 813 行.
NOTIC: [2] Cannot use a scalar value as an array C:\wamp\www\evc\index\Lib\Action\UsrAction.class.php 第 813 行.
NOTIC: [8] Undefined variable: paymentcolor C:\wamp\www\evc\index\Lib\Action\UsrAction.class.php 第 813 行.
NOTIC: [2] Cannot use a scalar value as an array C:\wamp\www\evc\index\Lib\Action\UsrAction.class.php 第 813 行.
NOTIC: [8] Undefined variable: paymentdesc C:\wamp\www\evc\index\Lib\Action\UsrAction.class.php 第 813 行.
NOTIC: [2] Cannot use a scalar value as an array C:\wamp\www\evc\index\Lib\Action\UsrAction.class.php 第 813 行.
NOTIC: [8] Undefined variable: paymentmark C:\wamp\www\evc\index\Lib\Action\UsrAction.class.php 第 813 行.
NOTIC: [2] Cannot use a scalar value as an array C:\wamp\www\evc\index\Lib\Action\UsrAction.class.php 第 813 行.
NOTIC: [8] Undefined variable: paymentcolor C:\wamp\www\evc\index\Lib\Action\UsrAction.class.php 第 813 行.
NOTIC: [2] Cannot use a scalar value as an array C:\wamp\www\evc\index\Lib\Action\UsrAction.class.php 第 813 行.
NOTIC: [8] Undefined variable: paymentdesc C:\wamp\www\evc\index\Lib\Action\UsrAction.class.php 第 813 行.
NOTIC: [2] Cannot use a scalar value as an array C:\wamp\www\evc\index\Lib\Action\UsrAction.class.php 第 813 行.
NOTIC: [8] Undefined variable: paymentmark C:\wamp\www\evc\index\Lib\Action\UsrAction.class.php 第 813 行.
NOTIC: [2] Cannot use a scalar value as an array C:\wamp\www\evc\index\Lib\Action\UsrAction.class.php 第 813 行.
NOTIC: [8] Undefined variable: paymentcolor C:\wamp\www\evc\index\Lib\Action\UsrAction.class.php 第 813 行.
NOTIC: [8] Undefined index: serialType C:\wamp\www\evc\index\Lib\Action\UsrAction.class.php 第 779 行.
NOTIC: [8] Undefined variable: paymentdesc C:\wamp\www\evc\index\Lib\Action\UsrAction.class.php 第 813 行.
NOTIC: [8] Undefined variable: paymentmark C:\wamp\www\evc\index\Lib\Action\UsrAction.class.php 第 813 行.
NOTIC: [8] Undefined variable: paymentcolor C:\wamp\www\evc\index\Lib\Action\UsrAction.class.php 第 813 行.
INFO: [ view_parse ] --START--
NOTIC: [8] Undefined variable: cmntls C:\wamp\www\evc\index\Runtime\Cache\8e5ceb63ed26f9e02ed0b55f36cd44c9.php 第 85 行.
INFO: ParseTemplate Behavior ::run [ RunTime:0.042008s ]
INFO: [ view_parse ] --END-- [ RunTime:0.042458s ]
INFO: [ view_filter ] --START--
INFO: ContentReplace Behavior ::run [ RunTime:0.003269s ]
INFO: TokenBuild Behavior ::run [ RunTime:0.002573s ]
INFO: WriteHtmlCache Behavior ::run [ RunTime:0.001555s ]
INFO: ShowRuntime Behavior ::run [ RunTime:0.002454s ]
INFO: [ view_filter ] --END-- [ RunTime:0.011230s ]
INFO: [ view_end ] --START--
INFO: ShowPageTrace Behavior ::run [ RunTime:0.002634s ]
INFO: [ view_end ] --END-- [ RunTime:0.003185s ]

[ 2015-12-04T10:27:24+08:00 ] 0.0.0.0 /evc/index.php/Usr/payment
INFO: [ route_check ] --START--
INFO: CheckRoute Behavior ::run [ RunTime:0.002823s ]
INFO: [ route_check ] --END-- [ RunTime:0.003367s ]
INFO: [ app_begin ] --START--
INFO: ReadHtmlCache Behavior ::run [ RunTime:0.002904s ]
INFO: [ app_begin ] --END-- [ RunTime:0.003360s ]
NOTIC: [2] Cannot use a scalar value as an array C:\wamp\www\evc\index\Lib\Action\UsrAction.class.php 第 813 行.
NOTIC: [8] Undefined variable: paymentdesc C:\wamp\www\evc\index\Lib\Action\UsrAction.class.php 第 813 行.
NOTIC: [2] Cannot use a scalar value as an array C:\wamp\www\evc\index\Lib\Action\UsrAction.class.php 第 813 行.
NOTIC: [8] Undefined variable: paymentmark C:\wamp\www\evc\index\Lib\Action\UsrAction.class.php 第 813 行.
NOTIC: [2] Cannot use a scalar value as an array C:\wamp\www\evc\index\Lib\Action\UsrAction.class.php 第 813 行.
NOTIC: [8] Undefined variable: paymentcolor C:\wamp\www\evc\index\Lib\Action\UsrAction.class.php 第 813 行.
NOTIC: [2] Cannot use a scalar value as an array C:\wamp\www\evc\index\Lib\Action\UsrAction.class.php 第 813 行.
NOTIC: [8] Undefined variable: paymentdesc C:\wamp\www\evc\index\Lib\Action\UsrAction.class.php 第 813 行.
NOTIC: [2] Cannot use a scalar value as an array C:\wamp\www\evc\index\Lib\Action\UsrAction.class.php 第 813 行.
NOTIC: [8] Undefined variable: paymentmark C:\wamp\www\evc\index\Lib\Action\UsrAction.class.php 第 813 行.
NOTIC: [2] Cannot use a scalar value as an array C:\wamp\www\evc\index\Lib\Action\UsrAction.class.php 第 813 行.
NOTIC: [8] Undefined variable: paymentcolor C:\wamp\www\evc\index\Lib\Action\UsrAction.class.php 第 813 行.
NOTIC: [2] Cannot use a scalar value as an array C:\wamp\www\evc\index\Lib\Action\UsrAction.class.php 第 813 行.
NOTIC: [8] Undefined variable: paymentdesc C:\wamp\www\evc\index\Lib\Action\UsrAction.class.php 第 813 行.
NOTIC: [2] Cannot use a scalar value as an array C:\wamp\www\evc\index\Lib\Action\UsrAction.class.php 第 813 行.
NOTIC: [8] Undefined variable: paymentmark C:\wamp\www\evc\index\Lib\Action\UsrAction.class.php 第 813 行.
NOTIC: [2] Cannot use a scalar value as an array C:\wamp\www\evc\index\Lib\Action\UsrAction.class.php 第 813 行.
NOTIC: [8] Undefined variable: paymentcolor C:\wamp\www\evc\index\Lib\Action\UsrAction.class.php 第 813 行.
NOTIC: [2] Cannot use a scalar value as an array C:\wamp\www\evc\index\Lib\Action\UsrAction.class.php 第 813 行.
NOTIC: [8] Undefined variable: paymentdesc C:\wamp\www\evc\index\Lib\Action\UsrAction.class.php 第 813 行.
NOTIC: [2] Cannot use a scalar value as an array C:\wamp\www\evc\index\Lib\Action\UsrAction.class.php 第 813 行.
NOTIC: [8] Undefined variable: paymentmark C:\wamp\www\evc\index\Lib\Action\UsrAction.class.php 第 813 行.
NOTIC: [2] Cannot use a scalar value as an array C:\wamp\www\evc\index\Lib\Action\UsrAction.class.php 第 813 行.
NOTIC: [8] Undefined variable: paymentcolor C:\wamp\www\evc\index\Lib\Action\UsrAction.class.php 第 813 行.
NOTIC: [2] Cannot use a scalar value as an array C:\wamp\www\evc\index\Lib\Action\UsrAction.class.php 第 813 行.
NOTIC: [8] Undefined variable: paymentdesc C:\wamp\www\evc\index\Lib\Action\UsrAction.class.php 第 813 行.
NOTIC: [2] Cannot use a scalar value as an array C:\wamp\www\evc\index\Lib\Action\UsrAction.class.php 第 813 行.
NOTIC: [8] Undefined variable: paymentmark C:\wamp\www\evc\index\Lib\Action\UsrAction.class.php 第 813 行.
NOTIC: [2] Cannot use a scalar value as an array C:\wamp\www\evc\index\Lib\Action\UsrAction.class.php 第 813 行.
NOTIC: [8] Undefined variable: paymentcolor C:\wamp\www\evc\index\Lib\Action\UsrAction.class.php 第 813 行.
NOTIC: [8] Undefined index: serialType C:\wamp\www\evc\index\Lib\Action\UsrAction.class.php 第 779 行.
NOTIC: [8] Undefined variable: paymentdesc C:\wamp\www\evc\index\Lib\Action\UsrAction.class.php 第 813 行.
NOTIC: [8] Undefined variable: paymentmark C:\wamp\www\evc\index\Lib\Action\UsrAction.class.php 第 813 行.
NOTIC: [8] Undefined variable: paymentcolor C:\wamp\www\evc\index\Lib\Action\UsrAction.class.php 第 813 行.
INFO: [ view_parse ] --START--
NOTIC: [8] Undefined variable: cmntls C:\wamp\www\evc\index\Runtime\Cache\8e5ceb63ed26f9e02ed0b55f36cd44c9.php 第 85 行.
INFO: ParseTemplate Behavior ::run [ RunTime:0.045181s ]
INFO: [ view_parse ] --END-- [ RunTime:0.045728s ]
INFO: [ view_filter ] --START--
INFO: ContentReplace Behavior ::run [ RunTime:0.002254s ]
INFO: TokenBuild Behavior ::run [ RunTime:0.003991s ]
INFO: WriteHtmlCache Behavior ::run [ RunTime:0.002769s ]
INFO: ShowRuntime Behavior ::run [ RunTime:0.002352s ]
INFO: [ view_filter ] --END-- [ RunTime:0.013687s ]
INFO: [ view_end ] --START--
INFO: ShowPageTrace Behavior ::run [ RunTime:0.002352s ]
INFO: [ view_end ] --END-- [ RunTime:0.002790s ]

[ 2015-12-04T10:29:36+08:00 ] 0.0.0.0 /evc/index.php/Usr/payment
INFO: [ route_check ] --START--
INFO: CheckRoute Behavior ::run [ RunTime:0.003675s ]
INFO: [ route_check ] --END-- [ RunTime:0.004821s ]
INFO: [ app_begin ] --START--
INFO: ReadHtmlCache Behavior ::run [ RunTime:0.003160s ]
INFO: [ app_begin ] --END-- [ RunTime:0.003707s ]

[ 2015-12-04T10:45:49+08:00 ] 0.0.0.0 /evc/index.php/Usr/payment
INFO: [ route_check ] --START--
INFO: CheckRoute Behavior ::run [ RunTime:0.003681s ]
INFO: [ route_check ] --END-- [ RunTime:0.004195s ]
INFO: [ app_begin ] --START--
INFO: ReadHtmlCache Behavior ::run [ RunTime:0.002590s ]
INFO: [ app_begin ] --END-- [ RunTime:0.003083s ]

[ 2015-12-04T10:46:03+08:00 ] 0.0.0.0 /evc/index.php/Usr/payment
INFO: [ route_check ] --START--
INFO: CheckRoute Behavior ::run [ RunTime:0.002565s ]
INFO: [ route_check ] --END-- [ RunTime:0.003040s ]
INFO: [ app_begin ] --START--
INFO: ReadHtmlCache Behavior ::run [ RunTime:0.002256s ]
INFO: [ app_begin ] --END-- [ RunTime:0.002723s ]

[ 2015-12-04T10:46:23+08:00 ] 0.0.0.0 /evc/index.php/Usr/payment
INFO: [ route_check ] --START--
INFO: CheckRoute Behavior ::run [ RunTime:0.002377s ]
INFO: [ route_check ] --END-- [ RunTime:0.002968s ]
INFO: [ app_begin ] --START--
INFO: ReadHtmlCache Behavior ::run [ RunTime:0.001838s ]
INFO: [ app_begin ] --END-- [ RunTime:0.002214s ]

[ 2015-12-04T10:46:43+08:00 ] 0.0.0.0 /evc/index.php/Usr/payment
INFO: [ route_check ] --START--
INFO: CheckRoute Behavior ::run [ RunTime:0.003012s ]
INFO: [ route_check ] --END-- [ RunTime:0.003597s ]
INFO: [ app_begin ] --START--
INFO: ReadHtmlCache Behavior ::run [ RunTime:0.002375s ]
INFO: [ app_begin ] --END-- [ RunTime:0.002845s ]

