[ 2015-11-26T07:27:45+08:00 ] 0.0.0.0 /evc/index.php/Cmn/vrfusrstat?x=usrct
INFO: [ route_check ] --START--
INFO: CheckRoute Behavior ::run [ RunTime:0.001772s ]
INFO: [ route_check ] --END-- [ RunTime:0.002079s ]
INFO: [ app_begin ] --START--
INFO: ReadHtmlCache Behavior ::run [ RunTime:0.001148s ]
INFO: [ app_begin ] --END-- [ RunTime:0.001339s ]

[ 2015-11-26T07:27:46+08:00 ] 0.0.0.0 /evc/index.php/Usr/usrct
INFO: [ route_check ] --START--
INFO: CheckRoute Behavior ::run [ RunTime:0.001645s ]
INFO: [ route_check ] --END-- [ RunTime:0.001930s ]
INFO: [ app_begin ] --START--
INFO: ReadHtmlCache Behavior ::run [ RunTime:0.000942s ]
INFO: [ app_begin ] --END-- [ RunTime:0.001115s ]
INFO: [ view_parse ] --START--
INFO: ParseTemplate Behavior ::run [ RunTime:0.022362s ]
INFO: [ view_parse ] --END-- [ RunTime:0.022616s ]
INFO: [ view_filter ] --START--
INFO: ContentReplace Behavior ::run [ RunTime:0.001007s ]
INFO: TokenBuild Behavior ::run [ RunTime:0.000894s ]
INFO: WriteHtmlCache Behavior ::run [ RunTime:0.000695s ]
INFO: ShowRuntime Behavior ::run [ RunTime:0.000987s ]
INFO: [ view_filter ] --END-- [ RunTime:0.004050s ]
INFO: [ view_end ] --START--
INFO: ShowPageTrace Behavior ::run [ RunTime:0.001068s ]
INFO: [ view_end ] --END-- [ RunTime:0.001207s ]

[ 2015-11-26T07:27:55+08:00 ] 0.0.0.0 /evc/index.php/Usr/hstr_odr
INFO: [ route_check ] --START--
INFO: CheckRoute Behavior ::run [ RunTime:0.001008s ]
INFO: [ route_check ] --END-- [ RunTime:0.001180s ]
INFO: [ app_begin ] --START--
INFO: ReadHtmlCache Behavior ::run [ RunTime:0.000917s ]
INFO: [ app_begin ] --END-- [ RunTime:0.001078s ]
NOTIC: [8] Undefined index: odrstatus C:\wamp\www\evc\index\Lib\Action\UsrAction.class.php 第 618 行.
NOTIC: [8] Undefined index: odrstatus C:\wamp\www\evc\index\Lib\Action\UsrAction.class.php 第 618 行.
INFO: [ view_parse ] --START--
NOTIC: [8] Undefined index: cro C:\wamp\www\evc\index\Runtime\Cache\65ec3f5fb80736cbfb234ec0a0cc4377.php 第 123 行.
NOTIC: [8] Undefined index: cro C:\wamp\www\evc\index\Runtime\Cache\65ec3f5fb80736cbfb234ec0a0cc4377.php 第 123 行.
NOTIC: [8] Undefined index: cro C:\wamp\www\evc\index\Runtime\Cache\65ec3f5fb80736cbfb234ec0a0cc4377.php 第 123 行.
NOTIC: [8] Undefined index: cro C:\wamp\www\evc\index\Runtime\Cache\65ec3f5fb80736cbfb234ec0a0cc4377.php 第 123 行.
INFO: ParseTemplate Behavior ::run [ RunTime:0.027633s ]
INFO: [ view_parse ] --END-- [ RunTime:0.027793s ]
INFO: [ view_filter ] --START--
INFO: ContentReplace Behavior ::run [ RunTime:0.000827s ]
INFO: TokenBuild Behavior ::run [ RunTime:0.000669s ]
INFO: WriteHtmlCache Behavior ::run [ RunTime:0.000436s ]
INFO: ShowRuntime Behavior ::run [ RunTime:0.000678s ]
INFO: [ view_filter ] --END-- [ RunTime:0.002955s ]
INFO: [ view_end ] --START--
INFO: ShowPageTrace Behavior ::run [ RunTime:0.000757s ]
INFO: [ view_end ] --END-- [ RunTime:0.000902s ]

[ 2015-11-26T07:41:00+08:00 ] 0.0.0.0 /evc/index.php/Usr/hstr_odr
INFO: [ route_check ] --START--
INFO: CheckRoute Behavior ::run [ RunTime:0.001475s ]
INFO: [ route_check ] --END-- [ RunTime:0.012711s ]
INFO: [ app_begin ] --START--
INFO: ReadHtmlCache Behavior ::run [ RunTime:0.001009s ]
INFO: [ app_begin ] --END-- [ RunTime:0.001166s ]
NOTIC: [8] Undefined index: odrstatus C:\wamp\www\evc\index\Lib\Action\UsrAction.class.php 第 618 行.
NOTIC: [8] Undefined index: odrstatus C:\wamp\www\evc\index\Lib\Action\UsrAction.class.php 第 618 行.
INFO: [ view_parse ] --START--
NOTIC: [8] Undefined index: cro C:\wamp\www\evc\index\Runtime\Cache\65ec3f5fb80736cbfb234ec0a0cc4377.php 第 120 行.
NOTIC: [8] Undefined index: cro C:\wamp\www\evc\index\Runtime\Cache\65ec3f5fb80736cbfb234ec0a0cc4377.php 第 120 行.
NOTIC: [8] Undefined index: cro C:\wamp\www\evc\index\Runtime\Cache\65ec3f5fb80736cbfb234ec0a0cc4377.php 第 120 行.
NOTIC: [8] Undefined index: cro C:\wamp\www\evc\index\Runtime\Cache\65ec3f5fb80736cbfb234ec0a0cc4377.php 第 120 行.
INFO: ParseTemplate Behavior ::run [ RunTime:0.093458s ]
INFO: [ view_parse ] --END-- [ RunTime:0.093603s ]
INFO: [ view_filter ] --START--
INFO: ContentReplace Behavior ::run [ RunTime:0.000981s ]
INFO: TokenBuild Behavior ::run [ RunTime:0.000735s ]
INFO: WriteHtmlCache Behavior ::run [ RunTime:0.000584s ]
INFO: ShowRuntime Behavior ::run [ RunTime:0.000933s ]
INFO: [ view_filter ] --END-- [ RunTime:0.003573s ]
INFO: [ view_end ] --START--
INFO: ShowPageTrace Behavior ::run [ RunTime:0.000901s ]
INFO: [ view_end ] --END-- [ RunTime:0.001041s ]

[ 2015-11-26T07:41:33+08:00 ] 0.0.0.0 /evc/index.php/Cmn/dspdvc?ctlgtd=120.207736&ctlttd=30.211754
INFO: [ route_check ] --START--
INFO: CheckRoute Behavior ::run [ RunTime:0.001535s ]
INFO: [ route_check ] --END-- [ RunTime:0.001772s ]
INFO: [ app_begin ] --START--
INFO: ReadHtmlCache Behavior ::run [ RunTime:0.001209s ]
INFO: [ app_begin ] --END-- [ RunTime:0.001445s ]
NOTIC: [8] Undefined offset: 0 C:\wamp\www\evc\index\Lib\Action\CmnAction.class.php 第 33 行.

[ 2015-11-26T07:41:34+08:00 ] 0.0.0.0 /evc/index.php/Cmn/vrfusrstat?x=usrct
INFO: [ route_check ] --START--
INFO: CheckRoute Behavior ::run [ RunTime:0.001259s ]
INFO: [ route_check ] --END-- [ RunTime:0.001473s ]
INFO: [ app_begin ] --START--
INFO: ReadHtmlCache Behavior ::run [ RunTime:0.001069s ]
INFO: [ app_begin ] --END-- [ RunTime:0.001253s ]

[ 2015-11-26T07:41:34+08:00 ] 0.0.0.0 /evc/index.php/Usr/usrct
INFO: [ route_check ] --START--
INFO: CheckRoute Behavior ::run [ RunTime:0.001437s ]
INFO: [ route_check ] --END-- [ RunTime:0.001695s ]
INFO: [ app_begin ] --START--
INFO: ReadHtmlCache Behavior ::run [ RunTime:0.001050s ]
INFO: [ app_begin ] --END-- [ RunTime:0.001230s ]
INFO: [ view_parse ] --START--
INFO: ParseTemplate Behavior ::run [ RunTime:0.025838s ]
INFO: [ view_parse ] --END-- [ RunTime:0.026026s ]
INFO: [ view_filter ] --START--
INFO: ContentReplace Behavior ::run [ RunTime:0.001107s ]
INFO: TokenBuild Behavior ::run [ RunTime:0.000943s ]
INFO: WriteHtmlCache Behavior ::run [ RunTime:0.000611s ]
INFO: ShowRuntime Behavior ::run [ RunTime:0.000942s ]
INFO: [ view_filter ] --END-- [ RunTime:0.004044s ]
INFO: [ view_end ] --START--
INFO: ShowPageTrace Behavior ::run [ RunTime:0.001034s ]
INFO: [ view_end ] --END-- [ RunTime:0.001183s ]

[ 2015-11-26T07:41:38+08:00 ] 0.0.0.0 /evc/index.php/Usr/hstr_odr
INFO: [ route_check ] --START--
INFO: CheckRoute Behavior ::run [ RunTime:0.002640s ]
INFO: [ route_check ] --END-- [ RunTime:0.002836s ]
INFO: [ app_begin ] --START--
INFO: ReadHtmlCache Behavior ::run [ RunTime:0.001254s ]
INFO: [ app_begin ] --END-- [ RunTime:0.001584s ]
NOTIC: [8] Undefined index: odrstatus C:\wamp\www\evc\index\Lib\Action\UsrAction.class.php 第 618 行.
NOTIC: [8] Undefined index: odrstatus C:\wamp\www\evc\index\Lib\Action\UsrAction.class.php 第 618 行.
INFO: [ view_parse ] --START--
NOTIC: [8] Undefined index: cro C:\wamp\www\evc\index\Runtime\Cache\65ec3f5fb80736cbfb234ec0a0cc4377.php 第 120 行.
NOTIC: [8] Undefined index: cro C:\wamp\www\evc\index\Runtime\Cache\65ec3f5fb80736cbfb234ec0a0cc4377.php 第 120 行.
NOTIC: [8] Undefined index: cro C:\wamp\www\evc\index\Runtime\Cache\65ec3f5fb80736cbfb234ec0a0cc4377.php 第 120 行.
NOTIC: [8] Undefined index: cro C:\wamp\www\evc\index\Runtime\Cache\65ec3f5fb80736cbfb234ec0a0cc4377.php 第 120 行.
INFO: ParseTemplate Behavior ::run [ RunTime:0.017454s ]
INFO: [ view_parse ] --END-- [ RunTime:0.017599s ]
INFO: [ view_filter ] --START--
INFO: ContentReplace Behavior ::run [ RunTime:0.001056s ]
INFO: TokenBuild Behavior ::run [ RunTime:0.000788s ]
INFO: WriteHtmlCache Behavior ::run [ RunTime:0.000525s ]
INFO: ShowRuntime Behavior ::run [ RunTime:0.000983s ]
INFO: [ view_filter ] --END-- [ RunTime:0.003828s ]
INFO: [ view_end ] --START--
INFO: ShowPageTrace Behavior ::run [ RunTime:0.000776s ]
INFO: [ view_end ] --END-- [ RunTime:0.000899s ]

[ 2015-11-26T07:41:42+08:00 ] 0.0.0.0 /evc/index.php/Usr/usrct
INFO: [ route_check ] --START--
INFO: CheckRoute Behavior ::run [ RunTime:0.001177s ]
INFO: [ route_check ] --END-- [ RunTime:0.001431s ]
INFO: [ app_begin ] --START--
INFO: ReadHtmlCache Behavior ::run [ RunTime:0.001439s ]
INFO: [ app_begin ] --END-- [ RunTime:0.001676s ]
INFO: [ view_parse ] --START--
INFO: ParseTemplate Behavior ::run [ RunTime:0.023092s ]
INFO: [ view_parse ] --END-- [ RunTime:0.023311s ]
INFO: [ view_filter ] --START--
INFO: ContentReplace Behavior ::run [ RunTime:0.000833s ]
INFO: TokenBuild Behavior ::run [ RunTime:0.000808s ]
INFO: WriteHtmlCache Behavior ::run [ RunTime:0.000713s ]
INFO: ShowRuntime Behavior ::run [ RunTime:0.000921s ]
INFO: [ view_filter ] --END-- [ RunTime:0.003759s ]
INFO: [ view_end ] --START--
INFO: ShowPageTrace Behavior ::run [ RunTime:0.000898s ]
INFO: [ view_end ] --END-- [ RunTime:0.001030s ]

[ 2015-11-26T08:32:39+08:00 ] 0.0.0.0 /evc/index.php/Usr/hstr_odr
INFO: [ route_check ] --START--
INFO: CheckRoute Behavior ::run [ RunTime:0.002089s ]
INFO: [ route_check ] --END-- [ RunTime:0.002357s ]
INFO: [ app_begin ] --START--
INFO: ReadHtmlCache Behavior ::run [ RunTime:0.001461s ]
INFO: [ app_begin ] --END-- [ RunTime:0.001727s ]
NOTIC: [8] Undefined index: odrstatus C:\wamp\www\evc\index\Lib\Action\UsrAction.class.php 第 618 行.
NOTIC: [8] Undefined index: odrstatus C:\wamp\www\evc\index\Lib\Action\UsrAction.class.php 第 618 行.
INFO: [ view_parse ] --START--
NOTIC: [8] Undefined index: cro C:\wamp\www\evc\index\Runtime\Cache\65ec3f5fb80736cbfb234ec0a0cc4377.php 第 120 行.
NOTIC: [8] Undefined index: cro C:\wamp\www\evc\index\Runtime\Cache\65ec3f5fb80736cbfb234ec0a0cc4377.php 第 120 行.
NOTIC: [8] Undefined index: cro C:\wamp\www\evc\index\Runtime\Cache\65ec3f5fb80736cbfb234ec0a0cc4377.php 第 120 行.
NOTIC: [8] Undefined index: cro C:\wamp\www\evc\index\Runtime\Cache\65ec3f5fb80736cbfb234ec0a0cc4377.php 第 120 行.
INFO: ParseTemplate Behavior ::run [ RunTime:0.020900s ]
INFO: [ view_parse ] --END-- [ RunTime:0.021076s ]
INFO: [ view_filter ] --START--
INFO: ContentReplace Behavior ::run [ RunTime:0.001179s ]
INFO: TokenBuild Behavior ::run [ RunTime:0.001055s ]
INFO: WriteHtmlCache Behavior ::run [ RunTime:0.000853s ]
INFO: ShowRuntime Behavior ::run [ RunTime:0.001286s ]
INFO: [ view_filter ] --END-- [ RunTime:0.004781s ]
INFO: [ view_end ] --START--
INFO: ShowPageTrace Behavior ::run [ RunTime:0.002075s ]
INFO: [ view_end ] --END-- [ RunTime:0.002216s ]

[ 2015-11-26T08:34:15+08:00 ] 0.0.0.0 /evc/index.php/Usr/hstr_odr
INFO: [ route_check ] --START--
INFO: CheckRoute Behavior ::run [ RunTime:0.001826s ]
INFO: [ route_check ] --END-- [ RunTime:0.002010s ]
INFO: [ app_begin ] --START--
INFO: ReadHtmlCache Behavior ::run [ RunTime:0.001474s ]
INFO: [ app_begin ] --END-- [ RunTime:0.001682s ]
NOTIC: [8] Undefined index: odrstatus C:\wamp\www\evc\index\Lib\Action\UsrAction.class.php 第 618 行.
NOTIC: [8] Undefined index: odrstatus C:\wamp\www\evc\index\Lib\Action\UsrAction.class.php 第 618 行.
INFO: [ view_parse ] --START--
NOTIC: [8] Undefined index: cro C:\wamp\www\evc\index\Runtime\Cache\65ec3f5fb80736cbfb234ec0a0cc4377.php 第 120 行.
NOTIC: [8] Undefined index: cro C:\wamp\www\evc\index\Runtime\Cache\65ec3f5fb80736cbfb234ec0a0cc4377.php 第 120 行.
NOTIC: [8] Undefined index: cro C:\wamp\www\evc\index\Runtime\Cache\65ec3f5fb80736cbfb234ec0a0cc4377.php 第 120 行.
NOTIC: [8] Undefined index: cro C:\wamp\www\evc\index\Runtime\Cache\65ec3f5fb80736cbfb234ec0a0cc4377.php 第 120 行.
INFO: ParseTemplate Behavior ::run [ RunTime:0.076557s ]
INFO: [ view_parse ] --END-- [ RunTime:0.076760s ]
INFO: [ view_filter ] --START--
INFO: ContentReplace Behavior ::run [ RunTime:0.001306s ]
INFO: TokenBuild Behavior ::run [ RunTime:0.001112s ]
INFO: WriteHtmlCache Behavior ::run [ RunTime:0.000976s ]
INFO: ShowRuntime Behavior ::run [ RunTime:0.001159s ]
INFO: [ view_filter ] --END-- [ RunTime:0.005230s ]
INFO: [ view_end ] --START--
INFO: ShowPageTrace Behavior ::run [ RunTime:0.001298s ]
INFO: [ view_end ] --END-- [ RunTime:0.001511s ]

[ 2015-11-26T08:38:28+08:00 ] 0.0.0.0 /evc/index.php/Usr/hstr_odr
INFO: [ route_check ] --START--
INFO: CheckRoute Behavior ::run [ RunTime:0.001499s ]
INFO: [ route_check ] --END-- [ RunTime:0.001738s ]
INFO: [ app_begin ] --START--
INFO: ReadHtmlCache Behavior ::run [ RunTime:0.001001s ]
INFO: [ app_begin ] --END-- [ RunTime:0.001175s ]
NOTIC: [8] Undefined index: odrstatus C:\wamp\www\evc\index\Lib\Action\UsrAction.class.php 第 618 行.
NOTIC: [8] Undefined index: odrstatus C:\wamp\www\evc\index\Lib\Action\UsrAction.class.php 第 618 行.
INFO: [ view_parse ] --START--
NOTIC: [8] Undefined index: cro C:\wamp\www\evc\index\Runtime\Cache\65ec3f5fb80736cbfb234ec0a0cc4377.php 第 120 行.
NOTIC: [8] Undefined index: cro C:\wamp\www\evc\index\Runtime\Cache\65ec3f5fb80736cbfb234ec0a0cc4377.php 第 120 行.
NOTIC: [8] Undefined index: cro C:\wamp\www\evc\index\Runtime\Cache\65ec3f5fb80736cbfb234ec0a0cc4377.php 第 120 行.
NOTIC: [8] Undefined index: cro C:\wamp\www\evc\index\Runtime\Cache\65ec3f5fb80736cbfb234ec0a0cc4377.php 第 120 行.
INFO: ParseTemplate Behavior ::run [ RunTime:0.019910s ]
INFO: [ view_parse ] --END-- [ RunTime:0.020093s ]
INFO: [ view_filter ] --START--
INFO: ContentReplace Behavior ::run [ RunTime:0.001042s ]
INFO: TokenBuild Behavior ::run [ RunTime:0.000893s ]
INFO: WriteHtmlCache Behavior ::run [ RunTime:0.000680s ]
INFO: ShowRuntime Behavior ::run [ RunTime:0.001021s ]
INFO: [ view_filter ] --END-- [ RunTime:0.004287s ]
INFO: [ view_end ] --START--
INFO: ShowPageTrace Behavior ::run [ RunTime:0.001116s ]
INFO: [ view_end ] --END-- [ RunTime:0.001272s ]

[ 2015-11-26T08:38:51+08:00 ] 0.0.0.0 /evc/index.php/Usr/hstr_odr
INFO: [ route_check ] --START--
INFO: CheckRoute Behavior ::run [ RunTime:0.001787s ]
INFO: [ route_check ] --END-- [ RunTime:0.002030s ]
INFO: [ app_begin ] --START--
INFO: ReadHtmlCache Behavior ::run [ RunTime:0.001255s ]
INFO: [ app_begin ] --END-- [ RunTime:0.001517s ]
NOTIC: [8] Undefined index: odrstatus C:\wamp\www\evc\index\Lib\Action\UsrAction.class.php 第 618 行.
NOTIC: [8] Undefined index: odrstatus C:\wamp\www\evc\index\Lib\Action\UsrAction.class.php 第 618 行.
INFO: [ view_parse ] --START--
NOTIC: [8] Undefined index: cro C:\wamp\www\evc\index\Runtime\Cache\65ec3f5fb80736cbfb234ec0a0cc4377.php 第 120 行.
NOTIC: [8] Undefined index: cro C:\wamp\www\evc\index\Runtime\Cache\65ec3f5fb80736cbfb234ec0a0cc4377.php 第 120 行.
NOTIC: [8] Undefined index: cro C:\wamp\www\evc\index\Runtime\Cache\65ec3f5fb80736cbfb234ec0a0cc4377.php 第 120 行.
NOTIC: [8] Undefined index: cro C:\wamp\www\evc\index\Runtime\Cache\65ec3f5fb80736cbfb234ec0a0cc4377.php 第 120 行.
INFO: ParseTemplate Behavior ::run [ RunTime:0.077589s ]
INFO: [ view_parse ] --END-- [ RunTime:0.077765s ]
INFO: [ view_filter ] --START--
INFO: ContentReplace Behavior ::run [ RunTime:0.001142s ]
INFO: TokenBuild Behavior ::run [ RunTime:0.000945s ]
INFO: WriteHtmlCache Behavior ::run [ RunTime:0.001529s ]
INFO: ShowRuntime Behavior ::run [ RunTime:0.002568s ]
INFO: [ view_filter ] --END-- [ RunTime:0.006717s ]
INFO: [ view_end ] --START--
INFO: ShowPageTrace Behavior ::run [ RunTime:0.001037s ]
INFO: [ view_end ] --END-- [ RunTime:0.001183s ]

[ 2015-11-26T08:40:37+08:00 ] 0.0.0.0 /evc/index.php/Usr/hstr_odr
INFO: [ route_check ] --START--
INFO: CheckRoute Behavior ::run [ RunTime:0.001806s ]
INFO: [ route_check ] --END-- [ RunTime:0.002067s ]
INFO: [ app_begin ] --START--
INFO: ReadHtmlCache Behavior ::run [ RunTime:0.001205s ]
INFO: [ app_begin ] --END-- [ RunTime:0.001416s ]
NOTIC: [8] Undefined index: odrstatus C:\wamp\www\evc\index\Lib\Action\UsrAction.class.php 第 618 行.
NOTIC: [8] Undefined index: odrstatus C:\wamp\www\evc\index\Lib\Action\UsrAction.class.php 第 618 行.
INFO: [ view_parse ] --START--
NOTIC: [8] Undefined index: cro C:\wamp\www\evc\index\Runtime\Cache\65ec3f5fb80736cbfb234ec0a0cc4377.php 第 120 行.
NOTIC: [8] Undefined index: cro C:\wamp\www\evc\index\Runtime\Cache\65ec3f5fb80736cbfb234ec0a0cc4377.php 第 120 行.
NOTIC: [8] Undefined index: cro C:\wamp\www\evc\index\Runtime\Cache\65ec3f5fb80736cbfb234ec0a0cc4377.php 第 120 行.
NOTIC: [8] Undefined index: cro C:\wamp\www\evc\index\Runtime\Cache\65ec3f5fb80736cbfb234ec0a0cc4377.php 第 120 行.
INFO: ParseTemplate Behavior ::run [ RunTime:0.019860s ]
INFO: [ view_parse ] --END-- [ RunTime:0.020025s ]
INFO: [ view_filter ] --START--
INFO: ContentReplace Behavior ::run [ RunTime:0.000838s ]
INFO: TokenBuild Behavior ::run [ RunTime:0.000795s ]
INFO: WriteHtmlCache Behavior ::run [ RunTime:0.000614s ]
INFO: ShowRuntime Behavior ::run [ RunTime:0.000795s ]
INFO: [ view_filter ] --END-- [ RunTime:0.003447s ]
INFO: [ view_end ] --START--
INFO: ShowPageTrace Behavior ::run [ RunTime:0.000887s ]
INFO: [ view_end ] --END-- [ RunTime:0.001034s ]

[ 2015-11-26T08:44:20+08:00 ] 0.0.0.0 /evc/index.php/Usr/hstr_odr
INFO: [ route_check ] --START--
INFO: CheckRoute Behavior ::run [ RunTime:0.001573s ]
INFO: [ route_check ] --END-- [ RunTime:0.001877s ]
INFO: [ app_begin ] --START--
INFO: ReadHtmlCache Behavior ::run [ RunTime:0.001175s ]
INFO: [ app_begin ] --END-- [ RunTime:0.001500s ]
NOTIC: [8] Undefined index: odrstatus C:\wamp\www\evc\index\Lib\Action\UsrAction.class.php 第 618 行.
NOTIC: [8] Undefined index: odrstatus C:\wamp\www\evc\index\Lib\Action\UsrAction.class.php 第 618 行.
INFO: [ view_parse ] --START--
NOTIC: [8] Undefined index: cro C:\wamp\www\evc\index\Runtime\Cache\65ec3f5fb80736cbfb234ec0a0cc4377.php 第 120 行.
NOTIC: [8] Undefined index: cro C:\wamp\www\evc\index\Runtime\Cache\65ec3f5fb80736cbfb234ec0a0cc4377.php 第 120 行.
NOTIC: [8] Undefined index: cro C:\wamp\www\evc\index\Runtime\Cache\65ec3f5fb80736cbfb234ec0a0cc4377.php 第 120 行.
NOTIC: [8] Undefined index: cro C:\wamp\www\evc\index\Runtime\Cache\65ec3f5fb80736cbfb234ec0a0cc4377.php 第 120 行.
INFO: ParseTemplate Behavior ::run [ RunTime:0.023546s ]
INFO: [ view_parse ] --END-- [ RunTime:0.023756s ]
INFO: [ view_filter ] --START--
INFO: ContentReplace Behavior ::run [ RunTime:0.001430s ]
INFO: TokenBuild Behavior ::run [ RunTime:0.001262s ]
INFO: WriteHtmlCache Behavior ::run [ RunTime:0.001028s ]
INFO: ShowRuntime Behavior ::run [ RunTime:0.001525s ]
INFO: [ view_filter ] --END-- [ RunTime:0.006001s ]
INFO: [ view_end ] --START--
INFO: ShowPageTrace Behavior ::run [ RunTime:0.001720s ]
INFO: [ view_end ] --END-- [ RunTime:0.002066s ]

[ 2015-11-26T08:50:10+08:00 ] 0.0.0.0 /evc/index.php/Usr/hstr_odr
INFO: [ route_check ] --START--
INFO: CheckRoute Behavior ::run [ RunTime:0.001352s ]
INFO: [ route_check ] --END-- [ RunTime:0.001645s ]
INFO: [ app_begin ] --START--
INFO: ReadHtmlCache Behavior ::run [ RunTime:0.000934s ]
INFO: [ app_begin ] --END-- [ RunTime:0.001085s ]
NOTIC: [8] Undefined index: odrstatus C:\wamp\www\evc\index\Lib\Action\UsrAction.class.php 第 618 行.
NOTIC: [8] Undefined index: odrstatus C:\wamp\www\evc\index\Lib\Action\UsrAction.class.php 第 618 行.
INFO: [ view_parse ] --START--
NOTIC: [8] Undefined index: cro C:\wamp\www\evc\index\Runtime\Cache\65ec3f5fb80736cbfb234ec0a0cc4377.php 第 120 行.
NOTIC: [8] Undefined index: cro C:\wamp\www\evc\index\Runtime\Cache\65ec3f5fb80736cbfb234ec0a0cc4377.php 第 120 行.
NOTIC: [8] Undefined index: cro C:\wamp\www\evc\index\Runtime\Cache\65ec3f5fb80736cbfb234ec0a0cc4377.php 第 120 行.
NOTIC: [8] Undefined index: cro C:\wamp\www\evc\index\Runtime\Cache\65ec3f5fb80736cbfb234ec0a0cc4377.php 第 120 行.
INFO: ParseTemplate Behavior ::run [ RunTime:0.021223s ]
INFO: [ view_parse ] --END-- [ RunTime:0.021457s ]
INFO: [ view_filter ] --START--
INFO: ContentReplace Behavior ::run [ RunTime:0.001067s ]
INFO: TokenBuild Behavior ::run [ RunTime:0.001087s ]
INFO: WriteHtmlCache Behavior ::run [ RunTime:0.000988s ]
INFO: ShowRuntime Behavior ::run [ RunTime:0.001507s ]
INFO: [ view_filter ] --END-- [ RunTime:0.005262s ]
INFO: [ view_end ] --START--
INFO: ShowPageTrace Behavior ::run [ RunTime:0.002356s ]
INFO: [ view_end ] --END-- [ RunTime:0.002629s ]

[ 2015-11-26T08:50:25+08:00 ] 0.0.0.0 /evc/index.php/Usr/doupld_odr?pgnumber=1
INFO: [ route_check ] --START--
INFO: CheckRoute Behavior ::run [ RunTime:0.001353s ]
INFO: [ route_check ] --END-- [ RunTime:0.001673s ]
INFO: [ app_begin ] --START--
INFO: ReadHtmlCache Behavior ::run [ RunTime:0.000849s ]
INFO: [ app_begin ] --END-- [ RunTime:0.000972s ]
NOTIC: [8] Undefined index: odrstatus C:\wamp\www\evc\index\Lib\Action\UsrAction.class.php 第 690 行.
NOTIC: [8] Undefined variable: odrlsnw C:\wamp\www\evc\index\Lib\Action\UsrAction.class.php 第 738 行.

[ 2015-11-26T08:51:48+08:00 ] 0.0.0.0 /evc/index.php/Usr/hstr_odr
INFO: [ route_check ] --START--
INFO: CheckRoute Behavior ::run [ RunTime:0.001646s ]
INFO: [ route_check ] --END-- [ RunTime:0.001887s ]
INFO: [ app_begin ] --START--
INFO: ReadHtmlCache Behavior ::run [ RunTime:0.001390s ]
INFO: [ app_begin ] --END-- [ RunTime:0.001625s ]
NOTIC: [8] Undefined index: odrstatus C:\wamp\www\evc\index\Lib\Action\UsrAction.class.php 第 618 行.
NOTIC: [8] Undefined index: odrstatus C:\wamp\www\evc\index\Lib\Action\UsrAction.class.php 第 618 行.
INFO: [ view_parse ] --START--
NOTIC: [8] Undefined index: cro C:\wamp\www\evc\index\Runtime\Cache\65ec3f5fb80736cbfb234ec0a0cc4377.php 第 121 行.
NOTIC: [8] Undefined index: cro C:\wamp\www\evc\index\Runtime\Cache\65ec3f5fb80736cbfb234ec0a0cc4377.php 第 121 行.
NOTIC: [8] Undefined index: cro C:\wamp\www\evc\index\Runtime\Cache\65ec3f5fb80736cbfb234ec0a0cc4377.php 第 121 行.
NOTIC: [8] Undefined index: cro C:\wamp\www\evc\index\Runtime\Cache\65ec3f5fb80736cbfb234ec0a0cc4377.php 第 121 行.
INFO: ParseTemplate Behavior ::run [ RunTime:0.037487s ]
INFO: [ view_parse ] --END-- [ RunTime:0.037835s ]
INFO: [ view_filter ] --START--
INFO: ContentReplace Behavior ::run [ RunTime:0.001562s ]
INFO: TokenBuild Behavior ::run [ RunTime:0.001080s ]
INFO: WriteHtmlCache Behavior ::run [ RunTime:0.000774s ]
INFO: ShowRuntime Behavior ::run [ RunTime:0.001342s ]
INFO: [ view_filter ] --END-- [ RunTime:0.005391s ]
INFO: [ view_end ] --START--
INFO: ShowPageTrace Behavior ::run [ RunTime:0.001319s ]
INFO: [ view_end ] --END-- [ RunTime:0.001614s ]

[ 2015-11-26T08:52:49+08:00 ] 0.0.0.0 /evc/index.php/Usr/hstr_odr
INFO: [ route_check ] --START--
INFO: CheckRoute Behavior ::run [ RunTime:0.002010s ]
INFO: [ route_check ] --END-- [ RunTime:0.002296s ]
INFO: [ app_begin ] --START--
INFO: ReadHtmlCache Behavior ::run [ RunTime:0.001105s ]
INFO: [ app_begin ] --END-- [ RunTime:0.001287s ]
NOTIC: [8] Undefined index: odrstatus C:\wamp\www\evc\index\Lib\Action\UsrAction.class.php 第 618 行.
NOTIC: [8] Undefined index: odrstatus C:\wamp\www\evc\index\Lib\Action\UsrAction.class.php 第 618 行.
INFO: [ view_parse ] --START--
NOTIC: [8] Undefined index: cro C:\wamp\www\evc\index\Runtime\Cache\65ec3f5fb80736cbfb234ec0a0cc4377.php 第 121 行.
NOTIC: [8] Undefined index: cro C:\wamp\www\evc\index\Runtime\Cache\65ec3f5fb80736cbfb234ec0a0cc4377.php 第 121 行.
NOTIC: [8] Undefined index: cro C:\wamp\www\evc\index\Runtime\Cache\65ec3f5fb80736cbfb234ec0a0cc4377.php 第 121 行.
NOTIC: [8] Undefined index: cro C:\wamp\www\evc\index\Runtime\Cache\65ec3f5fb80736cbfb234ec0a0cc4377.php 第 121 行.
INFO: ParseTemplate Behavior ::run [ RunTime:0.020822s ]
INFO: [ view_parse ] --END-- [ RunTime:0.020986s ]
INFO: [ view_filter ] --START--
INFO: ContentReplace Behavior ::run [ RunTime:0.001114s ]
INFO: TokenBuild Behavior ::run [ RunTime:0.001272s ]
INFO: WriteHtmlCache Behavior ::run [ RunTime:0.000889s ]
INFO: ShowRuntime Behavior ::run [ RunTime:0.001536s ]
INFO: [ view_filter ] --END-- [ RunTime:0.005550s ]
INFO: [ view_end ] --START--
INFO: ShowPageTrace Behavior ::run [ RunTime:0.001929s ]
INFO: [ view_end ] --END-- [ RunTime:0.002132s ]

[ 2015-11-26T08:52:55+08:00 ] 0.0.0.0 /evc/index.php/Usr/doupld_odr?pgnumber=1
INFO: [ route_check ] --START--
INFO: CheckRoute Behavior ::run [ RunTime:0.000945s ]
INFO: [ route_check ] --END-- [ RunTime:0.001113s ]
INFO: [ app_begin ] --START--
INFO: ReadHtmlCache Behavior ::run [ RunTime:0.000764s ]
INFO: [ app_begin ] --END-- [ RunTime:0.000887s ]
NOTIC: [8] Undefined index: odrstatus C:\wamp\www\evc\index\Lib\Action\UsrAction.class.php 第 690 行.
NOTIC: [8] Undefined variable: odrlsnw C:\wamp\www\evc\index\Lib\Action\UsrAction.class.php 第 738 行.

[ 2015-11-26T08:55:01+08:00 ] 0.0.0.0 /evc/index.php/Usr/hstr_odr
INFO: [ route_check ] --START--
INFO: CheckRoute Behavior ::run [ RunTime:0.001457s ]
INFO: [ route_check ] --END-- [ RunTime:0.001656s ]
INFO: [ app_begin ] --START--
INFO: ReadHtmlCache Behavior ::run [ RunTime:0.001044s ]
INFO: [ app_begin ] --END-- [ RunTime:0.001226s ]
NOTIC: [8] Undefined index: odrstatus C:\wamp\www\evc\index\Lib\Action\UsrAction.class.php 第 618 行.
NOTIC: [8] Undefined index: odrstatus C:\wamp\www\evc\index\Lib\Action\UsrAction.class.php 第 618 行.
INFO: [ view_parse ] --START--
NOTIC: [8] Undefined index: cro C:\wamp\www\evc\index\Runtime\Cache\65ec3f5fb80736cbfb234ec0a0cc4377.php 第 121 行.
NOTIC: [8] Undefined index: cro C:\wamp\www\evc\index\Runtime\Cache\65ec3f5fb80736cbfb234ec0a0cc4377.php 第 121 行.
NOTIC: [8] Undefined index: cro C:\wamp\www\evc\index\Runtime\Cache\65ec3f5fb80736cbfb234ec0a0cc4377.php 第 121 行.
NOTIC: [8] Undefined index: cro C:\wamp\www\evc\index\Runtime\Cache\65ec3f5fb80736cbfb234ec0a0cc4377.php 第 121 行.
INFO: ParseTemplate Behavior ::run [ RunTime:0.019677s ]
INFO: [ view_parse ] --END-- [ RunTime:0.019956s ]
INFO: [ view_filter ] --START--
INFO: ContentReplace Behavior ::run [ RunTime:0.001234s ]
INFO: TokenBuild Behavior ::run [ RunTime:0.001131s ]
INFO: WriteHtmlCache Behavior ::run [ RunTime:0.000867s ]
INFO: ShowRuntime Behavior ::run [ RunTime:0.001503s ]
INFO: [ view_filter ] --END-- [ RunTime:0.005464s ]
INFO: [ view_end ] --START--
INFO: ShowPageTrace Behavior ::run [ RunTime:0.001319s ]
INFO: [ view_end ] --END-- [ RunTime:0.001517s ]

[ 2015-11-26T09:24:34+08:00 ] 0.0.0.0 /evc/index.php/Usr/hstr_odr
INFO: [ route_check ] --START--
INFO: CheckRoute Behavior ::run [ RunTime:0.002053s ]
INFO: [ route_check ] --END-- [ RunTime:0.002256s ]
INFO: [ app_begin ] --START--
INFO: ReadHtmlCache Behavior ::run [ RunTime:0.001565s ]
INFO: [ app_begin ] --END-- [ RunTime:0.001882s ]
NOTIC: [8] Undefined index: odrstatus C:\wamp\www\evc\index\Lib\Action\UsrAction.class.php 第 618 行.
NOTIC: [8] Undefined index: odrstatus C:\wamp\www\evc\index\Lib\Action\UsrAction.class.php 第 618 行.
INFO: [ view_parse ] --START--
NOTIC: [8] Undefined index: cro C:\wamp\www\evc\index\Runtime\Cache\65ec3f5fb80736cbfb234ec0a0cc4377.php 第 121 行.
NOTIC: [8] Undefined index: cro C:\wamp\www\evc\index\Runtime\Cache\65ec3f5fb80736cbfb234ec0a0cc4377.php 第 121 行.
NOTIC: [8] Undefined index: cro C:\wamp\www\evc\index\Runtime\Cache\65ec3f5fb80736cbfb234ec0a0cc4377.php 第 121 行.
NOTIC: [8] Undefined index: cro C:\wamp\www\evc\index\Runtime\Cache\65ec3f5fb80736cbfb234ec0a0cc4377.php 第 121 行.
INFO: ParseTemplate Behavior ::run [ RunTime:0.023927s ]
INFO: [ view_parse ] --END-- [ RunTime:0.024094s ]
INFO: [ view_filter ] --START--
INFO: ContentReplace Behavior ::run [ RunTime:0.001110s ]
INFO: TokenBuild Behavior ::run [ RunTime:0.000917s ]
INFO: WriteHtmlCache Behavior ::run [ RunTime:0.000570s ]
INFO: ShowRuntime Behavior ::run [ RunTime:0.001208s ]
INFO: [ view_filter ] --END-- [ RunTime:0.004209s ]
INFO: [ view_end ] --START--
INFO: ShowPageTrace Behavior ::run [ RunTime:0.001157s ]
INFO: [ view_end ] --END-- [ RunTime:0.001365s ]

[ 2015-11-26T09:24:56+08:00 ] 0.0.0.0 /evc/index.php/Usr/hstr_odr
INFO: [ route_check ] --START--
INFO: CheckRoute Behavior ::run [ RunTime:0.001296s ]
INFO: [ route_check ] --END-- [ RunTime:0.001505s ]
INFO: [ app_begin ] --START--
INFO: ReadHtmlCache Behavior ::run [ RunTime:0.001519s ]
INFO: [ app_begin ] --END-- [ RunTime:0.001752s ]
NOTIC: [8] Undefined index: odrstatus C:\wamp\www\evc\index\Lib\Action\UsrAction.class.php 第 618 行.
NOTIC: [8] Undefined index: odrstatus C:\wamp\www\evc\index\Lib\Action\UsrAction.class.php 第 618 行.
INFO: [ view_parse ] --START--
NOTIC: [8] Undefined index: cro C:\wamp\www\evc\index\Runtime\Cache\65ec3f5fb80736cbfb234ec0a0cc4377.php 第 121 行.
NOTIC: [8] Undefined index: cro C:\wamp\www\evc\index\Runtime\Cache\65ec3f5fb80736cbfb234ec0a0cc4377.php 第 121 行.
NOTIC: [8] Undefined index: cro C:\wamp\www\evc\index\Runtime\Cache\65ec3f5fb80736cbfb234ec0a0cc4377.php 第 121 行.
NOTIC: [8] Undefined index: cro C:\wamp\www\evc\index\Runtime\Cache\65ec3f5fb80736cbfb234ec0a0cc4377.php 第 121 行.
INFO: ParseTemplate Behavior ::run [ RunTime:0.020213s ]
INFO: [ view_parse ] --END-- [ RunTime:0.020452s ]
INFO: [ view_filter ] --START--
INFO: ContentReplace Behavior ::run [ RunTime:0.001387s ]
INFO: TokenBuild Behavior ::run [ RunTime:0.001170s ]
INFO: WriteHtmlCache Behavior ::run [ RunTime:0.000938s ]
INFO: ShowRuntime Behavior ::run [ RunTime:0.001485s ]
INFO: [ view_filter ] --END-- [ RunTime:0.005674s ]
INFO: [ view_end ] --START--
INFO: ShowPageTrace Behavior ::run [ RunTime:0.002408s ]
INFO: [ view_end ] --END-- [ RunTime:0.002688s ]

[ 2015-11-26T09:27:39+08:00 ] 0.0.0.0 /evc/index.php/Usr/hstr_odr
INFO: [ route_check ] --START--
INFO: CheckRoute Behavior ::run [ RunTime:0.002533s ]
INFO: [ route_check ] --END-- [ RunTime:0.002843s ]
INFO: [ app_begin ] --START--
INFO: ReadHtmlCache Behavior ::run [ RunTime:0.001795s ]
INFO: [ app_begin ] --END-- [ RunTime:0.002068s ]
NOTIC: [8] Undefined index: odrstatus C:\wamp\www\evc\index\Lib\Action\UsrAction.class.php 第 618 行.
NOTIC: [8] Undefined index: odrstatus C:\wamp\www\evc\index\Lib\Action\UsrAction.class.php 第 618 行.
INFO: [ view_parse ] --START--
NOTIC: [8] Undefined index: cro C:\wamp\www\evc\index\Runtime\Cache\65ec3f5fb80736cbfb234ec0a0cc4377.php 第 121 行.
NOTIC: [8] Undefined index: cro C:\wamp\www\evc\index\Runtime\Cache\65ec3f5fb80736cbfb234ec0a0cc4377.php 第 121 行.
NOTIC: [8] Undefined index: cro C:\wamp\www\evc\index\Runtime\Cache\65ec3f5fb80736cbfb234ec0a0cc4377.php 第 121 行.
NOTIC: [8] Undefined index: cro C:\wamp\www\evc\index\Runtime\Cache\65ec3f5fb80736cbfb234ec0a0cc4377.php 第 121 行.
INFO: ParseTemplate Behavior ::run [ RunTime:0.031911s ]
INFO: [ view_parse ] --END-- [ RunTime:0.032157s ]
INFO: [ view_filter ] --START--
INFO: ContentReplace Behavior ::run [ RunTime:0.001955s ]
INFO: TokenBuild Behavior ::run [ RunTime:0.001653s ]
INFO: WriteHtmlCache Behavior ::run [ RunTime:0.001494s ]
INFO: ShowRuntime Behavior ::run [ RunTime:0.002236s ]
INFO: [ view_filter ] --END-- [ RunTime:0.008087s ]
INFO: [ view_end ] --START--
INFO: ShowPageTrace Behavior ::run [ RunTime:0.001937s ]
INFO: [ view_end ] --END-- [ RunTime:0.002145s ]

[ 2015-11-26T09:28:55+08:00 ] 0.0.0.0 /evc/index.php/Usr/hstr_odr
INFO: [ route_check ] --START--
INFO: CheckRoute Behavior ::run [ RunTime:0.001618s ]
INFO: [ route_check ] --END-- [ RunTime:0.001885s ]
INFO: [ app_begin ] --START--
INFO: ReadHtmlCache Behavior ::run [ RunTime:0.001353s ]
INFO: [ app_begin ] --END-- [ RunTime:0.001615s ]
NOTIC: [8] Undefined index: odrstatus C:\wamp\www\evc\index\Lib\Action\UsrAction.class.php 第 618 行.
NOTIC: [8] Undefined index: odrstatus C:\wamp\www\evc\index\Lib\Action\UsrAction.class.php 第 618 行.
INFO: [ view_parse ] --START--
NOTIC: [8] Undefined index: cro C:\wamp\www\evc\index\Runtime\Cache\65ec3f5fb80736cbfb234ec0a0cc4377.php 第 121 行.
NOTIC: [8] Undefined index: cro C:\wamp\www\evc\index\Runtime\Cache\65ec3f5fb80736cbfb234ec0a0cc4377.php 第 121 行.
NOTIC: [8] Undefined index: cro C:\wamp\www\evc\index\Runtime\Cache\65ec3f5fb80736cbfb234ec0a0cc4377.php 第 121 行.
NOTIC: [8] Undefined index: cro C:\wamp\www\evc\index\Runtime\Cache\65ec3f5fb80736cbfb234ec0a0cc4377.php 第 121 行.
INFO: ParseTemplate Behavior ::run [ RunTime:0.016807s ]
INFO: [ view_parse ] --END-- [ RunTime:0.016960s ]
INFO: [ view_filter ] --START--
INFO: ContentReplace Behavior ::run [ RunTime:0.000860s ]
INFO: TokenBuild Behavior ::run [ RunTime:0.000617s ]
INFO: WriteHtmlCache Behavior ::run [ RunTime:0.000394s ]
INFO: ShowRuntime Behavior ::run [ RunTime:0.000685s ]
INFO: [ view_filter ] --END-- [ RunTime:0.002933s ]
INFO: [ view_end ] --START--
INFO: ShowPageTrace Behavior ::run [ RunTime:0.000845s ]
INFO: [ view_end ] --END-- [ RunTime:0.001073s ]

[ 2015-11-26T09:29:36+08:00 ] 0.0.0.0 /evc/index.php/Usr/hstr_odr
INFO: [ route_check ] --START--
INFO: CheckRoute Behavior ::run [ RunTime:0.001378s ]
INFO: [ route_check ] --END-- [ RunTime:0.001576s ]
INFO: [ app_begin ] --START--
INFO: ReadHtmlCache Behavior ::run [ RunTime:0.000963s ]
INFO: [ app_begin ] --END-- [ RunTime:0.001140s ]
NOTIC: [8] Undefined index: odrstatus C:\wamp\www\evc\index\Lib\Action\UsrAction.class.php 第 618 行.
NOTIC: [8] Undefined index: odrstatus C:\wamp\www\evc\index\Lib\Action\UsrAction.class.php 第 618 行.
INFO: [ view_parse ] --START--
NOTIC: [8] Undefined index: cro C:\wamp\www\evc\index\Runtime\Cache\65ec3f5fb80736cbfb234ec0a0cc4377.php 第 121 行.
NOTIC: [8] Undefined index: cro C:\wamp\www\evc\index\Runtime\Cache\65ec3f5fb80736cbfb234ec0a0cc4377.php 第 121 行.
NOTIC: [8] Undefined index: cro C:\wamp\www\evc\index\Runtime\Cache\65ec3f5fb80736cbfb234ec0a0cc4377.php 第 121 行.
NOTIC: [8] Undefined index: cro C:\wamp\www\evc\index\Runtime\Cache\65ec3f5fb80736cbfb234ec0a0cc4377.php 第 121 行.
INFO: ParseTemplate Behavior ::run [ RunTime:0.018171s ]
INFO: [ view_parse ] --END-- [ RunTime:0.018371s ]
INFO: [ view_filter ] --START--
INFO: ContentReplace Behavior ::run [ RunTime:0.000924s ]
INFO: TokenBuild Behavior ::run [ RunTime:0.000627s ]
INFO: WriteHtmlCache Behavior ::run [ RunTime:0.000477s ]
INFO: ShowRuntime Behavior ::run [ RunTime:0.000706s ]
INFO: [ view_filter ] --END-- [ RunTime:0.003099s ]
INFO: [ view_end ] --START--
INFO: ShowPageTrace Behavior ::run [ RunTime:0.001117s ]
INFO: [ view_end ] --END-- [ RunTime:0.001256s ]

[ 2015-11-26T09:29:47+08:00 ] 0.0.0.0 /evc/index.php/Usr/hstr_odr/odrstatus/5
INFO: [ route_check ] --START--
INFO: CheckRoute Behavior ::run [ RunTime:0.001551s ]
INFO: [ route_check ] --END-- [ RunTime:0.001804s ]
INFO: [ app_begin ] --START--
INFO: ReadHtmlCache Behavior ::run [ RunTime:0.001187s ]
INFO: [ app_begin ] --END-- [ RunTime:0.001366s ]
INFO: [ view_parse ] --START--
INFO: ParseTemplate Behavior ::run [ RunTime:0.016911s ]
INFO: [ view_parse ] --END-- [ RunTime:0.017153s ]
INFO: [ view_filter ] --START--
INFO: ContentReplace Behavior ::run [ RunTime:0.000855s ]
INFO: TokenBuild Behavior ::run [ RunTime:0.000863s ]
INFO: WriteHtmlCache Behavior ::run [ RunTime:0.000735s ]
INFO: ShowRuntime Behavior ::run [ RunTime:0.000779s ]
INFO: [ view_filter ] --END-- [ RunTime:0.003628s ]
INFO: [ view_end ] --START--
INFO: ShowPageTrace Behavior ::run [ RunTime:0.000898s ]
INFO: [ view_end ] --END-- [ RunTime:0.001027s ]

[ 2015-11-26T09:29:50+08:00 ] 0.0.0.0 /evc/index.php/Usr/hstr_odr/odrstatus/0
INFO: [ route_check ] --START--
INFO: CheckRoute Behavior ::run [ RunTime:0.001343s ]
INFO: [ route_check ] --END-- [ RunTime:0.001547s ]
INFO: [ app_begin ] --START--
INFO: ReadHtmlCache Behavior ::run [ RunTime:0.001570s ]
INFO: [ app_begin ] --END-- [ RunTime:0.001997s ]
INFO: [ view_parse ] --START--
INFO: ParseTemplate Behavior ::run [ RunTime:0.019067s ]
INFO: [ view_parse ] --END-- [ RunTime:0.019292s ]
INFO: [ view_filter ] --START--
INFO: ContentReplace Behavior ::run [ RunTime:0.000934s ]
INFO: TokenBuild Behavior ::run [ RunTime:0.000657s ]
INFO: WriteHtmlCache Behavior ::run [ RunTime:0.000464s ]
INFO: ShowRuntime Behavior ::run [ RunTime:0.000754s ]
INFO: [ view_filter ] --END-- [ RunTime:0.003192s ]
INFO: [ view_end ] --START--
INFO: ShowPageTrace Behavior ::run [ RunTime:0.001088s ]
INFO: [ view_end ] --END-- [ RunTime:0.001231s ]

[ 2015-11-26T09:29:52+08:00 ] 0.0.0.0 /evc/index.php/Usr/hstr_odr/odrstatus/6
INFO: [ route_check ] --START--
INFO: CheckRoute Behavior ::run [ RunTime:0.001267s ]
INFO: [ route_check ] --END-- [ RunTime:0.001473s ]
INFO: [ app_begin ] --START--
INFO: ReadHtmlCache Behavior ::run [ RunTime:0.000962s ]
INFO: [ app_begin ] --END-- [ RunTime:0.001146s ]
INFO: [ view_parse ] --START--
NOTIC: [8] Undefined index: cro C:\wamp\www\evc\index\Runtime\Cache\65ec3f5fb80736cbfb234ec0a0cc4377.php 第 121 行.
NOTIC: [8] Undefined index: cro C:\wamp\www\evc\index\Runtime\Cache\65ec3f5fb80736cbfb234ec0a0cc4377.php 第 121 行.
NOTIC: [8] Undefined index: cro C:\wamp\www\evc\index\Runtime\Cache\65ec3f5fb80736cbfb234ec0a0cc4377.php 第 121 行.
NOTIC: [8] Undefined index: cro C:\wamp\www\evc\index\Runtime\Cache\65ec3f5fb80736cbfb234ec0a0cc4377.php 第 121 行.
INFO: ParseTemplate Behavior ::run [ RunTime:0.016837s ]
INFO: [ view_parse ] --END-- [ RunTime:0.016993s ]
INFO: [ view_filter ] --START--
INFO: ContentReplace Behavior ::run [ RunTime:0.000933s ]
INFO: TokenBuild Behavior ::run [ RunTime:0.000640s ]
INFO: WriteHtmlCache Behavior ::run [ RunTime:0.000399s ]
INFO: ShowRuntime Behavior ::run [ RunTime:0.000789s ]
INFO: [ view_filter ] --END-- [ RunTime:0.003131s ]
INFO: [ view_end ] --START--
INFO: ShowPageTrace Behavior ::run [ RunTime:0.000859s ]
INFO: [ view_end ] --END-- [ RunTime:0.000991s ]

[ 2015-11-26T09:30:50+08:00 ] 0.0.0.0 /evc/index.php/Usr/hstr_odr/odrstatus/6
INFO: [ route_check ] --START--
INFO: CheckRoute Behavior ::run [ RunTime:0.001457s ]
INFO: [ route_check ] --END-- [ RunTime:0.001646s ]
INFO: [ app_begin ] --START--
INFO: ReadHtmlCache Behavior ::run [ RunTime:0.001032s ]
INFO: [ app_begin ] --END-- [ RunTime:0.001216s ]
INFO: [ view_parse ] --START--
NOTIC: [8] Undefined index: cro C:\wamp\www\evc\index\Runtime\Cache\65ec3f5fb80736cbfb234ec0a0cc4377.php 第 121 行.
NOTIC: [8] Undefined index: cro C:\wamp\www\evc\index\Runtime\Cache\65ec3f5fb80736cbfb234ec0a0cc4377.php 第 121 行.
NOTIC: [8] Undefined index: cro C:\wamp\www\evc\index\Runtime\Cache\65ec3f5fb80736cbfb234ec0a0cc4377.php 第 121 行.
INFO: ParseTemplate Behavior ::run [ RunTime:0.022346s ]
INFO: [ view_parse ] --END-- [ RunTime:0.022617s ]
INFO: [ view_filter ] --START--
INFO: ContentReplace Behavior ::run [ RunTime:0.001300s ]
INFO: TokenBuild Behavior ::run [ RunTime:0.001036s ]
INFO: WriteHtmlCache Behavior ::run [ RunTime:0.001852s ]
INFO: ShowRuntime Behavior ::run [ RunTime:0.001146s ]
INFO: [ view_filter ] --END-- [ RunTime:0.005960s ]
INFO: [ view_end ] --START--
INFO: ShowPageTrace Behavior ::run [ RunTime:0.001723s ]
INFO: [ view_end ] --END-- [ RunTime:0.001933s ]

[ 2015-11-26T09:30:57+08:00 ] 0.0.0.0 /evc/index.php/Usr/hstr_odr/
INFO: [ route_check ] --START--
INFO: CheckRoute Behavior ::run [ RunTime:0.001404s ]
INFO: [ route_check ] --END-- [ RunTime:0.001641s ]
INFO: [ app_begin ] --START--
INFO: ReadHtmlCache Behavior ::run [ RunTime:0.001459s ]
INFO: [ app_begin ] --END-- [ RunTime:0.001846s ]
NOTIC: [8] Undefined index: odrstatus C:\wamp\www\evc\index\Lib\Action\UsrAction.class.php 第 618 行.
NOTIC: [8] Undefined index: odrstatus C:\wamp\www\evc\index\Lib\Action\UsrAction.class.php 第 618 行.
INFO: [ view_parse ] --START--
NOTIC: [8] Undefined index: cro C:\wamp\www\evc\index\Runtime\Cache\65ec3f5fb80736cbfb234ec0a0cc4377.php 第 121 行.
NOTIC: [8] Undefined index: cro C:\wamp\www\evc\index\Runtime\Cache\65ec3f5fb80736cbfb234ec0a0cc4377.php 第 121 行.
NOTIC: [8] Undefined index: cro C:\wamp\www\evc\index\Runtime\Cache\65ec3f5fb80736cbfb234ec0a0cc4377.php 第 121 行.
INFO: ParseTemplate Behavior ::run [ RunTime:0.020325s ]
INFO: [ view_parse ] --END-- [ RunTime:0.020494s ]
INFO: [ view_filter ] --START--
INFO: ContentReplace Behavior ::run [ RunTime:0.000883s ]
INFO: TokenBuild Behavior ::run [ RunTime:0.000809s ]
INFO: WriteHtmlCache Behavior ::run [ RunTime:0.001052s ]
INFO: ShowRuntime Behavior ::run [ RunTime:0.000934s ]
INFO: [ view_filter ] --END-- [ RunTime:0.004115s ]
INFO: [ view_end ] --START--
INFO: ShowPageTrace Behavior ::run [ RunTime:0.001272s ]
INFO: [ view_end ] --END-- [ RunTime:0.001439s ]

[ 2015-11-26T09:31:19+08:00 ] 0.0.0.0 /evc/index.php/Usr/hstr_odr/odrstatus/0
INFO: [ route_check ] --START--
INFO: CheckRoute Behavior ::run [ RunTime:0.001771s ]
INFO: [ route_check ] --END-- [ RunTime:0.002064s ]
INFO: [ app_begin ] --START--
INFO: ReadHtmlCache Behavior ::run [ RunTime:0.001254s ]
INFO: [ app_begin ] --END-- [ RunTime:0.001523s ]
INFO: [ view_parse ] --START--
NOTIC: [8] Undefined index: cro C:\wamp\www\evc\index\Runtime\Cache\65ec3f5fb80736cbfb234ec0a0cc4377.php 第 121 行.
INFO: ParseTemplate Behavior ::run [ RunTime:0.017854s ]
INFO: [ view_parse ] --END-- [ RunTime:0.018081s ]
INFO: [ view_filter ] --START--
INFO: ContentReplace Behavior ::run [ RunTime:0.001235s ]
INFO: TokenBuild Behavior ::run [ RunTime:0.000987s ]
INFO: WriteHtmlCache Behavior ::run [ RunTime:0.000700s ]
INFO: ShowRuntime Behavior ::run [ RunTime:0.000934s ]
INFO: [ view_filter ] --END-- [ RunTime:0.004529s ]
INFO: [ view_end ] --START--
INFO: ShowPageTrace Behavior ::run [ RunTime:0.000911s ]
INFO: [ view_end ] --END-- [ RunTime:0.001044s ]

[ 2015-11-26T09:32:12+08:00 ] 0.0.0.0 /evc/index.php/Usr/hstr_odr/
INFO: [ route_check ] --START--
INFO: CheckRoute Behavior ::run [ RunTime:0.001477s ]
INFO: [ route_check ] --END-- [ RunTime:0.001675s ]
INFO: [ app_begin ] --START--
INFO: ReadHtmlCache Behavior ::run [ RunTime:0.001043s ]
INFO: [ app_begin ] --END-- [ RunTime:0.001227s ]
NOTIC: [8] Undefined index: odrstatus C:\wamp\www\evc\index\Lib\Action\UsrAction.class.php 第 618 行.
NOTIC: [8] Undefined index: odrstatus C:\wamp\www\evc\index\Lib\Action\UsrAction.class.php 第 618 行.

[ 2015-11-26T09:32:24+08:00 ] 0.0.0.0 /evc/index.php/Test/dosetss?openid=ojxMBuJe07gSZDUwp0ZHGHEMHOR8
INFO: [ route_check ] --START--
INFO: CheckRoute Behavior ::run [ RunTime:0.001166s ]
INFO: [ route_check ] --END-- [ RunTime:0.001327s ]
INFO: [ app_begin ] --START--
INFO: ReadHtmlCache Behavior ::run [ RunTime:0.000823s ]
INFO: [ app_begin ] --END-- [ RunTime:0.000940s ]
NOTIC: [2] Missing argument 1 for Action::ajaxReturn(), called in C:\wamp\www\evc\index\Lib\Action\TestAction.class.php on line 148 and defined C:\wamp\www\evc\ThinkPHP\Lib\Core\Action.class.php 第 306 行.
NOTIC: [8] Undefined variable: data C:\wamp\www\evc\ThinkPHP\Lib\Core\Action.class.php 第 322 行.

[ 2015-11-26T09:32:29+08:00 ] 0.0.0.0 /evc/index.php/Usr/hstr_odr/
INFO: [ route_check ] --START--
INFO: CheckRoute Behavior ::run [ RunTime:0.001414s ]
INFO: [ route_check ] --END-- [ RunTime:0.002456s ]
INFO: [ app_begin ] --START--
INFO: ReadHtmlCache Behavior ::run [ RunTime:0.001111s ]
INFO: [ app_begin ] --END-- [ RunTime:0.001324s ]
NOTIC: [8] Undefined index: odrstatus C:\wamp\www\evc\index\Lib\Action\UsrAction.class.php 第 618 行.
NOTIC: [8] Undefined index: odrstatus C:\wamp\www\evc\index\Lib\Action\UsrAction.class.php 第 618 行.

[ 2015-11-26T09:32:58+08:00 ] 0.0.0.0 /evc/index.php/Usr/hstr_odr/
INFO: [ route_check ] --START--
INFO: CheckRoute Behavior ::run [ RunTime:0.001493s ]
INFO: [ route_check ] --END-- [ RunTime:0.001788s ]
INFO: [ app_begin ] --START--
INFO: ReadHtmlCache Behavior ::run [ RunTime:0.001332s ]
INFO: [ app_begin ] --END-- [ RunTime:0.001554s ]
NOTIC: [8] Undefined index: odrstatus C:\wamp\www\evc\index\Lib\Action\UsrAction.class.php 第 618 行.
NOTIC: [8] Undefined index: odrstatus C:\wamp\www\evc\index\Lib\Action\UsrAction.class.php 第 618 行.

[ 2015-11-26T09:33:42+08:00 ] 0.0.0.0 /evc/index.php/Usr/hstr_odr/
INFO: [ route_check ] --START--
INFO: CheckRoute Behavior ::run [ RunTime:0.001206s ]
INFO: [ route_check ] --END-- [ RunTime:0.001437s ]
INFO: [ app_begin ] --START--
INFO: ReadHtmlCache Behavior ::run [ RunTime:0.000790s ]
INFO: [ app_begin ] --END-- [ RunTime:0.000932s ]
NOTIC: [8] Undefined index: odrstatus C:\wamp\www\evc\index\Lib\Action\UsrAction.class.php 第 618 行.
NOTIC: [8] Undefined index: odrstatus C:\wamp\www\evc\index\Lib\Action\UsrAction.class.php 第 618 行.

[ 2015-11-26T09:33:53+08:00 ] 0.0.0.0 /evc/index.php/Usr/hstr_odr/
INFO: [ route_check ] --START--
INFO: CheckRoute Behavior ::run [ RunTime:0.001364s ]
INFO: [ route_check ] --END-- [ RunTime:0.001573s ]
INFO: [ app_begin ] --START--
INFO: ReadHtmlCache Behavior ::run [ RunTime:0.001492s ]
INFO: [ app_begin ] --END-- [ RunTime:0.001850s ]
NOTIC: [8] Undefined index: odrstatus C:\wamp\www\evc\index\Lib\Action\UsrAction.class.php 第 618 行.
NOTIC: [8] Undefined index: odrstatus C:\wamp\www\evc\index\Lib\Action\UsrAction.class.php 第 618 行.
INFO: [ view_parse ] --START--
NOTIC: [8] Undefined index: cro C:\wamp\www\evc\index\Runtime\Cache\65ec3f5fb80736cbfb234ec0a0cc4377.php 第 121 行.
INFO: ParseTemplate Behavior ::run [ RunTime:0.029541s ]
INFO: [ view_parse ] --END-- [ RunTime:0.029807s ]
INFO: [ view_filter ] --START--
INFO: ContentReplace Behavior ::run [ RunTime:0.003810s ]
INFO: TokenBuild Behavior ::run [ RunTime:0.001315s ]
INFO: WriteHtmlCache Behavior ::run [ RunTime:0.000734s ]
INFO: ShowRuntime Behavior ::run [ RunTime:0.001275s ]
INFO: [ view_filter ] --END-- [ RunTime:0.007888s ]
INFO: [ view_end ] --START--
INFO: ShowPageTrace Behavior ::run [ RunTime:0.001499s ]
INFO: [ view_end ] --END-- [ RunTime:0.001674s ]

[ 2015-11-26T09:34:39+08:00 ] 0.0.0.0 /evc/index.php/Usr/hstr_odr/
INFO: [ route_check ] --START--
INFO: CheckRoute Behavior ::run [ RunTime:0.001661s ]
INFO: [ route_check ] --END-- [ RunTime:0.001849s ]
INFO: [ app_begin ] --START--
INFO: ReadHtmlCache Behavior ::run [ RunTime:0.001890s ]
INFO: [ app_begin ] --END-- [ RunTime:0.002147s ]
NOTIC: [8] Undefined index: odrstatus C:\wamp\www\evc\index\Lib\Action\UsrAction.class.php 第 618 行.
NOTIC: [8] Undefined index: odrstatus C:\wamp\www\evc\index\Lib\Action\UsrAction.class.php 第 618 行.
INFO: [ view_parse ] --START--
NOTIC: [8] Undefined index: cro C:\wamp\www\evc\index\Runtime\Cache\65ec3f5fb80736cbfb234ec0a0cc4377.php 第 121 行.
INFO: ParseTemplate Behavior ::run [ RunTime:0.017252s ]
INFO: [ view_parse ] --END-- [ RunTime:0.017475s ]
INFO: [ view_filter ] --START--
INFO: ContentReplace Behavior ::run [ RunTime:0.000693s ]
INFO: TokenBuild Behavior ::run [ RunTime:0.000594s ]
INFO: WriteHtmlCache Behavior ::run [ RunTime:0.001090s ]
INFO: ShowRuntime Behavior ::run [ RunTime:0.000930s ]
INFO: [ view_filter ] --END-- [ RunTime:0.003976s ]
INFO: [ view_end ] --START--
INFO: ShowPageTrace Behavior ::run [ RunTime:0.000890s ]
INFO: [ view_end ] --END-- [ RunTime:0.001029s ]

[ 2015-11-26T09:35:09+08:00 ] 0.0.0.0 /evc/index.php/Usr/hstr_odr/
INFO: [ route_check ] --START--
INFO: CheckRoute Behavior ::run [ RunTime:0.002009s ]
INFO: [ route_check ] --END-- [ RunTime:0.002271s ]
INFO: [ app_begin ] --START--
INFO: ReadHtmlCache Behavior ::run [ RunTime:0.001043s ]
INFO: [ app_begin ] --END-- [ RunTime:0.001212s ]
NOTIC: [8] Undefined index: odrstatus C:\wamp\www\evc\index\Lib\Action\UsrAction.class.php 第 618 行.
NOTIC: [8] Undefined index: odrstatus C:\wamp\www\evc\index\Lib\Action\UsrAction.class.php 第 618 行.
INFO: [ view_parse ] --START--
NOTIC: [8] Undefined index: cro C:\wamp\www\evc\index\Runtime\Cache\65ec3f5fb80736cbfb234ec0a0cc4377.php 第 121 行.
INFO: ParseTemplate Behavior ::run [ RunTime:0.023403s ]
INFO: [ view_parse ] --END-- [ RunTime:0.023687s ]
INFO: [ view_filter ] --START--
INFO: ContentReplace Behavior ::run [ RunTime:0.001190s ]
INFO: TokenBuild Behavior ::run [ RunTime:0.001209s ]
INFO: WriteHtmlCache Behavior ::run [ RunTime:0.000960s ]
INFO: ShowRuntime Behavior ::run [ RunTime:0.001215s ]
INFO: [ view_filter ] --END-- [ RunTime:0.005286s ]
INFO: [ view_end ] --START--
INFO: ShowPageTrace Behavior ::run [ RunTime:0.001342s ]
INFO: [ view_end ] --END-- [ RunTime:0.001650s ]

[ 2015-11-26T09:36:23+08:00 ] 0.0.0.0 /evc/index.php/Usr/hstr_odr/
INFO: [ route_check ] --START--
INFO: CheckRoute Behavior ::run [ RunTime:0.001263s ]
INFO: [ route_check ] --END-- [ RunTime:0.001444s ]
INFO: [ app_begin ] --START--
INFO: ReadHtmlCache Behavior ::run [ RunTime:0.000957s ]
INFO: [ app_begin ] --END-- [ RunTime:0.001121s ]
NOTIC: [8] Undefined index: odrstatus C:\wamp\www\evc\index\Lib\Action\UsrAction.class.php 第 618 行.
NOTIC: [8] Undefined index: odrstatus C:\wamp\www\evc\index\Lib\Action\UsrAction.class.php 第 618 行.
INFO: [ view_parse ] --START--
NOTIC: [8] Undefined index: cro C:\wamp\www\evc\index\Runtime\Cache\65ec3f5fb80736cbfb234ec0a0cc4377.php 第 121 行.
INFO: ParseTemplate Behavior ::run [ RunTime:0.019869s ]
INFO: [ view_parse ] --END-- [ RunTime:0.020066s ]
INFO: [ view_filter ] --START--
INFO: ContentReplace Behavior ::run [ RunTime:0.001041s ]
INFO: TokenBuild Behavior ::run [ RunTime:0.000956s ]
INFO: WriteHtmlCache Behavior ::run [ RunTime:0.000551s ]
INFO: ShowRuntime Behavior ::run [ RunTime:0.001286s ]
INFO: [ view_filter ] --END-- [ RunTime:0.004413s ]
INFO: [ view_end ] --START--
INFO: ShowPageTrace Behavior ::run [ RunTime:0.001354s ]
INFO: [ view_end ] --END-- [ RunTime:0.001624s ]

[ 2015-11-26T09:36:47+08:00 ] 0.0.0.0 /evc/index.php/Usr/hstr_odr/
INFO: [ route_check ] --START--
INFO: CheckRoute Behavior ::run [ RunTime:0.001483s ]
INFO: [ route_check ] --END-- [ RunTime:0.001672s ]
INFO: [ app_begin ] --START--
INFO: ReadHtmlCache Behavior ::run [ RunTime:0.001107s ]
INFO: [ app_begin ] --END-- [ RunTime:0.001283s ]
NOTIC: [8] Undefined index: odrstatus C:\wamp\www\evc\index\Lib\Action\UsrAction.class.php 第 618 行.
NOTIC: [8] Undefined index: odrstatus C:\wamp\www\evc\index\Lib\Action\UsrAction.class.php 第 618 行.
INFO: [ view_parse ] --START--
NOTIC: [8] Undefined index: cro C:\wamp\www\evc\index\Runtime\Cache\65ec3f5fb80736cbfb234ec0a0cc4377.php 第 121 行.
INFO: ParseTemplate Behavior ::run [ RunTime:0.018232s ]
INFO: [ view_parse ] --END-- [ RunTime:0.018417s ]
INFO: [ view_filter ] --START--
INFO: ContentReplace Behavior ::run [ RunTime:0.001082s ]
INFO: TokenBuild Behavior ::run [ RunTime:0.000989s ]
INFO: WriteHtmlCache Behavior ::run [ RunTime:0.000925s ]
INFO: ShowRuntime Behavior ::run [ RunTime:0.001080s ]
INFO: [ view_filter ] --END-- [ RunTime:0.004535s ]
INFO: [ view_end ] --START--
INFO: ShowPageTrace Behavior ::run [ RunTime:0.001345s ]
INFO: [ view_end ] --END-- [ RunTime:0.001513s ]

[ 2015-11-26T09:38:13+08:00 ] 0.0.0.0 /evc/index.php/Usr/hstr_odr/
INFO: [ route_check ] --START--
INFO: CheckRoute Behavior ::run [ RunTime:0.001948s ]
INFO: [ route_check ] --END-- [ RunTime:0.002244s ]
INFO: [ app_begin ] --START--
INFO: ReadHtmlCache Behavior ::run [ RunTime:0.001217s ]
INFO: [ app_begin ] --END-- [ RunTime:0.001442s ]
NOTIC: [8] Undefined index: odrstatus C:\wamp\www\evc\index\Lib\Action\UsrAction.class.php 第 618 行.
NOTIC: [8] Undefined index: odrstatus C:\wamp\www\evc\index\Lib\Action\UsrAction.class.php 第 618 行.
INFO: [ view_parse ] --START--
NOTIC: [8] Undefined index: cro C:\wamp\www\evc\index\Runtime\Cache\65ec3f5fb80736cbfb234ec0a0cc4377.php 第 121 行.
INFO: ParseTemplate Behavior ::run [ RunTime:0.021260s ]
INFO: [ view_parse ] --END-- [ RunTime:0.021491s ]
INFO: [ view_filter ] --START--
INFO: ContentReplace Behavior ::run [ RunTime:0.001655s ]
INFO: TokenBuild Behavior ::run [ RunTime:0.000862s ]
INFO: WriteHtmlCache Behavior ::run [ RunTime:0.000639s ]
INFO: ShowRuntime Behavior ::run [ RunTime:0.000962s ]
INFO: [ view_filter ] --END-- [ RunTime:0.004658s ]
INFO: [ view_end ] --START--
INFO: ShowPageTrace Behavior ::run [ RunTime:0.001051s ]
INFO: [ view_end ] --END-- [ RunTime:0.001211s ]

[ 2015-11-26T09:39:59+08:00 ] 0.0.0.0 /evc/index.php/Usr/hstr_odr/
INFO: [ route_check ] --START--
INFO: CheckRoute Behavior ::run [ RunTime:0.001520s ]
INFO: [ route_check ] --END-- [ RunTime:0.001723s ]
INFO: [ app_begin ] --START--
INFO: ReadHtmlCache Behavior ::run [ RunTime:0.001129s ]
INFO: [ app_begin ] --END-- [ RunTime:0.001308s ]
NOTIC: [8] Undefined index: odrstatus C:\wamp\www\evc\index\Lib\Action\UsrAction.class.php 第 618 行.
NOTIC: [8] Undefined index: odrstatus C:\wamp\www\evc\index\Lib\Action\UsrAction.class.php 第 618 行.
INFO: [ view_parse ] --START--
NOTIC: [8] Undefined index: cro C:\wamp\www\evc\index\Runtime\Cache\65ec3f5fb80736cbfb234ec0a0cc4377.php 第 121 行.
INFO: ParseTemplate Behavior ::run [ RunTime:0.017673s ]
INFO: [ view_parse ] --END-- [ RunTime:0.017854s ]
INFO: [ view_filter ] --START--
INFO: ContentReplace Behavior ::run [ RunTime:0.002077s ]
INFO: TokenBuild Behavior ::run [ RunTime:0.000943s ]
INFO: WriteHtmlCache Behavior ::run [ RunTime:0.000612s ]
INFO: ShowRuntime Behavior ::run [ RunTime:0.000884s ]
INFO: [ view_filter ] --END-- [ RunTime:0.005221s ]
INFO: [ view_end ] --START--
INFO: ShowPageTrace Behavior ::run [ RunTime:0.001033s ]
INFO: [ view_end ] --END-- [ RunTime:0.001187s ]

[ 2015-11-26T09:43:38+08:00 ] 0.0.0.0 /evc/index.php/Usr/hstr_odr/odrstatus/5
INFO: [ route_check ] --START--
INFO: CheckRoute Behavior ::run [ RunTime:0.002066s ]
INFO: [ route_check ] --END-- [ RunTime:0.002364s ]
INFO: [ app_begin ] --START--
INFO: ReadHtmlCache Behavior ::run [ RunTime:0.001448s ]
INFO: [ app_begin ] --END-- [ RunTime:0.001767s ]
INFO: [ view_parse ] --START--
NOTIC: [8] Undefined index: cro C:\wamp\www\evc\index\Runtime\Cache\65ec3f5fb80736cbfb234ec0a0cc4377.php 第 121 行.
INFO: ParseTemplate Behavior ::run [ RunTime:0.019146s ]
INFO: [ view_parse ] --END-- [ RunTime:0.019365s ]
INFO: [ view_filter ] --START--
INFO: ContentReplace Behavior ::run [ RunTime:0.001156s ]
INFO: TokenBuild Behavior ::run [ RunTime:0.000890s ]
INFO: WriteHtmlCache Behavior ::run [ RunTime:0.000787s ]
INFO: ShowRuntime Behavior ::run [ RunTime:0.001479s ]
INFO: [ view_filter ] --END-- [ RunTime:0.004960s ]
INFO: [ view_end ] --START--
INFO: ShowPageTrace Behavior ::run [ RunTime:0.001347s ]
INFO: [ view_end ] --END-- [ RunTime:0.001543s ]

[ 2015-11-26T09:43:44+08:00 ] 0.0.0.0 /evc/index.php/Usr/hstr_odr/odrstatus/0
INFO: [ route_check ] --START--
INFO: CheckRoute Behavior ::run [ RunTime:0.001988s ]
INFO: [ route_check ] --END-- [ RunTime:0.002395s ]
INFO: [ app_begin ] --START--
INFO: ReadHtmlCache Behavior ::run [ RunTime:0.001225s ]
INFO: [ app_begin ] --END-- [ RunTime:0.001418s ]
INFO: [ view_parse ] --START--
INFO: ParseTemplate Behavior ::run [ RunTime:0.019345s ]
INFO: [ view_parse ] --END-- [ RunTime:0.019585s ]
INFO: [ view_filter ] --START--
INFO: ContentReplace Behavior ::run [ RunTime:0.000971s ]
INFO: TokenBuild Behavior ::run [ RunTime:0.000696s ]
INFO: WriteHtmlCache Behavior ::run [ RunTime:0.000914s ]
INFO: ShowRuntime Behavior ::run [ RunTime:0.000849s ]
INFO: [ view_filter ] --END-- [ RunTime:0.003905s ]
INFO: [ view_end ] --START--
INFO: ShowPageTrace Behavior ::run [ RunTime:0.001007s ]
INFO: [ view_end ] --END-- [ RunTime:0.001175s ]

[ 2015-11-26T09:43:46+08:00 ] 0.0.0.0 /evc/index.php/Usr/hstr_odr/odrstatus/6
INFO: [ route_check ] --START--
INFO: CheckRoute Behavior ::run [ RunTime:0.001758s ]
INFO: [ route_check ] --END-- [ RunTime:0.002199s ]
INFO: [ app_begin ] --START--
INFO: ReadHtmlCache Behavior ::run [ RunTime:0.001042s ]
INFO: [ app_begin ] --END-- [ RunTime:0.001226s ]
INFO: [ view_parse ] --START--
NOTIC: [8] Undefined index: cro C:\wamp\www\evc\index\Runtime\Cache\65ec3f5fb80736cbfb234ec0a0cc4377.php 第 121 行.
NOTIC: [8] Undefined index: cro C:\wamp\www\evc\index\Runtime\Cache\65ec3f5fb80736cbfb234ec0a0cc4377.php 第 121 行.
NOTIC: [8] Undefined index: cro C:\wamp\www\evc\index\Runtime\Cache\65ec3f5fb80736cbfb234ec0a0cc4377.php 第 121 行.
INFO: ParseTemplate Behavior ::run [ RunTime:0.021460s ]
INFO: [ view_parse ] --END-- [ RunTime:0.021713s ]
INFO: [ view_filter ] --START--
INFO: ContentReplace Behavior ::run [ RunTime:0.000794s ]
INFO: TokenBuild Behavior ::run [ RunTime:0.001047s ]
INFO: WriteHtmlCache Behavior ::run [ RunTime:0.001209s ]
INFO: ShowRuntime Behavior ::run [ RunTime:0.001167s ]
INFO: [ view_filter ] --END-- [ RunTime:0.004897s ]
INFO: [ view_end ] --START--
INFO: ShowPageTrace Behavior ::run [ RunTime:0.001016s ]
INFO: [ view_end ] --END-- [ RunTime:0.001182s ]

[ 2015-11-26T09:49:51+08:00 ] 0.0.0.0 /evc/index.php/Usr/hstr_odr/odrstatus/6
INFO: [ route_check ] --START--
INFO: CheckRoute Behavior ::run [ RunTime:0.001578s ]
INFO: [ route_check ] --END-- [ RunTime:0.001835s ]
INFO: [ app_begin ] --START--
INFO: ReadHtmlCache Behavior ::run [ RunTime:0.002259s ]
INFO: [ app_begin ] --END-- [ RunTime:0.002599s ]
INFO: [ view_parse ] --START--
NOTIC: [8] Undefined index: cro C:\wamp\www\evc\index\Runtime\Cache\65ec3f5fb80736cbfb234ec0a0cc4377.php 第 121 行.
NOTIC: [8] Undefined index: cro C:\wamp\www\evc\index\Runtime\Cache\65ec3f5fb80736cbfb234ec0a0cc4377.php 第 121 行.
NOTIC: [8] Undefined index: cro C:\wamp\www\evc\index\Runtime\Cache\65ec3f5fb80736cbfb234ec0a0cc4377.php 第 121 行.
NOTIC: [8] Undefined index: cro C:\wamp\www\evc\index\Runtime\Cache\65ec3f5fb80736cbfb234ec0a0cc4377.php 第 121 行.
INFO: ParseTemplate Behavior ::run [ RunTime:0.023472s ]
INFO: [ view_parse ] --END-- [ RunTime:0.023663s ]
INFO: [ view_filter ] --START--
INFO: ContentReplace Behavior ::run [ RunTime:0.001087s ]
INFO: TokenBuild Behavior ::run [ RunTime:0.000939s ]
INFO: WriteHtmlCache Behavior ::run [ RunTime:0.000662s ]
INFO: ShowRuntime Behavior ::run [ RunTime:0.000995s ]
INFO: [ view_filter ] --END-- [ RunTime:0.004128s ]
INFO: [ view_end ] --START--
INFO: ShowPageTrace Behavior ::run [ RunTime:0.001100s ]
INFO: [ view_end ] --END-- [ RunTime:0.001257s ]

[ 2015-11-26T09:49:59+08:00 ] 0.0.0.0 /evc/index.php/Usr/hstr_odr/odrstatus/0
INFO: [ route_check ] --START--
INFO: CheckRoute Behavior ::run [ RunTime:0.001284s ]
INFO: [ route_check ] --END-- [ RunTime:0.002583s ]
INFO: [ app_begin ] --START--
INFO: ReadHtmlCache Behavior ::run [ RunTime:0.001006s ]
INFO: [ app_begin ] --END-- [ RunTime:0.001308s ]
INFO: [ view_parse ] --START--
INFO: ParseTemplate Behavior ::run [ RunTime:0.016311s ]
INFO: [ view_parse ] --END-- [ RunTime:0.016561s ]
INFO: [ view_filter ] --START--
INFO: ContentReplace Behavior ::run [ RunTime:0.000660s ]
INFO: TokenBuild Behavior ::run [ RunTime:0.000567s ]
INFO: WriteHtmlCache Behavior ::run [ RunTime:0.000522s ]
INFO: ShowRuntime Behavior ::run [ RunTime:0.001316s ]
INFO: [ view_filter ] --END-- [ RunTime:0.003558s ]
INFO: [ view_end ] --START--
INFO: ShowPageTrace Behavior ::run [ RunTime:0.001295s ]
INFO: [ view_end ] --END-- [ RunTime:0.001611s ]

[ 2015-11-26T09:50:10+08:00 ] 0.0.0.0 /evc/index.php/Usr/hstr_odr/odrstatus/0
INFO: [ route_check ] --START--
INFO: CheckRoute Behavior ::run [ RunTime:0.001284s ]
INFO: [ route_check ] --END-- [ RunTime:0.001554s ]
INFO: [ app_begin ] --START--
INFO: ReadHtmlCache Behavior ::run [ RunTime:0.001132s ]
INFO: [ app_begin ] --END-- [ RunTime:0.001380s ]
INFO: [ view_parse ] --START--
INFO: ParseTemplate Behavior ::run [ RunTime:0.023638s ]
INFO: [ view_parse ] --END-- [ RunTime:0.024027s ]
INFO: [ view_filter ] --START--
INFO: ContentReplace Behavior ::run [ RunTime:0.000943s ]
INFO: TokenBuild Behavior ::run [ RunTime:0.000955s ]
INFO: WriteHtmlCache Behavior ::run [ RunTime:0.000619s ]
INFO: ShowRuntime Behavior ::run [ RunTime:0.001195s ]
INFO: [ view_filter ] --END-- [ RunTime:0.004500s ]
INFO: [ view_end ] --START--
INFO: ShowPageTrace Behavior ::run [ RunTime:0.001304s ]
INFO: [ view_end ] --END-- [ RunTime:0.001487s ]

[ 2015-11-26T09:50:24+08:00 ] 0.0.0.0 /evc/index.php/Usr/hstr_odr/odrstatus/0
INFO: [ route_check ] --START--
INFO: CheckRoute Behavior ::run [ RunTime:0.001577s ]
INFO: [ route_check ] --END-- [ RunTime:0.001759s ]
INFO: [ app_begin ] --START--
INFO: ReadHtmlCache Behavior ::run [ RunTime:0.001362s ]
INFO: [ app_begin ] --END-- [ RunTime:0.001616s ]
INFO: [ view_parse ] --START--
NOTIC: [8] Undefined index: cro C:\wamp\www\evc\index\Runtime\Cache\65ec3f5fb80736cbfb234ec0a0cc4377.php 第 121 行.
INFO: ParseTemplate Behavior ::run [ RunTime:0.020169s ]
INFO: [ view_parse ] --END-- [ RunTime:0.020353s ]
INFO: [ view_filter ] --START--
INFO: ContentReplace Behavior ::run [ RunTime:0.001036s ]
INFO: TokenBuild Behavior ::run [ RunTime:0.001901s ]
INFO: WriteHtmlCache Behavior ::run [ RunTime:0.000949s ]
INFO: ShowRuntime Behavior ::run [ RunTime:0.001248s ]
INFO: [ view_filter ] --END-- [ RunTime:0.005852s ]
INFO: [ view_end ] --START--
INFO: ShowPageTrace Behavior ::run [ RunTime:0.001190s ]
INFO: [ view_end ] --END-- [ RunTime:0.001409s ]

[ 2015-11-26T10:01:00+08:00 ] 0.0.0.0 /evc/index.php/Usr/hstr_odr/odrstatus/0
INFO: [ route_check ] --START--
INFO: CheckRoute Behavior ::run [ RunTime:0.003456s ]
INFO: [ route_check ] --END-- [ RunTime:0.003743s ]
INFO: [ app_begin ] --START--
INFO: ReadHtmlCache Behavior ::run [ RunTime:0.001525s ]
INFO: [ app_begin ] --END-- [ RunTime:0.001792s ]
INFO: [ view_parse ] --START--
NOTIC: [8] Undefined index: cro C:\wamp\www\evc\index\Runtime\Cache\65ec3f5fb80736cbfb234ec0a0cc4377.php 第 121 行.
INFO: ParseTemplate Behavior ::run [ RunTime:0.017834s ]
INFO: [ view_parse ] --END-- [ RunTime:0.018025s ]
INFO: [ view_filter ] --START--
INFO: ContentReplace Behavior ::run [ RunTime:0.000778s ]
INFO: TokenBuild Behavior ::run [ RunTime:0.000882s ]
INFO: WriteHtmlCache Behavior ::run [ RunTime:0.000758s ]
INFO: ShowRuntime Behavior ::run [ RunTime:0.001225s ]
INFO: [ view_filter ] --END-- [ RunTime:0.004234s ]
INFO: [ view_end ] --START--
INFO: ShowPageTrace Behavior ::run [ RunTime:0.001035s ]
INFO: [ view_end ] --END-- [ RunTime:0.001220s ]

[ 2015-11-26T10:01:08+08:00 ] 0.0.0.0 /evc/index.php/Usr/usrct
INFO: [ route_check ] --START--
INFO: CheckRoute Behavior ::run [ RunTime:0.002091s ]
INFO: [ route_check ] --END-- [ RunTime:0.002394s ]
INFO: [ app_begin ] --START--
INFO: ReadHtmlCache Behavior ::run [ RunTime:0.001593s ]
INFO: [ app_begin ] --END-- [ RunTime:0.001785s ]
INFO: [ view_parse ] --START--
INFO: ParseTemplate Behavior ::run [ RunTime:0.022202s ]
INFO: [ view_parse ] --END-- [ RunTime:0.022424s ]
INFO: [ view_filter ] --START--
INFO: ContentReplace Behavior ::run [ RunTime:0.000989s ]
INFO: TokenBuild Behavior ::run [ RunTime:0.000723s ]
INFO: WriteHtmlCache Behavior ::run [ RunTime:0.000491s ]
INFO: ShowRuntime Behavior ::run [ RunTime:0.000987s ]
INFO: [ view_filter ] --END-- [ RunTime:0.003735s ]
INFO: [ view_end ] --START--
INFO: ShowPageTrace Behavior ::run [ RunTime:0.001120s ]
INFO: [ view_end ] --END-- [ RunTime:0.001329s ]

[ 2015-11-26T10:01:11+08:00 ] 0.0.0.0 /evc/index.php
INFO: [ app_begin ] --START--
INFO: ReadHtmlCache Behavior ::run [ RunTime:0.001505s ]
INFO: [ app_begin ] --END-- [ RunTime:0.001786s ]
NOTIC: [8] Undefined index: lth C:\wamp\www\evc\index\Lib\Action\IndexAction.class.php 第 34 行.
INFO: [ view_parse ] --START--
NOTIC: [8] Undefined offset: 0 C:\wamp\www\evc\index\Runtime\Cache\851d53d04e85c43d57b9cb88584499a7.php 第 114 行.
NOTIC: [8] Undefined offset: 0 C:\wamp\www\evc\index\Runtime\Cache\851d53d04e85c43d57b9cb88584499a7.php 第 115 行.
NOTIC: [8] Undefined offset: 0 C:\wamp\www\evc\index\Runtime\Cache\851d53d04e85c43d57b9cb88584499a7.php 第 117 行.
INFO: ParseTemplate Behavior ::run [ RunTime:0.023900s ]
INFO: [ view_parse ] --END-- [ RunTime:0.024121s ]
INFO: [ view_filter ] --START--
INFO: ContentReplace Behavior ::run [ RunTime:0.001519s ]
INFO: TokenBuild Behavior ::run [ RunTime:0.002707s ]
INFO: WriteHtmlCache Behavior ::run [ RunTime:0.000775s ]
INFO: ShowRuntime Behavior ::run [ RunTime:0.001336s ]
INFO: [ view_filter ] --END-- [ RunTime:0.007001s ]
INFO: [ view_end ] --START--
INFO: ShowPageTrace Behavior ::run [ RunTime:0.001252s ]
INFO: [ view_end ] --END-- [ RunTime:0.001459s ]

[ 2015-11-26T10:01:13+08:00 ] 0.0.0.0 /evc/index.php/Cmn/dspdvc?ctlgtd=120.207736&ctlttd=30.211754
INFO: [ route_check ] --START--
INFO: CheckRoute Behavior ::run [ RunTime:0.001537s ]
INFO: [ route_check ] --END-- [ RunTime:0.001820s ]
INFO: [ app_begin ] --START--
INFO: ReadHtmlCache Behavior ::run [ RunTime:0.000872s ]
INFO: [ app_begin ] --END-- [ RunTime:0.001003s ]
NOTIC: [8] Undefined offset: 0 C:\wamp\www\evc\index\Lib\Action\CmnAction.class.php 第 33 行.

[ 2015-11-26T10:01:15+08:00 ] 0.0.0.0 /evc/index.php/Cmn/vrfusrstat?x=apnt
INFO: [ route_check ] --START--
INFO: CheckRoute Behavior ::run [ RunTime:0.001626s ]
INFO: [ route_check ] --END-- [ RunTime:0.001957s ]
INFO: [ app_begin ] --START--
INFO: ReadHtmlCache Behavior ::run [ RunTime:0.001280s ]
INFO: [ app_begin ] --END-- [ RunTime:0.001500s ]
NOTIC: [8] Undefined variable: url C:\wamp\www\evc\index\Lib\Action\CmnAction.class.php 第 110 行.

[ 2015-11-26T10:01:16+08:00 ] 0.0.0.0 /evc/index.php/Usr/carmstct
INFO: [ route_check ] --START--
INFO: CheckRoute Behavior ::run [ RunTime:0.002080s ]
INFO: [ route_check ] --END-- [ RunTime:0.002391s ]
INFO: [ app_begin ] --START--
INFO: ReadHtmlCache Behavior ::run [ RunTime:0.001131s ]
INFO: [ app_begin ] --END-- [ RunTime:0.001389s ]
INFO: [ view_parse ] --START--
INFO: ParseTemplate Behavior ::run [ RunTime:0.017995s ]
INFO: [ view_parse ] --END-- [ RunTime:0.018208s ]
INFO: [ view_filter ] --START--
INFO: ContentReplace Behavior ::run [ RunTime:0.000931s ]
INFO: TokenBuild Behavior ::run [ RunTime:0.000894s ]
INFO: WriteHtmlCache Behavior ::run [ RunTime:0.000619s ]
INFO: ShowRuntime Behavior ::run [ RunTime:0.000822s ]
INFO: [ view_filter ] --END-- [ RunTime:0.003915s ]
INFO: [ view_end ] --START--
INFO: ShowPageTrace Behavior ::run [ RunTime:0.001370s ]
INFO: [ view_end ] --END-- [ RunTime:0.001573s ]

[ 2015-11-26T10:02:42+08:00 ] 0.0.0.0 /evc/index.php/Usr/carmstct
INFO: [ route_check ] --START--
INFO: CheckRoute Behavior ::run [ RunTime:0.001283s ]
INFO: [ route_check ] --END-- [ RunTime:0.001706s ]
INFO: [ app_begin ] --START--
INFO: ReadHtmlCache Behavior ::run [ RunTime:0.000942s ]
INFO: [ app_begin ] --END-- [ RunTime:0.001112s ]
INFO: [ view_parse ] --START--
INFO: ParseTemplate Behavior ::run [ RunTime:0.016921s ]
INFO: [ view_parse ] --END-- [ RunTime:0.017188s ]
INFO: [ view_filter ] --START--
INFO: ContentReplace Behavior ::run [ RunTime:0.000812s ]
INFO: TokenBuild Behavior ::run [ RunTime:0.000942s ]
INFO: WriteHtmlCache Behavior ::run [ RunTime:0.000566s ]
INFO: ShowRuntime Behavior ::run [ RunTime:0.000839s ]
INFO: [ view_filter ] --END-- [ RunTime:0.003614s ]
INFO: [ view_end ] --START--
INFO: ShowPageTrace Behavior ::run [ RunTime:0.001042s ]
INFO: [ view_end ] --END-- [ RunTime:0.001210s ]

[ 2015-11-26T10:03:37+08:00 ] 0.0.0.0 /evc/index.php/Usr/carmstct
INFO: [ route_check ] --START--
INFO: CheckRoute Behavior ::run [ RunTime:0.001503s ]
INFO: [ route_check ] --END-- [ RunTime:0.001700s ]
INFO: [ app_begin ] --START--
INFO: ReadHtmlCache Behavior ::run [ RunTime:0.001155s ]
INFO: [ app_begin ] --END-- [ RunTime:0.001403s ]
INFO: [ view_parse ] --START--
INFO: ParseTemplate Behavior ::run [ RunTime:0.015683s ]
INFO: [ view_parse ] --END-- [ RunTime:0.015878s ]
INFO: [ view_filter ] --START--
INFO: ContentReplace Behavior ::run [ RunTime:0.000954s ]
INFO: TokenBuild Behavior ::run [ RunTime:0.000972s ]
INFO: WriteHtmlCache Behavior ::run [ RunTime:0.000550s ]
INFO: ShowRuntime Behavior ::run [ RunTime:0.000872s ]
INFO: [ view_filter ] --END-- [ RunTime:0.003740s ]
INFO: [ view_end ] --START--
INFO: ShowPageTrace Behavior ::run [ RunTime:0.000993s ]
INFO: [ view_end ] --END-- [ RunTime:0.001139s ]

[ 2015-11-26T10:04:32+08:00 ] 0.0.0.0 /evc/index.php/Usr/carmstct
INFO: [ route_check ] --START--
INFO: CheckRoute Behavior ::run [ RunTime:0.001703s ]
INFO: [ route_check ] --END-- [ RunTime:0.001910s ]
INFO: [ app_begin ] --START--
INFO: ReadHtmlCache Behavior ::run [ RunTime:0.000861s ]
INFO: [ app_begin ] --END-- [ RunTime:0.000994s ]
INFO: [ view_parse ] --START--
INFO: ParseTemplate Behavior ::run [ RunTime:0.065318s ]
INFO: [ view_parse ] --END-- [ RunTime:0.065501s ]
INFO: [ view_filter ] --START--
INFO: ContentReplace Behavior ::run [ RunTime:0.000907s ]
INFO: TokenBuild Behavior ::run [ RunTime:0.000782s ]
INFO: WriteHtmlCache Behavior ::run [ RunTime:0.000840s ]
INFO: ShowRuntime Behavior ::run [ RunTime:0.000999s ]
INFO: [ view_filter ] --END-- [ RunTime:0.003960s ]
INFO: [ view_end ] --START--
INFO: ShowPageTrace Behavior ::run [ RunTime:0.001005s ]
INFO: [ view_end ] --END-- [ RunTime:0.001207s ]

[ 2015-11-26T10:05:02+08:00 ] 0.0.0.0 /evc/index.php/Usr/carmstct
INFO: [ route_check ] --START--
INFO: CheckRoute Behavior ::run [ RunTime:0.001669s ]
INFO: [ route_check ] --END-- [ RunTime:0.001943s ]
INFO: [ app_begin ] --START--
INFO: ReadHtmlCache Behavior ::run [ RunTime:0.001297s ]
INFO: [ app_begin ] --END-- [ RunTime:0.001584s ]
INFO: [ view_parse ] --START--
INFO: ParseTemplate Behavior ::run [ RunTime:0.015268s ]
INFO: [ view_parse ] --END-- [ RunTime:0.015531s ]
INFO: [ view_filter ] --START--
INFO: ContentReplace Behavior ::run [ RunTime:0.001085s ]
INFO: TokenBuild Behavior ::run [ RunTime:0.001027s ]
INFO: WriteHtmlCache Behavior ::run [ RunTime:0.000713s ]
INFO: ShowRuntime Behavior ::run [ RunTime:0.001270s ]
INFO: [ view_filter ] --END-- [ RunTime:0.004877s ]
INFO: [ view_end ] --START--
INFO: ShowPageTrace Behavior ::run [ RunTime:0.001166s ]
INFO: [ view_end ] --END-- [ RunTime:0.001355s ]

[ 2015-11-26T10:05:21+08:00 ] 0.0.0.0 /evc/index.php/Usr/carmstct
INFO: [ route_check ] --START--
INFO: CheckRoute Behavior ::run [ RunTime:0.001324s ]
INFO: [ route_check ] --END-- [ RunTime:0.001568s ]
INFO: [ app_begin ] --START--
INFO: ReadHtmlCache Behavior ::run [ RunTime:0.001515s ]
INFO: [ app_begin ] --END-- [ RunTime:0.001784s ]
INFO: [ view_parse ] --START--
INFO: ParseTemplate Behavior ::run [ RunTime:0.015623s ]
INFO: [ view_parse ] --END-- [ RunTime:0.015852s ]
INFO: [ view_filter ] --START--
INFO: ContentReplace Behavior ::run [ RunTime:0.000715s ]
INFO: TokenBuild Behavior ::run [ RunTime:0.000629s ]
INFO: WriteHtmlCache Behavior ::run [ RunTime:0.000461s ]
INFO: ShowRuntime Behavior ::run [ RunTime:0.000770s ]
INFO: [ view_filter ] --END-- [ RunTime:0.002941s ]
INFO: [ view_end ] --START--
INFO: ShowPageTrace Behavior ::run [ RunTime:0.000782s ]
INFO: [ view_end ] --END-- [ RunTime:0.000927s ]

[ 2015-11-26T10:07:22+08:00 ] 0.0.0.0 /evc/index.php/Cmn/dspdvc?ctlgtd=120.207736&ctlttd=30.211754
INFO: [ route_check ] --START--
INFO: CheckRoute Behavior ::run [ RunTime:0.001570s ]
INFO: [ route_check ] --END-- [ RunTime:0.001739s ]
INFO: [ app_begin ] --START--
INFO: ReadHtmlCache Behavior ::run [ RunTime:0.001119s ]
INFO: [ app_begin ] --END-- [ RunTime:0.001280s ]
NOTIC: [8] Undefined offset: 0 C:\wamp\www\evc\index\Lib\Action\CmnAction.class.php 第 33 行.

[ 2015-11-26T10:07:24+08:00 ] 0.0.0.0 /evc/index.php/Cmn/vrfusrstat?x=usrct
INFO: [ route_check ] --START--
INFO: CheckRoute Behavior ::run [ RunTime:0.001383s ]
INFO: [ route_check ] --END-- [ RunTime:0.001625s ]
INFO: [ app_begin ] --START--
INFO: ReadHtmlCache Behavior ::run [ RunTime:0.001229s ]
INFO: [ app_begin ] --END-- [ RunTime:0.001429s ]

[ 2015-11-26T10:07:25+08:00 ] 0.0.0.0 /evc/index.php/Usr/usrct
INFO: [ route_check ] --START--
INFO: CheckRoute Behavior ::run [ RunTime:0.001129s ]
INFO: [ route_check ] --END-- [ RunTime:0.001341s ]
INFO: [ app_begin ] --START--
INFO: ReadHtmlCache Behavior ::run [ RunTime:0.000863s ]
INFO: [ app_begin ] --END-- [ RunTime:0.001049s ]
INFO: [ view_parse ] --START--
INFO: ParseTemplate Behavior ::run [ RunTime:0.029428s ]
INFO: [ view_parse ] --END-- [ RunTime:0.029922s ]
INFO: [ view_filter ] --START--
INFO: ContentReplace Behavior ::run [ RunTime:0.001384s ]
INFO: TokenBuild Behavior ::run [ RunTime:0.001773s ]
INFO: WriteHtmlCache Behavior ::run [ RunTime:0.001289s ]
INFO: ShowRuntime Behavior ::run [ RunTime:0.001440s ]
INFO: [ view_filter ] --END-- [ RunTime:0.006924s ]
INFO: [ view_end ] --START--
INFO: ShowPageTrace Behavior ::run [ RunTime:0.001753s ]
INFO: [ view_end ] --END-- [ RunTime:0.001946s ]

[ 2015-11-26T10:07:31+08:00 ] 0.0.0.0 /evc/index.php/Usr/hstr_odr
INFO: [ route_check ] --START--
INFO: CheckRoute Behavior ::run [ RunTime:0.001233s ]
INFO: [ route_check ] --END-- [ RunTime:0.001417s ]
INFO: [ app_begin ] --START--
INFO: ReadHtmlCache Behavior ::run [ RunTime:0.000918s ]
INFO: [ app_begin ] --END-- [ RunTime:0.001082s ]
NOTIC: [8] Undefined index: odrstatus C:\wamp\www\evc\index\Lib\Action\UsrAction.class.php 第 618 行.
NOTIC: [8] Undefined index: odrstatus C:\wamp\www\evc\index\Lib\Action\UsrAction.class.php 第 618 行.
INFO: [ view_parse ] --START--
NOTIC: [8] Undefined index: cro C:\wamp\www\evc\index\Runtime\Cache\65ec3f5fb80736cbfb234ec0a0cc4377.php 第 121 行.
INFO: ParseTemplate Behavior ::run [ RunTime:0.017362s ]
INFO: [ view_parse ] --END-- [ RunTime:0.017540s ]
INFO: [ view_filter ] --START--
INFO: ContentReplace Behavior ::run [ RunTime:0.000882s ]
INFO: TokenBuild Behavior ::run [ RunTime:0.001000s ]
INFO: WriteHtmlCache Behavior ::run [ RunTime:0.000719s ]
INFO: ShowRuntime Behavior ::run [ RunTime:0.001111s ]
INFO: [ view_filter ] --END-- [ RunTime:0.004340s ]
INFO: [ view_end ] --START--
INFO: ShowPageTrace Behavior ::run [ RunTime:0.001268s ]
INFO: [ view_end ] --END-- [ RunTime:0.001535s ]

[ 2015-11-26T10:16:00+08:00 ] 0.0.0.0 /evc/index.php/Usr/usrct
INFO: [ route_check ] --START--
INFO: CheckRoute Behavior ::run [ RunTime:0.002547s ]
INFO: [ route_check ] --END-- [ RunTime:0.002935s ]
INFO: [ app_begin ] --START--
INFO: ReadHtmlCache Behavior ::run [ RunTime:0.001076s ]
INFO: [ app_begin ] --END-- [ RunTime:0.001246s ]
INFO: [ view_parse ] --START--
INFO: ParseTemplate Behavior ::run [ RunTime:0.021605s ]
INFO: [ view_parse ] --END-- [ RunTime:0.021896s ]
INFO: [ view_filter ] --START--
INFO: ContentReplace Behavior ::run [ RunTime:0.001330s ]
INFO: TokenBuild Behavior ::run [ RunTime:0.000960s ]
INFO: WriteHtmlCache Behavior ::run [ RunTime:0.000689s ]
INFO: ShowRuntime Behavior ::run [ RunTime:0.000795s ]
INFO: [ view_filter ] --END-- [ RunTime:0.004401s ]
INFO: [ view_end ] --START--
INFO: ShowPageTrace Behavior ::run [ RunTime:0.000967s ]
INFO: [ view_end ] --END-- [ RunTime:0.001108s ]

[ 2015-11-26T10:16:03+08:00 ] 0.0.0.0 /evc/index.php
INFO: [ app_begin ] --START--
INFO: ReadHtmlCache Behavior ::run [ RunTime:0.000953s ]
INFO: [ app_begin ] --END-- [ RunTime:0.001130s ]
NOTIC: [8] Undefined index: lth C:\wamp\www\evc\index\Lib\Action\IndexAction.class.php 第 34 行.
INFO: [ view_parse ] --START--
NOTIC: [8] Undefined offset: 0 C:\wamp\www\evc\index\Runtime\Cache\851d53d04e85c43d57b9cb88584499a7.php 第 114 行.
NOTIC: [8] Undefined offset: 0 C:\wamp\www\evc\index\Runtime\Cache\851d53d04e85c43d57b9cb88584499a7.php 第 115 行.
NOTIC: [8] Undefined offset: 0 C:\wamp\www\evc\index\Runtime\Cache\851d53d04e85c43d57b9cb88584499a7.php 第 117 行.
INFO: ParseTemplate Behavior ::run [ RunTime:0.024053s ]
INFO: [ view_parse ] --END-- [ RunTime:0.024311s ]
INFO: [ view_filter ] --START--
INFO: ContentReplace Behavior ::run [ RunTime:0.001356s ]
INFO: TokenBuild Behavior ::run [ RunTime:0.001097s ]
INFO: WriteHtmlCache Behavior ::run [ RunTime:0.000771s ]
INFO: ShowRuntime Behavior ::run [ RunTime:0.001296s ]
INFO: [ view_filter ] --END-- [ RunTime:0.005300s ]
INFO: [ view_end ] --START--
INFO: ShowPageTrace Behavior ::run [ RunTime:0.001291s ]
INFO: [ view_end ] --END-- [ RunTime:0.001557s ]

[ 2015-11-26T10:16:05+08:00 ] 0.0.0.0 /evc/index.php/Cmn/dspdvc?ctlgtd=120.207736&ctlttd=30.211754
INFO: [ route_check ] --START--
INFO: CheckRoute Behavior ::run [ RunTime:0.001613s ]
INFO: [ route_check ] --END-- [ RunTime:0.001792s ]
INFO: [ app_begin ] --START--
INFO: ReadHtmlCache Behavior ::run [ RunTime:0.000878s ]
INFO: [ app_begin ] --END-- [ RunTime:0.001003s ]
NOTIC: [8] Undefined offset: 0 C:\wamp\www\evc\index\Lib\Action\CmnAction.class.php 第 33 行.

[ 2015-11-26T10:16:07+08:00 ] 0.0.0.0 /evc/index.php/Cmn/vrfusrstat?x=apnt
INFO: [ route_check ] --START--
INFO: CheckRoute Behavior ::run [ RunTime:0.001355s ]
INFO: [ route_check ] --END-- [ RunTime:0.001624s ]
INFO: [ app_begin ] --START--
INFO: ReadHtmlCache Behavior ::run [ RunTime:0.001657s ]
INFO: [ app_begin ] --END-- [ RunTime:0.002027s ]
NOTIC: [8] Undefined variable: url C:\wamp\www\evc\index\Lib\Action\CmnAction.class.php 第 110 行.

[ 2015-11-26T10:16:08+08:00 ] 0.0.0.0 /evc/index.php/Usr/carmstct
INFO: [ route_check ] --START--
INFO: CheckRoute Behavior ::run [ RunTime:0.001270s ]
INFO: [ route_check ] --END-- [ RunTime:0.001449s ]
INFO: [ app_begin ] --START--
INFO: ReadHtmlCache Behavior ::run [ RunTime:0.000912s ]
INFO: [ app_begin ] --END-- [ RunTime:0.001069s ]
INFO: [ view_parse ] --START--
INFO: ParseTemplate Behavior ::run [ RunTime:0.014912s ]
INFO: [ view_parse ] --END-- [ RunTime:0.015097s ]
INFO: [ view_filter ] --START--
INFO: ContentReplace Behavior ::run [ RunTime:0.000765s ]
INFO: TokenBuild Behavior ::run [ RunTime:0.001898s ]
INFO: WriteHtmlCache Behavior ::run [ RunTime:0.000622s ]
INFO: ShowRuntime Behavior ::run [ RunTime:0.000821s ]
INFO: [ view_filter ] --END-- [ RunTime:0.004496s ]
INFO: [ view_end ] --START--
INFO: ShowPageTrace Behavior ::run [ RunTime:0.000967s ]
INFO: [ view_end ] --END-- [ RunTime:0.001103s ]

[ 2015-11-26T10:17:05+08:00 ] 0.0.0.0 /evc/index.php/Usr/carmstct
INFO: [ route_check ] --START--
INFO: CheckRoute Behavior ::run [ RunTime:0.001305s ]
INFO: [ route_check ] --END-- [ RunTime:0.001608s ]
INFO: [ app_begin ] --START--
INFO: ReadHtmlCache Behavior ::run [ RunTime:0.001295s ]
INFO: [ app_begin ] --END-- [ RunTime:0.001468s ]
INFO: [ view_parse ] --START--
INFO: ParseTemplate Behavior ::run [ RunTime:0.018649s ]
INFO: [ view_parse ] --END-- [ RunTime:0.018870s ]
INFO: [ view_filter ] --START--
INFO: ContentReplace Behavior ::run [ RunTime:0.000845s ]
INFO: TokenBuild Behavior ::run [ RunTime:0.000866s ]
INFO: WriteHtmlCache Behavior ::run [ RunTime:0.000684s ]
INFO: ShowRuntime Behavior ::run [ RunTime:0.001018s ]
INFO: [ view_filter ] --END-- [ RunTime:0.003952s ]
INFO: [ view_end ] --START--
INFO: ShowPageTrace Behavior ::run [ RunTime:0.001125s ]
INFO: [ view_end ] --END-- [ RunTime:0.001334s ]

[ 2015-11-26T10:17:08+08:00 ] 0.0.0.0 /evc/index.php/Usr/dochecktimeout?odrid=460
INFO: [ route_check ] --START--
INFO: CheckRoute Behavior ::run [ RunTime:0.002017s ]
INFO: [ route_check ] --END-- [ RunTime:0.002311s ]
INFO: [ app_begin ] --START--
INFO: ReadHtmlCache Behavior ::run [ RunTime:0.001337s ]
INFO: [ app_begin ] --END-- [ RunTime:0.001534s ]

[ 2015-11-26T10:17:12+08:00 ] 0.0.0.0 /evc/index.php/Usr/docancelapnt?odrid=460
INFO: [ route_check ] --START--
INFO: CheckRoute Behavior ::run [ RunTime:0.001536s ]
INFO: [ route_check ] --END-- [ RunTime:0.001807s ]
INFO: [ app_begin ] --START--
INFO: ReadHtmlCache Behavior ::run [ RunTime:0.000997s ]
INFO: [ app_begin ] --END-- [ RunTime:0.001128s ]

[ 2015-11-26T10:17:14+08:00 ] 0.0.0.0 /evc/index.php/Usr/carmstct
INFO: [ route_check ] --START--
INFO: CheckRoute Behavior ::run [ RunTime:0.001379s ]
INFO: [ route_check ] --END-- [ RunTime:0.001581s ]
INFO: [ app_begin ] --START--
INFO: ReadHtmlCache Behavior ::run [ RunTime:0.001150s ]
INFO: [ app_begin ] --END-- [ RunTime:0.001389s ]
INFO: [ view_parse ] --START--
NOTIC: [8] Undefined variable: dvco C:\wamp\www\evc\index\Runtime\Cache\1ed19ef7afbcbab1bceb0ddc5cd036c8.php 第 108 行.
INFO: ParseTemplate Behavior ::run [ RunTime:0.016663s ]
INFO: [ view_parse ] --END-- [ RunTime:0.016878s ]
INFO: [ view_filter ] --START--
INFO: ContentReplace Behavior ::run [ RunTime:0.000781s ]
INFO: TokenBuild Behavior ::run [ RunTime:0.000658s ]
INFO: WriteHtmlCache Behavior ::run [ RunTime:0.000523s ]
INFO: ShowRuntime Behavior ::run [ RunTime:0.000809s ]
INFO: [ view_filter ] --END-- [ RunTime:0.003172s ]
INFO: [ view_end ] --START--
INFO: ShowPageTrace Behavior ::run [ RunTime:0.000946s ]
INFO: [ view_end ] --END-- [ RunTime:0.001076s ]

[ 2015-11-26T10:22:39+08:00 ] 0.0.0.0 /evc/index.php/Cmn/dspdvc?ctlgtd=120.207736&ctlttd=30.211754
INFO: [ route_check ] --START--
INFO: CheckRoute Behavior ::run [ RunTime:0.001660s ]
INFO: [ route_check ] --END-- [ RunTime:0.001851s ]
INFO: [ app_begin ] --START--
INFO: ReadHtmlCache Behavior ::run [ RunTime:0.001080s ]
INFO: [ app_begin ] --END-- [ RunTime:0.001222s ]
NOTIC: [8] Undefined offset: 0 C:\wamp\www\evc\index\Lib\Action\CmnAction.class.php 第 33 行.

[ 2015-11-26T10:22:45+08:00 ] 0.0.0.0 /evc/index.php
INFO: [ app_begin ] --START--
INFO: ReadHtmlCache Behavior ::run [ RunTime:0.001422s ]
INFO: [ app_begin ] --END-- [ RunTime:0.001740s ]
NOTIC: [8] Undefined index: lth C:\wamp\www\evc\index\Lib\Action\IndexAction.class.php 第 34 行.
INFO: [ view_parse ] --START--
NOTIC: [8] Undefined offset: 0 C:\wamp\www\evc\index\Runtime\Cache\851d53d04e85c43d57b9cb88584499a7.php 第 114 行.
NOTIC: [8] Undefined offset: 0 C:\wamp\www\evc\index\Runtime\Cache\851d53d04e85c43d57b9cb88584499a7.php 第 115 行.
NOTIC: [8] Undefined offset: 0 C:\wamp\www\evc\index\Runtime\Cache\851d53d04e85c43d57b9cb88584499a7.php 第 117 行.
INFO: ParseTemplate Behavior ::run [ RunTime:0.024278s ]
INFO: [ view_parse ] --END-- [ RunTime:0.024551s ]
INFO: [ view_filter ] --START--
INFO: ContentReplace Behavior ::run [ RunTime:0.001272s ]
INFO: TokenBuild Behavior ::run [ RunTime:0.001445s ]
INFO: WriteHtmlCache Behavior ::run [ RunTime:0.001165s ]
INFO: ShowRuntime Behavior ::run [ RunTime:0.001666s ]
INFO: [ view_filter ] --END-- [ RunTime:0.006304s ]
INFO: [ view_end ] --START--
INFO: ShowPageTrace Behavior ::run [ RunTime:0.001351s ]
INFO: [ view_end ] --END-- [ RunTime:0.001617s ]

[ 2015-11-26T10:22:49+08:00 ] 0.0.0.0 /evc/index.php/Cmn/dspdvc?ctlgtd=120.207736&ctlttd=30.211754
INFO: [ route_check ] --START--
INFO: CheckRoute Behavior ::run [ RunTime:0.001110s ]
INFO: [ route_check ] --END-- [ RunTime:0.001359s ]
INFO: [ app_begin ] --START--
INFO: ReadHtmlCache Behavior ::run [ RunTime:0.001115s ]
INFO: [ app_begin ] --END-- [ RunTime:0.001285s ]
NOTIC: [8] Undefined offset: 0 C:\wamp\www\evc\index\Lib\Action\CmnAction.class.php 第 33 行.

[ 2015-11-26T10:22:50+08:00 ] 0.0.0.0 /evc/index.php/Cmn/vrfusrstat?x=usrct
INFO: [ route_check ] --START--
INFO: CheckRoute Behavior ::run [ RunTime:0.000947s ]
INFO: [ route_check ] --END-- [ RunTime:0.001170s ]
INFO: [ app_begin ] --START--
INFO: ReadHtmlCache Behavior ::run [ RunTime:0.001325s ]
INFO: [ app_begin ] --END-- [ RunTime:0.002475s ]

[ 2015-11-26T10:22:50+08:00 ] 0.0.0.0 /evc/index.php/Usr/usrct
INFO: [ route_check ] --START--
INFO: CheckRoute Behavior ::run [ RunTime:0.001602s ]
INFO: [ route_check ] --END-- [ RunTime:0.001871s ]
INFO: [ app_begin ] --START--
INFO: ReadHtmlCache Behavior ::run [ RunTime:0.000845s ]
INFO: [ app_begin ] --END-- [ RunTime:0.000998s ]
INFO: [ view_parse ] --START--
INFO: ParseTemplate Behavior ::run [ RunTime:0.020418s ]
INFO: [ view_parse ] --END-- [ RunTime:0.020650s ]
INFO: [ view_filter ] --START--
INFO: ContentReplace Behavior ::run [ RunTime:0.001113s ]
INFO: TokenBuild Behavior ::run [ RunTime:0.000954s ]
INFO: WriteHtmlCache Behavior ::run [ RunTime:0.000666s ]
INFO: ShowRuntime Behavior ::run [ RunTime:0.001067s ]
INFO: [ view_filter ] --END-- [ RunTime:0.004424s ]
INFO: [ view_end ] --START--
INFO: ShowPageTrace Behavior ::run [ RunTime:0.000983s ]
INFO: [ view_end ] --END-- [ RunTime:0.001169s ]

[ 2015-11-26T10:22:55+08:00 ] 0.0.0.0 /evc/index.php
INFO: [ app_begin ] --START--
INFO: ReadHtmlCache Behavior ::run [ RunTime:0.001604s ]
INFO: [ app_begin ] --END-- [ RunTime:0.002030s ]
NOTIC: [8] Undefined index: lth C:\wamp\www\evc\index\Lib\Action\IndexAction.class.php 第 34 行.
INFO: [ view_parse ] --START--
NOTIC: [8] Undefined offset: 0 C:\wamp\www\evc\index\Runtime\Cache\851d53d04e85c43d57b9cb88584499a7.php 第 114 行.
NOTIC: [8] Undefined offset: 0 C:\wamp\www\evc\index\Runtime\Cache\851d53d04e85c43d57b9cb88584499a7.php 第 115 行.
NOTIC: [8] Undefined offset: 0 C:\wamp\www\evc\index\Runtime\Cache\851d53d04e85c43d57b9cb88584499a7.php 第 117 行.
INFO: ParseTemplate Behavior ::run [ RunTime:0.024031s ]
INFO: [ view_parse ] --END-- [ RunTime:0.024234s ]
INFO: [ view_filter ] --START--
INFO: ContentReplace Behavior ::run [ RunTime:0.000916s ]
INFO: TokenBuild Behavior ::run [ RunTime:0.000946s ]
INFO: WriteHtmlCache Behavior ::run [ RunTime:0.000698s ]
INFO: ShowRuntime Behavior ::run [ RunTime:0.001032s ]
INFO: [ view_filter ] --END-- [ RunTime:0.004186s ]
INFO: [ view_end ] --START--
INFO: ShowPageTrace Behavior ::run [ RunTime:0.000869s ]
INFO: [ view_end ] --END-- [ RunTime:0.001032s ]

[ 2015-11-26T10:22:57+08:00 ] 0.0.0.0 /evc/index.php/Cmn/dspdvc?ctlgtd=120.207736&ctlttd=30.211754
INFO: [ route_check ] --START--
INFO: CheckRoute Behavior ::run [ RunTime:0.001565s ]
INFO: [ route_check ] --END-- [ RunTime:0.001859s ]
INFO: [ app_begin ] --START--
INFO: ReadHtmlCache Behavior ::run [ RunTime:0.001307s ]
INFO: [ app_begin ] --END-- [ RunTime:0.001532s ]
NOTIC: [8] Undefined offset: 0 C:\wamp\www\evc\index\Lib\Action\CmnAction.class.php 第 33 行.

[ 2015-11-26T10:23:02+08:00 ] 0.0.0.0 /evc/index.php/Cmn/vrfusrstat?x=usrct
INFO: [ route_check ] --START--
INFO: CheckRoute Behavior ::run [ RunTime:0.000949s ]
INFO: [ route_check ] --END-- [ RunTime:0.001110s ]
INFO: [ app_begin ] --START--
INFO: ReadHtmlCache Behavior ::run [ RunTime:0.000712s ]
INFO: [ app_begin ] --END-- [ RunTime:0.000827s ]

[ 2015-11-26T10:23:03+08:00 ] 0.0.0.0 /evc/index.php/Usr/usrct
INFO: [ route_check ] --START--
INFO: CheckRoute Behavior ::run [ RunTime:0.002164s ]
INFO: [ route_check ] --END-- [ RunTime:0.002392s ]
INFO: [ app_begin ] --START--
INFO: ReadHtmlCache Behavior ::run [ RunTime:0.001033s ]
INFO: [ app_begin ] --END-- [ RunTime:0.001213s ]
INFO: [ view_parse ] --START--
INFO: ParseTemplate Behavior ::run [ RunTime:0.026847s ]
INFO: [ view_parse ] --END-- [ RunTime:0.027093s ]
INFO: [ view_filter ] --START--
INFO: ContentReplace Behavior ::run [ RunTime:0.001540s ]
INFO: TokenBuild Behavior ::run [ RunTime:0.000743s ]
INFO: WriteHtmlCache Behavior ::run [ RunTime:0.000519s ]
INFO: ShowRuntime Behavior ::run [ RunTime:0.000844s ]
INFO: [ view_filter ] --END-- [ RunTime:0.004163s ]
INFO: [ view_end ] --START--
INFO: ShowPageTrace Behavior ::run [ RunTime:0.001252s ]
INFO: [ view_end ] --END-- [ RunTime:0.001484s ]

[ 2015-11-26T10:25:49+08:00 ] 0.0.0.0 /evc/index.php/Usr/usrct
INFO: [ route_check ] --START--
INFO: CheckRoute Behavior ::run [ RunTime:0.001567s ]
INFO: [ route_check ] --END-- [ RunTime:0.001771s ]
INFO: [ app_begin ] --START--
INFO: ReadHtmlCache Behavior ::run [ RunTime:0.001180s ]
INFO: [ app_begin ] --END-- [ RunTime:0.001481s ]
INFO: [ view_parse ] --START--
INFO: ParseTemplate Behavior ::run [ RunTime:0.031326s ]
INFO: [ view_parse ] --END-- [ RunTime:0.031730s ]
INFO: [ view_filter ] --START--
INFO: ContentReplace Behavior ::run [ RunTime:0.001276s ]
INFO: TokenBuild Behavior ::run [ RunTime:0.001034s ]
INFO: WriteHtmlCache Behavior ::run [ RunTime:0.000754s ]
INFO: ShowRuntime Behavior ::run [ RunTime:0.001378s ]
INFO: [ view_filter ] --END-- [ RunTime:0.004983s ]
INFO: [ view_end ] --START--
INFO: ShowPageTrace Behavior ::run [ RunTime:0.001355s ]
INFO: [ view_end ] --END-- [ RunTime:0.001521s ]

[ 2015-11-26T10:25:52+08:00 ] 0.0.0.0 /evc/index.php/Usr/usrct
INFO: [ route_check ] --START--
INFO: CheckRoute Behavior ::run [ RunTime:0.001946s ]
INFO: [ route_check ] --END-- [ RunTime:0.002210s ]
INFO: [ app_begin ] --START--
INFO: ReadHtmlCache Behavior ::run [ RunTime:0.001528s ]
INFO: [ app_begin ] --END-- [ RunTime:0.001806s ]
INFO: [ view_parse ] --START--
INFO: ParseTemplate Behavior ::run [ RunTime:0.023502s ]
INFO: [ view_parse ] --END-- [ RunTime:0.023737s ]
INFO: [ view_filter ] --START--
INFO: ContentReplace Behavior ::run [ RunTime:0.001133s ]
INFO: TokenBuild Behavior ::run [ RunTime:0.000734s ]
INFO: WriteHtmlCache Behavior ::run [ RunTime:0.000628s ]
INFO: ShowRuntime Behavior ::run [ RunTime:0.001135s ]
INFO: [ view_filter ] --END-- [ RunTime:0.004104s ]
INFO: [ view_end ] --START--
INFO: ShowPageTrace Behavior ::run [ RunTime:0.001440s ]
INFO: [ view_end ] --END-- [ RunTime:0.001710s ]

