[ 2015-11-18T14:08:38+08:00 ] 0.0.0.0 /evc/index.php/Cmn/vrfusrstat?x=usrct
INFO: [ route_check ] --START--
INFO: CheckRoute Behavior ::run [ RunTime:0.006338s ]
INFO: [ route_check ] --END-- [ RunTime:0.006518s ]
INFO: [ app_begin ] --START--
INFO: ReadHtmlCache Behavior ::run [ RunTime:0.001185s ]
INFO: [ app_begin ] --END-- [ RunTime:0.001318s ]

[ 2015-11-18T14:08:40+08:00 ] 0.0.0.0 /evc/index.php/Usr/usrct
INFO: [ route_check ] --START--
INFO: CheckRoute Behavior ::run [ RunTime:0.001439s ]
INFO: [ route_check ] --END-- [ RunTime:0.001677s ]
INFO: [ app_begin ] --START--
INFO: ReadHtmlCache Behavior ::run [ RunTime:0.001105s ]
INFO: [ app_begin ] --END-- [ RunTime:0.001376s ]
INFO: [ view_parse ] --START--
NOTIC: [8] Undefined variable: aaa C:\wamp\www\evc\index\Runtime\Cache\ea56e757f03163943e2454407dd9782c.php 第 76 行.
NOTIC: [8] Undefined variable: status C:\wamp\www\evc\index\Runtime\Cache\ea56e757f03163943e2454407dd9782c.php 第 78 行.
INFO: ParseTemplate Behavior ::run [ RunTime:0.105167s ]
INFO: [ view_parse ] --END-- [ RunTime:0.105324s ]
INFO: [ view_filter ] --START--
INFO: ContentReplace Behavior ::run [ RunTime:0.028483s ]
INFO: TokenBuild Behavior ::run [ RunTime:0.003563s ]
INFO: WriteHtmlCache Behavior ::run [ RunTime:0.010133s ]
INFO: ShowRuntime Behavior ::run [ RunTime:0.010482s ]
INFO: [ view_filter ] --END-- [ RunTime:0.053063s ]
INFO: [ view_end ] --START--
INFO: ShowPageTrace Behavior ::run [ RunTime:0.008605s ]
INFO: [ view_end ] --END-- [ RunTime:0.008749s ]

[ 2015-11-18T14:10:32+08:00 ] 0.0.0.0 /evc/index.php/Test/setpara
INFO: [ route_check ] --START--
INFO: CheckRoute Behavior ::run [ RunTime:0.000913s ]
INFO: [ route_check ] --END-- [ RunTime:0.001062s ]
INFO: [ app_begin ] --START--
INFO: ReadHtmlCache Behavior ::run [ RunTime:0.000659s ]
INFO: [ app_begin ] --END-- [ RunTime:0.000788s ]
INFO: [ view_parse ] --START--
NOTIC: [8] Use of undefined constant wechat_id - assumed 'wechat_id' C:\wamp\www\evc\index\Runtime\Cache\21828a3ee65154511eb02d1e4cf889c2.php 第 56 行.
NOTIC: [8] Use of undefined constant wechat_id - assumed 'wechat_id' C:\wamp\www\evc\index\Runtime\Cache\21828a3ee65154511eb02d1e4cf889c2.php 第 56 行.
NOTIC: [8] Use of undefined constant wechat_id - assumed 'wechat_id' C:\wamp\www\evc\index\Runtime\Cache\21828a3ee65154511eb02d1e4cf889c2.php 第 56 行.
NOTIC: [8] Use of undefined constant wechat_id - assumed 'wechat_id' C:\wamp\www\evc\index\Runtime\Cache\21828a3ee65154511eb02d1e4cf889c2.php 第 56 行.
NOTIC: [8] Use of undefined constant wechat_id - assumed 'wechat_id' C:\wamp\www\evc\index\Runtime\Cache\21828a3ee65154511eb02d1e4cf889c2.php 第 56 行.
NOTIC: [8] Use of undefined constant wechat_id - assumed 'wechat_id' C:\wamp\www\evc\index\Runtime\Cache\21828a3ee65154511eb02d1e4cf889c2.php 第 56 行.
NOTIC: [8] Use of undefined constant wechat_id - assumed 'wechat_id' C:\wamp\www\evc\index\Runtime\Cache\21828a3ee65154511eb02d1e4cf889c2.php 第 56 行.
NOTIC: [8] Use of undefined constant wechat_id - assumed 'wechat_id' C:\wamp\www\evc\index\Runtime\Cache\21828a3ee65154511eb02d1e4cf889c2.php 第 56 行.
NOTIC: [8] Use of undefined constant wechat_id - assumed 'wechat_id' C:\wamp\www\evc\index\Runtime\Cache\21828a3ee65154511eb02d1e4cf889c2.php 第 56 行.
NOTIC: [8] Use of undefined constant wechat_id - assumed 'wechat_id' C:\wamp\www\evc\index\Runtime\Cache\21828a3ee65154511eb02d1e4cf889c2.php 第 56 行.
INFO: ParseTemplate Behavior ::run [ RunTime:0.032046s ]
INFO: [ view_parse ] --END-- [ RunTime:0.032189s ]
INFO: [ view_filter ] --START--
INFO: ContentReplace Behavior ::run [ RunTime:0.000696s ]
INFO: TokenBuild Behavior ::run [ RunTime:0.000716s ]
INFO: WriteHtmlCache Behavior ::run [ RunTime:0.000491s ]
INFO: ShowRuntime Behavior ::run [ RunTime:0.001117s ]
INFO: [ view_filter ] --END-- [ RunTime:0.003435s ]
INFO: [ view_end ] --START--
INFO: ShowPageTrace Behavior ::run [ RunTime:0.001208s ]
INFO: [ view_end ] --END-- [ RunTime:0.001442s ]

[ 2015-11-18T14:10:32+08:00 ] 0.0.0.0 /evc/index.php/Test/baidu.com
INFO: [ route_check ] --START--
INFO: CheckRoute Behavior ::run [ RunTime:0.001090s ]
INFO: [ route_check ] --END-- [ RunTime:0.001246s ]
INFO: [ app_begin ] --START--
INFO: ReadHtmlCache Behavior ::run [ RunTime:0.000688s ]
INFO: [ app_begin ] --END-- [ RunTime:0.000818s ]
ERR: 非法操作:baidu.com

[ 2015-11-18T14:16:34+08:00 ] 0.0.0.0 /evc/index.php/Usr/usrct
INFO: [ route_check ] --START--
INFO: CheckRoute Behavior ::run [ RunTime:0.001810s ]
INFO: [ route_check ] --END-- [ RunTime:0.001983s ]
INFO: [ app_begin ] --START--
INFO: ReadHtmlCache Behavior ::run [ RunTime:0.000949s ]
INFO: [ app_begin ] --END-- [ RunTime:0.001091s ]

[ 2015-11-18T15:15:13+08:00 ] 0.0.0.0 /evc/index.php/Test/dosetss?openid=ojxMBuJe07gSZDUwp0ZHGHEMHOR8
INFO: [ route_check ] --START--
INFO: CheckRoute Behavior ::run [ RunTime:0.001362s ]
INFO: [ route_check ] --END-- [ RunTime:0.001505s ]
INFO: [ app_begin ] --START--
INFO: ReadHtmlCache Behavior ::run [ RunTime:0.001033s ]
INFO: [ app_begin ] --END-- [ RunTime:0.001133s ]
NOTIC: [2] Missing argument 1 for Action::ajaxReturn(), called in C:\wamp\www\evc\index\Lib\Action\TestAction.class.php on line 120 and defined C:\wamp\www\evc\ThinkPHP\Lib\Core\Action.class.php 第 306 行.
NOTIC: [8] Undefined variable: data C:\wamp\www\evc\ThinkPHP\Lib\Core\Action.class.php 第 322 行.

[ 2015-11-18T15:15:27+08:00 ] 0.0.0.0 /evc/index.php/Usr/usrct
INFO: [ route_check ] --START--
INFO: CheckRoute Behavior ::run [ RunTime:0.001041s ]
INFO: [ route_check ] --END-- [ RunTime:0.001187s ]
INFO: [ app_begin ] --START--
INFO: ReadHtmlCache Behavior ::run [ RunTime:0.000770s ]
INFO: [ app_begin ] --END-- [ RunTime:0.000885s ]

[ 2015-11-18T15:17:06+08:00 ] 0.0.0.0 /evc/index.php/Usr/usrct
INFO: [ route_check ] --START--
INFO: CheckRoute Behavior ::run [ RunTime:0.001352s ]
INFO: [ route_check ] --END-- [ RunTime:0.001559s ]
INFO: [ app_begin ] --START--
INFO: ReadHtmlCache Behavior ::run [ RunTime:0.000713s ]
INFO: [ app_begin ] --END-- [ RunTime:0.000888s ]

[ 2015-11-18T15:19:14+08:00 ] 0.0.0.0 /evc/index.php/Usr/usrct
INFO: [ route_check ] --START--
INFO: CheckRoute Behavior ::run [ RunTime:0.001117s ]
INFO: [ route_check ] --END-- [ RunTime:0.001259s ]
INFO: [ app_begin ] --START--
INFO: ReadHtmlCache Behavior ::run [ RunTime:0.000766s ]
INFO: [ app_begin ] --END-- [ RunTime:0.000882s ]
NOTIC: [2] Missing argument 2 for url2arr(), called in C:\wamp\www\evc\index\Lib\Model\DvcModel.class.php on line 5 and defined C:\wamp\www\evc\index\Common\common.php 第 43 行.

[ 2015-11-18T15:21:23+08:00 ] 0.0.0.0 /evc/index.php/Usr/usrct
INFO: [ route_check ] --START--
INFO: CheckRoute Behavior ::run [ RunTime:0.001126s ]
INFO: [ route_check ] --END-- [ RunTime:0.001271s ]
INFO: [ app_begin ] --START--
INFO: ReadHtmlCache Behavior ::run [ RunTime:0.000890s ]
INFO: [ app_begin ] --END-- [ RunTime:0.001011s ]
NOTIC: [2] Missing argument 2 for url2arr(), called in C:\wamp\www\evc\index\Lib\Model\DvcModel.class.php on line 5 and defined C:\wamp\www\evc\index\Common\common.php 第 43 行.

[ 2015-11-18T15:21:25+08:00 ] 0.0.0.0 /evc/index.php/Usr/usrct
INFO: [ route_check ] --START--
INFO: CheckRoute Behavior ::run [ RunTime:0.001330s ]
INFO: [ route_check ] --END-- [ RunTime:0.001525s ]
INFO: [ app_begin ] --START--
INFO: ReadHtmlCache Behavior ::run [ RunTime:0.000905s ]
INFO: [ app_begin ] --END-- [ RunTime:0.001093s ]
NOTIC: [2] Missing argument 2 for url2arr(), called in C:\wamp\www\evc\index\Lib\Model\DvcModel.class.php on line 5 and defined C:\wamp\www\evc\index\Common\common.php 第 43 行.

[ 2015-11-18T15:22:21+08:00 ] 0.0.0.0 /evc/index.php/Usr/usrct
INFO: [ route_check ] --START--
INFO: CheckRoute Behavior ::run [ RunTime:0.000983s ]
INFO: [ route_check ] --END-- [ RunTime:0.001132s ]
INFO: [ app_begin ] --START--
INFO: ReadHtmlCache Behavior ::run [ RunTime:0.000739s ]
INFO: [ app_begin ] --END-- [ RunTime:0.000859s ]
NOTIC: [2] Missing argument 2 for url2arr(), called in C:\wamp\www\evc\index\Lib\Model\DvcModel.class.php on line 5 and defined C:\wamp\www\evc\index\Common\common.php 第 43 行.

[ 2015-11-18T15:22:23+08:00 ] 0.0.0.0 /evc/index.php/Usr/usrct
INFO: [ route_check ] --START--
INFO: CheckRoute Behavior ::run [ RunTime:0.000935s ]
INFO: [ route_check ] --END-- [ RunTime:0.001082s ]
INFO: [ app_begin ] --START--
INFO: ReadHtmlCache Behavior ::run [ RunTime:0.000886s ]
INFO: [ app_begin ] --END-- [ RunTime:0.001014s ]
NOTIC: [2] Missing argument 2 for url2arr(), called in C:\wamp\www\evc\index\Lib\Model\DvcModel.class.php on line 5 and defined C:\wamp\www\evc\index\Common\common.php 第 43 行.

[ 2015-11-18T15:22:23+08:00 ] 0.0.0.0 /evc/index.php/Usr/usrct
INFO: [ route_check ] --START--
INFO: CheckRoute Behavior ::run [ RunTime:0.001701s ]
INFO: [ route_check ] --END-- [ RunTime:0.001997s ]
INFO: [ app_begin ] --START--
INFO: ReadHtmlCache Behavior ::run [ RunTime:0.000798s ]
INFO: [ app_begin ] --END-- [ RunTime:0.000925s ]
NOTIC: [2] Missing argument 2 for url2arr(), called in C:\wamp\www\evc\index\Lib\Model\DvcModel.class.php on line 5 and defined C:\wamp\www\evc\index\Common\common.php 第 43 行.

[ 2015-11-18T15:22:24+08:00 ] 0.0.0.0 /evc/index.php/Usr/usrct
INFO: [ route_check ] --START--
INFO: CheckRoute Behavior ::run [ RunTime:0.001047s ]
INFO: [ route_check ] --END-- [ RunTime:0.001215s ]
INFO: [ app_begin ] --START--
INFO: ReadHtmlCache Behavior ::run [ RunTime:0.000757s ]
INFO: [ app_begin ] --END-- [ RunTime:0.000877s ]
NOTIC: [2] Missing argument 2 for url2arr(), called in C:\wamp\www\evc\index\Lib\Model\DvcModel.class.php on line 5 and defined C:\wamp\www\evc\index\Common\common.php 第 43 行.

[ 2015-11-18T15:23:48+08:00 ] 0.0.0.0 /evc/index.php/Usr/usrct
INFO: [ route_check ] --START--
INFO: CheckRoute Behavior ::run [ RunTime:0.001012s ]
INFO: [ route_check ] --END-- [ RunTime:0.001180s ]
INFO: [ app_begin ] --START--
INFO: ReadHtmlCache Behavior ::run [ RunTime:0.000949s ]
INFO: [ app_begin ] --END-- [ RunTime:0.001084s ]
NOTIC: [2] Missing argument 2 for url2arr(), called in C:\wamp\www\evc\index\Lib\Model\DvcModel.class.php on line 5 and defined C:\wamp\www\evc\index\Common\common.php 第 43 行.

[ 2015-11-18T15:26:05+08:00 ] 0.0.0.0 /evc/index.php/Test/dosetss?openid=ojxMBuJe07gSZDUwp0ZHGHEMHOR8
INFO: [ route_check ] --START--
INFO: CheckRoute Behavior ::run [ RunTime:0.001165s ]
INFO: [ route_check ] --END-- [ RunTime:0.001327s ]
INFO: [ app_begin ] --START--
INFO: ReadHtmlCache Behavior ::run [ RunTime:0.000836s ]
INFO: [ app_begin ] --END-- [ RunTime:0.000948s ]
NOTIC: [2] Missing argument 1 for Action::ajaxReturn(), called in C:\wamp\www\evc\index\Lib\Action\TestAction.class.php on line 120 and defined C:\wamp\www\evc\ThinkPHP\Lib\Core\Action.class.php 第 306 行.
NOTIC: [8] Undefined variable: data C:\wamp\www\evc\ThinkPHP\Lib\Core\Action.class.php 第 322 行.

[ 2015-11-18T15:50:27+08:00 ] 0.0.0.0 /evc/index.php/Usr/usrct
INFO: [ route_check ] --START--
INFO: CheckRoute Behavior ::run [ RunTime:0.001533s ]
INFO: [ route_check ] --END-- [ RunTime:0.001696s ]
INFO: [ app_begin ] --START--
INFO: ReadHtmlCache Behavior ::run [ RunTime:0.001069s ]
INFO: [ app_begin ] --END-- [ RunTime:0.001209s ]
NOTIC: [2] Missing argument 2 for url2arr(), called in C:\wamp\www\evc\index\Lib\Model\DvcModel.class.php on line 5 and defined C:\wamp\www\evc\index\Common\common.php 第 43 行.

[ 2015-11-18T16:34:59+08:00 ] 0.0.0.0 /evc/index.php/Usr/usrct
INFO: [ route_check ] --START--
INFO: CheckRoute Behavior ::run [ RunTime:0.001910s ]
INFO: [ route_check ] --END-- [ RunTime:0.002092s ]
INFO: [ app_begin ] --START--
INFO: ReadHtmlCache Behavior ::run [ RunTime:0.001100s ]
INFO: [ app_begin ] --END-- [ RunTime:0.001238s ]
NOTIC: [2] Missing argument 2 for url2arr(), called in C:\wamp\www\evc\index\Lib\Model\DvcModel.class.php on line 5 and defined C:\wamp\www\evc\index\Common\common.php 第 43 行.

[ 2015-11-18T16:35:13+08:00 ] 0.0.0.0 /evc/index.php/Usr/usrct
INFO: [ route_check ] --START--
INFO: CheckRoute Behavior ::run [ RunTime:0.000869s ]
INFO: [ route_check ] --END-- [ RunTime:0.001022s ]
INFO: [ app_begin ] --START--
INFO: ReadHtmlCache Behavior ::run [ RunTime:0.000906s ]
INFO: [ app_begin ] --END-- [ RunTime:0.001098s ]
NOTIC: [2] Missing argument 2 for url2arr(), called in C:\wamp\www\evc\index\Lib\Model\DvcModel.class.php on line 5 and defined C:\wamp\www\evc\index\Common\common.php 第 43 行.

[ 2015-11-18T16:37:15+08:00 ] 0.0.0.0 /evc/index.php
INFO: [ app_begin ] --START--
INFO: ReadHtmlCache Behavior ::run [ RunTime:0.000999s ]
INFO: [ app_begin ] --END-- [ RunTime:0.001194s ]
NOTIC: [8] Undefined index: lth C:\wamp\www\evc\index\Lib\Action\IndexAction.class.php 第 52 行.
INFO: [ view_parse ] --START--
INFO: ParseTemplate Behavior ::run [ RunTime:0.049412s ]
INFO: [ view_parse ] --END-- [ RunTime:0.049734s ]
INFO: [ view_filter ] --START--
INFO: ContentReplace Behavior ::run [ RunTime:0.001094s ]
INFO: TokenBuild Behavior ::run [ RunTime:0.001037s ]
INFO: WriteHtmlCache Behavior ::run [ RunTime:0.000850s ]
INFO: ShowRuntime Behavior ::run [ RunTime:0.001072s ]
INFO: [ view_filter ] --END-- [ RunTime:0.004440s ]
INFO: [ view_end ] --START--
INFO: ShowPageTrace Behavior ::run [ RunTime:0.001297s ]
INFO: [ view_end ] --END-- [ RunTime:0.001438s ]

[ 2015-11-18T16:37:15+08:00 ] 0.0.0.0 /evc/index.php/Cmn/dspdvc?ctlgtd=120.207736&ctlttd=30.211754
INFO: [ route_check ] --START--
INFO: CheckRoute Behavior ::run [ RunTime:0.001056s ]
INFO: [ route_check ] --END-- [ RunTime:0.001221s ]
INFO: [ app_begin ] --START--
INFO: ReadHtmlCache Behavior ::run [ RunTime:0.000771s ]
INFO: [ app_begin ] --END-- [ RunTime:0.000928s ]

[ 2015-11-18T16:37:21+08:00 ] 0.0.0.0 /evc/index.php
INFO: [ app_begin ] --START--
INFO: ReadHtmlCache Behavior ::run [ RunTime:0.000998s ]
INFO: [ app_begin ] --END-- [ RunTime:0.001204s ]
NOTIC: [8] Undefined index: lth C:\wamp\www\evc\index\Lib\Action\IndexAction.class.php 第 52 行.
INFO: [ view_parse ] --START--
INFO: ParseTemplate Behavior ::run [ RunTime:0.019104s ]
INFO: [ view_parse ] --END-- [ RunTime:0.019312s ]
INFO: [ view_filter ] --START--
INFO: ContentReplace Behavior ::run [ RunTime:0.000828s ]
INFO: TokenBuild Behavior ::run [ RunTime:0.000682s ]
INFO: WriteHtmlCache Behavior ::run [ RunTime:0.000497s ]
INFO: ShowRuntime Behavior ::run [ RunTime:0.000819s ]
INFO: [ view_filter ] --END-- [ RunTime:0.003222s ]
INFO: [ view_end ] --START--
INFO: ShowPageTrace Behavior ::run [ RunTime:0.000903s ]
INFO: [ view_end ] --END-- [ RunTime:0.001072s ]

[ 2015-11-18T16:37:22+08:00 ] 0.0.0.0 /evc/index.php/Cmn/dspdvc?ctlgtd=120.207736&ctlttd=30.211754
INFO: [ route_check ] --START--
INFO: CheckRoute Behavior ::run [ RunTime:0.001631s ]
INFO: [ route_check ] --END-- [ RunTime:0.001902s ]
INFO: [ app_begin ] --START--
INFO: ReadHtmlCache Behavior ::run [ RunTime:0.000881s ]
INFO: [ app_begin ] --END-- [ RunTime:0.001034s ]

[ 2015-11-18T16:40:13+08:00 ] 0.0.0.0 /evc/index.php/Usr/usrct
INFO: [ route_check ] --START--
INFO: CheckRoute Behavior ::run [ RunTime:0.001212s ]
INFO: [ route_check ] --END-- [ RunTime:0.001373s ]
INFO: [ app_begin ] --START--
INFO: ReadHtmlCache Behavior ::run [ RunTime:0.000844s ]
INFO: [ app_begin ] --END-- [ RunTime:0.000978s ]
NOTIC: [2] Missing argument 2 for url2arr(), called in C:\wamp\www\evc\index\Lib\Model\DvcModel.class.php on line 5 and defined C:\wamp\www\evc\index\Common\common.php 第 43 行.

[ 2015-11-18T16:40:18+08:00 ] 0.0.0.0 /evc/index.php/Usr/usrct
INFO: [ route_check ] --START--
INFO: CheckRoute Behavior ::run [ RunTime:0.000970s ]
INFO: [ route_check ] --END-- [ RunTime:0.001125s ]
INFO: [ app_begin ] --START--
INFO: ReadHtmlCache Behavior ::run [ RunTime:0.000726s ]
INFO: [ app_begin ] --END-- [ RunTime:0.000861s ]
NOTIC: [2] Missing argument 2 for url2arr(), called in C:\wamp\www\evc\index\Lib\Model\DvcModel.class.php on line 5 and defined C:\wamp\www\evc\index\Common\common.php 第 43 行.

[ 2015-11-18T16:40:32+08:00 ] 0.0.0.0 /evc/index.php/Usr/usrct
INFO: [ route_check ] --START--
INFO: CheckRoute Behavior ::run [ RunTime:0.000880s ]
INFO: [ route_check ] --END-- [ RunTime:0.001027s ]
INFO: [ app_begin ] --START--
INFO: ReadHtmlCache Behavior ::run [ RunTime:0.000718s ]
INFO: [ app_begin ] --END-- [ RunTime:0.000845s ]
NOTIC: [2] Missing argument 2 for url2arr(), called in C:\wamp\www\evc\index\Lib\Model\DvcModel.class.php on line 5 and defined C:\wamp\www\evc\index\Common\common.php 第 43 行.

[ 2015-11-18T16:40:35+08:00 ] 0.0.0.0 /evc/index.php/Usr/usrct
INFO: [ route_check ] --START--
INFO: CheckRoute Behavior ::run [ RunTime:0.001096s ]
INFO: [ route_check ] --END-- [ RunTime:0.001278s ]
INFO: [ app_begin ] --START--
INFO: ReadHtmlCache Behavior ::run [ RunTime:0.000842s ]
INFO: [ app_begin ] --END-- [ RunTime:0.001005s ]
NOTIC: [2] Missing argument 2 for url2arr(), called in C:\wamp\www\evc\index\Lib\Model\DvcModel.class.php on line 5 and defined C:\wamp\www\evc\index\Common\common.php 第 43 行.

[ 2015-11-18T19:27:08+08:00 ] 0.0.0.0 /evc/index.php/Usr/usrct
INFO: [ route_check ] --START--
INFO: CheckRoute Behavior ::run [ RunTime:0.001130s ]
INFO: [ route_check ] --END-- [ RunTime:0.001294s ]
INFO: [ app_begin ] --START--
INFO: ReadHtmlCache Behavior ::run [ RunTime:0.000948s ]
INFO: [ app_begin ] --END-- [ RunTime:0.001194s ]
NOTIC: [2] Missing argument 2 for url2arr(), called in C:\wamp\www\evc\index\Lib\Model\DvcModel.class.php on line 5 and defined C:\wamp\www\evc\index\Common\common.php 第 43 行.

[ 2015-11-18T19:34:28+08:00 ] 0.0.0.0 /evc/index.php/Usr/usrct
INFO: [ route_check ] --START--
INFO: CheckRoute Behavior ::run [ RunTime:0.001510s ]
INFO: [ route_check ] --END-- [ RunTime:0.001740s ]
INFO: [ app_begin ] --START--
INFO: ReadHtmlCache Behavior ::run [ RunTime:0.000901s ]
INFO: [ app_begin ] --END-- [ RunTime:0.001052s ]
NOTIC: [2] Missing argument 2 for url2arr(), called in C:\wamp\www\evc\index\Lib\Model\DvcModel.class.php on line 5 and defined C:\wamp\www\evc\index\Common\common.php 第 43 行.

[ 2015-11-18T19:34:49+08:00 ] 0.0.0.0 /evc/index.php/Usr/usrct
INFO: [ route_check ] --START--
INFO: CheckRoute Behavior ::run [ RunTime:0.001451s ]
INFO: [ route_check ] --END-- [ RunTime:0.001657s ]
INFO: [ app_begin ] --START--
INFO: ReadHtmlCache Behavior ::run [ RunTime:0.000818s ]
INFO: [ app_begin ] --END-- [ RunTime:0.000953s ]
NOTIC: [2] Missing argument 2 for url2arr(), called in C:\wamp\www\evc\index\Lib\Model\DvcModel.class.php on line 5 and defined C:\wamp\www\evc\index\Common\common.php 第 43 行.

[ 2015-11-18T19:34:58+08:00 ] 0.0.0.0 /evc/index.php/Usr/usrct
INFO: [ route_check ] --START--
INFO: CheckRoute Behavior ::run [ RunTime:0.000997s ]
INFO: [ route_check ] --END-- [ RunTime:0.001152s ]
INFO: [ app_begin ] --START--
INFO: ReadHtmlCache Behavior ::run [ RunTime:0.000768s ]
INFO: [ app_begin ] --END-- [ RunTime:0.000903s ]
NOTIC: [2] Missing argument 2 for url2arr(), called in C:\wamp\www\evc\index\Lib\Model\DvcModel.class.php on line 5 and defined C:\wamp\www\evc\index\Common\common.php 第 43 行.

[ 2015-11-18T19:35:09+08:00 ] 0.0.0.0 /evc/index.php/Usr/usrct
INFO: [ route_check ] --START--
INFO: CheckRoute Behavior ::run [ RunTime:0.003303s ]
INFO: [ route_check ] --END-- [ RunTime:0.003476s ]
INFO: [ app_begin ] --START--
INFO: ReadHtmlCache Behavior ::run [ RunTime:0.001149s ]
INFO: [ app_begin ] --END-- [ RunTime:0.001301s ]
NOTIC: [2] Missing argument 2 for url2arr(), called in C:\wamp\www\evc\index\Lib\Model\DvcModel.class.php on line 5 and defined C:\wamp\www\evc\index\Common\common.php 第 43 行.

[ 2015-11-18T19:35:17+08:00 ] 0.0.0.0 /evc/index.php/Usr/usrct
INFO: [ route_check ] --START--
INFO: CheckRoute Behavior ::run [ RunTime:0.001469s ]
INFO: [ route_check ] --END-- [ RunTime:0.001697s ]
INFO: [ app_begin ] --START--
INFO: ReadHtmlCache Behavior ::run [ RunTime:0.001085s ]
INFO: [ app_begin ] --END-- [ RunTime:0.001351s ]
NOTIC: [2] Missing argument 2 for url2arr(), called in C:\wamp\www\evc\index\Lib\Model\DvcModel.class.php on line 5 and defined C:\wamp\www\evc\index\Common\common.php 第 43 行.

[ 2015-11-18T20:41:53+08:00 ] 0.0.0.0 /evc/index.php/Usr/usrct
INFO: [ route_check ] --START--
INFO: CheckRoute Behavior ::run [ RunTime:0.001384s ]
INFO: [ route_check ] --END-- [ RunTime:0.001568s ]
INFO: [ app_begin ] --START--
INFO: ReadHtmlCache Behavior ::run [ RunTime:0.001409s ]
INFO: [ app_begin ] --END-- [ RunTime:0.001553s ]
NOTIC: [2] Missing argument 2 for url2arr(), called in C:\wamp\www\evc\index\Lib\Model\DvcModel.class.php on line 5 and defined C:\wamp\www\evc\index\Common\common.php 第 43 行.

[ 2015-11-18T20:52:04+08:00 ] 0.0.0.0 /evc/index.php/Usr/usrct
INFO: [ route_check ] --START--
INFO: CheckRoute Behavior ::run [ RunTime:0.003264s ]
INFO: [ route_check ] --END-- [ RunTime:0.003523s ]
INFO: [ app_begin ] --START--
INFO: ReadHtmlCache Behavior ::run [ RunTime:0.001476s ]
INFO: [ app_begin ] --END-- [ RunTime:0.001635s ]

[ 2015-11-18T20:52:23+08:00 ] 0.0.0.0 /evc/index.php/Usr/usrct
INFO: [ route_check ] --START--
INFO: CheckRoute Behavior ::run [ RunTime:0.001033s ]
INFO: [ route_check ] --END-- [ RunTime:0.001217s ]
INFO: [ app_begin ] --START--
INFO: ReadHtmlCache Behavior ::run [ RunTime:0.000739s ]
INFO: [ app_begin ] --END-- [ RunTime:0.000882s ]

[ 2015-11-18T20:57:12+08:00 ] 0.0.0.0 /evc/index.php/Usr/usrct
INFO: [ route_check ] --START--
INFO: CheckRoute Behavior ::run [ RunTime:0.001385s ]
INFO: [ route_check ] --END-- [ RunTime:0.001649s ]
INFO: [ app_begin ] --START--
INFO: ReadHtmlCache Behavior ::run [ RunTime:0.001010s ]
INFO: [ app_begin ] --END-- [ RunTime:0.001235s ]

[ 2015-11-18T20:59:28+08:00 ] 0.0.0.0 /evc/index.php/Usr/usrct
INFO: [ route_check ] --START--
INFO: CheckRoute Behavior ::run [ RunTime:0.001417s ]
INFO: [ route_check ] --END-- [ RunTime:0.001616s ]
INFO: [ app_begin ] --START--
INFO: ReadHtmlCache Behavior ::run [ RunTime:0.001243s ]
INFO: [ app_begin ] --END-- [ RunTime:0.001651s ]

[ 2015-11-18T21:02:06+08:00 ] 0.0.0.0 /evc/index.php/Usr/usrct
INFO: [ route_check ] --START--
INFO: CheckRoute Behavior ::run [ RunTime:0.001225s ]
INFO: [ route_check ] --END-- [ RunTime:0.001401s ]
INFO: [ app_begin ] --START--
INFO: ReadHtmlCache Behavior ::run [ RunTime:0.000863s ]
INFO: [ app_begin ] --END-- [ RunTime:0.001009s ]

[ 2015-11-18T21:08:51+08:00 ] 0.0.0.0 /evc/index.php/Usr/usrct
INFO: [ route_check ] --START--
INFO: CheckRoute Behavior ::run [ RunTime:0.001708s ]
INFO: [ route_check ] --END-- [ RunTime:0.001927s ]
INFO: [ app_begin ] --START--
INFO: ReadHtmlCache Behavior ::run [ RunTime:0.000908s ]
INFO: [ app_begin ] --END-- [ RunTime:0.001061s ]

[ 2015-11-18T21:51:55+08:00 ] 0.0.0.0 /evc/index.php/Usr/usrct
INFO: [ route_check ] --START--
INFO: CheckRoute Behavior ::run [ RunTime:0.003388s ]
INFO: [ route_check ] --END-- [ RunTime:0.003835s ]
INFO: [ app_begin ] --START--
INFO: ReadHtmlCache Behavior ::run [ RunTime:0.003679s ]
INFO: [ app_begin ] --END-- [ RunTime:0.004119s ]

[ 2015-11-18T21:54:51+08:00 ] 0.0.0.0 /evc/index.php/Usr/usrct
INFO: [ route_check ] --START--
INFO: CheckRoute Behavior ::run [ RunTime:0.003120s ]
INFO: [ route_check ] --END-- [ RunTime:0.003523s ]
INFO: [ app_begin ] --START--
INFO: ReadHtmlCache Behavior ::run [ RunTime:0.001790s ]
INFO: [ app_begin ] --END-- [ RunTime:0.002057s ]

[ 2015-11-18T21:55:16+08:00 ] 0.0.0.0 /evc/index.php/Usr/usrct
INFO: [ route_check ] --START--
INFO: CheckRoute Behavior ::run [ RunTime:0.002253s ]
INFO: [ route_check ] --END-- [ RunTime:0.002562s ]
INFO: [ app_begin ] --START--
INFO: ReadHtmlCache Behavior ::run [ RunTime:0.001425s ]
INFO: [ app_begin ] --END-- [ RunTime:0.001687s ]

[ 2015-11-18T22:26:31+08:00 ] 0.0.0.0 /evc/index.php/Test/test
INFO: [ route_check ] --START--
INFO: CheckRoute Behavior ::run [ RunTime:0.002607s ]
INFO: [ route_check ] --END-- [ RunTime:0.003144s ]
INFO: [ app_begin ] --START--
INFO: ReadHtmlCache Behavior ::run [ RunTime:0.001623s ]
INFO: [ app_begin ] --END-- [ RunTime:0.001894s ]

[ 2015-11-18T22:26:46+08:00 ] 0.0.0.0 /evc/index.php/Test/test
INFO: [ route_check ] --START--
INFO: CheckRoute Behavior ::run [ RunTime:0.003354s ]
INFO: [ route_check ] --END-- [ RunTime:0.003742s ]
INFO: [ app_begin ] --START--
INFO: ReadHtmlCache Behavior ::run [ RunTime:0.003911s ]
INFO: [ app_begin ] --END-- [ RunTime:0.004580s ]
NOTIC: [2] Missing argument 3 for DvcModel::getAll(), called in C:\wamp\www\evc\index\Lib\Action\TestAction.class.php on line 12 and defined C:\wamp\www\evc\index\Lib\Model\DvcModel.class.php 第 22 行.
NOTIC: [8] Undefined variable: mdl C:\wamp\www\evc\index\Lib\Model\DvcModel.class.php 第 23 行.

[ 2015-11-18T22:32:14+08:00 ] 0.0.0.0 /evc/index.php
INFO: [ app_begin ] --START--
INFO: ReadHtmlCache Behavior ::run [ RunTime:0.002721s ]
INFO: [ app_begin ] --END-- [ RunTime:0.003087s ]
NOTIC: [8] Undefined index: lth C:\wamp\www\evc\index\Lib\Action\IndexAction.class.php 第 52 行.
INFO: [ view_parse ] --START--
INFO: ParseTemplate Behavior ::run [ RunTime:0.035480s ]
INFO: [ view_parse ] --END-- [ RunTime:0.035820s ]
INFO: [ view_filter ] --START--
INFO: ContentReplace Behavior ::run [ RunTime:0.002098s ]
INFO: TokenBuild Behavior ::run [ RunTime:0.002017s ]
INFO: WriteHtmlCache Behavior ::run [ RunTime:0.004331s ]
INFO: ShowRuntime Behavior ::run [ RunTime:0.002337s ]
INFO: [ view_filter ] --END-- [ RunTime:0.011645s ]
INFO: [ view_end ] --START--
INFO: ShowPageTrace Behavior ::run [ RunTime:0.002212s ]
INFO: [ view_end ] --END-- [ RunTime:0.002476s ]

[ 2015-11-18T22:32:17+08:00 ] 0.0.0.0 /evc/index.php/Cmn/dspdvc?ctlgtd=120.207736&ctlttd=30.211754
INFO: [ route_check ] --START--
INFO: CheckRoute Behavior ::run [ RunTime:0.004546s ]
INFO: [ route_check ] --END-- [ RunTime:0.005102s ]
INFO: [ app_begin ] --START--
INFO: ReadHtmlCache Behavior ::run [ RunTime:0.004286s ]
INFO: [ app_begin ] --END-- [ RunTime:0.004875s ]

[ 2015-11-18T22:32:30+08:00 ] 0.0.0.0 /evc/index.php
INFO: [ app_begin ] --START--
INFO: ReadHtmlCache Behavior ::run [ RunTime:0.002960s ]
INFO: [ app_begin ] --END-- [ RunTime:0.003457s ]
NOTIC: [8] Undefined index: lth C:\wamp\www\evc\index\Lib\Action\IndexAction.class.php 第 52 行.
INFO: [ view_parse ] --START--
INFO: ParseTemplate Behavior ::run [ RunTime:0.030986s ]
INFO: [ view_parse ] --END-- [ RunTime:0.031306s ]
INFO: [ view_filter ] --START--
INFO: ContentReplace Behavior ::run [ RunTime:0.001601s ]
INFO: TokenBuild Behavior ::run [ RunTime:0.002904s ]
INFO: WriteHtmlCache Behavior ::run [ RunTime:0.001215s ]
INFO: ShowRuntime Behavior ::run [ RunTime:0.001857s ]
INFO: [ view_filter ] --END-- [ RunTime:0.008781s ]
INFO: [ view_end ] --START--
INFO: ShowPageTrace Behavior ::run [ RunTime:0.002104s ]
INFO: [ view_end ] --END-- [ RunTime:0.002432s ]

[ 2015-11-18T22:32:32+08:00 ] 0.0.0.0 /evc/index.php/Cmn/dspdvc?ctlgtd=120.207736&ctlttd=30.211754
INFO: [ route_check ] --START--
INFO: CheckRoute Behavior ::run [ RunTime:0.005535s ]
INFO: [ route_check ] --END-- [ RunTime:0.005994s ]
INFO: [ app_begin ] --START--
INFO: ReadHtmlCache Behavior ::run [ RunTime:0.002294s ]
INFO: [ app_begin ] --END-- [ RunTime:0.002706s ]

[ 2015-11-18T23:20:51+08:00 ] 0.0.0.0 /evc/index.php/Test/test
INFO: [ route_check ] --START--
INFO: CheckRoute Behavior ::run [ RunTime:0.002863s ]
INFO: [ route_check ] --END-- [ RunTime:0.003184s ]
INFO: [ app_begin ] --START--
INFO: ReadHtmlCache Behavior ::run [ RunTime:0.002077s ]
INFO: [ app_begin ] --END-- [ RunTime:0.002341s ]
NOTIC: [8] Undefined variable: arr C:\wamp\www\evc\index\Common\common.php 第 45 行.
NOTIC: [2] Missing argument 3 for DvcModel::getAll(), called in C:\wamp\www\evc\index\Lib\Action\TestAction.class.php on line 12 and defined C:\wamp\www\evc\index\Lib\Model\DvcModel.class.php 第 25 行.
NOTIC: [8] Undefined variable: mdl C:\wamp\www\evc\index\Lib\Model\DvcModel.class.php 第 26 行.
NOTIC: [8] Undefined variable: arr C:\wamp\www\evc\index\Common\common.php 第 45 行.

[ 2015-11-18T23:28:49+08:00 ] 0.0.0.0 /evc/index.php/Test/test
INFO: [ route_check ] --START--
INFO: CheckRoute Behavior ::run [ RunTime:0.004486s ]
INFO: [ route_check ] --END-- [ RunTime:0.004841s ]
INFO: [ app_begin ] --START--
INFO: ReadHtmlCache Behavior ::run [ RunTime:0.002358s ]
INFO: [ app_begin ] --END-- [ RunTime:0.002643s ]
NOTIC: [8] Undefined variable: arr C:\wamp\www\evc\index\Common\common.php 第 49 行.
NOTIC: [2] Missing argument 3 for DvcModel::getAll(), called in C:\wamp\www\evc\index\Lib\Action\TestAction.class.php on line 12 and defined C:\wamp\www\evc\index\Lib\Model\DvcModel.class.php 第 25 行.
NOTIC: [8] Undefined variable: mdl C:\wamp\www\evc\index\Lib\Model\DvcModel.class.php 第 26 行.
NOTIC: [8] Undefined variable: arr C:\wamp\www\evc\index\Common\common.php 第 49 行.

