[ 2015-10-01T00:15:39+08:00 ] 192.168.1.109 /evc/index.php/Usr/baidu.com
INFO: [ route_check ] --START--
INFO: CheckRoute Behavior ::run [ RunTime:0.002142s ]
INFO: [ route_check ] --END-- [ RunTime:0.002367s ]
INFO: [ app_begin ] --START--
INFO: ReadHtmlCache Behavior ::run [ RunTime:0.001360s ]
INFO: [ app_begin ] --END-- [ RunTime:0.001539s ]
ERR: 非法操作:baidu.com

[ 2015-10-01T00:15:39+08:00 ] 192.168.1.109 /evc/index.php/Usr/baidu.com
INFO: [ route_check ] --START--
INFO: CheckRoute Behavior ::run [ RunTime:0.001447s ]
INFO: [ route_check ] --END-- [ RunTime:0.001706s ]
INFO: [ app_begin ] --START--
INFO: ReadHtmlCache Behavior ::run [ RunTime:0.001094s ]
INFO: [ app_begin ] --END-- [ RunTime:0.001325s ]
ERR: 非法操作:baidu.com

[ 2015-10-01T00:15:49+08:00 ] 192.168.1.109 /evc/
INFO: [ app_begin ] --START--
INFO: ReadHtmlCache Behavior ::run [ RunTime:0.001428s ]
INFO: [ app_begin ] --END-- [ RunTime:0.001691s ]
NOTIC: [8] Undefined index: lth C:\wamp\www\evc\index\Lib\Action\IndexAction.class.php 第 36 行.
INFO: [ view_parse ] --START--
INFO: ParseTemplate Behavior ::run [ RunTime:0.043117s ]
INFO: [ view_parse ] --END-- [ RunTime:0.043386s ]
INFO: [ view_filter ] --START--
INFO: ContentReplace Behavior ::run [ RunTime:0.001213s ]
INFO: TokenBuild Behavior ::run [ RunTime:0.001128s ]
INFO: WriteHtmlCache Behavior ::run [ RunTime:0.000870s ]
INFO: ShowRuntime Behavior ::run [ RunTime:0.001327s ]
INFO: [ view_filter ] --END-- [ RunTime:0.005000s ]
INFO: [ view_end ] --START--
INFO: ShowPageTrace Behavior ::run [ RunTime:0.001808s ]
INFO: [ view_end ] --END-- [ RunTime:0.002039s ]

[ 2015-10-01T00:15:50+08:00 ] 192.168.1.109 /evc/index.php/Cmn/dspdvc?ctlgtd=121.576464&ctlttd=31.224494
INFO: [ route_check ] --START--
INFO: CheckRoute Behavior ::run [ RunTime:0.001947s ]
INFO: [ route_check ] --END-- [ RunTime:0.002208s ]
INFO: [ app_begin ] --START--
INFO: ReadHtmlCache Behavior ::run [ RunTime:0.001338s ]
INFO: [ app_begin ] --END-- [ RunTime:0.001543s ]

[ 2015-10-01T00:15:52+08:00 ] 192.168.1.109 /evc/index.php/Cmn/vrfusrstat?x=usrct
INFO: [ route_check ] --START--
INFO: CheckRoute Behavior ::run [ RunTime:0.001063s ]
INFO: [ route_check ] --END-- [ RunTime:0.001231s ]
INFO: [ app_begin ] --START--
INFO: ReadHtmlCache Behavior ::run [ RunTime:0.000892s ]
INFO: [ app_begin ] --END-- [ RunTime:0.001258s ]

[ 2015-10-01T00:15:52+08:00 ] 192.168.1.109 /evc/index.php/Usr/usrct
INFO: [ route_check ] --START--
INFO: CheckRoute Behavior ::run [ RunTime:0.000953s ]
INFO: [ route_check ] --END-- [ RunTime:0.001106s ]
INFO: [ app_begin ] --START--
INFO: ReadHtmlCache Behavior ::run [ RunTime:0.000832s ]
INFO: [ app_begin ] --END-- [ RunTime:0.001009s ]
INFO: [ view_parse ] --START--
INFO: ParseTemplate Behavior ::run [ RunTime:0.024999s ]
INFO: [ view_parse ] --END-- [ RunTime:0.025232s ]
INFO: [ view_filter ] --START--
INFO: ContentReplace Behavior ::run [ RunTime:0.000948s ]
INFO: TokenBuild Behavior ::run [ RunTime:0.000964s ]
INFO: WriteHtmlCache Behavior ::run [ RunTime:0.000785s ]
INFO: ShowRuntime Behavior ::run [ RunTime:0.001653s ]
INFO: [ view_filter ] --END-- [ RunTime:0.005007s ]
INFO: [ view_end ] --START--
INFO: ShowPageTrace Behavior ::run [ RunTime:0.001314s ]
INFO: [ view_end ] --END-- [ RunTime:0.001532s ]

[ 2015-10-01T00:15:52+08:00 ] 192.168.1.109 /evc/index.php/Usr/baidu.com
INFO: [ route_check ] --START--
INFO: CheckRoute Behavior ::run [ RunTime:0.001360s ]
INFO: [ route_check ] --END-- [ RunTime:0.001600s ]
INFO: [ app_begin ] --START--
INFO: ReadHtmlCache Behavior ::run [ RunTime:0.001070s ]
INFO: [ app_begin ] --END-- [ RunTime:0.001291s ]
ERR: 非法操作:baidu.com

[ 2015-10-01T00:15:52+08:00 ] 192.168.1.109 /evc/index.php/Usr/baidu.com
INFO: [ route_check ] --START--
INFO: CheckRoute Behavior ::run [ RunTime:0.001383s ]
INFO: [ route_check ] --END-- [ RunTime:0.001627s ]
INFO: [ app_begin ] --START--
INFO: ReadHtmlCache Behavior ::run [ RunTime:0.000955s ]
INFO: [ app_begin ] --END-- [ RunTime:0.001143s ]
ERR: 非法操作:baidu.com

[ 2015-10-01T00:15:56+08:00 ] 192.168.1.109 /evc/index.php/Usr/doonoffdvc?dvcid=9&tm=&oprt=on
INFO: [ route_check ] --START--
INFO: CheckRoute Behavior ::run [ RunTime:0.001100s ]
INFO: [ route_check ] --END-- [ RunTime:0.001251s ]
INFO: [ app_begin ] --START--
INFO: ReadHtmlCache Behavior ::run [ RunTime:0.000763s ]
INFO: [ app_begin ] --END-- [ RunTime:0.000882s ]

[ 2015-10-01T00:15:59+08:00 ] 192.168.1.109 /evc/index.php/Usr/fnddvcbydvcid?dvcid=9
INFO: [ route_check ] --START--
INFO: CheckRoute Behavior ::run [ RunTime:0.001139s ]
INFO: [ route_check ] --END-- [ RunTime:0.001297s ]
INFO: [ app_begin ] --START--
INFO: ReadHtmlCache Behavior ::run [ RunTime:0.000872s ]
INFO: [ app_begin ] --END-- [ RunTime:0.000984s ]

[ 2015-10-01T00:16:01+08:00 ] 192.168.1.109 /evc/index.php/Usr/dosttm?optm=&clstm=&dvcid=9
INFO: [ route_check ] --START--
INFO: CheckRoute Behavior ::run [ RunTime:0.001065s ]
INFO: [ route_check ] --END-- [ RunTime:0.001220s ]
INFO: [ app_begin ] --START--
INFO: ReadHtmlCache Behavior ::run [ RunTime:0.000922s ]
INFO: [ app_begin ] --END-- [ RunTime:0.001088s ]

[ 2015-10-01T00:16:04+08:00 ] 192.168.1.109 /evc/index.php/Usr/usrct
INFO: [ route_check ] --START--
INFO: CheckRoute Behavior ::run [ RunTime:0.000980s ]
INFO: [ route_check ] --END-- [ RunTime:0.001129s ]
INFO: [ app_begin ] --START--
INFO: ReadHtmlCache Behavior ::run [ RunTime:0.000754s ]
INFO: [ app_begin ] --END-- [ RunTime:0.001067s ]
INFO: [ view_parse ] --START--
INFO: ParseTemplate Behavior ::run [ RunTime:0.023024s ]
INFO: [ view_parse ] --END-- [ RunTime:0.023289s ]
INFO: [ view_filter ] --START--
INFO: ContentReplace Behavior ::run [ RunTime:0.000892s ]
INFO: TokenBuild Behavior ::run [ RunTime:0.000871s ]
INFO: WriteHtmlCache Behavior ::run [ RunTime:0.000667s ]
INFO: ShowRuntime Behavior ::run [ RunTime:0.000870s ]
INFO: [ view_filter ] --END-- [ RunTime:0.003862s ]
INFO: [ view_end ] --START--
INFO: ShowPageTrace Behavior ::run [ RunTime:0.001033s ]
INFO: [ view_end ] --END-- [ RunTime:0.001204s ]

[ 2015-10-01T00:16:05+08:00 ] 192.168.1.109 /evc/index.php/Usr/baidu.com
INFO: [ route_check ] --START--
INFO: CheckRoute Behavior ::run [ RunTime:0.001164s ]
INFO: [ route_check ] --END-- [ RunTime:0.001355s ]
INFO: [ app_begin ] --START--
INFO: ReadHtmlCache Behavior ::run [ RunTime:0.001105s ]
INFO: [ app_begin ] --END-- [ RunTime:0.001258s ]
ERR: 非法操作:baidu.com

[ 2015-10-01T00:16:05+08:00 ] 192.168.1.109 /evc/index.php/Usr/baidu.com
INFO: [ route_check ] --START--
INFO: CheckRoute Behavior ::run [ RunTime:0.001115s ]
INFO: [ route_check ] --END-- [ RunTime:0.001318s ]
INFO: [ app_begin ] --START--
INFO: ReadHtmlCache Behavior ::run [ RunTime:0.001114s ]
INFO: [ app_begin ] --END-- [ RunTime:0.001305s ]
ERR: 非法操作:baidu.com

[ 2015-10-01T00:17:58+08:00 ] 192.168.1.109 /evc/index.php/Cmn/dspdvc?ctlgtd=121.576464&ctlttd=31.224494
INFO: [ route_check ] --START--
INFO: CheckRoute Behavior ::run [ RunTime:0.001512s ]
INFO: [ route_check ] --END-- [ RunTime:0.001813s ]
INFO: [ app_begin ] --START--
INFO: ReadHtmlCache Behavior ::run [ RunTime:0.000903s ]
INFO: [ app_begin ] --END-- [ RunTime:0.001039s ]

[ 2015-10-01T00:17:59+08:00 ] 192.168.1.109 /evc/index.php/Cmn/vrfusrstat?x=apnt
INFO: [ route_check ] --START--
INFO: CheckRoute Behavior ::run [ RunTime:0.001511s ]
INFO: [ route_check ] --END-- [ RunTime:0.001759s ]
INFO: [ app_begin ] --START--
INFO: ReadHtmlCache Behavior ::run [ RunTime:0.000903s ]
INFO: [ app_begin ] --END-- [ RunTime:0.001065s ]
NOTIC: [8] Undefined variable: url C:\wamp\www\evc\index\Lib\Action\CmnAction.class.php 第 74 行.

[ 2015-10-01T00:17:59+08:00 ] 192.168.1.109 /evc/index.php/Index/doapnt?tp=ok&crid=1&lgtd=121.576464&lttd=31.224494
INFO: [ route_check ] --START--
INFO: CheckRoute Behavior ::run [ RunTime:0.001699s ]
INFO: [ route_check ] --END-- [ RunTime:0.002069s ]
INFO: [ app_begin ] --START--
INFO: ReadHtmlCache Behavior ::run [ RunTime:0.000869s ]
INFO: [ app_begin ] --END-- [ RunTime:0.001021s ]

[ 2015-10-01T00:18:01+08:00 ] 192.168.1.109 /evc/index.php/Cmn/vrfusrstat?x=apnt
INFO: [ route_check ] --START--
INFO: CheckRoute Behavior ::run [ RunTime:0.003120s ]
INFO: [ route_check ] --END-- [ RunTime:0.003670s ]
INFO: [ app_begin ] --START--
INFO: ReadHtmlCache Behavior ::run [ RunTime:0.001805s ]
INFO: [ app_begin ] --END-- [ RunTime:0.002076s ]
NOTIC: [8] Undefined variable: url C:\wamp\www\evc\index\Lib\Action\CmnAction.class.php 第 74 行.

[ 2015-10-01T00:18:01+08:00 ] 192.168.1.109 /evc/index.php/Index/doapnt?tp=ok&crid=1&lgtd=121.576464&lttd=31.224494
INFO: [ route_check ] --START--
INFO: CheckRoute Behavior ::run [ RunTime:0.001898s ]
INFO: [ route_check ] --END-- [ RunTime:0.002251s ]
INFO: [ app_begin ] --START--
INFO: ReadHtmlCache Behavior ::run [ RunTime:0.001504s ]
INFO: [ app_begin ] --END-- [ RunTime:0.001746s ]

[ 2015-10-01T00:18:08+08:00 ] 192.168.1.109 /evc/index.php/Cmn/vrfusrstat?x=apnt
INFO: [ route_check ] --START--
INFO: CheckRoute Behavior ::run [ RunTime:0.002763s ]
INFO: [ route_check ] --END-- [ RunTime:0.003152s ]
INFO: [ app_begin ] --START--
INFO: ReadHtmlCache Behavior ::run [ RunTime:0.002389s ]
INFO: [ app_begin ] --END-- [ RunTime:0.002766s ]
NOTIC: [8] Undefined variable: url C:\wamp\www\evc\index\Lib\Action\CmnAction.class.php 第 74 行.

[ 2015-10-01T00:18:08+08:00 ] 192.168.1.109 /evc/index.php/Index/doapnt?tp=ok&crid=1&lgtd=121.576464&lttd=31.224494
INFO: [ route_check ] --START--
INFO: CheckRoute Behavior ::run [ RunTime:0.003225s ]
INFO: [ route_check ] --END-- [ RunTime:0.003615s ]
INFO: [ app_begin ] --START--
INFO: ReadHtmlCache Behavior ::run [ RunTime:0.001963s ]
INFO: [ app_begin ] --END-- [ RunTime:0.002337s ]

[ 2015-10-01T00:20:07+08:00 ] 192.168.1.109 /evc/index.php/Cmn/vrfusrstat?x=apnt
INFO: [ route_check ] --START--
INFO: CheckRoute Behavior ::run [ RunTime:0.000975s ]
INFO: [ route_check ] --END-- [ RunTime:0.001161s ]
INFO: [ app_begin ] --START--
INFO: ReadHtmlCache Behavior ::run [ RunTime:0.000718s ]
INFO: [ app_begin ] --END-- [ RunTime:0.000835s ]
NOTIC: [8] Undefined variable: url C:\wamp\www\evc\index\Lib\Action\CmnAction.class.php 第 74 行.

[ 2015-10-01T00:20:07+08:00 ] 192.168.1.109 /evc/index.php/Index/doapnt?tp=ok&crid=1&lgtd=121.576464&lttd=31.224494
INFO: [ route_check ] --START--
INFO: CheckRoute Behavior ::run [ RunTime:0.001502s ]
INFO: [ route_check ] --END-- [ RunTime:0.001680s ]
INFO: [ app_begin ] --START--
INFO: ReadHtmlCache Behavior ::run [ RunTime:0.000792s ]
INFO: [ app_begin ] --END-- [ RunTime:0.000954s ]

[ 2015-10-01T00:21:04+08:00 ] 192.168.1.109 /evc/index.php/Cmn/vrfusrstat?x=apnt
INFO: [ route_check ] --START--
INFO: CheckRoute Behavior ::run [ RunTime:0.001148s ]
INFO: [ route_check ] --END-- [ RunTime:0.001307s ]
INFO: [ app_begin ] --START--
INFO: ReadHtmlCache Behavior ::run [ RunTime:0.000911s ]
INFO: [ app_begin ] --END-- [ RunTime:0.001034s ]
NOTIC: [8] Undefined variable: url C:\wamp\www\evc\index\Lib\Action\CmnAction.class.php 第 74 行.

[ 2015-10-01T00:21:04+08:00 ] 192.168.1.109 /evc/index.php/Index/doapnt?tp=ok&crid=1&lgtd=121.576464&lttd=31.224494
INFO: [ route_check ] --START--
INFO: CheckRoute Behavior ::run [ RunTime:0.002048s ]
INFO: [ route_check ] --END-- [ RunTime:0.002250s ]
INFO: [ app_begin ] --START--
INFO: ReadHtmlCache Behavior ::run [ RunTime:0.001233s ]
INFO: [ app_begin ] --END-- [ RunTime:0.001467s ]

[ 2015-10-01T00:21:52+08:00 ] 192.168.1.109 /evc/index.php/Cmn/vrfusrstat?x=apnt
INFO: [ route_check ] --START--
INFO: CheckRoute Behavior ::run [ RunTime:0.001259s ]
INFO: [ route_check ] --END-- [ RunTime:0.001457s ]
INFO: [ app_begin ] --START--
INFO: ReadHtmlCache Behavior ::run [ RunTime:0.001055s ]
INFO: [ app_begin ] --END-- [ RunTime:0.001221s ]
NOTIC: [8] Undefined variable: url C:\wamp\www\evc\index\Lib\Action\CmnAction.class.php 第 74 行.

[ 2015-10-01T00:21:52+08:00 ] 192.168.1.109 /evc/index.php/Index/doapnt?tp=ok&crid=1&lgtd=121.576464&lttd=31.224494
INFO: [ route_check ] --START--
INFO: CheckRoute Behavior ::run [ RunTime:0.001100s ]
INFO: [ route_check ] --END-- [ RunTime:0.001293s ]
INFO: [ app_begin ] --START--
INFO: ReadHtmlCache Behavior ::run [ RunTime:0.000711s ]
INFO: [ app_begin ] --END-- [ RunTime:0.000824s ]

[ 2015-10-01T00:21:57+08:00 ] 192.168.1.109 /evc/index.php/Cmn/vrfusrstat?x=apnt
INFO: [ route_check ] --START--
INFO: CheckRoute Behavior ::run [ RunTime:0.001116s ]
INFO: [ route_check ] --END-- [ RunTime:0.001340s ]
INFO: [ app_begin ] --START--
INFO: ReadHtmlCache Behavior ::run [ RunTime:0.001096s ]
INFO: [ app_begin ] --END-- [ RunTime:0.001228s ]
NOTIC: [8] Undefined variable: url C:\wamp\www\evc\index\Lib\Action\CmnAction.class.php 第 74 行.

[ 2015-10-01T00:21:57+08:00 ] 192.168.1.109 /evc/index.php/Index/doapnt?tp=ok&crid=1&lgtd=121.576464&lttd=31.224494
INFO: [ route_check ] --START--
INFO: CheckRoute Behavior ::run [ RunTime:0.001263s ]
INFO: [ route_check ] --END-- [ RunTime:0.001445s ]
INFO: [ app_begin ] --START--
INFO: ReadHtmlCache Behavior ::run [ RunTime:0.000876s ]
INFO: [ app_begin ] --END-- [ RunTime:0.001029s ]

[ 2015-10-01T00:22:09+08:00 ] 192.168.1.109 /evc/index.php/Cmn/vrfusrstat?x=apnt
INFO: [ route_check ] --START--
INFO: CheckRoute Behavior ::run [ RunTime:0.000972s ]
INFO: [ route_check ] --END-- [ RunTime:0.001135s ]
INFO: [ app_begin ] --START--
INFO: ReadHtmlCache Behavior ::run [ RunTime:0.000868s ]
INFO: [ app_begin ] --END-- [ RunTime:0.000985s ]
NOTIC: [8] Undefined variable: url C:\wamp\www\evc\index\Lib\Action\CmnAction.class.php 第 74 行.

[ 2015-10-01T00:22:09+08:00 ] 192.168.1.109 /evc/index.php/Index/doapnt?tp=ok&crid=1&lgtd=121.576464&lttd=31.224494
INFO: [ route_check ] --START--
INFO: CheckRoute Behavior ::run [ RunTime:0.000877s ]
INFO: [ route_check ] --END-- [ RunTime:0.001033s ]
INFO: [ app_begin ] --START--
INFO: ReadHtmlCache Behavior ::run [ RunTime:0.000676s ]
INFO: [ app_begin ] --END-- [ RunTime:0.000789s ]

[ 2015-10-01T00:22:44+08:00 ] 192.168.1.109 /evc/index.php/Cmn/vrfusrstat?x=apnt
INFO: [ route_check ] --START--
INFO: CheckRoute Behavior ::run [ RunTime:0.000972s ]
INFO: [ route_check ] --END-- [ RunTime:0.001137s ]
INFO: [ app_begin ] --START--
INFO: ReadHtmlCache Behavior ::run [ RunTime:0.000712s ]
INFO: [ app_begin ] --END-- [ RunTime:0.000827s ]
NOTIC: [8] Undefined variable: url C:\wamp\www\evc\index\Lib\Action\CmnAction.class.php 第 74 行.

[ 2015-10-01T00:22:44+08:00 ] 192.168.1.109 /evc/index.php/Index/doapnt?tp=ok&crid=1&lgtd=121.576464&lttd=31.224494
INFO: [ route_check ] --START--
INFO: CheckRoute Behavior ::run [ RunTime:0.001090s ]
INFO: [ route_check ] --END-- [ RunTime:0.001297s ]
INFO: [ app_begin ] --START--
INFO: ReadHtmlCache Behavior ::run [ RunTime:0.001001s ]
INFO: [ app_begin ] --END-- [ RunTime:0.001181s ]

[ 2015-10-01T00:24:30+08:00 ] 192.168.1.109 /evc/
INFO: [ app_begin ] --START--
INFO: ReadHtmlCache Behavior ::run [ RunTime:0.001497s ]
INFO: [ app_begin ] --END-- [ RunTime:0.001780s ]
NOTIC: [8] Undefined index: lth C:\wamp\www\evc\index\Lib\Action\IndexAction.class.php 第 36 行.
INFO: [ view_parse ] --START--
INFO: ParseTemplate Behavior ::run [ RunTime:0.018383s ]
INFO: [ view_parse ] --END-- [ RunTime:0.018612s ]
INFO: [ view_filter ] --START--
INFO: ContentReplace Behavior ::run [ RunTime:0.000976s ]
INFO: TokenBuild Behavior ::run [ RunTime:0.001200s ]
INFO: WriteHtmlCache Behavior ::run [ RunTime:0.000758s ]
INFO: ShowRuntime Behavior ::run [ RunTime:0.003084s ]
INFO: [ view_filter ] --END-- [ RunTime:0.006775s ]
INFO: [ view_end ] --START--
INFO: ShowPageTrace Behavior ::run [ RunTime:0.001766s ]
INFO: [ view_end ] --END-- [ RunTime:0.002076s ]

[ 2015-10-01T00:24:31+08:00 ] 192.168.1.109 /evc/index.php/Cmn/dspdvc?ctlgtd=121.576464&ctlttd=31.224494
INFO: [ route_check ] --START--
INFO: CheckRoute Behavior ::run [ RunTime:0.001670s ]
INFO: [ route_check ] --END-- [ RunTime:0.001968s ]
INFO: [ app_begin ] --START--
INFO: ReadHtmlCache Behavior ::run [ RunTime:0.001654s ]
INFO: [ app_begin ] --END-- [ RunTime:0.001899s ]

[ 2015-10-01T00:24:34+08:00 ] 192.168.1.109 /evc/index.php/Cmn/vrfusrstat?x=apnt
INFO: [ route_check ] --START--
INFO: CheckRoute Behavior ::run [ RunTime:0.000933s ]
INFO: [ route_check ] --END-- [ RunTime:0.001157s ]
INFO: [ app_begin ] --START--
INFO: ReadHtmlCache Behavior ::run [ RunTime:0.000721s ]
INFO: [ app_begin ] --END-- [ RunTime:0.000835s ]
NOTIC: [8] Undefined variable: url C:\wamp\www\evc\index\Lib\Action\CmnAction.class.php 第 74 行.

[ 2015-10-01T00:24:34+08:00 ] 192.168.1.109 /evc/index.php/Index/doapnt?tp=ok&crid=1&lgtd=121.576464&lttd=31.224494
INFO: [ route_check ] --START--
INFO: CheckRoute Behavior ::run [ RunTime:0.001280s ]
INFO: [ route_check ] --END-- [ RunTime:0.001457s ]
INFO: [ app_begin ] --START--
INFO: ReadHtmlCache Behavior ::run [ RunTime:0.000826s ]
INFO: [ app_begin ] --END-- [ RunTime:0.000958s ]

[ 2015-10-01T00:24:55+08:00 ] 192.168.1.109 /evc/
INFO: [ app_begin ] --START--
INFO: ReadHtmlCache Behavior ::run [ RunTime:0.001125s ]
INFO: [ app_begin ] --END-- [ RunTime:0.001371s ]
NOTIC: [8] Undefined index: lth C:\wamp\www\evc\index\Lib\Action\IndexAction.class.php 第 36 行.
INFO: [ view_parse ] --START--
INFO: ParseTemplate Behavior ::run [ RunTime:0.014362s ]
INFO: [ view_parse ] --END-- [ RunTime:0.014711s ]
INFO: [ view_filter ] --START--
INFO: ContentReplace Behavior ::run [ RunTime:0.001002s ]
INFO: TokenBuild Behavior ::run [ RunTime:0.000654s ]
INFO: WriteHtmlCache Behavior ::run [ RunTime:0.000519s ]
INFO: ShowRuntime Behavior ::run [ RunTime:0.000890s ]
INFO: [ view_filter ] --END-- [ RunTime:0.003542s ]
INFO: [ view_end ] --START--
INFO: ShowPageTrace Behavior ::run [ RunTime:0.000917s ]
INFO: [ view_end ] --END-- [ RunTime:0.001061s ]

[ 2015-10-01T00:24:56+08:00 ] 192.168.1.109 /evc/index.php/Cmn/dspdvc?ctlgtd=121.576464&ctlttd=31.224494
INFO: [ route_check ] --START--
INFO: CheckRoute Behavior ::run [ RunTime:0.001529s ]
INFO: [ route_check ] --END-- [ RunTime:0.001798s ]
INFO: [ app_begin ] --START--
INFO: ReadHtmlCache Behavior ::run [ RunTime:0.001125s ]
INFO: [ app_begin ] --END-- [ RunTime:0.001313s ]

[ 2015-10-01T00:24:58+08:00 ] 192.168.1.109 /evc/index.php/Cmn/vrfusrstat?x=apnt
INFO: [ route_check ] --START--
INFO: CheckRoute Behavior ::run [ RunTime:0.002896s ]
INFO: [ route_check ] --END-- [ RunTime:0.003383s ]
INFO: [ app_begin ] --START--
INFO: ReadHtmlCache Behavior ::run [ RunTime:0.002344s ]
INFO: [ app_begin ] --END-- [ RunTime:0.002784s ]
NOTIC: [8] Undefined variable: url C:\wamp\www\evc\index\Lib\Action\CmnAction.class.php 第 74 行.

[ 2015-10-01T00:24:58+08:00 ] 192.168.1.109 /evc/index.php/Index/doapnt?tp=ok&crid=1&lgtd=121.576464&lttd=31.224494
INFO: [ route_check ] --START--
INFO: CheckRoute Behavior ::run [ RunTime:0.002703s ]
INFO: [ route_check ] --END-- [ RunTime:0.003074s ]
INFO: [ app_begin ] --START--
INFO: ReadHtmlCache Behavior ::run [ RunTime:0.001527s ]
INFO: [ app_begin ] --END-- [ RunTime:0.001763s ]

[ 2015-10-01T00:25:05+08:00 ] 192.168.1.109 /evc/
INFO: [ app_begin ] --START--
INFO: ReadHtmlCache Behavior ::run [ RunTime:0.002446s ]
INFO: [ app_begin ] --END-- [ RunTime:0.002838s ]
NOTIC: [8] Undefined index: lth C:\wamp\www\evc\index\Lib\Action\IndexAction.class.php 第 36 行.
INFO: [ view_parse ] --START--
INFO: ParseTemplate Behavior ::run [ RunTime:0.037294s ]
INFO: [ view_parse ] --END-- [ RunTime:0.037911s ]
INFO: [ view_filter ] --START--
INFO: ContentReplace Behavior ::run [ RunTime:0.002103s ]
INFO: TokenBuild Behavior ::run [ RunTime:0.001901s ]
INFO: WriteHtmlCache Behavior ::run [ RunTime:0.001349s ]
INFO: ShowRuntime Behavior ::run [ RunTime:0.002189s ]
INFO: [ view_filter ] --END-- [ RunTime:0.008786s ]
INFO: [ view_end ] --START--
INFO: ShowPageTrace Behavior ::run [ RunTime:0.002741s ]
INFO: [ view_end ] --END-- [ RunTime:0.003614s ]

[ 2015-10-01T00:25:07+08:00 ] 192.168.1.109 /evc/index.php/Cmn/dspdvc?ctlgtd=121.576464&ctlttd=31.224494
INFO: [ route_check ] --START--
INFO: CheckRoute Behavior ::run [ RunTime:0.004413s ]
INFO: [ route_check ] --END-- [ RunTime:0.005024s ]
INFO: [ app_begin ] --START--
INFO: ReadHtmlCache Behavior ::run [ RunTime:0.002299s ]
INFO: [ app_begin ] --END-- [ RunTime:0.002718s ]

[ 2015-10-01T00:25:09+08:00 ] 192.168.1.109 /evc/index.php/Cmn/vrfusrstat?x=apnt
INFO: [ route_check ] --START--
INFO: CheckRoute Behavior ::run [ RunTime:0.003379s ]
INFO: [ route_check ] --END-- [ RunTime:0.004002s ]
INFO: [ app_begin ] --START--
INFO: ReadHtmlCache Behavior ::run [ RunTime:0.002574s ]
INFO: [ app_begin ] --END-- [ RunTime:0.003702s ]
NOTIC: [8] Undefined variable: url C:\wamp\www\evc\index\Lib\Action\CmnAction.class.php 第 74 行.

[ 2015-10-01T00:25:09+08:00 ] 192.168.1.109 /evc/index.php/Index/doapnt?tp=ok&crid=1&lgtd=121.576464&lttd=31.224494
INFO: [ route_check ] --START--
INFO: CheckRoute Behavior ::run [ RunTime:0.001808s ]
INFO: [ route_check ] --END-- [ RunTime:0.002132s ]
INFO: [ app_begin ] --START--
INFO: ReadHtmlCache Behavior ::run [ RunTime:0.001759s ]
INFO: [ app_begin ] --END-- [ RunTime:0.001991s ]

[ 2015-10-01T00:26:29+08:00 ] 192.168.1.109 /evc/index.php/Index/doapnt?tp=6&crid=1&lgtd=121.576464&lttd=31.224494
INFO: [ route_check ] --START--
INFO: CheckRoute Behavior ::run [ RunTime:0.003125s ]
INFO: [ route_check ] --END-- [ RunTime:0.003731s ]
INFO: [ app_begin ] --START--
INFO: ReadHtmlCache Behavior ::run [ RunTime:0.002105s ]
INFO: [ app_begin ] --END-- [ RunTime:0.002410s ]

[ 2015-10-01T00:26:41+08:00 ] 192.168.1.109 /evc/index.php/Index/doapnt?tp=6&crid=1&lgtd=121.576464&lttd=31.224494
INFO: [ route_check ] --START--
INFO: CheckRoute Behavior ::run [ RunTime:0.003512s ]
INFO: [ route_check ] --END-- [ RunTime:0.004019s ]
INFO: [ app_begin ] --START--
INFO: ReadHtmlCache Behavior ::run [ RunTime:0.001698s ]
INFO: [ app_begin ] --END-- [ RunTime:0.001952s ]

[ 2015-10-01T00:27:03+08:00 ] 192.168.1.109 /evc/
INFO: [ app_begin ] --START--
INFO: ReadHtmlCache Behavior ::run [ RunTime:0.002357s ]
INFO: [ app_begin ] --END-- [ RunTime:0.002930s ]
NOTIC: [8] Undefined index: lth C:\wamp\www\evc\index\Lib\Action\IndexAction.class.php 第 36 行.
INFO: [ view_parse ] --START--
INFO: ParseTemplate Behavior ::run [ RunTime:0.042714s ]
INFO: [ view_parse ] --END-- [ RunTime:0.043155s ]
INFO: [ view_filter ] --START--
INFO: ContentReplace Behavior ::run [ RunTime:0.002445s ]
INFO: TokenBuild Behavior ::run [ RunTime:0.002234s ]
INFO: WriteHtmlCache Behavior ::run [ RunTime:0.001729s ]
INFO: ShowRuntime Behavior ::run [ RunTime:0.002473s ]
INFO: [ view_filter ] --END-- [ RunTime:0.010265s ]
INFO: [ view_end ] --START--
INFO: ShowPageTrace Behavior ::run [ RunTime:0.002532s ]
INFO: [ view_end ] --END-- [ RunTime:0.002897s ]

[ 2015-10-01T00:27:06+08:00 ] 192.168.1.109 /evc/index.php/Cmn/dspdvc?ctlgtd=121.576464&ctlttd=31.224494
INFO: [ route_check ] --START--
INFO: CheckRoute Behavior ::run [ RunTime:0.002642s ]
INFO: [ route_check ] --END-- [ RunTime:0.003056s ]
INFO: [ app_begin ] --START--
INFO: ReadHtmlCache Behavior ::run [ RunTime:0.002736s ]
INFO: [ app_begin ] --END-- [ RunTime:0.003109s ]

[ 2015-10-01T00:27:09+08:00 ] 192.168.1.109 /evc/index.php/Index/doapnt?tp=6&crid=1&lgtd=121.576464&lttd=31.224494
INFO: [ route_check ] --START--
INFO: CheckRoute Behavior ::run [ RunTime:0.001986s ]
INFO: [ route_check ] --END-- [ RunTime:0.002378s ]
INFO: [ app_begin ] --START--
INFO: ReadHtmlCache Behavior ::run [ RunTime:0.001438s ]
INFO: [ app_begin ] --END-- [ RunTime:0.001667s ]

[ 2015-10-01T00:27:15+08:00 ] 192.168.1.109 /evc/index.php/Index/doapnt?tp=3&crid=1&lgtd=121.576464&lttd=31.224494
INFO: [ route_check ] --START--
INFO: CheckRoute Behavior ::run [ RunTime:0.002712s ]
INFO: [ route_check ] --END-- [ RunTime:0.003219s ]
INFO: [ app_begin ] --START--
INFO: ReadHtmlCache Behavior ::run [ RunTime:0.001769s ]
INFO: [ app_begin ] --END-- [ RunTime:0.002093s ]

[ 2015-10-01T00:27:30+08:00 ] 192.168.1.109 /evc/index.php/Index/doapnt?tp=7&crid=1&lgtd=121.576464&lttd=31.224494
INFO: [ route_check ] --START--
INFO: CheckRoute Behavior ::run [ RunTime:0.002107s ]
INFO: [ route_check ] --END-- [ RunTime:0.002435s ]
INFO: [ app_begin ] --START--
INFO: ReadHtmlCache Behavior ::run [ RunTime:0.001485s ]
INFO: [ app_begin ] --END-- [ RunTime:0.001712s ]

[ 2015-10-01T00:28:47+08:00 ] 192.168.1.109 /evc/index.php/Cmn/vrfusrstat?x=usrct
INFO: [ route_check ] --START--
INFO: CheckRoute Behavior ::run [ RunTime:0.004344s ]
INFO: [ route_check ] --END-- [ RunTime:0.004817s ]
INFO: [ app_begin ] --START--
INFO: ReadHtmlCache Behavior ::run [ RunTime:0.002683s ]
INFO: [ app_begin ] --END-- [ RunTime:0.003075s ]

[ 2015-10-01T00:28:47+08:00 ] 192.168.1.109 /evc/index.php/Usr/usrct
INFO: [ route_check ] --START--
INFO: CheckRoute Behavior ::run [ RunTime:0.002958s ]
INFO: [ route_check ] --END-- [ RunTime:0.003471s ]
INFO: [ app_begin ] --START--
INFO: ReadHtmlCache Behavior ::run [ RunTime:0.002273s ]
INFO: [ app_begin ] --END-- [ RunTime:0.002814s ]
INFO: [ view_parse ] --START--
INFO: ParseTemplate Behavior ::run [ RunTime:0.088528s ]
INFO: [ view_parse ] --END-- [ RunTime:0.088875s ]
INFO: [ view_filter ] --START--
INFO: ContentReplace Behavior ::run [ RunTime:0.001358s ]
INFO: TokenBuild Behavior ::run [ RunTime:0.001372s ]
INFO: WriteHtmlCache Behavior ::run [ RunTime:0.000982s ]
INFO: ShowRuntime Behavior ::run [ RunTime:0.001524s ]
INFO: [ view_filter ] --END-- [ RunTime:0.006021s ]
INFO: [ view_end ] --START--
INFO: ShowPageTrace Behavior ::run [ RunTime:0.002503s ]
INFO: [ view_end ] --END-- [ RunTime:0.002782s ]

[ 2015-10-01T00:28:48+08:00 ] 192.168.1.109 /evc/index.php/Usr/baidu.com
INFO: [ route_check ] --START--
INFO: CheckRoute Behavior ::run [ RunTime:0.003406s ]
INFO: [ route_check ] --END-- [ RunTime:0.003918s ]
INFO: [ app_begin ] --START--
INFO: ReadHtmlCache Behavior ::run [ RunTime:0.002384s ]
INFO: [ app_begin ] --END-- [ RunTime:0.002771s ]
ERR: 非法操作:baidu.com

[ 2015-10-01T00:28:48+08:00 ] 192.168.1.109 /evc/index.php/Usr/baidu.com
INFO: [ route_check ] --START--
INFO: CheckRoute Behavior ::run [ RunTime:0.002835s ]
INFO: [ route_check ] --END-- [ RunTime:0.003340s ]
INFO: [ app_begin ] --START--
INFO: ReadHtmlCache Behavior ::run [ RunTime:0.001833s ]
INFO: [ app_begin ] --END-- [ RunTime:0.002210s ]
ERR: 非法操作:baidu.com

[ 2015-10-01T00:28:51+08:00 ] 192.168.1.109 /evc/index.php/Usr/hstr
INFO: [ route_check ] --START--
INFO: CheckRoute Behavior ::run [ RunTime:0.001842s ]
INFO: [ route_check ] --END-- [ RunTime:0.002147s ]
INFO: [ app_begin ] --START--
INFO: ReadHtmlCache Behavior ::run [ RunTime:0.002192s ]
INFO: [ app_begin ] --END-- [ RunTime:0.002654s ]
ERR: 非法操作:hstr

[ 2015-10-01T07:53:32+08:00 ] 192.168.1.109 /evc/index.php/Usr/usrct
INFO: [ route_check ] --START--
INFO: CheckRoute Behavior ::run [ RunTime:0.001550s ]
INFO: [ route_check ] --END-- [ RunTime:0.001790s ]
INFO: [ app_begin ] --START--
INFO: ReadHtmlCache Behavior ::run [ RunTime:0.001105s ]
INFO: [ app_begin ] --END-- [ RunTime:0.001244s ]
INFO: [ view_parse ] --START--
INFO: ParseTemplate Behavior ::run [ RunTime:0.028958s ]
INFO: [ view_parse ] --END-- [ RunTime:0.029306s ]
INFO: [ view_filter ] --START--
INFO: ContentReplace Behavior ::run [ RunTime:0.005080s ]
INFO: TokenBuild Behavior ::run [ RunTime:0.001632s ]
INFO: WriteHtmlCache Behavior ::run [ RunTime:0.001180s ]
INFO: ShowRuntime Behavior ::run [ RunTime:0.001730s ]
INFO: [ view_filter ] --END-- [ RunTime:0.010243s ]
INFO: [ view_end ] --START--
INFO: ShowPageTrace Behavior ::run [ RunTime:0.001904s ]
INFO: [ view_end ] --END-- [ RunTime:0.002126s ]

[ 2015-10-01T07:53:32+08:00 ] 192.168.1.109 /evc/index.php/Usr/baidu.com
INFO: [ route_check ] --START--
INFO: CheckRoute Behavior ::run [ RunTime:0.001188s ]
INFO: [ route_check ] --END-- [ RunTime:0.001393s ]
INFO: [ app_begin ] --START--
INFO: ReadHtmlCache Behavior ::run [ RunTime:0.001186s ]
INFO: [ app_begin ] --END-- [ RunTime:0.001445s ]
ERR: 非法操作:baidu.com

[ 2015-10-01T07:53:33+08:00 ] 192.168.1.109 /evc/index.php/Usr/baidu.com
INFO: [ route_check ] --START--
INFO: CheckRoute Behavior ::run [ RunTime:0.001002s ]
INFO: [ route_check ] --END-- [ RunTime:0.001177s ]
INFO: [ app_begin ] --START--
INFO: ReadHtmlCache Behavior ::run [ RunTime:0.001378s ]
INFO: [ app_begin ] --END-- [ RunTime:0.001571s ]
ERR: 非法操作:baidu.com

[ 2015-10-01T07:53:37+08:00 ] 192.168.1.109 /evc/index.php/Cmn/dspdvc?ctlgtd=121.576464&ctlttd=31.224494
INFO: [ route_check ] --START--
INFO: CheckRoute Behavior ::run [ RunTime:0.001281s ]
INFO: [ route_check ] --END-- [ RunTime:0.001518s ]
INFO: [ app_begin ] --START--
INFO: ReadHtmlCache Behavior ::run [ RunTime:0.000934s ]
INFO: [ app_begin ] --END-- [ RunTime:0.001084s ]

[ 2015-10-01T09:23:13+08:00 ] 127.0.0.1 /evc/index.php/Cmn/qr
INFO: [ route_check ] --START--
INFO: CheckRoute Behavior ::run [ RunTime:0.003993s ]
INFO: [ route_check ] --END-- [ RunTime:0.004487s ]
INFO: [ app_begin ] --START--
INFO: ReadHtmlCache Behavior ::run [ RunTime:0.003563s ]
INFO: [ app_begin ] --END-- [ RunTime:0.004027s ]
NOTIC: [8] Undefined index: dvcid C:\wamp\www\evc\index\Lib\Action\CmnAction.class.php 第 107 行.
INFO: [ view_parse ] --START--
INFO: ParseTemplate Behavior ::run [ RunTime:0.026603s ]
INFO: [ view_parse ] --END-- [ RunTime:0.027007s ]
INFO: [ view_filter ] --START--
INFO: ContentReplace Behavior ::run [ RunTime:0.002527s ]
INFO: TokenBuild Behavior ::run [ RunTime:0.002168s ]
INFO: WriteHtmlCache Behavior ::run [ RunTime:0.002195s ]
INFO: ShowRuntime Behavior ::run [ RunTime:0.002358s ]
INFO: [ view_filter ] --END-- [ RunTime:0.010293s ]
INFO: [ view_end ] --START--
INFO: ShowPageTrace Behavior ::run [ RunTime:0.002830s ]
INFO: [ view_end ] --END-- [ RunTime:0.003094s ]

[ 2015-10-01T09:24:18+08:00 ] 127.0.0.1 /evc/index.php/Cmn/qr
INFO: [ route_check ] --START--
INFO: CheckRoute Behavior ::run [ RunTime:0.002343s ]
INFO: [ route_check ] --END-- [ RunTime:0.002683s ]
INFO: [ app_begin ] --START--
INFO: ReadHtmlCache Behavior ::run [ RunTime:0.001765s ]
INFO: [ app_begin ] --END-- [ RunTime:0.002087s ]
NOTIC: [8] Undefined index: dvcid C:\wamp\www\evc\index\Lib\Action\CmnAction.class.php 第 107 行.
INFO: [ view_parse ] --START--
INFO: ParseTemplate Behavior ::run [ RunTime:0.021303s ]
INFO: [ view_parse ] --END-- [ RunTime:0.021744s ]
INFO: [ view_filter ] --START--
INFO: ContentReplace Behavior ::run [ RunTime:0.001385s ]
INFO: TokenBuild Behavior ::run [ RunTime:0.002089s ]
INFO: WriteHtmlCache Behavior ::run [ RunTime:0.001032s ]
INFO: ShowRuntime Behavior ::run [ RunTime:0.001634s ]
INFO: [ view_filter ] --END-- [ RunTime:0.007123s ]
INFO: [ view_end ] --START--
INFO: ShowPageTrace Behavior ::run [ RunTime:0.002652s ]
INFO: [ view_end ] --END-- [ RunTime:0.003004s ]

[ 2015-10-01T09:30:31+08:00 ] 127.0.0.1 /evc/
INFO: [ app_begin ] --START--
INFO: ReadHtmlCache Behavior ::run [ RunTime:0.002736s ]
INFO: [ app_begin ] --END-- [ RunTime:0.003193s ]
NOTIC: [8] Undefined index: lth C:\wamp\www\evc\index\Lib\Action\IndexAction.class.php 第 36 行.
INFO: [ view_parse ] --START--
INFO: ParseTemplate Behavior ::run [ RunTime:0.033923s ]
INFO: [ view_parse ] --END-- [ RunTime:0.034337s ]
INFO: [ view_filter ] --START--
INFO: ContentReplace Behavior ::run [ RunTime:0.002055s ]
INFO: TokenBuild Behavior ::run [ RunTime:0.002038s ]
INFO: WriteHtmlCache Behavior ::run [ RunTime:0.001464s ]
INFO: ShowRuntime Behavior ::run [ RunTime:0.001743s ]
INFO: [ view_filter ] --END-- [ RunTime:0.008253s ]
INFO: [ view_end ] --START--
INFO: ShowPageTrace Behavior ::run [ RunTime:0.001868s ]
INFO: [ view_end ] --END-- [ RunTime:0.002223s ]

[ 2015-10-01T09:30:32+08:00 ] 127.0.0.1 /evc/index.php/Cmn/dspdvc?ctlgtd=121.576464&ctlttd=31.224494
INFO: [ route_check ] --START--
INFO: CheckRoute Behavior ::run [ RunTime:0.003485s ]
INFO: [ route_check ] --END-- [ RunTime:0.003925s ]
INFO: [ app_begin ] --START--
INFO: ReadHtmlCache Behavior ::run [ RunTime:0.002209s ]
INFO: [ app_begin ] --END-- [ RunTime:0.002599s ]

[ 2015-10-01T09:30:59+08:00 ] 127.0.0.1 /evc/index.php/Cmn/vrfusrstat?x=usrct
INFO: [ route_check ] --START--
INFO: CheckRoute Behavior ::run [ RunTime:0.001961s ]
INFO: [ route_check ] --END-- [ RunTime:0.002251s ]
INFO: [ app_begin ] --START--
INFO: ReadHtmlCache Behavior ::run [ RunTime:0.001417s ]
INFO: [ app_begin ] --END-- [ RunTime:0.001642s ]

[ 2015-10-01T09:31:00+08:00 ] 127.0.0.1 /evc/index.php/Usr/usrct
INFO: [ route_check ] --START--
INFO: CheckRoute Behavior ::run [ RunTime:0.002927s ]
INFO: [ route_check ] --END-- [ RunTime:0.003340s ]
INFO: [ app_begin ] --START--
INFO: ReadHtmlCache Behavior ::run [ RunTime:0.001658s ]
INFO: [ app_begin ] --END-- [ RunTime:0.002240s ]
INFO: [ view_parse ] --START--
INFO: ParseTemplate Behavior ::run [ RunTime:0.045960s ]
INFO: [ view_parse ] --END-- [ RunTime:0.046307s ]
INFO: [ view_filter ] --START--
INFO: ContentReplace Behavior ::run [ RunTime:0.001793s ]
INFO: TokenBuild Behavior ::run [ RunTime:0.001165s ]
INFO: WriteHtmlCache Behavior ::run [ RunTime:0.001088s ]
INFO: ShowRuntime Behavior ::run [ RunTime:0.001670s ]
INFO: [ view_filter ] --END-- [ RunTime:0.006450s ]
INFO: [ view_end ] --START--
INFO: ShowPageTrace Behavior ::run [ RunTime:0.001718s ]
INFO: [ view_end ] --END-- [ RunTime:0.002158s ]

[ 2015-10-01T09:31:00+08:00 ] 127.0.0.1 /evc/index.php/Usr/baidu.com
INFO: [ route_check ] --START--
INFO: CheckRoute Behavior ::run [ RunTime:0.002981s ]
INFO: [ route_check ] --END-- [ RunTime:0.003531s ]
INFO: [ app_begin ] --START--
INFO: ReadHtmlCache Behavior ::run [ RunTime:0.002318s ]
INFO: [ app_begin ] --END-- [ RunTime:0.002804s ]
ERR: 非法操作:baidu.com

[ 2015-10-01T09:31:01+08:00 ] 127.0.0.1 /evc/index.php/Usr/baidu.com
INFO: [ route_check ] --START--
INFO: CheckRoute Behavior ::run [ RunTime:0.002066s ]
INFO: [ route_check ] --END-- [ RunTime:0.002362s ]
INFO: [ app_begin ] --START--
INFO: ReadHtmlCache Behavior ::run [ RunTime:0.002780s ]
INFO: [ app_begin ] --END-- [ RunTime:0.003068s ]
ERR: 非法操作:baidu.com

[ 2015-10-01T10:49:57+08:00 ] 127.0.0.1 /evc/index.php/Usr/hstr
INFO: [ route_check ] --START--
INFO: CheckRoute Behavior ::run [ RunTime:0.001815s ]
INFO: [ route_check ] --END-- [ RunTime:0.002104s ]
INFO: [ app_begin ] --START--
INFO: ReadHtmlCache Behavior ::run [ RunTime:0.001780s ]
INFO: [ app_begin ] --END-- [ RunTime:0.002025s ]

[ 2015-10-01T11:10:35+08:00 ] 127.0.0.1 /evc/index.php/Usr/hstr
INFO: [ route_check ] --START--
INFO: CheckRoute Behavior ::run [ RunTime:0.001883s ]
INFO: [ route_check ] --END-- [ RunTime:0.002150s ]
INFO: [ app_begin ] --START--
INFO: ReadHtmlCache Behavior ::run [ RunTime:0.001296s ]
INFO: [ app_begin ] --END-- [ RunTime:0.001551s ]

[ 2015-10-01T11:10:41+08:00 ] 127.0.0.1 /evc/index.php/Usr/hstr
INFO: [ route_check ] --START--
INFO: CheckRoute Behavior ::run [ RunTime:0.002630s ]
INFO: [ route_check ] --END-- [ RunTime:0.003062s ]
INFO: [ app_begin ] --START--
INFO: ReadHtmlCache Behavior ::run [ RunTime:0.002994s ]
INFO: [ app_begin ] --END-- [ RunTime:0.003925s ]

[ 2015-10-01T11:10:50+08:00 ] 127.0.0.1 /evc/index.php/Usr/hstr
INFO: [ route_check ] --START--
INFO: CheckRoute Behavior ::run [ RunTime:0.004423s ]
INFO: [ route_check ] --END-- [ RunTime:0.004967s ]
INFO: [ app_begin ] --START--
INFO: ReadHtmlCache Behavior ::run [ RunTime:0.002436s ]
INFO: [ app_begin ] --END-- [ RunTime:0.002879s ]

[ 2015-10-01T11:10:51+08:00 ] 127.0.0.1 /evc/index.php/Usr/hstr
INFO: [ route_check ] --START--
INFO: CheckRoute Behavior ::run [ RunTime:0.003671s ]
INFO: [ route_check ] --END-- [ RunTime:0.004205s ]
INFO: [ app_begin ] --START--
INFO: ReadHtmlCache Behavior ::run [ RunTime:0.006201s ]
INFO: [ app_begin ] --END-- [ RunTime:0.007175s ]

[ 2015-10-01T11:11:15+08:00 ] 127.0.0.1 /evc/index.php/Usr/hstr
INFO: [ route_check ] --START--
INFO: CheckRoute Behavior ::run [ RunTime:0.004182s ]
INFO: [ route_check ] --END-- [ RunTime:0.004592s ]
INFO: [ app_begin ] --START--
INFO: ReadHtmlCache Behavior ::run [ RunTime:0.002612s ]
INFO: [ app_begin ] --END-- [ RunTime:0.003055s ]

[ 2015-10-01T11:11:17+08:00 ] 127.0.0.1 /evc/index.php/Usr/hstr
INFO: [ route_check ] --START--
INFO: CheckRoute Behavior ::run [ RunTime:0.003614s ]
INFO: [ route_check ] --END-- [ RunTime:0.004169s ]
INFO: [ app_begin ] --START--
INFO: ReadHtmlCache Behavior ::run [ RunTime:0.002041s ]
INFO: [ app_begin ] --END-- [ RunTime:0.002570s ]

[ 2015-10-01T11:13:09+08:00 ] 127.0.0.1 /evc/index.php/Usr/hstr
INFO: [ route_check ] --START--
INFO: CheckRoute Behavior ::run [ RunTime:0.003204s ]
INFO: [ route_check ] --END-- [ RunTime:0.003625s ]
INFO: [ app_begin ] --START--
INFO: ReadHtmlCache Behavior ::run [ RunTime:0.004062s ]
INFO: [ app_begin ] --END-- [ RunTime:0.004558s ]

[ 2015-10-01T11:13:27+08:00 ] 127.0.0.1 /evc/
INFO: [ app_begin ] --START--
INFO: ReadHtmlCache Behavior ::run [ RunTime:0.002406s ]
INFO: [ app_begin ] --END-- [ RunTime:0.002814s ]
NOTIC: [8] Undefined index: lth C:\wamp\www\evc\index\Lib\Action\IndexAction.class.php 第 36 行.
INFO: [ view_parse ] --START--
INFO: ParseTemplate Behavior ::run [ RunTime:0.044519s ]
INFO: [ view_parse ] --END-- [ RunTime:0.045008s ]
INFO: [ view_filter ] --START--
INFO: ContentReplace Behavior ::run [ RunTime:0.002146s ]
INFO: TokenBuild Behavior ::run [ RunTime:0.002024s ]
INFO: WriteHtmlCache Behavior ::run [ RunTime:0.001869s ]
INFO: ShowRuntime Behavior ::run [ RunTime:0.002567s ]
INFO: [ view_filter ] --END-- [ RunTime:0.009554s ]
INFO: [ view_end ] --START--
INFO: ShowPageTrace Behavior ::run [ RunTime:0.002707s ]
INFO: [ view_end ] --END-- [ RunTime:0.003119s ]

[ 2015-10-01T11:13:31+08:00 ] 127.0.0.1 /evc/index.php/Cmn/dspdvc?ctlgtd=121.576464&ctlttd=31.224494
INFO: [ route_check ] --START--
INFO: CheckRoute Behavior ::run [ RunTime:0.002732s ]
INFO: [ route_check ] --END-- [ RunTime:0.003138s ]
INFO: [ app_begin ] --START--
INFO: ReadHtmlCache Behavior ::run [ RunTime:0.002068s ]
INFO: [ app_begin ] --END-- [ RunTime:0.002370s ]

[ 2015-10-01T11:13:38+08:00 ] 127.0.0.1 /evc/index.php/Cmn/vrfusrstat?x=usrct
INFO: [ route_check ] --START--
INFO: CheckRoute Behavior ::run [ RunTime:0.003079s ]
INFO: [ route_check ] --END-- [ RunTime:0.003514s ]
INFO: [ app_begin ] --START--
INFO: ReadHtmlCache Behavior ::run [ RunTime:0.002243s ]
INFO: [ app_begin ] --END-- [ RunTime:0.002659s ]

[ 2015-10-01T11:13:38+08:00 ] 127.0.0.1 /evc/index.php/Usr/usrct
INFO: [ route_check ] --START--
INFO: CheckRoute Behavior ::run [ RunTime:0.002157s ]
INFO: [ route_check ] --END-- [ RunTime:0.002519s ]
INFO: [ app_begin ] --START--
INFO: ReadHtmlCache Behavior ::run [ RunTime:0.001787s ]
INFO: [ app_begin ] --END-- [ RunTime:0.002142s ]

[ 2015-10-01T11:13:40+08:00 ] 127.0.0.1 /evc/index.php/Usr/usrct
INFO: [ route_check ] --START--
INFO: CheckRoute Behavior ::run [ RunTime:0.003546s ]
INFO: [ route_check ] --END-- [ RunTime:0.004133s ]
INFO: [ app_begin ] --START--
INFO: ReadHtmlCache Behavior ::run [ RunTime:0.002487s ]
INFO: [ app_begin ] --END-- [ RunTime:0.002939s ]

[ 2015-10-01T11:14:57+08:00 ] 127.0.0.1 /evc/index.php/Cmn/vrfusrstat?x=usrct
INFO: [ route_check ] --START--
INFO: CheckRoute Behavior ::run [ RunTime:0.002768s ]
INFO: [ route_check ] --END-- [ RunTime:0.003087s ]
INFO: [ app_begin ] --START--
INFO: ReadHtmlCache Behavior ::run [ RunTime:0.001780s ]
INFO: [ app_begin ] --END-- [ RunTime:0.001995s ]

[ 2015-10-01T11:14:57+08:00 ] 127.0.0.1 /evc/index.php/Usr/usrct
INFO: [ route_check ] --START--
INFO: CheckRoute Behavior ::run [ RunTime:0.003718s ]
INFO: [ route_check ] --END-- [ RunTime:0.004237s ]
INFO: [ app_begin ] --START--
INFO: ReadHtmlCache Behavior ::run [ RunTime:0.002325s ]
INFO: [ app_begin ] --END-- [ RunTime:0.002762s ]

[ 2015-10-01T11:14:59+08:00 ] 127.0.0.1 /evc/index.php/Usr/usrct
INFO: [ route_check ] --START--
INFO: CheckRoute Behavior ::run [ RunTime:0.002934s ]
INFO: [ route_check ] --END-- [ RunTime:0.003789s ]
INFO: [ app_begin ] --START--
INFO: ReadHtmlCache Behavior ::run [ RunTime:0.001695s ]
INFO: [ app_begin ] --END-- [ RunTime:0.002135s ]

[ 2015-10-01T11:15:13+08:00 ] 127.0.0.1 /evc/index.php/Cmn/vrfusrstat?x=apnt
INFO: [ route_check ] --START--
INFO: CheckRoute Behavior ::run [ RunTime:0.002423s ]
INFO: [ route_check ] --END-- [ RunTime:0.002769s ]
INFO: [ app_begin ] --START--
INFO: ReadHtmlCache Behavior ::run [ RunTime:0.001697s ]
INFO: [ app_begin ] --END-- [ RunTime:0.001972s ]
NOTIC: [8] Undefined variable: url C:\wamp\www\evc\index\Lib\Action\CmnAction.class.php 第 74 行.

[ 2015-10-01T11:15:13+08:00 ] 127.0.0.1 /evc/index.php/Index/doapnt?tp=ok&crid=1&lgtd=121.576464&lttd=31.224494
INFO: [ route_check ] --START--
INFO: CheckRoute Behavior ::run [ RunTime:0.002420s ]
INFO: [ route_check ] --END-- [ RunTime:0.002792s ]
INFO: [ app_begin ] --START--
INFO: ReadHtmlCache Behavior ::run [ RunTime:0.001934s ]
INFO: [ app_begin ] --END-- [ RunTime:0.002188s ]

[ 2015-10-01T11:15:24+08:00 ] 127.0.0.1 /evc/index.php/Index/doapnt?tp=6&crid=1&lgtd=121.576464&lttd=31.224494
INFO: [ route_check ] --START--
INFO: CheckRoute Behavior ::run [ RunTime:0.002932s ]
INFO: [ route_check ] --END-- [ RunTime:0.003335s ]
INFO: [ app_begin ] --START--
INFO: ReadHtmlCache Behavior ::run [ RunTime:0.001513s ]
INFO: [ app_begin ] --END-- [ RunTime:0.001706s ]

[ 2015-10-01T11:15:43+08:00 ] 127.0.0.1 /evc/index.php/Cmn/vrfusrstat?x=usrct
INFO: [ route_check ] --START--
INFO: CheckRoute Behavior ::run [ RunTime:0.002116s ]
INFO: [ route_check ] --END-- [ RunTime:0.002485s ]
INFO: [ app_begin ] --START--
INFO: ReadHtmlCache Behavior ::run [ RunTime:0.001591s ]
INFO: [ app_begin ] --END-- [ RunTime:0.001852s ]

[ 2015-10-01T11:15:44+08:00 ] 127.0.0.1 /evc/index.php/Usr/usrct
INFO: [ route_check ] --START--
INFO: CheckRoute Behavior ::run [ RunTime:0.004286s ]
INFO: [ route_check ] --END-- [ RunTime:0.005021s ]
INFO: [ app_begin ] --START--
INFO: ReadHtmlCache Behavior ::run [ RunTime:0.003728s ]
INFO: [ app_begin ] --END-- [ RunTime:0.004328s ]
INFO: [ view_parse ] --START--
INFO: ParseTemplate Behavior ::run [ RunTime:0.042712s ]
INFO: [ view_parse ] --END-- [ RunTime:0.043094s ]
INFO: [ view_filter ] --START--
INFO: ContentReplace Behavior ::run [ RunTime:0.001751s ]
INFO: TokenBuild Behavior ::run [ RunTime:0.001650s ]
INFO: WriteHtmlCache Behavior ::run [ RunTime:0.001229s ]
INFO: ShowRuntime Behavior ::run [ RunTime:0.001785s ]
INFO: [ view_filter ] --END-- [ RunTime:0.007235s ]
INFO: [ view_end ] --START--
INFO: ShowPageTrace Behavior ::run [ RunTime:0.002404s ]
INFO: [ view_end ] --END-- [ RunTime:0.002739s ]

[ 2015-10-01T11:15:45+08:00 ] 127.0.0.1 /evc/index.php/Usr/baidu.com
INFO: [ route_check ] --START--
INFO: CheckRoute Behavior ::run [ RunTime:0.002711s ]
INFO: [ route_check ] --END-- [ RunTime:0.003148s ]
INFO: [ app_begin ] --START--
INFO: ReadHtmlCache Behavior ::run [ RunTime:0.002080s ]
INFO: [ app_begin ] --END-- [ RunTime:0.002496s ]
ERR: 非法操作:baidu.com

[ 2015-10-01T11:15:45+08:00 ] 127.0.0.1 /evc/index.php/Usr/baidu.com
INFO: [ route_check ] --START--
INFO: CheckRoute Behavior ::run [ RunTime:0.002702s ]
INFO: [ route_check ] --END-- [ RunTime:0.003062s ]
INFO: [ app_begin ] --START--
INFO: ReadHtmlCache Behavior ::run [ RunTime:0.001984s ]
INFO: [ app_begin ] --END-- [ RunTime:0.002245s ]
ERR: 非法操作:baidu.com

[ 2015-10-01T11:16:02+08:00 ] 127.0.0.1 /evc/index.php/Usr/hstr
INFO: [ route_check ] --START--
INFO: CheckRoute Behavior ::run [ RunTime:0.002382s ]
INFO: [ route_check ] --END-- [ RunTime:0.002647s ]
INFO: [ app_begin ] --START--
INFO: ReadHtmlCache Behavior ::run [ RunTime:0.002156s ]
INFO: [ app_begin ] --END-- [ RunTime:0.002478s ]

[ 2015-10-01T12:13:00+08:00 ] 127.0.0.1 /evc/
INFO: [ app_begin ] --START--
INFO: ReadHtmlCache Behavior ::run [ RunTime:0.003110s ]
INFO: [ app_begin ] --END-- [ RunTime:0.003527s ]
NOTIC: [8] Undefined index: lth C:\wamp\www\evc\index\Lib\Action\IndexAction.class.php 第 36 行.
INFO: [ view_parse ] --START--
INFO: ParseTemplate Behavior ::run [ RunTime:0.046548s ]
INFO: [ view_parse ] --END-- [ RunTime:0.047309s ]
INFO: [ view_filter ] --START--
INFO: ContentReplace Behavior ::run [ RunTime:0.002924s ]
INFO: TokenBuild Behavior ::run [ RunTime:0.002929s ]
INFO: WriteHtmlCache Behavior ::run [ RunTime:0.002131s ]
INFO: ShowRuntime Behavior ::run [ RunTime:0.003870s ]
INFO: [ view_filter ] --END-- [ RunTime:0.013128s ]
INFO: [ view_end ] --START--
INFO: ShowPageTrace Behavior ::run [ RunTime:0.006784s ]
INFO: [ view_end ] --END-- [ RunTime:0.007686s ]

[ 2015-10-01T12:13:04+08:00 ] 127.0.0.1 /evc/index.php/Cmn/dspdvc?ctlgtd=121.576464&ctlttd=31.224494
INFO: [ route_check ] --START--
INFO: CheckRoute Behavior ::run [ RunTime:0.003705s ]
INFO: [ route_check ] --END-- [ RunTime:0.004157s ]
INFO: [ app_begin ] --START--
INFO: ReadHtmlCache Behavior ::run [ RunTime:0.002163s ]
INFO: [ app_begin ] --END-- [ RunTime:0.002517s ]

[ 2015-10-01T12:13:06+08:00 ] 127.0.0.1 /evc/index.php/Cmn/vrfusrstat?x=usrct
INFO: [ route_check ] --START--
INFO: CheckRoute Behavior ::run [ RunTime:0.002425s ]
INFO: [ route_check ] --END-- [ RunTime:0.002715s ]
INFO: [ app_begin ] --START--
INFO: ReadHtmlCache Behavior ::run [ RunTime:0.001809s ]
INFO: [ app_begin ] --END-- [ RunTime:0.002024s ]

[ 2015-10-01T12:13:07+08:00 ] 127.0.0.1 /evc/index.php/Usr/usrct
INFO: [ route_check ] --START--
INFO: CheckRoute Behavior ::run [ RunTime:0.002048s ]
INFO: [ route_check ] --END-- [ RunTime:0.002485s ]
INFO: [ app_begin ] --START--
INFO: ReadHtmlCache Behavior ::run [ RunTime:0.003988s ]
INFO: [ app_begin ] --END-- [ RunTime:0.004342s ]
INFO: [ view_parse ] --START--
INFO: ParseTemplate Behavior ::run [ RunTime:0.053418s ]
INFO: [ view_parse ] --END-- [ RunTime:0.053834s ]
INFO: [ view_filter ] --START--
INFO: ContentReplace Behavior ::run [ RunTime:0.001230s ]
INFO: TokenBuild Behavior ::run [ RunTime:0.001106s ]
INFO: WriteHtmlCache Behavior ::run [ RunTime:0.000788s ]
INFO: ShowRuntime Behavior ::run [ RunTime:0.001770s ]
INFO: [ view_filter ] --END-- [ RunTime:0.005557s ]
INFO: [ view_end ] --START--
INFO: ShowPageTrace Behavior ::run [ RunTime:0.002344s ]
INFO: [ view_end ] --END-- [ RunTime:0.002762s ]

[ 2015-10-01T12:13:07+08:00 ] 127.0.0.1 /evc/index.php/Usr/baidu.com
INFO: [ route_check ] --START--
INFO: CheckRoute Behavior ::run [ RunTime:0.003174s ]
INFO: [ route_check ] --END-- [ RunTime:0.003748s ]
INFO: [ app_begin ] --START--
INFO: ReadHtmlCache Behavior ::run [ RunTime:0.002159s ]
INFO: [ app_begin ] --END-- [ RunTime:0.002535s ]
ERR: 非法操作:baidu.com

[ 2015-10-01T12:13:08+08:00 ] 127.0.0.1 /evc/index.php/Usr/baidu.com
INFO: [ route_check ] --START--
INFO: CheckRoute Behavior ::run [ RunTime:0.003136s ]
INFO: [ route_check ] --END-- [ RunTime:0.003612s ]
INFO: [ app_begin ] --START--
INFO: ReadHtmlCache Behavior ::run [ RunTime:0.002216s ]
INFO: [ app_begin ] --END-- [ RunTime:0.002751s ]
ERR: 非法操作:baidu.com

[ 2015-10-01T12:13:11+08:00 ] 127.0.0.1 /evc/index.php/Usr/hstr
INFO: [ route_check ] --START--
INFO: CheckRoute Behavior ::run [ RunTime:0.002786s ]
INFO: [ route_check ] --END-- [ RunTime:0.003163s ]
INFO: [ app_begin ] --START--
INFO: ReadHtmlCache Behavior ::run [ RunTime:0.001711s ]
INFO: [ app_begin ] --END-- [ RunTime:0.001961s ]
NOTIC: [8] Undefined index: resluts C:\wamp\www\evc\index\Lib\Action\UsrAction.class.php 第 238 行.
NOTIC: [2] Invalid argument supplied for foreach() C:\wamp\www\evc\index\Lib\Action\UsrAction.class.php 第 240 行.

[ 2015-10-01T12:13:40+08:00 ] 127.0.0.1 /evc/index.php/Usr/hstr
INFO: [ route_check ] --START--
INFO: CheckRoute Behavior ::run [ RunTime:0.002900s ]
INFO: [ route_check ] --END-- [ RunTime:0.003371s ]
INFO: [ app_begin ] --START--
INFO: ReadHtmlCache Behavior ::run [ RunTime:0.002309s ]
INFO: [ app_begin ] --END-- [ RunTime:0.002824s ]

[ 2015-10-01T13:16:58+08:00 ] 127.0.0.1 /evc/index.php/Usr/hstr
INFO: [ route_check ] --START--
INFO: CheckRoute Behavior ::run [ RunTime:0.004357s ]
INFO: [ route_check ] --END-- [ RunTime:0.004850s ]
INFO: [ app_begin ] --START--
INFO: ReadHtmlCache Behavior ::run [ RunTime:0.003209s ]
INFO: [ app_begin ] --END-- [ RunTime:0.003548s ]
INFO: [ view_parse ] --START--

[ 2015-10-01T13:18:01+08:00 ] 127.0.0.1 /evc/index.php/Usr/hstr
INFO: [ route_check ] --START--
INFO: CheckRoute Behavior ::run [ RunTime:0.002204s ]
INFO: [ route_check ] --END-- [ RunTime:0.002518s ]
INFO: [ app_begin ] --START--
INFO: ReadHtmlCache Behavior ::run [ RunTime:0.001916s ]
INFO: [ app_begin ] --END-- [ RunTime:0.002305s ]

[ 2015-10-01T13:18:30+08:00 ] 127.0.0.1 /evc/index.php/Usr/hstr
INFO: [ route_check ] --START--
INFO: CheckRoute Behavior ::run [ RunTime:0.002868s ]
INFO: [ route_check ] --END-- [ RunTime:0.003256s ]
INFO: [ app_begin ] --START--
INFO: ReadHtmlCache Behavior ::run [ RunTime:0.001687s ]
INFO: [ app_begin ] --END-- [ RunTime:0.001963s ]
INFO: [ view_parse ] --START--
NOTIC: [8] Undefined variable: spkg C:\wamp\www\evc\index\Runtime\Cache\ab3a66a46838adbfe193e4058cf973f9.php 第 99 行.
NOTIC: [8] Undefined variable: spkg C:\wamp\www\evc\index\Runtime\Cache\ab3a66a46838adbfe193e4058cf973f9.php 第 100 行.
NOTIC: [8] Undefined variable: spkg C:\wamp\www\evc\index\Runtime\Cache\ab3a66a46838adbfe193e4058cf973f9.php 第 101 行.
NOTIC: [8] Undefined variable: spkg C:\wamp\www\evc\index\Runtime\Cache\ab3a66a46838adbfe193e4058cf973f9.php 第 102 行.
INFO: ParseTemplate Behavior ::run [ RunTime:0.039519s ]
INFO: [ view_parse ] --END-- [ RunTime:0.039945s ]
INFO: [ view_filter ] --START--
INFO: ContentReplace Behavior ::run [ RunTime:0.003017s ]
INFO: TokenBuild Behavior ::run [ RunTime:0.003084s ]
INFO: WriteHtmlCache Behavior ::run [ RunTime:0.003058s ]
INFO: ShowRuntime Behavior ::run [ RunTime:0.006102s ]
INFO: [ view_filter ] --END-- [ RunTime:0.017875s ]
INFO: [ view_end ] --START--
INFO: ShowPageTrace Behavior ::run [ RunTime:0.003611s ]
INFO: [ view_end ] --END-- [ RunTime:0.004399s ]

[ 2015-10-01T13:19:59+08:00 ] 127.0.0.1 /evc/index.php/Usr/hstr
INFO: [ route_check ] --START--
INFO: CheckRoute Behavior ::run [ RunTime:0.003290s ]
INFO: [ route_check ] --END-- [ RunTime:0.003726s ]
INFO: [ app_begin ] --START--
INFO: ReadHtmlCache Behavior ::run [ RunTime:0.002494s ]
INFO: [ app_begin ] --END-- [ RunTime:0.002982s ]
INFO: [ view_parse ] --START--

[ 2015-10-01T13:20:27+08:00 ] 127.0.0.1 /evc/index.php/Usr/hstr
INFO: [ route_check ] --START--
INFO: CheckRoute Behavior ::run [ RunTime:0.002253s ]
INFO: [ route_check ] --END-- [ RunTime:0.002685s ]
INFO: [ app_begin ] --START--
INFO: ReadHtmlCache Behavior ::run [ RunTime:0.002213s ]
INFO: [ app_begin ] --END-- [ RunTime:0.002577s ]
INFO: [ view_parse ] --START--

[ 2015-10-01T13:22:45+08:00 ] 127.0.0.1 /evc/index.php/Usr/hstr
INFO: [ route_check ] --START--
INFO: CheckRoute Behavior ::run [ RunTime:0.003961s ]
INFO: [ route_check ] --END-- [ RunTime:0.004492s ]
INFO: [ app_begin ] --START--
INFO: ReadHtmlCache Behavior ::run [ RunTime:0.002528s ]
INFO: [ app_begin ] --END-- [ RunTime:0.002878s ]
INFO: [ view_parse ] --START--
NOTIC: [8] Undefined variable: spkg C:\wamp\www\evc\index\Runtime\Cache\ab3a66a46838adbfe193e4058cf973f9.php 第 99 行.
NOTIC: [8] Undefined variable: spkg C:\wamp\www\evc\index\Runtime\Cache\ab3a66a46838adbfe193e4058cf973f9.php 第 100 行.
NOTIC: [8] Undefined variable: spkg C:\wamp\www\evc\index\Runtime\Cache\ab3a66a46838adbfe193e4058cf973f9.php 第 101 行.
NOTIC: [8] Undefined variable: spkg C:\wamp\www\evc\index\Runtime\Cache\ab3a66a46838adbfe193e4058cf973f9.php 第 102 行.
INFO: ParseTemplate Behavior ::run [ RunTime:0.035033s ]
INFO: [ view_parse ] --END-- [ RunTime:0.035494s ]
INFO: [ view_filter ] --START--
INFO: ContentReplace Behavior ::run [ RunTime:0.002626s ]
INFO: TokenBuild Behavior ::run [ RunTime:0.002231s ]
INFO: WriteHtmlCache Behavior ::run [ RunTime:0.001841s ]
INFO: ShowRuntime Behavior ::run [ RunTime:0.002486s ]
INFO: [ view_filter ] --END-- [ RunTime:0.011557s ]
INFO: [ view_end ] --START--
INFO: ShowPageTrace Behavior ::run [ RunTime:0.002674s ]
INFO: [ view_end ] --END-- [ RunTime:0.003062s ]

[ 2015-10-01T13:23:11+08:00 ] 127.0.0.1 /evc/index.php/Usr/hstr
INFO: [ route_check ] --START--
INFO: CheckRoute Behavior ::run [ RunTime:0.004429s ]
INFO: [ route_check ] --END-- [ RunTime:0.004912s ]
INFO: [ app_begin ] --START--
INFO: ReadHtmlCache Behavior ::run [ RunTime:0.002479s ]
INFO: [ app_begin ] --END-- [ RunTime:0.002910s ]
INFO: [ view_parse ] --START--
NOTIC: [8] Undefined variable: spkg C:\wamp\www\evc\index\Runtime\Cache\ab3a66a46838adbfe193e4058cf973f9.php 第 99 行.
NOTIC: [8] Undefined variable: spkg C:\wamp\www\evc\index\Runtime\Cache\ab3a66a46838adbfe193e4058cf973f9.php 第 100 行.
NOTIC: [8] Undefined variable: spkg C:\wamp\www\evc\index\Runtime\Cache\ab3a66a46838adbfe193e4058cf973f9.php 第 101 行.
NOTIC: [8] Undefined variable: spkg C:\wamp\www\evc\index\Runtime\Cache\ab3a66a46838adbfe193e4058cf973f9.php 第 102 行.
INFO: ParseTemplate Behavior ::run [ RunTime:0.031518s ]
INFO: [ view_parse ] --END-- [ RunTime:0.031915s ]
INFO: [ view_filter ] --START--
INFO: ContentReplace Behavior ::run [ RunTime:0.002184s ]
INFO: TokenBuild Behavior ::run [ RunTime:0.002444s ]
INFO: WriteHtmlCache Behavior ::run [ RunTime:0.001998s ]
INFO: ShowRuntime Behavior ::run [ RunTime:0.002855s ]
INFO: [ view_filter ] --END-- [ RunTime:0.010613s ]
INFO: [ view_end ] --START--
INFO: ShowPageTrace Behavior ::run [ RunTime:0.002843s ]
INFO: [ view_end ] --END-- [ RunTime:0.003238s ]

[ 2015-10-01T13:26:27+08:00 ] 127.0.0.1 /evc/index.php/Usr/hstr
INFO: [ route_check ] --START--
INFO: CheckRoute Behavior ::run [ RunTime:0.003605s ]
INFO: [ route_check ] --END-- [ RunTime:0.004217s ]
INFO: [ app_begin ] --START--
INFO: ReadHtmlCache Behavior ::run [ RunTime:0.002451s ]
INFO: [ app_begin ] --END-- [ RunTime:0.002811s ]
INFO: [ view_parse ] --START--
NOTIC: [8] Undefined variable: spkg C:\wamp\www\evc\index\Runtime\Cache\ab3a66a46838adbfe193e4058cf973f9.php 第 108 行.
NOTIC: [8] Undefined variable: spkg C:\wamp\www\evc\index\Runtime\Cache\ab3a66a46838adbfe193e4058cf973f9.php 第 109 行.
NOTIC: [8] Undefined variable: spkg C:\wamp\www\evc\index\Runtime\Cache\ab3a66a46838adbfe193e4058cf973f9.php 第 110 行.
NOTIC: [8] Undefined variable: spkg C:\wamp\www\evc\index\Runtime\Cache\ab3a66a46838adbfe193e4058cf973f9.php 第 111 行.
INFO: ParseTemplate Behavior ::run [ RunTime:0.031305s ]
INFO: [ view_parse ] --END-- [ RunTime:0.031573s ]
INFO: [ view_filter ] --START--
INFO: ContentReplace Behavior ::run [ RunTime:0.002123s ]
INFO: TokenBuild Behavior ::run [ RunTime:0.001556s ]
INFO: WriteHtmlCache Behavior ::run [ RunTime:0.001896s ]
INFO: ShowRuntime Behavior ::run [ RunTime:0.002415s ]
INFO: [ view_filter ] --END-- [ RunTime:0.009078s ]
INFO: [ view_end ] --START--
INFO: ShowPageTrace Behavior ::run [ RunTime:0.001770s ]
INFO: [ view_end ] --END-- [ RunTime:0.002011s ]

[ 2015-10-01T13:27:14+08:00 ] 127.0.0.1 /evc/index.php/Usr/hstr
INFO: [ route_check ] --START--
INFO: CheckRoute Behavior ::run [ RunTime:0.004895s ]
INFO: [ route_check ] --END-- [ RunTime:0.005314s ]
INFO: [ app_begin ] --START--
INFO: ReadHtmlCache Behavior ::run [ RunTime:0.001843s ]
INFO: [ app_begin ] --END-- [ RunTime:0.002125s ]
INFO: [ view_parse ] --START--

[ 2015-10-01T13:27:34+08:00 ] 127.0.0.1 /evc/index.php/Usr/hstr
INFO: [ route_check ] --START--
INFO: CheckRoute Behavior ::run [ RunTime:0.002803s ]
INFO: [ route_check ] --END-- [ RunTime:0.003094s ]
INFO: [ app_begin ] --START--
INFO: ReadHtmlCache Behavior ::run [ RunTime:0.001888s ]
INFO: [ app_begin ] --END-- [ RunTime:0.002215s ]
INFO: [ view_parse ] --START--

[ 2015-10-01T13:27:46+08:00 ] 127.0.0.1 /evc/index.php/Usr/hstr
INFO: [ route_check ] --START--
INFO: CheckRoute Behavior ::run [ RunTime:0.002843s ]
INFO: [ route_check ] --END-- [ RunTime:0.003300s ]
INFO: [ app_begin ] --START--
INFO: ReadHtmlCache Behavior ::run [ RunTime:0.002272s ]
INFO: [ app_begin ] --END-- [ RunTime:0.002689s ]
INFO: [ view_parse ] --START--
NOTIC: [8] Undefined variable: spkg C:\wamp\www\evc\index\Runtime\Cache\ab3a66a46838adbfe193e4058cf973f9.php 第 109 行.
NOTIC: [8] Undefined variable: spkg C:\wamp\www\evc\index\Runtime\Cache\ab3a66a46838adbfe193e4058cf973f9.php 第 110 行.
NOTIC: [8] Undefined variable: spkg C:\wamp\www\evc\index\Runtime\Cache\ab3a66a46838adbfe193e4058cf973f9.php 第 111 行.
NOTIC: [8] Undefined variable: spkg C:\wamp\www\evc\index\Runtime\Cache\ab3a66a46838adbfe193e4058cf973f9.php 第 112 行.
INFO: ParseTemplate Behavior ::run [ RunTime:0.036445s ]
INFO: [ view_parse ] --END-- [ RunTime:0.036818s ]
INFO: [ view_filter ] --START--
INFO: ContentReplace Behavior ::run [ RunTime:0.001977s ]
INFO: TokenBuild Behavior ::run [ RunTime:0.002346s ]
INFO: WriteHtmlCache Behavior ::run [ RunTime:0.001715s ]
INFO: ShowRuntime Behavior ::run [ RunTime:0.002449s ]
INFO: [ view_filter ] --END-- [ RunTime:0.009614s ]
INFO: [ view_end ] --START--
INFO: ShowPageTrace Behavior ::run [ RunTime:0.005881s ]
INFO: [ view_end ] --END-- [ RunTime:0.006299s ]

[ 2015-10-01T13:37:34+08:00 ] 127.0.0.1 /evc/index.php/Usr/hstr
INFO: [ route_check ] --START--
INFO: CheckRoute Behavior ::run [ RunTime:0.002833s ]
INFO: [ route_check ] --END-- [ RunTime:0.003217s ]
INFO: [ app_begin ] --START--
INFO: ReadHtmlCache Behavior ::run [ RunTime:0.002396s ]
INFO: [ app_begin ] --END-- [ RunTime:0.002889s ]
INFO: [ view_parse ] --START--
NOTIC: [8] Undefined variable: spkg C:\wamp\www\evc\index\Runtime\Cache\ab3a66a46838adbfe193e4058cf973f9.php 第 109 行.
NOTIC: [8] Undefined variable: spkg C:\wamp\www\evc\index\Runtime\Cache\ab3a66a46838adbfe193e4058cf973f9.php 第 110 行.
NOTIC: [8] Undefined variable: spkg C:\wamp\www\evc\index\Runtime\Cache\ab3a66a46838adbfe193e4058cf973f9.php 第 111 行.
NOTIC: [8] Undefined variable: spkg C:\wamp\www\evc\index\Runtime\Cache\ab3a66a46838adbfe193e4058cf973f9.php 第 112 行.
INFO: ParseTemplate Behavior ::run [ RunTime:0.037033s ]
INFO: [ view_parse ] --END-- [ RunTime:0.037462s ]
INFO: [ view_filter ] --START--
INFO: ContentReplace Behavior ::run [ RunTime:0.002229s ]
INFO: TokenBuild Behavior ::run [ RunTime:0.001894s ]
INFO: WriteHtmlCache Behavior ::run [ RunTime:0.001316s ]
INFO: ShowRuntime Behavior ::run [ RunTime:0.003107s ]
INFO: [ view_filter ] --END-- [ RunTime:0.009765s ]
INFO: [ view_end ] --START--
INFO: ShowPageTrace Behavior ::run [ RunTime:0.002853s ]
INFO: [ view_end ] --END-- [ RunTime:0.003197s ]

[ 2015-10-01T13:38:04+08:00 ] 127.0.0.1 /evc/index.php/Usr/hstr
INFO: [ route_check ] --START--
INFO: CheckRoute Behavior ::run [ RunTime:0.002435s ]
INFO: [ route_check ] --END-- [ RunTime:0.002704s ]
INFO: [ app_begin ] --START--
INFO: ReadHtmlCache Behavior ::run [ RunTime:0.001527s ]
INFO: [ app_begin ] --END-- [ RunTime:0.001755s ]
INFO: [ view_parse ] --START--
NOTIC: [8] Undefined variable: spkg C:\wamp\www\evc\index\Runtime\Cache\ab3a66a46838adbfe193e4058cf973f9.php 第 109 行.
NOTIC: [8] Undefined variable: spkg C:\wamp\www\evc\index\Runtime\Cache\ab3a66a46838adbfe193e4058cf973f9.php 第 110 行.
NOTIC: [8] Undefined variable: spkg C:\wamp\www\evc\index\Runtime\Cache\ab3a66a46838adbfe193e4058cf973f9.php 第 111 行.
NOTIC: [8] Undefined variable: spkg C:\wamp\www\evc\index\Runtime\Cache\ab3a66a46838adbfe193e4058cf973f9.php 第 112 行.
INFO: ParseTemplate Behavior ::run [ RunTime:0.036956s ]
INFO: [ view_parse ] --END-- [ RunTime:0.037356s ]
INFO: [ view_filter ] --START--
INFO: ContentReplace Behavior ::run [ RunTime:0.002845s ]
INFO: TokenBuild Behavior ::run [ RunTime:0.003503s ]
INFO: WriteHtmlCache Behavior ::run [ RunTime:0.001381s ]
INFO: ShowRuntime Behavior ::run [ RunTime:0.002368s ]
INFO: [ view_filter ] --END-- [ RunTime:0.011945s ]
INFO: [ view_end ] --START--
INFO: ShowPageTrace Behavior ::run [ RunTime:0.002807s ]
INFO: [ view_end ] --END-- [ RunTime:0.003242s ]

[ 2015-10-01T13:50:47+08:00 ] 127.0.0.1 /evc/index.php/Usr/hstr
INFO: [ route_check ] --START--
INFO: CheckRoute Behavior ::run [ RunTime:0.003020s ]
INFO: [ route_check ] --END-- [ RunTime:0.003380s ]
INFO: [ app_begin ] --START--
INFO: ReadHtmlCache Behavior ::run [ RunTime:0.001810s ]
INFO: [ app_begin ] --END-- [ RunTime:0.002132s ]

[ 2015-10-01T13:51:21+08:00 ] 127.0.0.1 /evc/index.php/Usr/hstr
INFO: [ route_check ] --START--
INFO: CheckRoute Behavior ::run [ RunTime:0.001991s ]
INFO: [ route_check ] --END-- [ RunTime:0.002276s ]
INFO: [ app_begin ] --START--
INFO: ReadHtmlCache Behavior ::run [ RunTime:0.001653s ]
INFO: [ app_begin ] --END-- [ RunTime:0.002092s ]

[ 2015-10-01T13:51:24+08:00 ] 127.0.0.1 /evc/index.php/Usr/hstr
INFO: [ route_check ] --START--
INFO: CheckRoute Behavior ::run [ RunTime:0.002440s ]
INFO: [ route_check ] --END-- [ RunTime:0.002969s ]
INFO: [ app_begin ] --START--
INFO: ReadHtmlCache Behavior ::run [ RunTime:0.002697s ]
INFO: [ app_begin ] --END-- [ RunTime:0.003044s ]

[ 2015-10-01T13:51:39+08:00 ] 127.0.0.1 /evc/index.php/Usr/hstr
INFO: [ route_check ] --START--
INFO: CheckRoute Behavior ::run [ RunTime:0.002821s ]
INFO: [ route_check ] --END-- [ RunTime:0.003269s ]
INFO: [ app_begin ] --START--
INFO: ReadHtmlCache Behavior ::run [ RunTime:0.001999s ]
INFO: [ app_begin ] --END-- [ RunTime:0.002363s ]
NOTIC: [8] Undefined index: address C:\wamp\www\evc\index\Lib\Action\UsrAction.class.php 第 247 行.

[ 2015-10-01T13:52:04+08:00 ] 127.0.0.1 /evc/index.php/Usr/baidu.com
INFO: [ route_check ] --START--
INFO: CheckRoute Behavior ::run [ RunTime:0.002186s ]
INFO: [ route_check ] --END-- [ RunTime:0.002666s ]
INFO: [ app_begin ] --START--
INFO: ReadHtmlCache Behavior ::run [ RunTime:0.002475s ]
INFO: [ app_begin ] --END-- [ RunTime:0.002960s ]
ERR: 非法操作:baidu.com

[ 2015-10-01T13:52:04+08:00 ] 127.0.0.1 /evc/index.php/Usr/baidu.com
INFO: [ route_check ] --START--
INFO: CheckRoute Behavior ::run [ RunTime:0.002684s ]
INFO: [ route_check ] --END-- [ RunTime:0.003044s ]
INFO: [ app_begin ] --START--
INFO: ReadHtmlCache Behavior ::run [ RunTime:0.001565s ]
INFO: [ app_begin ] --END-- [ RunTime:0.001834s ]
ERR: 非法操作:baidu.com

[ 2015-10-01T13:52:06+08:00 ] 127.0.0.1 /evc/index.php/Usr/hstr
INFO: [ route_check ] --START--
INFO: CheckRoute Behavior ::run [ RunTime:0.001958s ]
INFO: [ route_check ] --END-- [ RunTime:0.002249s ]
INFO: [ app_begin ] --START--
INFO: ReadHtmlCache Behavior ::run [ RunTime:0.001553s ]
INFO: [ app_begin ] --END-- [ RunTime:0.001790s ]
NOTIC: [8] Undefined index: address C:\wamp\www\evc\index\Lib\Action\UsrAction.class.php 第 244 行.

[ 2015-10-01T13:52:45+08:00 ] 127.0.0.1 /evc/index.php/Usr/hstr
INFO: [ route_check ] --START--
INFO: CheckRoute Behavior ::run [ RunTime:0.002941s ]
INFO: [ route_check ] --END-- [ RunTime:0.003242s ]
INFO: [ app_begin ] --START--
INFO: ReadHtmlCache Behavior ::run [ RunTime:0.001783s ]
INFO: [ app_begin ] --END-- [ RunTime:0.002113s ]
NOTIC: [8] Undefined index: address C:\wamp\www\evc\index\Lib\Action\UsrAction.class.php 第 244 行.

[ 2015-10-01T13:52:47+08:00 ] 127.0.0.1 /evc/index.php/Usr/hstr
INFO: [ route_check ] --START--
INFO: CheckRoute Behavior ::run [ RunTime:0.003470s ]
INFO: [ route_check ] --END-- [ RunTime:0.003813s ]
INFO: [ app_begin ] --START--
INFO: ReadHtmlCache Behavior ::run [ RunTime:0.002366s ]
INFO: [ app_begin ] --END-- [ RunTime:0.002717s ]
NOTIC: [8] Undefined index: address C:\wamp\www\evc\index\Lib\Action\UsrAction.class.php 第 244 行.

[ 2015-10-01T13:53:06+08:00 ] 127.0.0.1 /evc/index.php/Usr/hstr
INFO: [ route_check ] --START--
INFO: CheckRoute Behavior ::run [ RunTime:0.003352s ]
INFO: [ route_check ] --END-- [ RunTime:0.003874s ]
INFO: [ app_begin ] --START--
INFO: ReadHtmlCache Behavior ::run [ RunTime:0.001839s ]
INFO: [ app_begin ] --END-- [ RunTime:0.002117s ]

[ 2015-10-01T13:53:42+08:00 ] 127.0.0.1 /evc/index.php/Usr/hstr
INFO: [ route_check ] --START--
INFO: CheckRoute Behavior ::run [ RunTime:0.002951s ]
INFO: [ route_check ] --END-- [ RunTime:0.003372s ]
INFO: [ app_begin ] --START--
INFO: ReadHtmlCache Behavior ::run [ RunTime:0.002134s ]
INFO: [ app_begin ] --END-- [ RunTime:0.002571s ]
NOTIC: [8] Undefined index: address C:\wamp\www\evc\index\Lib\Action\UsrAction.class.php 第 244 行.

[ 2015-10-01T13:53:55+08:00 ] 127.0.0.1 /evc/index.php/Usr/hstr
INFO: [ route_check ] --START--
INFO: CheckRoute Behavior ::run [ RunTime:0.002230s ]
INFO: [ route_check ] --END-- [ RunTime:0.002708s ]
INFO: [ app_begin ] --START--
INFO: ReadHtmlCache Behavior ::run [ RunTime:0.003163s ]
INFO: [ app_begin ] --END-- [ RunTime:0.003639s ]

[ 2015-10-01T13:54:05+08:00 ] 127.0.0.1 /evc/index.php/Usr/hstr
INFO: [ route_check ] --START--
INFO: CheckRoute Behavior ::run [ RunTime:0.002030s ]
INFO: [ route_check ] --END-- [ RunTime:0.002374s ]
INFO: [ app_begin ] --START--
INFO: ReadHtmlCache Behavior ::run [ RunTime:0.001906s ]
INFO: [ app_begin ] --END-- [ RunTime:0.002212s ]

[ 2015-10-01T13:54:23+08:00 ] 127.0.0.1 /evc/index.php/Usr/hstr
INFO: [ route_check ] --START--
INFO: CheckRoute Behavior ::run [ RunTime:0.002723s ]
INFO: [ route_check ] --END-- [ RunTime:0.003160s ]
INFO: [ app_begin ] --START--
INFO: ReadHtmlCache Behavior ::run [ RunTime:0.001453s ]
INFO: [ app_begin ] --END-- [ RunTime:0.001691s ]

[ 2015-10-01T13:54:40+08:00 ] 127.0.0.1 /evc/index.php/Usr/hstr
INFO: [ route_check ] --START--
INFO: CheckRoute Behavior ::run [ RunTime:0.003466s ]
INFO: [ route_check ] --END-- [ RunTime:0.003919s ]
INFO: [ app_begin ] --START--
INFO: ReadHtmlCache Behavior ::run [ RunTime:0.001628s ]
INFO: [ app_begin ] --END-- [ RunTime:0.001882s ]
NOTIC: [8] Undefined index: address C:\wamp\www\evc\index\Lib\Action\UsrAction.class.php 第 243 行.
INFO: [ view_parse ] --START--
NOTIC: [8] Undefined variable: spkg C:\wamp\www\evc\index\Runtime\Cache\ab3a66a46838adbfe193e4058cf973f9.php 第 109 行.
NOTIC: [8] Undefined variable: spkg C:\wamp\www\evc\index\Runtime\Cache\ab3a66a46838adbfe193e4058cf973f9.php 第 110 行.
NOTIC: [8] Undefined variable: spkg C:\wamp\www\evc\index\Runtime\Cache\ab3a66a46838adbfe193e4058cf973f9.php 第 111 行.
NOTIC: [8] Undefined variable: spkg C:\wamp\www\evc\index\Runtime\Cache\ab3a66a46838adbfe193e4058cf973f9.php 第 112 行.
INFO: ParseTemplate Behavior ::run [ RunTime:0.038520s ]
INFO: [ view_parse ] --END-- [ RunTime:0.038856s ]
INFO: [ view_filter ] --START--
INFO: ContentReplace Behavior ::run [ RunTime:0.002105s ]
INFO: TokenBuild Behavior ::run [ RunTime:0.001934s ]
INFO: WriteHtmlCache Behavior ::run [ RunTime:0.001487s ]
INFO: ShowRuntime Behavior ::run [ RunTime:0.002298s ]
INFO: [ view_filter ] --END-- [ RunTime:0.008858s ]
INFO: [ view_end ] --START--
INFO: ShowPageTrace Behavior ::run [ RunTime:0.002056s ]
INFO: [ view_end ] --END-- [ RunTime:0.002392s ]

[ 2015-10-01T13:55:14+08:00 ] 127.0.0.1 /evc/index.php/Usr/hstr
INFO: [ route_check ] --START--
INFO: CheckRoute Behavior ::run [ RunTime:0.002506s ]
INFO: [ route_check ] --END-- [ RunTime:0.002871s ]
INFO: [ app_begin ] --START--
INFO: ReadHtmlCache Behavior ::run [ RunTime:0.001811s ]
INFO: [ app_begin ] --END-- [ RunTime:0.002150s ]
INFO: [ view_parse ] --START--
NOTIC: [8] Undefined variable: spkg C:\wamp\www\evc\index\Runtime\Cache\ab3a66a46838adbfe193e4058cf973f9.php 第 109 行.
NOTIC: [8] Undefined variable: spkg C:\wamp\www\evc\index\Runtime\Cache\ab3a66a46838adbfe193e4058cf973f9.php 第 110 行.
NOTIC: [8] Undefined variable: spkg C:\wamp\www\evc\index\Runtime\Cache\ab3a66a46838adbfe193e4058cf973f9.php 第 111 行.
NOTIC: [8] Undefined variable: spkg C:\wamp\www\evc\index\Runtime\Cache\ab3a66a46838adbfe193e4058cf973f9.php 第 112 行.
INFO: ParseTemplate Behavior ::run [ RunTime:0.031220s ]
INFO: [ view_parse ] --END-- [ RunTime:0.031559s ]
INFO: [ view_filter ] --START--
INFO: ContentReplace Behavior ::run [ RunTime:0.001397s ]
INFO: TokenBuild Behavior ::run [ RunTime:0.001502s ]
INFO: WriteHtmlCache Behavior ::run [ RunTime:0.001018s ]
INFO: ShowRuntime Behavior ::run [ RunTime:0.001639s ]
INFO: [ view_filter ] --END-- [ RunTime:0.006327s ]
INFO: [ view_end ] --START--
INFO: ShowPageTrace Behavior ::run [ RunTime:0.001863s ]
INFO: [ view_end ] --END-- [ RunTime:0.002166s ]

[ 2015-10-01T13:55:27+08:00 ] 127.0.0.1 /evc/index.php/Usr/hstr
INFO: [ route_check ] --START--
INFO: CheckRoute Behavior ::run [ RunTime:0.004413s ]
INFO: [ route_check ] --END-- [ RunTime:0.004913s ]
INFO: [ app_begin ] --START--
INFO: ReadHtmlCache Behavior ::run [ RunTime:0.001607s ]
INFO: [ app_begin ] --END-- [ RunTime:0.001853s ]
NOTIC: [8] Undefined index: address C:\wamp\www\evc\index\Lib\Action\UsrAction.class.php 第 243 行.
INFO: [ view_parse ] --START--
NOTIC: [8] Undefined variable: spkg C:\wamp\www\evc\index\Runtime\Cache\ab3a66a46838adbfe193e4058cf973f9.php 第 109 行.
NOTIC: [8] Undefined variable: spkg C:\wamp\www\evc\index\Runtime\Cache\ab3a66a46838adbfe193e4058cf973f9.php 第 110 行.
NOTIC: [8] Undefined variable: spkg C:\wamp\www\evc\index\Runtime\Cache\ab3a66a46838adbfe193e4058cf973f9.php 第 111 行.
NOTIC: [8] Undefined variable: spkg C:\wamp\www\evc\index\Runtime\Cache\ab3a66a46838adbfe193e4058cf973f9.php 第 112 行.
INFO: ParseTemplate Behavior ::run [ RunTime:0.044037s ]
INFO: [ view_parse ] --END-- [ RunTime:0.044385s ]
INFO: [ view_filter ] --START--
INFO: ContentReplace Behavior ::run [ RunTime:0.002144s ]
INFO: TokenBuild Behavior ::run [ RunTime:0.001785s ]
INFO: WriteHtmlCache Behavior ::run [ RunTime:0.001337s ]
INFO: ShowRuntime Behavior ::run [ RunTime:0.001681s ]
INFO: [ view_filter ] --END-- [ RunTime:0.007957s ]
INFO: [ view_end ] --START--
INFO: ShowPageTrace Behavior ::run [ RunTime:0.002347s ]
INFO: [ view_end ] --END-- [ RunTime:0.002688s ]

[ 2015-10-01T13:57:54+08:00 ] 127.0.0.1 /evc/index.php/Usr/hstr
INFO: [ route_check ] --START--
INFO: CheckRoute Behavior ::run [ RunTime:0.004420s ]
INFO: [ route_check ] --END-- [ RunTime:0.005026s ]
INFO: [ app_begin ] --START--
INFO: ReadHtmlCache Behavior ::run [ RunTime:0.002013s ]
INFO: [ app_begin ] --END-- [ RunTime:0.002300s ]
NOTIC: [8] Undefined index: address C:\wamp\www\evc\index\Lib\Action\UsrAction.class.php 第 243 行.
INFO: [ view_parse ] --START--
NOTIC: [8] Undefined variable: spkg C:\wamp\www\evc\index\Runtime\Cache\ab3a66a46838adbfe193e4058cf973f9.php 第 109 行.
NOTIC: [8] Undefined variable: spkg C:\wamp\www\evc\index\Runtime\Cache\ab3a66a46838adbfe193e4058cf973f9.php 第 110 行.
NOTIC: [8] Undefined variable: spkg C:\wamp\www\evc\index\Runtime\Cache\ab3a66a46838adbfe193e4058cf973f9.php 第 111 行.
NOTIC: [8] Undefined variable: spkg C:\wamp\www\evc\index\Runtime\Cache\ab3a66a46838adbfe193e4058cf973f9.php 第 112 行.
INFO: ParseTemplate Behavior ::run [ RunTime:0.035963s ]
INFO: [ view_parse ] --END-- [ RunTime:0.036310s ]
INFO: [ view_filter ] --START--
INFO: ContentReplace Behavior ::run [ RunTime:0.001515s ]
INFO: TokenBuild Behavior ::run [ RunTime:0.001510s ]
INFO: WriteHtmlCache Behavior ::run [ RunTime:0.001540s ]
INFO: ShowRuntime Behavior ::run [ RunTime:0.003518s ]
INFO: [ view_filter ] --END-- [ RunTime:0.008908s ]
INFO: [ view_end ] --START--
INFO: ShowPageTrace Behavior ::run [ RunTime:0.001979s ]
INFO: [ view_end ] --END-- [ RunTime:0.002210s ]

[ 2015-10-01T13:57:57+08:00 ] 127.0.0.1 /evc/index.php/Usr/hstr
INFO: [ route_check ] --START--
INFO: CheckRoute Behavior ::run [ RunTime:0.003056s ]
INFO: [ route_check ] --END-- [ RunTime:0.003556s ]
INFO: [ app_begin ] --START--
INFO: ReadHtmlCache Behavior ::run [ RunTime:0.002140s ]
INFO: [ app_begin ] --END-- [ RunTime:0.002523s ]
NOTIC: [8] Undefined index: address C:\wamp\www\evc\index\Lib\Action\UsrAction.class.php 第 243 行.
INFO: [ view_parse ] --START--
NOTIC: [8] Undefined variable: spkg C:\wamp\www\evc\index\Runtime\Cache\ab3a66a46838adbfe193e4058cf973f9.php 第 109 行.
NOTIC: [8] Undefined variable: spkg C:\wamp\www\evc\index\Runtime\Cache\ab3a66a46838adbfe193e4058cf973f9.php 第 110 行.
NOTIC: [8] Undefined variable: spkg C:\wamp\www\evc\index\Runtime\Cache\ab3a66a46838adbfe193e4058cf973f9.php 第 111 行.
NOTIC: [8] Undefined variable: spkg C:\wamp\www\evc\index\Runtime\Cache\ab3a66a46838adbfe193e4058cf973f9.php 第 112 行.
INFO: ParseTemplate Behavior ::run [ RunTime:0.033184s ]
INFO: [ view_parse ] --END-- [ RunTime:0.033610s ]
INFO: [ view_filter ] --START--
INFO: ContentReplace Behavior ::run [ RunTime:0.001944s ]
INFO: TokenBuild Behavior ::run [ RunTime:0.001784s ]
INFO: WriteHtmlCache Behavior ::run [ RunTime:0.001316s ]
INFO: ShowRuntime Behavior ::run [ RunTime:0.002070s ]
INFO: [ view_filter ] --END-- [ RunTime:0.008245s ]
INFO: [ view_end ] --START--
INFO: ShowPageTrace Behavior ::run [ RunTime:0.002395s ]
INFO: [ view_end ] --END-- [ RunTime:0.002806s ]

[ 2015-10-01T13:59:15+08:00 ] 127.0.0.1 /evc/index.php/Usr/hstr
INFO: [ route_check ] --START--
INFO: CheckRoute Behavior ::run [ RunTime:0.003309s ]
INFO: [ route_check ] --END-- [ RunTime:0.003713s ]
INFO: [ app_begin ] --START--
INFO: ReadHtmlCache Behavior ::run [ RunTime:0.001844s ]
INFO: [ app_begin ] --END-- [ RunTime:0.002182s ]
INFO: [ view_parse ] --START--
NOTIC: [8] Undefined variable: spkg C:\wamp\www\evc\index\Runtime\Cache\ab3a66a46838adbfe193e4058cf973f9.php 第 109 行.
NOTIC: [8] Undefined variable: spkg C:\wamp\www\evc\index\Runtime\Cache\ab3a66a46838adbfe193e4058cf973f9.php 第 110 行.
NOTIC: [8] Undefined variable: spkg C:\wamp\www\evc\index\Runtime\Cache\ab3a66a46838adbfe193e4058cf973f9.php 第 111 行.
NOTIC: [8] Undefined variable: spkg C:\wamp\www\evc\index\Runtime\Cache\ab3a66a46838adbfe193e4058cf973f9.php 第 112 行.
INFO: ParseTemplate Behavior ::run [ RunTime:0.030782s ]
INFO: [ view_parse ] --END-- [ RunTime:0.031262s ]
INFO: [ view_filter ] --START--
INFO: ContentReplace Behavior ::run [ RunTime:0.001914s ]
INFO: TokenBuild Behavior ::run [ RunTime:0.001480s ]
INFO: WriteHtmlCache Behavior ::run [ RunTime:0.000959s ]
INFO: ShowRuntime Behavior ::run [ RunTime:0.002551s ]
INFO: [ view_filter ] --END-- [ RunTime:0.007886s ]
INFO: [ view_end ] --START--
INFO: ShowPageTrace Behavior ::run [ RunTime:0.002178s ]
INFO: [ view_end ] --END-- [ RunTime:0.002554s ]

