[ 2015-11-12T19:08:28+08:00 ] 192.168.1.109 /evc/index.php/Usr/register
INFO: [ route_check ] --START--
INFO: CheckRoute Behavior ::run [ RunTime:0.010567s ]
INFO: [ route_check ] --END-- [ RunTime:0.010731s ]
INFO: [ app_begin ] --START--
INFO: ReadHtmlCache Behavior ::run [ RunTime:0.001588s ]
INFO: [ app_begin ] --END-- [ RunTime:0.001727s ]
ERR: 非法操作:register

[ 2015-11-12T19:08:32+08:00 ] 192.168.1.109 /evc/index.php/Usr/regist
INFO: [ route_check ] --START--
INFO: CheckRoute Behavior ::run [ RunTime:0.000970s ]
INFO: [ route_check ] --END-- [ RunTime:0.001129s ]
INFO: [ app_begin ] --START--
INFO: ReadHtmlCache Behavior ::run [ RunTime:0.001996s ]
INFO: [ app_begin ] --END-- [ RunTime:0.002537s ]
NOTIC: [8] Undefined index: openid C:\wamp\www\evc\index\Lib\Action\UsrAction.class.php 第 10 行.
NOTIC: [8] Undefined index: headimgurl C:\wamp\www\evc\index\Lib\Action\UsrAction.class.php 第 11 行.
NOTIC: [8] Undefined index: nickname C:\wamp\www\evc\index\Lib\Action\UsrAction.class.php 第 12 行.
INFO: [ view_parse ] --START--
NOTIC: [8] Undefined variable: usrdto C:\wamp\www\evc\index\Runtime\Cache\eb27309f60933e3204cd712a89396a5f.php 第 79 行.
INFO: ParseTemplate Behavior ::run [ RunTime:0.085851s ]
INFO: [ view_parse ] --END-- [ RunTime:0.086139s ]
INFO: [ view_filter ] --START--
INFO: ContentReplace Behavior ::run [ RunTime:0.045134s ]
INFO: TokenBuild Behavior ::run [ RunTime:0.002631s ]
INFO: WriteHtmlCache Behavior ::run [ RunTime:0.002139s ]
INFO: ShowRuntime Behavior ::run [ RunTime:0.002667s ]
INFO: [ view_filter ] --END-- [ RunTime:0.053255s ]
INFO: [ view_end ] --START--
INFO: ShowPageTrace Behavior ::run [ RunTime:0.003047s ]
INFO: [ view_end ] --END-- [ RunTime:0.003294s ]

[ 2015-11-12T19:14:56+08:00 ] 192.168.1.109 /evc/index.php/Usr/regist
INFO: [ route_check ] --START--
INFO: CheckRoute Behavior ::run [ RunTime:0.001091s ]
INFO: [ route_check ] --END-- [ RunTime:0.001229s ]
INFO: [ app_begin ] --START--
INFO: ReadHtmlCache Behavior ::run [ RunTime:0.000794s ]
INFO: [ app_begin ] --END-- [ RunTime:0.000907s ]
NOTIC: [8] Undefined index: openid C:\wamp\www\evc\index\Lib\Action\UsrAction.class.php 第 10 行.
NOTIC: [8] Undefined index: headimgurl C:\wamp\www\evc\index\Lib\Action\UsrAction.class.php 第 11 行.
NOTIC: [8] Undefined index: nickname C:\wamp\www\evc\index\Lib\Action\UsrAction.class.php 第 12 行.
INFO: [ view_parse ] --START--
NOTIC: [8] Undefined variable: dvcid C:\wamp\www\evc\index\Runtime\Cache\eb27309f60933e3204cd712a89396a5f.php 第 83 行.
INFO: ParseTemplate Behavior ::run [ RunTime:0.009288s ]
INFO: [ view_parse ] --END-- [ RunTime:0.009421s ]
INFO: [ view_filter ] --START--
INFO: ContentReplace Behavior ::run [ RunTime:0.000685s ]
INFO: TokenBuild Behavior ::run [ RunTime:0.000758s ]
INFO: WriteHtmlCache Behavior ::run [ RunTime:0.000464s ]
INFO: ShowRuntime Behavior ::run [ RunTime:0.000721s ]
INFO: [ view_filter ] --END-- [ RunTime:0.002954s ]
INFO: [ view_end ] --START--
INFO: ShowPageTrace Behavior ::run [ RunTime:0.000832s ]
INFO: [ view_end ] --END-- [ RunTime:0.000945s ]

[ 2015-11-12T19:19:16+08:00 ] 192.168.1.109 /evc/index.php/Usr/regist
INFO: [ route_check ] --START--
INFO: CheckRoute Behavior ::run [ RunTime:0.001277s ]
INFO: [ route_check ] --END-- [ RunTime:0.001444s ]
INFO: [ app_begin ] --START--
INFO: ReadHtmlCache Behavior ::run [ RunTime:0.000832s ]
INFO: [ app_begin ] --END-- [ RunTime:0.000958s ]
NOTIC: [8] Undefined index: openid C:\wamp\www\evc\index\Lib\Action\UsrAction.class.php 第 10 行.
NOTIC: [8] Undefined index: headimgurl C:\wamp\www\evc\index\Lib\Action\UsrAction.class.php 第 11 行.
NOTIC: [8] Undefined index: nickname C:\wamp\www\evc\index\Lib\Action\UsrAction.class.php 第 12 行.
INFO: [ view_parse ] --START--
INFO: ParseTemplate Behavior ::run [ RunTime:0.018875s ]
INFO: [ view_parse ] --END-- [ RunTime:0.019124s ]
INFO: [ view_filter ] --START--
INFO: ContentReplace Behavior ::run [ RunTime:0.001341s ]
INFO: TokenBuild Behavior ::run [ RunTime:0.001249s ]
INFO: WriteHtmlCache Behavior ::run [ RunTime:0.000915s ]
INFO: ShowRuntime Behavior ::run [ RunTime:0.001417s ]
INFO: [ view_filter ] --END-- [ RunTime:0.005553s ]
INFO: [ view_end ] --START--
INFO: ShowPageTrace Behavior ::run [ RunTime:0.001677s ]
INFO: [ view_end ] --END-- [ RunTime:0.001916s ]

[ 2015-11-12T19:19:44+08:00 ] 192.168.1.109 /evc/index.php/Usr/regist
INFO: [ route_check ] --START--
INFO: CheckRoute Behavior ::run [ RunTime:0.001102s ]
INFO: [ route_check ] --END-- [ RunTime:0.001240s ]
INFO: [ app_begin ] --START--
INFO: ReadHtmlCache Behavior ::run [ RunTime:0.000781s ]
INFO: [ app_begin ] --END-- [ RunTime:0.000929s ]
NOTIC: [8] Undefined index: openid C:\wamp\www\evc\index\Lib\Action\UsrAction.class.php 第 10 行.
NOTIC: [8] Undefined index: headimgurl C:\wamp\www\evc\index\Lib\Action\UsrAction.class.php 第 11 行.
NOTIC: [8] Undefined index: nickname C:\wamp\www\evc\index\Lib\Action\UsrAction.class.php 第 12 行.
INFO: [ view_parse ] --START--
INFO: ParseTemplate Behavior ::run [ RunTime:0.019803s ]
INFO: [ view_parse ] --END-- [ RunTime:0.020096s ]
INFO: [ view_filter ] --START--
INFO: ContentReplace Behavior ::run [ RunTime:0.001396s ]
INFO: TokenBuild Behavior ::run [ RunTime:0.001365s ]
INFO: WriteHtmlCache Behavior ::run [ RunTime:0.001087s ]
INFO: ShowRuntime Behavior ::run [ RunTime:0.001658s ]
INFO: [ view_filter ] --END-- [ RunTime:0.006080s ]
INFO: [ view_end ] --START--
INFO: ShowPageTrace Behavior ::run [ RunTime:0.000958s ]
INFO: [ view_end ] --END-- [ RunTime:0.001070s ]

[ 2015-11-12T19:22:16+08:00 ] 192.168.1.109 /evc/index.php/Usr/regist
INFO: [ route_check ] --START--
INFO: CheckRoute Behavior ::run [ RunTime:0.001415s ]
INFO: [ route_check ] --END-- [ RunTime:0.001563s ]
INFO: [ app_begin ] --START--
INFO: ReadHtmlCache Behavior ::run [ RunTime:0.000843s ]
INFO: [ app_begin ] --END-- [ RunTime:0.000957s ]
NOTIC: [8] Undefined index: openid C:\wamp\www\evc\index\Lib\Action\UsrAction.class.php 第 10 行.
NOTIC: [8] Undefined index: headimgurl C:\wamp\www\evc\index\Lib\Action\UsrAction.class.php 第 11 行.
NOTIC: [8] Undefined index: nickname C:\wamp\www\evc\index\Lib\Action\UsrAction.class.php 第 12 行.
INFO: [ view_parse ] --START--
INFO: ParseTemplate Behavior ::run [ RunTime:0.019782s ]
INFO: [ view_parse ] --END-- [ RunTime:0.020095s ]
INFO: [ view_filter ] --START--
INFO: ContentReplace Behavior ::run [ RunTime:0.000967s ]
INFO: TokenBuild Behavior ::run [ RunTime:0.000887s ]
INFO: WriteHtmlCache Behavior ::run [ RunTime:0.000672s ]
INFO: ShowRuntime Behavior ::run [ RunTime:0.000967s ]
INFO: [ view_filter ] --END-- [ RunTime:0.004000s ]
INFO: [ view_end ] --START--
INFO: ShowPageTrace Behavior ::run [ RunTime:0.001520s ]
INFO: [ view_end ] --END-- [ RunTime:0.001755s ]

[ 2015-11-12T19:22:45+08:00 ] 192.168.1.109 /evc/index.php/Usr/regist
INFO: [ route_check ] --START--
INFO: CheckRoute Behavior ::run [ RunTime:0.001093s ]
INFO: [ route_check ] --END-- [ RunTime:0.001238s ]
INFO: [ app_begin ] --START--
INFO: ReadHtmlCache Behavior ::run [ RunTime:0.000793s ]
INFO: [ app_begin ] --END-- [ RunTime:0.000917s ]
NOTIC: [8] Undefined index: openid C:\wamp\www\evc\index\Lib\Action\UsrAction.class.php 第 10 行.
NOTIC: [8] Undefined index: headimgurl C:\wamp\www\evc\index\Lib\Action\UsrAction.class.php 第 11 行.
NOTIC: [8] Undefined index: nickname C:\wamp\www\evc\index\Lib\Action\UsrAction.class.php 第 12 行.
INFO: [ view_parse ] --START--
INFO: ParseTemplate Behavior ::run [ RunTime:0.009467s ]
INFO: [ view_parse ] --END-- [ RunTime:0.009660s ]
INFO: [ view_filter ] --START--
INFO: ContentReplace Behavior ::run [ RunTime:0.000932s ]
INFO: TokenBuild Behavior ::run [ RunTime:0.000826s ]
INFO: WriteHtmlCache Behavior ::run [ RunTime:0.000647s ]
INFO: ShowRuntime Behavior ::run [ RunTime:0.000739s ]
INFO: [ view_filter ] --END-- [ RunTime:0.003548s ]
INFO: [ view_end ] --START--
INFO: ShowPageTrace Behavior ::run [ RunTime:0.001193s ]
INFO: [ view_end ] --END-- [ RunTime:0.001352s ]

[ 2015-11-12T19:24:09+08:00 ] 192.168.1.109 /evc/index.php/Usr/regist
INFO: [ route_check ] --START--
INFO: CheckRoute Behavior ::run [ RunTime:0.001201s ]
INFO: [ route_check ] --END-- [ RunTime:0.001354s ]
INFO: [ app_begin ] --START--
INFO: ReadHtmlCache Behavior ::run [ RunTime:0.001163s ]
INFO: [ app_begin ] --END-- [ RunTime:0.001429s ]
NOTIC: [8] Undefined index: openid C:\wamp\www\evc\index\Lib\Action\UsrAction.class.php 第 10 行.
NOTIC: [8] Undefined index: headimgurl C:\wamp\www\evc\index\Lib\Action\UsrAction.class.php 第 11 行.
NOTIC: [8] Undefined index: nickname C:\wamp\www\evc\index\Lib\Action\UsrAction.class.php 第 12 行.
INFO: [ view_parse ] --START--
INFO: ParseTemplate Behavior ::run [ RunTime:0.020230s ]
INFO: [ view_parse ] --END-- [ RunTime:0.020517s ]
INFO: [ view_filter ] --START--
INFO: ContentReplace Behavior ::run [ RunTime:0.001363s ]
INFO: TokenBuild Behavior ::run [ RunTime:0.001372s ]
INFO: WriteHtmlCache Behavior ::run [ RunTime:0.001426s ]
INFO: ShowRuntime Behavior ::run [ RunTime:0.002148s ]
INFO: [ view_filter ] --END-- [ RunTime:0.007062s ]
INFO: [ view_end ] --START--
INFO: ShowPageTrace Behavior ::run [ RunTime:0.001822s ]
INFO: [ view_end ] --END-- [ RunTime:0.002055s ]

[ 2015-11-12T19:24:41+08:00 ] 192.168.1.109 /evc/index.php/Usr/regist
INFO: [ route_check ] --START--
INFO: CheckRoute Behavior ::run [ RunTime:0.001314s ]
INFO: [ route_check ] --END-- [ RunTime:0.001467s ]
INFO: [ app_begin ] --START--
INFO: ReadHtmlCache Behavior ::run [ RunTime:0.000919s ]
INFO: [ app_begin ] --END-- [ RunTime:0.001048s ]
NOTIC: [8] Undefined index: openid C:\wamp\www\evc\index\Lib\Action\UsrAction.class.php 第 10 行.
NOTIC: [8] Undefined index: headimgurl C:\wamp\www\evc\index\Lib\Action\UsrAction.class.php 第 11 行.
NOTIC: [8] Undefined index: nickname C:\wamp\www\evc\index\Lib\Action\UsrAction.class.php 第 12 行.
INFO: [ view_parse ] --START--
INFO: ParseTemplate Behavior ::run [ RunTime:0.020964s ]
INFO: [ view_parse ] --END-- [ RunTime:0.021333s ]
INFO: [ view_filter ] --START--
INFO: ContentReplace Behavior ::run [ RunTime:0.001518s ]
INFO: TokenBuild Behavior ::run [ RunTime:0.001206s ]
INFO: WriteHtmlCache Behavior ::run [ RunTime:0.000912s ]
INFO: ShowRuntime Behavior ::run [ RunTime:0.001406s ]
INFO: [ view_filter ] --END-- [ RunTime:0.005743s ]
INFO: [ view_end ] --START--
INFO: ShowPageTrace Behavior ::run [ RunTime:0.002380s ]
INFO: [ view_end ] --END-- [ RunTime:0.002657s ]

[ 2015-11-12T19:25:51+08:00 ] 192.168.1.109 /evc/index.php/Usr/regist
INFO: [ route_check ] --START--
INFO: CheckRoute Behavior ::run [ RunTime:0.001056s ]
INFO: [ route_check ] --END-- [ RunTime:0.001191s ]
INFO: [ app_begin ] --START--
INFO: ReadHtmlCache Behavior ::run [ RunTime:0.000716s ]
INFO: [ app_begin ] --END-- [ RunTime:0.000827s ]
NOTIC: [8] Undefined index: openid C:\wamp\www\evc\index\Lib\Action\UsrAction.class.php 第 10 行.
NOTIC: [8] Undefined index: headimgurl C:\wamp\www\evc\index\Lib\Action\UsrAction.class.php 第 11 行.
NOTIC: [8] Undefined index: nickname C:\wamp\www\evc\index\Lib\Action\UsrAction.class.php 第 12 行.
INFO: [ view_parse ] --START--
INFO: ParseTemplate Behavior ::run [ RunTime:0.009890s ]
INFO: [ view_parse ] --END-- [ RunTime:0.010042s ]
INFO: [ view_filter ] --START--
INFO: ContentReplace Behavior ::run [ RunTime:0.000647s ]
INFO: TokenBuild Behavior ::run [ RunTime:0.000612s ]
INFO: WriteHtmlCache Behavior ::run [ RunTime:0.000454s ]
INFO: ShowRuntime Behavior ::run [ RunTime:0.000712s ]
INFO: [ view_filter ] --END-- [ RunTime:0.002739s ]
INFO: [ view_end ] --START--
INFO: ShowPageTrace Behavior ::run [ RunTime:0.000837s ]
INFO: [ view_end ] --END-- [ RunTime:0.000950s ]

[ 2015-11-12T19:37:35+08:00 ] 192.168.1.109 /evc/index.php/Usr/regist
INFO: [ route_check ] --START--
INFO: CheckRoute Behavior ::run [ RunTime:0.001442s ]
INFO: [ route_check ] --END-- [ RunTime:0.001595s ]
INFO: [ app_begin ] --START--
INFO: ReadHtmlCache Behavior ::run [ RunTime:0.001253s ]
INFO: [ app_begin ] --END-- [ RunTime:0.001375s ]
NOTIC: [8] Undefined index: openid C:\wamp\www\evc\index\Lib\Action\UsrAction.class.php 第 10 行.
NOTIC: [8] Undefined index: headimgurl C:\wamp\www\evc\index\Lib\Action\UsrAction.class.php 第 11 行.
NOTIC: [8] Undefined index: nickname C:\wamp\www\evc\index\Lib\Action\UsrAction.class.php 第 12 行.
INFO: [ view_parse ] --START--
INFO: ParseTemplate Behavior ::run [ RunTime:0.022292s ]
INFO: [ view_parse ] --END-- [ RunTime:0.022582s ]
INFO: [ view_filter ] --START--
INFO: ContentReplace Behavior ::run [ RunTime:0.001752s ]
INFO: TokenBuild Behavior ::run [ RunTime:0.001697s ]
INFO: WriteHtmlCache Behavior ::run [ RunTime:0.001405s ]
INFO: ShowRuntime Behavior ::run [ RunTime:0.002093s ]
INFO: [ view_filter ] --END-- [ RunTime:0.007516s ]
INFO: [ view_end ] --START--
INFO: ShowPageTrace Behavior ::run [ RunTime:0.001477s ]
INFO: [ view_end ] --END-- [ RunTime:0.001606s ]

[ 2015-11-12T19:40:02+08:00 ] 192.168.1.109 /evc/index.php/Usr/regist
INFO: [ route_check ] --START--
INFO: CheckRoute Behavior ::run [ RunTime:0.001044s ]
INFO: [ route_check ] --END-- [ RunTime:0.001187s ]
INFO: [ app_begin ] --START--
INFO: ReadHtmlCache Behavior ::run [ RunTime:0.000787s ]
INFO: [ app_begin ] --END-- [ RunTime:0.000901s ]
NOTIC: [8] Undefined index: openid C:\wamp\www\evc\index\Lib\Action\UsrAction.class.php 第 10 行.
NOTIC: [8] Undefined index: headimgurl C:\wamp\www\evc\index\Lib\Action\UsrAction.class.php 第 11 行.
NOTIC: [8] Undefined index: nickname C:\wamp\www\evc\index\Lib\Action\UsrAction.class.php 第 12 行.
INFO: [ view_parse ] --START--
INFO: ParseTemplate Behavior ::run [ RunTime:0.009814s ]
INFO: [ view_parse ] --END-- [ RunTime:0.009982s ]
INFO: [ view_filter ] --START--
INFO: ContentReplace Behavior ::run [ RunTime:0.000734s ]
INFO: TokenBuild Behavior ::run [ RunTime:0.000655s ]
INFO: WriteHtmlCache Behavior ::run [ RunTime:0.000528s ]
INFO: ShowRuntime Behavior ::run [ RunTime:0.000835s ]
INFO: [ view_filter ] --END-- [ RunTime:0.003097s ]
INFO: [ view_end ] --START--
INFO: ShowPageTrace Behavior ::run [ RunTime:0.000970s ]
INFO: [ view_end ] --END-- [ RunTime:0.001081s ]

[ 2015-11-12T19:41:30+08:00 ] 192.168.1.109 /evc/index.php/Usr/regist
INFO: [ route_check ] --START--
INFO: CheckRoute Behavior ::run [ RunTime:0.000878s ]
INFO: [ route_check ] --END-- [ RunTime:0.001016s ]
INFO: [ app_begin ] --START--
INFO: ReadHtmlCache Behavior ::run [ RunTime:0.000634s ]
INFO: [ app_begin ] --END-- [ RunTime:0.000745s ]
NOTIC: [8] Undefined index: openid C:\wamp\www\evc\index\Lib\Action\UsrAction.class.php 第 10 行.
NOTIC: [8] Undefined index: headimgurl C:\wamp\www\evc\index\Lib\Action\UsrAction.class.php 第 11 行.
NOTIC: [8] Undefined index: nickname C:\wamp\www\evc\index\Lib\Action\UsrAction.class.php 第 12 行.
INFO: [ view_parse ] --START--
INFO: ParseTemplate Behavior ::run [ RunTime:0.008830s ]
INFO: [ view_parse ] --END-- [ RunTime:0.008985s ]
INFO: [ view_filter ] --START--
INFO: ContentReplace Behavior ::run [ RunTime:0.000596s ]
INFO: TokenBuild Behavior ::run [ RunTime:0.000546s ]
INFO: WriteHtmlCache Behavior ::run [ RunTime:0.000458s ]
INFO: ShowRuntime Behavior ::run [ RunTime:0.000801s ]
INFO: [ view_filter ] --END-- [ RunTime:0.002803s ]
INFO: [ view_end ] --START--
INFO: ShowPageTrace Behavior ::run [ RunTime:0.000997s ]
INFO: [ view_end ] --END-- [ RunTime:0.001120s ]

[ 2015-11-12T19:43:19+08:00 ] 192.168.1.109 /evc/index.php/Usr/regist
INFO: [ route_check ] --START--
INFO: CheckRoute Behavior ::run [ RunTime:0.001047s ]
INFO: [ route_check ] --END-- [ RunTime:0.001192s ]
INFO: [ app_begin ] --START--
INFO: ReadHtmlCache Behavior ::run [ RunTime:0.000707s ]
INFO: [ app_begin ] --END-- [ RunTime:0.000818s ]
NOTIC: [8] Undefined index: openid C:\wamp\www\evc\index\Lib\Action\UsrAction.class.php 第 10 行.
NOTIC: [8] Undefined index: headimgurl C:\wamp\www\evc\index\Lib\Action\UsrAction.class.php 第 11 行.
NOTIC: [8] Undefined index: nickname C:\wamp\www\evc\index\Lib\Action\UsrAction.class.php 第 12 行.
INFO: [ view_parse ] --START--
INFO: ParseTemplate Behavior ::run [ RunTime:0.009504s ]
INFO: [ view_parse ] --END-- [ RunTime:0.009660s ]
INFO: [ view_filter ] --START--
INFO: ContentReplace Behavior ::run [ RunTime:0.000643s ]
INFO: TokenBuild Behavior ::run [ RunTime:0.000616s ]
INFO: WriteHtmlCache Behavior ::run [ RunTime:0.000504s ]
INFO: ShowRuntime Behavior ::run [ RunTime:0.000715s ]
INFO: [ view_filter ] --END-- [ RunTime:0.002796s ]
INFO: [ view_end ] --START--
INFO: ShowPageTrace Behavior ::run [ RunTime:0.000798s ]
INFO: [ view_end ] --END-- [ RunTime:0.000908s ]

[ 2015-11-12T19:43:21+08:00 ] 192.168.1.109 /evc/index.php/Usr/regist
INFO: [ route_check ] --START--
INFO: CheckRoute Behavior ::run [ RunTime:0.000860s ]
INFO: [ route_check ] --END-- [ RunTime:0.001002s ]
INFO: [ app_begin ] --START--
INFO: ReadHtmlCache Behavior ::run [ RunTime:0.000673s ]
INFO: [ app_begin ] --END-- [ RunTime:0.000788s ]
NOTIC: [8] Undefined index: openid C:\wamp\www\evc\index\Lib\Action\UsrAction.class.php 第 10 行.
NOTIC: [8] Undefined index: headimgurl C:\wamp\www\evc\index\Lib\Action\UsrAction.class.php 第 11 行.
NOTIC: [8] Undefined index: nickname C:\wamp\www\evc\index\Lib\Action\UsrAction.class.php 第 12 行.
INFO: [ view_parse ] --START--
INFO: ParseTemplate Behavior ::run [ RunTime:0.008713s ]
INFO: [ view_parse ] --END-- [ RunTime:0.008866s ]
INFO: [ view_filter ] --START--
INFO: ContentReplace Behavior ::run [ RunTime:0.000570s ]
INFO: TokenBuild Behavior ::run [ RunTime:0.000524s ]
INFO: WriteHtmlCache Behavior ::run [ RunTime:0.000377s ]
INFO: ShowRuntime Behavior ::run [ RunTime:0.000766s ]
INFO: [ view_filter ] --END-- [ RunTime:0.002597s ]
INFO: [ view_end ] --START--
INFO: ShowPageTrace Behavior ::run [ RunTime:0.001600s ]
INFO: [ view_end ] --END-- [ RunTime:0.001797s ]

[ 2015-11-12T19:43:41+08:00 ] 192.168.1.109 /evc/index.php/Usr/regist
INFO: [ route_check ] --START--
INFO: CheckRoute Behavior ::run [ RunTime:0.001138s ]
INFO: [ route_check ] --END-- [ RunTime:0.001281s ]
INFO: [ app_begin ] --START--
INFO: ReadHtmlCache Behavior ::run [ RunTime:0.000798s ]
INFO: [ app_begin ] --END-- [ RunTime:0.000915s ]
NOTIC: [8] Undefined index: openid C:\wamp\www\evc\index\Lib\Action\UsrAction.class.php 第 10 行.
NOTIC: [8] Undefined index: headimgurl C:\wamp\www\evc\index\Lib\Action\UsrAction.class.php 第 11 行.
NOTIC: [8] Undefined index: nickname C:\wamp\www\evc\index\Lib\Action\UsrAction.class.php 第 12 行.
INFO: [ view_parse ] --START--
INFO: ParseTemplate Behavior ::run [ RunTime:0.009043s ]
INFO: [ view_parse ] --END-- [ RunTime:0.009194s ]
INFO: [ view_filter ] --START--
INFO: ContentReplace Behavior ::run [ RunTime:0.000651s ]
INFO: TokenBuild Behavior ::run [ RunTime:0.000622s ]
INFO: WriteHtmlCache Behavior ::run [ RunTime:0.000453s ]
INFO: ShowRuntime Behavior ::run [ RunTime:0.000741s ]
INFO: [ view_filter ] --END-- [ RunTime:0.002782s ]
INFO: [ view_end ] --START--
INFO: ShowPageTrace Behavior ::run [ RunTime:0.000837s ]
INFO: [ view_end ] --END-- [ RunTime:0.000949s ]

[ 2015-11-12T19:43:42+08:00 ] 192.168.1.109 /evc/index.php/Usr/regist
INFO: [ route_check ] --START--
INFO: CheckRoute Behavior ::run [ RunTime:0.000927s ]
INFO: [ route_check ] --END-- [ RunTime:0.001067s ]
INFO: [ app_begin ] --START--
INFO: ReadHtmlCache Behavior ::run [ RunTime:0.000697s ]
INFO: [ app_begin ] --END-- [ RunTime:0.000814s ]
NOTIC: [8] Undefined index: openid C:\wamp\www\evc\index\Lib\Action\UsrAction.class.php 第 10 行.
NOTIC: [8] Undefined index: headimgurl C:\wamp\www\evc\index\Lib\Action\UsrAction.class.php 第 11 行.
NOTIC: [8] Undefined index: nickname C:\wamp\www\evc\index\Lib\Action\UsrAction.class.php 第 12 行.
INFO: [ view_parse ] --START--
INFO: ParseTemplate Behavior ::run [ RunTime:0.013214s ]
INFO: [ view_parse ] --END-- [ RunTime:0.013410s ]
INFO: [ view_filter ] --START--
INFO: ContentReplace Behavior ::run [ RunTime:0.000606s ]
INFO: TokenBuild Behavior ::run [ RunTime:0.000549s ]
INFO: WriteHtmlCache Behavior ::run [ RunTime:0.000393s ]
INFO: ShowRuntime Behavior ::run [ RunTime:0.000650s ]
INFO: [ view_filter ] --END-- [ RunTime:0.002524s ]
INFO: [ view_end ] --START--
INFO: ShowPageTrace Behavior ::run [ RunTime:0.000756s ]
INFO: [ view_end ] --END-- [ RunTime:0.000887s ]

[ 2015-11-12T19:44:24+08:00 ] 192.168.1.109 /evc/index.php/Usr/regist
INFO: [ route_check ] --START--
INFO: CheckRoute Behavior ::run [ RunTime:0.001159s ]
INFO: [ route_check ] --END-- [ RunTime:0.001297s ]
INFO: [ app_begin ] --START--
INFO: ReadHtmlCache Behavior ::run [ RunTime:0.000723s ]
INFO: [ app_begin ] --END-- [ RunTime:0.000835s ]
NOTIC: [8] Undefined index: openid C:\wamp\www\evc\index\Lib\Action\UsrAction.class.php 第 10 行.
NOTIC: [8] Undefined index: headimgurl C:\wamp\www\evc\index\Lib\Action\UsrAction.class.php 第 11 行.
NOTIC: [8] Undefined index: nickname C:\wamp\www\evc\index\Lib\Action\UsrAction.class.php 第 12 行.
INFO: [ view_parse ] --START--
INFO: ParseTemplate Behavior ::run [ RunTime:0.009085s ]
INFO: [ view_parse ] --END-- [ RunTime:0.009241s ]
INFO: [ view_filter ] --START--
INFO: ContentReplace Behavior ::run [ RunTime:0.000655s ]
INFO: TokenBuild Behavior ::run [ RunTime:0.001210s ]
INFO: WriteHtmlCache Behavior ::run [ RunTime:0.000517s ]
INFO: ShowRuntime Behavior ::run [ RunTime:0.000710s ]
INFO: [ view_filter ] --END-- [ RunTime:0.003427s ]
INFO: [ view_end ] --START--
INFO: ShowPageTrace Behavior ::run [ RunTime:0.000801s ]
INFO: [ view_end ] --END-- [ RunTime:0.000912s ]

[ 2015-11-12T19:44:27+08:00 ] 192.168.1.109 /evc/index.php/Usr/dogetsmsvrf?usrcp=13567196593
INFO: [ route_check ] --START--
INFO: CheckRoute Behavior ::run [ RunTime:0.001912s ]
INFO: [ route_check ] --END-- [ RunTime:0.002086s ]
INFO: [ app_begin ] --START--
INFO: ReadHtmlCache Behavior ::run [ RunTime:0.000762s ]
INFO: [ app_begin ] --END-- [ RunTime:0.000860s ]
NOTIC: [2] mysql_connect() [<a href='function.mysql-connect'>function.mysql-connect</a>]: Access denied for user 'root'@'localhost' (using password: YES) C:\wamp\www\evc\ThinkPHP\Lib\Driver\Db\DbMysql.class.php 第 55 行.
ERR: Access denied for user 'root'@'localhost' (using password: YES)

